#
# There is insufficient memory for the Java Runtime Environment to continue.
# Native memory allocation (malloc) failed to allocate 1525296 bytes. Error detail: Chunk::new
# Possible reasons:
#   The system is out of physical RAM or swap space
#   This process is running with CompressedOops enabled, and the Java Heap may be blocking the growth of the native heap
# Possible solutions:
#   Reduce memory load on the system
#   Increase physical memory or swap space
#   Check if swap backing store is full
#   Decrease Java heap size (-Xmx/-Xms)
#   Decrease number of Java threads
#   Decrease Java thread stack sizes (-Xss)
#   Set larger code cache with -XX:ReservedCodeCacheSize=
#   JVM is running with Unscaled Compressed Oops mode in which the Java heap is
#     placed in the first 4GB address space. The Java Heap base address is the
#     maximum limit for the native heap growth. Please use -XX:HeapBaseMinAddress
#     to set the Java Heap base and to place the Java Heap above 4GB virtual address.
# This output file may be truncated or incomplete.
#
#  Out of Memory Error (arena.cpp:168), pid=16380, tid=19228
#
# JRE version: OpenJDK Runtime Environment Temurin-21.0.11+10 (21.0.11+10) (build 21.0.11+10-LTS)
# Java VM: OpenJDK 64-Bit Server VM Temurin-21.0.11+10 (21.0.11+10-LTS, mixed mode, sharing, tiered, compressed oops, compressed class ptrs, parallel gc, windows-amd64)
# No core dump will be written. Minidumps are not enabled by default on client versions of Windows
#

---------------  S U M M A R Y ------------

Command Line: --add-modules=ALL-SYSTEM --add-opens=java.base/java.util=ALL-UNNAMED --add-opens=java.base/java.lang=ALL-UNNAMED --add-opens=java.base/sun.nio.fs=ALL-UNNAMED -Declipse.application=org.eclipse.jdt.ls.core.id1 -Dosgi.bundles.defaultStartLevel=4 -Declipse.product=org.eclipse.jdt.ls.core.product -Djava.import.generatesMetadataFilesAtProjectRoot=false -DDetectVMInstallationsJob.disabled=true -Dfile.encoding=utf8 -XX:+UseParallelGC -XX:GCTimeRatio=4 -XX:AdaptiveSizePolicyWeight=90 -Dsun.zip.disableMemoryMapping=true -Xmx2G -Xms100m -Xlog:disable -javaagent:c:\Users\Windows\.antigravity-ide\extensions\redhat.java-1.55.0-win32-x64\lombok\lombok-1.18.39-4050.jar c:\Users\Windows\.antigravity-ide\extensions\redhat.java-1.55.0-win32-x64\server\plugins\org.eclipse.equinox.launcher_1.7.200.v20260619-2039.jar -configuration c:\Users\Windows\AppData\Roaming\Antigravity IDE\User\globalStorage\redhat.java\1.55.0\config_ss_win -data c:\Users\Windows\AppData\Roaming\Antigravity IDE\User\workspaceStorage\dd797f979bf9da95ab56711e4c6e11a8\redhat.java\ss_ws --pipe=\\.\pipe\lsp-f190f911e6fce84da3f97559f0e3e3d4-sock

Host: 11th Gen Intel(R) Core(TM) i5-11400H @ 2.70GHz, 12 cores, 7G,  Windows 11 , 64 bit Build 26100 (10.0.26100.8521)
Time: Tue Jul 14 12:03:58 2026 Sri Lanka Standard Time elapsed time: 1.592678 seconds (0d 0h 0m 1s)

---------------  T H R E A D  ---------------

Current thread (0x000001c687494e30):  JavaThread "C2 CompilerThread2" daemon [_thread_in_native, id=19228, stack(0x0000001874300000,0x0000001874400000) (1024K)]


Current CompileTask:
C2:1592 2580       4       java.lang.invoke.MethodType::makeImpl (109 bytes)

Stack: [0x0000001874300000,0x0000001874400000]
Native frames: (J=compiled Java code, j=interpreted, Vv=VM code, C=native code)
V  [jvm.dll+0x6d7e19]
V  [jvm.dll+0x8b5096]
V  [jvm.dll+0x8b764e]
V  [jvm.dll+0x8b7d33]
V  [jvm.dll+0x284596]
V  [jvm.dll+0xc685d]
V  [jvm.dll+0xc6da1]
V  [jvm.dll+0x3bed31]
V  [jvm.dll+0x38b2b2]
V  [jvm.dll+0x38a6fa]
V  [jvm.dll+0x24c700]
V  [jvm.dll+0x24bce0]
V  [jvm.dll+0x1cb4ae]
V  [jvm.dll+0x25baad]
V  [jvm.dll+0x25a03a]
V  [jvm.dll+0x3f868e]
V  [jvm.dll+0x85fb0d]
V  [jvm.dll+0x6d664d]
C  [ucrtbase.dll+0x2cd30]
C  [KERNEL32.DLL+0x2e957]
C  [ntdll.dll+0x87c1c]


---------------  P R O C E S S  ---------------

Threads class SMR info:
_java_thread_list=0x000001c68d508a40, length=21, elements={
0x000001c62e35f8c0, 0x000001c62e4033c0, 0x000001c62e30d250, 0x000001c62e40d8b0,
0x000001c62e40e310, 0x000001c62e40fb30, 0x000001c62e4184b0, 0x000001c62e41e8b0,
0x000001c68712c440, 0x000001c68739e790, 0x000001c687379b00, 0x000001c687469590,
0x000001c687494e30, 0x000001c68888e720, 0x000001c68d0d7cc0, 0x000001c68d228150,
0x000001c68d1f01b0, 0x000001c68d259810, 0x000001c68d642e20, 0x000001c68d6441d0,
0x000001c68d6434b0
}

Java Threads: ( => current thread )
  0x000001c62e35f8c0 JavaThread "main"                              [_thread_blocked, id=8404, stack(0x0000001873400000,0x0000001873500000) (1024K)]
  0x000001c62e4033c0 JavaThread "Reference Handler"          daemon [_thread_blocked, id=19564, stack(0x0000001873800000,0x0000001873900000) (1024K)]
  0x000001c62e30d250 JavaThread "Finalizer"                  daemon [_thread_blocked, id=14232, stack(0x0000001873900000,0x0000001873a00000) (1024K)]
  0x000001c62e40d8b0 JavaThread "Signal Dispatcher"          daemon [_thread_blocked, id=24348, stack(0x0000001873a00000,0x0000001873b00000) (1024K)]
  0x000001c62e40e310 JavaThread "Attach Listener"            daemon [_thread_blocked, id=22480, stack(0x0000001873b00000,0x0000001873c00000) (1024K)]
  0x000001c62e40fb30 JavaThread "Service Thread"             daemon [_thread_blocked, id=11808, stack(0x0000001873c00000,0x0000001873d00000) (1024K)]
  0x000001c62e4184b0 JavaThread "Monitor Deflation Thread"   daemon [_thread_blocked, id=11048, stack(0x0000001873d00000,0x0000001873e00000) (1024K)]
  0x000001c62e41e8b0 JavaThread "C2 CompilerThread0"         daemon [_thread_blocked, id=1284, stack(0x0000001873e00000,0x0000001873f00000) (1024K)]
  0x000001c68712c440 JavaThread "C1 CompilerThread0"         daemon [_thread_in_native, id=15996, stack(0x0000001873f00000,0x0000001874000000) (1024K)]
  0x000001c68739e790 JavaThread "Common-Cleaner"             daemon [_thread_blocked, id=9056, stack(0x0000001874000000,0x0000001874100000) (1024K)]
  0x000001c687379b00 JavaThread "C2 CompilerThread1"         daemon [_thread_blocked, id=5292, stack(0x0000001874100000,0x0000001874200000) (1024K)]
  0x000001c687469590 JavaThread "Notification Thread"        daemon [_thread_blocked, id=20612, stack(0x0000001874200000,0x0000001874300000) (1024K)]
=>0x000001c687494e30 JavaThread "C2 CompilerThread2"         daemon [_thread_in_native, id=19228, stack(0x0000001874300000,0x0000001874400000) (1024K)]
  0x000001c68888e720 JavaThread "Active Thread: Equinox Container: 509b73f0-740c-41d6-9acb-d2d667a4e63f"        [_thread_blocked, id=6408, stack(0x0000001874a00000,0x0000001874b00000) (1024K)]
  0x000001c68d0d7cc0 JavaThread "Framework Event Dispatcher: Equinox Container: 509b73f0-740c-41d6-9acb-d2d667a4e63f" daemon [_thread_blocked, id=7124, stack(0x0000001874b00000,0x0000001874c00000) (1024K)]
  0x000001c68d228150 JavaThread "Start Level: Equinox Container: 509b73f0-740c-41d6-9acb-d2d667a4e63f" daemon [_thread_in_vm, id=14912, stack(0x0000001874c00000,0x0000001874d00000) (1024K)]
  0x000001c68d1f01b0 JavaThread "SCR Component Actor"        daemon [_thread_blocked, id=22804, stack(0x0000001874e00000,0x0000001874f00000) (1024K)]
  0x000001c68d259810 JavaThread "Worker-JM"                         [_thread_blocked, id=3104, stack(0x0000001874f00000,0x0000001875000000) (1024K)]
  0x000001c68d642e20 JavaThread "JNA Cleaner"                daemon [_thread_blocked, id=20584, stack(0x0000001875200000,0x0000001875300000) (1024K)]
  0x000001c68d6441d0 JavaThread "Worker-0"                          [_thread_blocked, id=22044, stack(0x0000001875300000,0x0000001875400000) (1024K)]
  0x000001c68d6434b0 JavaThread "Worker-1"                          [_thread_blocked, id=12640, stack(0x0000001875400000,0x0000001875500000) (1024K)]
Total: 21

Other Threads:
  0x000001c62e2f43f0 VMThread "VM Thread"                           [id=2784, stack(0x0000001873700000,0x0000001873800000) (1024K)]
  0x000001c62e1ec7e0 WatcherThread "VM Periodic Task Thread"        [id=10748, stack(0x0000001873600000,0x0000001873700000) (1024K)]
  0x000001c62e37e730 WorkerThread "GC Thread#0"                     [id=7868, stack(0x0000001873500000,0x0000001873600000) (1024K)]
  0x000001c68d06ccb0 WorkerThread "GC Thread#1"                     [id=16092, stack(0x0000001874400000,0x0000001874500000) (1024K)]
  0x000001c6887dd4f0 WorkerThread "GC Thread#2"                     [id=15000, stack(0x0000001874500000,0x0000001874600000) (1024K)]
  0x000001c6887dd8a0 WorkerThread "GC Thread#3"                     [id=3164, stack(0x0000001874600000,0x0000001874700000) (1024K)]
  0x000001c6887ddc50 WorkerThread "GC Thread#4"                     [id=24672, stack(0x0000001874700000,0x0000001874800000) (1024K)]
  0x000001c68749c3b0 WorkerThread "GC Thread#5"                     [id=14000, stack(0x0000001874800000,0x0000001874900000) (1024K)]
  0x000001c68749cb70 WorkerThread "GC Thread#6"                     [id=25628, stack(0x0000001874900000,0x0000001874a00000) (1024K)]
  0x000001c68d1ef4e0 WorkerThread "GC Thread#7"                     [id=21908, stack(0x0000001874d00000,0x0000001874e00000) (1024K)]
  0x000001c68d192030 WorkerThread "GC Thread#8"                     [id=7008, stack(0x0000001875000000,0x0000001875100000) (1024K)]
  0x000001c68d54e740 WorkerThread "GC Thread#9"                     [id=21564, stack(0x0000001875100000,0x0000001875200000) (1024K)]
Total: 12

Threads with active compile tasks:
C2 CompilerThread2  1603 2580       4       java.lang.invoke.MethodType::makeImpl (109 bytes)
Total: 1

VM state: not at safepoint (normal execution)

VM Mutex/Monitor currently owned by a thread:  ([mutex/lock_event])
[0x00007ffb3a74d4f0] Metaspace_lock - owner thread: 0x000001c68d228150

Heap address: 0x0000000080000000, size: 2048 MB, Compressed Oops mode: 32-bit

CDS archive(s) mapped at: [0x000001c645000000-0x000001c645ba0000-0x000001c645ba0000), size 12189696, SharedBaseAddress: 0x000001c645000000, ArchiveRelocationMode: 1.
Compressed class space mapped at: 0x000001c646000000-0x000001c686000000, reserved size: 1073741824
Narrow klass base: 0x000001c645000000, Narrow klass shift: 0, Narrow klass range: 0x100000000

GC Precious Log:
 CardTable entry size: 512
 CPUs: 12 total, 12 available
 Memory: 7914M
 Large Page Support: Disabled
 NUMA Support: Disabled
 Compressed Oops: Enabled (32-bit)
 Alignments: Space 512K, Generation 512K, Heap 2M
 Heap Min Capacity: 100M
 Heap Initial Capacity: 100M
 Heap Max Capacity: 2G
 Pre-touch: Disabled
 Parallel Workers: 10

Heap:
 PSYoungGen      total 29696K, used 22795K [0x00000000d5580000, 0x00000000d7680000, 0x0000000100000000)
  eden space 25600K, 73% used [0x00000000d5580000,0x00000000d67c3c38,0x00000000d6e80000)
  from space 4096K, 99% used [0x00000000d7280000,0x00000000d767f308,0x00000000d7680000)
  to   space 4096K, 0% used [0x00000000d6e80000,0x00000000d6e80000,0x00000000d7280000)
 ParOldGen       total 68608K, used 6289K [0x0000000080000000, 0x0000000084300000, 0x00000000d5580000)
  object space 68608K, 9% used [0x0000000080000000,0x0000000080624688,0x0000000084300000)
 Metaspace       used 18214K, committed 18880K, reserved 1114112K
  class space    used 1868K, committed 2176K, reserved 1048576K

Card table byte_map: [0x000001c62dd00000,0x000001c62e110000] _byte_map_base: 0x000001c62d900000

Marking Bits: (ParMarkBitMap*) 0x00007ffb3a754460
 Begin Bits: [0x000001c640810000, 0x000001c642810000)
 End Bits:   [0x000001c642810000, 0x000001c644810000)

Polling page: 0x000001c62c1f0000

Metaspace:

Usage:
  Non-class:     15.96 MB used.
      Class:      1.82 MB used.
       Both:     17.79 MB used.

Virtual space:
  Non-class space:       64.00 MB reserved,      16.31 MB ( 25%) committed,  1 nodes.
      Class space:        1.00 GB reserved,       2.12 MB ( <1%) committed,  1 nodes.
             Both:        1.06 GB reserved,      18.44 MB (  2%) committed. 

Chunk freelists:
   Non-Class:  15.30 MB
       Class:  13.84 MB
        Both:  29.14 MB

MaxMetaspaceSize: unlimited
CompressedClassSpaceSize: 1.00 GB
Initial GC threshold: 21.00 MB
Current GC threshold: 21.00 MB
CDS: on
 - commit_granule_bytes: 65536.
 - commit_granule_words: 8192.
 - virtual_space_node_default_size: 8388608.
 - enlarge_chunks_in_place: 1.
 - use_allocation_guard: 0.


Internal statistics:

num_allocs_failed_limit: 0.
num_arena_births: 510.
num_arena_deaths: 0.
num_vsnodes_births: 2.
num_vsnodes_deaths: 0.
num_space_committed: 295.
num_space_uncommitted: 0.
num_chunks_returned_to_freelist: 0.
num_chunks_taken_from_freelist: 1192.
num_chunk_merges: 0.
num_chunk_splits: 753.
num_chunks_enlarged: 474.
num_inconsistent_stats: 0.

CodeHeap 'non-profiled nmethods': size=120000Kb used=1180Kb max_used=1180Kb free=118819Kb
 bounds [0x000001c639030000, 0x000001c6392a0000, 0x000001c640560000]
CodeHeap 'profiled nmethods': size=120000Kb used=5141Kb max_used=5141Kb free=114858Kb
 bounds [0x000001c631560000, 0x000001c631a70000, 0x000001c638a90000]
CodeHeap 'non-nmethods': size=5760Kb used=1283Kb max_used=1301Kb free=4476Kb
 bounds [0x000001c638a90000, 0x000001c638d00000, 0x000001c639030000]
CodeCache: size=245760Kb, used=7604Kb, max_used=7622Kb, free=238153Kb
 total_blobs=3245, nmethods=2695, adapters=456, full_count=0
Compilation: enabled, stopped_count=0, restarted_count=0

Compilation events (20 events):
Event: 1.577 Thread 0x000001c687379b00 nmethod 2685 0x000001c639156410 code [0x000001c6391565a0, 0x000001c639156628]
Event: 1.578 Thread 0x000001c68712c440 nmethod 2686 0x000001c631a5b390 code [0x000001c631a5b600, 0x000001c631a5c1b0]
Event: 1.578 Thread 0x000001c68712c440 2687       3       org.lombokweb.asm.SymbolTable::addConstantFieldref (10 bytes)
Event: 1.578 Thread 0x000001c68712c440 nmethod 2687 0x000001c631a5c610 code [0x000001c631a5c7c0, 0x000001c631a5c918]
Event: 1.578 Thread 0x000001c68712c440 2688       3       org.lombokweb.asm.MethodWriter::visitVarInsn (302 bytes)
Event: 1.579 Thread 0x000001c68712c440 nmethod 2688 0x000001c631a5ca10 code [0x000001c631a5cc80, 0x000001c631a5d608]
Event: 1.579 Thread 0x000001c68712c440 2689       3       java.util.regex.Matcher::match (154 bytes)
Event: 1.579 Thread 0x000001c68712c440 nmethod 2689 0x000001c631a5d890 code [0x000001c631a5daa0, 0x000001c631a5e028]
Event: 1.581 Thread 0x000001c68712c440 2690       3       org.lombokweb.asm.Type::hashCode (68 bytes)
Event: 1.581 Thread 0x000001c68712c440 nmethod 2690 0x000001c631a5e290 code [0x000001c631a5e4a0, 0x000001c631a5eb90]
Event: 1.581 Thread 0x000001c68712c440 2691       3       org.lombokweb.asm.ClassReader::createDebugLabel (23 bytes)
Event: 1.582 Thread 0x000001c68712c440 nmethod 2691 0x000001c631a5ee90 code [0x000001c631a5f060, 0x000001c631a5f4d0]
Event: 1.582 Thread 0x000001c68712c440 2693       3       org.lombokweb.asm.Label::accept (69 bytes)
Event: 1.582 Thread 0x000001c68712c440 nmethod 2693 0x000001c631a5f690 code [0x000001c631a5f880, 0x000001c631a5fdb8]
Event: 1.582 Thread 0x000001c68712c440 2692       3       org.lombokweb.asm.MethodVisitor::visitLabel (16 bytes)
Event: 1.582 Thread 0x000001c68712c440 nmethod 2692 0x000001c631a5ff90 code [0x000001c631a60140, 0x000001c631a60348]
Event: 1.588 Thread 0x000001c68712c440 2694       1       java.lang.invoke.MethodHandleImpl$IntrinsicMethodHandle::getTarget (5 bytes)
Event: 1.588 Thread 0x000001c68712c440 nmethod 2694 0x000001c639156710 code [0x000001c6391568a0, 0x000001c639156968]
Event: 1.591 Thread 0x000001c68712c440 2695       3       java.util.ArrayDeque::circularClear (43 bytes)
Event: 1.591 Thread 0x000001c68712c440 nmethod 2695 0x000001c631a60410 code [0x000001c631a605e0, 0x000001c631a609e0]

GC Heap History (8 events):
Event: 0.542 GC heap before
{Heap before GC invocations=1 (full 0):
 PSYoungGen      total 29696K, used 25600K [0x00000000d5580000, 0x00000000d7680000, 0x0000000100000000)
  eden space 25600K, 100% used [0x00000000d5580000,0x00000000d6e80000,0x00000000d6e80000)
  from space 4096K, 0% used [0x00000000d7280000,0x00000000d7280000,0x00000000d7680000)
  to   space 4096K, 0% used [0x00000000d6e80000,0x00000000d6e80000,0x00000000d7280000)
 ParOldGen       total 68608K, used 0K [0x0000000080000000, 0x0000000084300000, 0x00000000d5580000)
  object space 68608K, 0% used [0x0000000080000000,0x0000000080000000,0x0000000084300000)
 Metaspace       used 4335K, committed 4608K, reserved 1114112K
  class space    used 475K, committed 576K, reserved 1048576K
}
Event: 0.548 GC heap after
{Heap after GC invocations=1 (full 0):
 PSYoungGen      total 29696K, used 3287K [0x00000000d5580000, 0x00000000d7680000, 0x0000000100000000)
  eden space 25600K, 0% used [0x00000000d5580000,0x00000000d5580000,0x00000000d6e80000)
  from space 4096K, 80% used [0x00000000d6e80000,0x00000000d71b5e88,0x00000000d7280000)
  to   space 4096K, 0% used [0x00000000d7280000,0x00000000d7280000,0x00000000d7680000)
 ParOldGen       total 68608K, used 16K [0x0000000080000000, 0x0000000084300000, 0x00000000d5580000)
  object space 68608K, 0% used [0x0000000080000000,0x0000000080004000,0x0000000084300000)
 Metaspace       used 4335K, committed 4608K, reserved 1114112K
  class space    used 475K, committed 576K, reserved 1048576K
}
Event: 0.985 GC heap before
{Heap before GC invocations=2 (full 0):
 PSYoungGen      total 29696K, used 28887K [0x00000000d5580000, 0x00000000d7680000, 0x0000000100000000)
  eden space 25600K, 100% used [0x00000000d5580000,0x00000000d6e80000,0x00000000d6e80000)
  from space 4096K, 80% used [0x00000000d6e80000,0x00000000d71b5e88,0x00000000d7280000)
  to   space 4096K, 0% used [0x00000000d7280000,0x00000000d7280000,0x00000000d7680000)
 ParOldGen       total 68608K, used 16K [0x0000000080000000, 0x0000000084300000, 0x00000000d5580000)
  object space 68608K, 0% used [0x0000000080000000,0x0000000080004000,0x0000000084300000)
 Metaspace       used 8204K, committed 8512K, reserved 1114112K
  class space    used 873K, committed 1024K, reserved 1048576K
}
Event: 0.990 GC heap after
{Heap after GC invocations=2 (full 0):
 PSYoungGen      total 29696K, used 4083K [0x00000000d5580000, 0x00000000d7680000, 0x0000000100000000)
  eden space 25600K, 0% used [0x00000000d5580000,0x00000000d5580000,0x00000000d6e80000)
  from space 4096K, 99% used [0x00000000d7280000,0x00000000d767cd70,0x00000000d7680000)
  to   space 4096K, 0% used [0x00000000d6e80000,0x00000000d6e80000,0x00000000d7280000)
 ParOldGen       total 68608K, used 1054K [0x0000000080000000, 0x0000000084300000, 0x00000000d5580000)
  object space 68608K, 1% used [0x0000000080000000,0x0000000080107968,0x0000000084300000)
 Metaspace       used 8204K, committed 8512K, reserved 1114112K
  class space    used 873K, committed 1024K, reserved 1048576K
}
Event: 1.257 GC heap before
{Heap before GC invocations=3 (full 0):
 PSYoungGen      total 29696K, used 29683K [0x00000000d5580000, 0x00000000d7680000, 0x0000000100000000)
  eden space 25600K, 100% used [0x00000000d5580000,0x00000000d6e80000,0x00000000d6e80000)
  from space 4096K, 99% used [0x00000000d7280000,0x00000000d767cd70,0x00000000d7680000)
  to   space 4096K, 0% used [0x00000000d6e80000,0x00000000d6e80000,0x00000000d7280000)
 ParOldGen       total 68608K, used 1054K [0x0000000080000000, 0x0000000084300000, 0x00000000d5580000)
  object space 68608K, 1% used [0x0000000080000000,0x0000000080107968,0x0000000084300000)
 Metaspace       used 13034K, committed 13632K, reserved 1114112K
  class space    used 1384K, committed 1664K, reserved 1048576K
}
Event: 1.261 GC heap after
{Heap after GC invocations=3 (full 0):
 PSYoungGen      total 29696K, used 4092K [0x00000000d5580000, 0x00000000d7680000, 0x0000000100000000)
  eden space 25600K, 0% used [0x00000000d5580000,0x00000000d5580000,0x00000000d6e80000)
  from space 4096K, 99% used [0x00000000d6e80000,0x00000000d727f3d8,0x00000000d7280000)
  to   space 4096K, 0% used [0x00000000d7280000,0x00000000d7280000,0x00000000d7680000)
 ParOldGen       total 68608K, used 2755K [0x0000000080000000, 0x0000000084300000, 0x00000000d5580000)
  object space 68608K, 4% used [0x0000000080000000,0x00000000802b0c48,0x0000000084300000)
 Metaspace       used 13034K, committed 13632K, reserved 1114112K
  class space    used 1384K, committed 1664K, reserved 1048576K
}
Event: 1.512 GC heap before
{Heap before GC invocations=4 (full 0):
 PSYoungGen      total 29696K, used 29692K [0x00000000d5580000, 0x00000000d7680000, 0x0000000100000000)
  eden space 25600K, 100% used [0x00000000d5580000,0x00000000d6e80000,0x00000000d6e80000)
  from space 4096K, 99% used [0x00000000d6e80000,0x00000000d727f3d8,0x00000000d7280000)
  to   space 4096K, 0% used [0x00000000d7280000,0x00000000d7280000,0x00000000d7680000)
 ParOldGen       total 68608K, used 2755K [0x0000000080000000, 0x0000000084300000, 0x00000000d5580000)
  object space 68608K, 4% used [0x0000000080000000,0x00000000802b0c48,0x0000000084300000)
 Metaspace       used 16432K, committed 17088K, reserved 1114112K
  class space    used 1752K, committed 2048K, reserved 1048576K
}
Event: 1.516 GC heap after
{Heap after GC invocations=4 (full 0):
 PSYoungGen      total 29696K, used 4092K [0x00000000d5580000, 0x00000000d7680000, 0x0000000100000000)
  eden space 25600K, 0% used [0x00000000d5580000,0x00000000d5580000,0x00000000d6e80000)
  from space 4096K, 99% used [0x00000000d7280000,0x00000000d767f308,0x00000000d7680000)
  to   space 4096K, 0% used [0x00000000d6e80000,0x00000000d6e80000,0x00000000d7280000)
 ParOldGen       total 68608K, used 6289K [0x0000000080000000, 0x0000000084300000, 0x00000000d5580000)
  object space 68608K, 9% used [0x0000000080000000,0x0000000080624688,0x0000000084300000)
 Metaspace       used 16432K, committed 17088K, reserved 1114112K
  class space    used 1752K, committed 2048K, reserved 1048576K
}

Dll operation events (10 events):
Event: 0.009 Loaded shared library c:\Users\Windows\.antigravity-ide\extensions\redhat.java-1.55.0-win32-x64\jre\21.0.11-win32-x86_64\bin\java.dll
Event: 0.081 Loaded shared library c:\Users\Windows\.antigravity-ide\extensions\redhat.java-1.55.0-win32-x64\jre\21.0.11-win32-x86_64\bin\zip.dll
Event: 0.100 Loaded shared library C:\Users\Windows\.antigravity-ide\extensions\redhat.java-1.55.0-win32-x64\jre\21.0.11-win32-x86_64\bin\instrument.dll
Event: 0.107 Loaded shared library C:\Users\Windows\.antigravity-ide\extensions\redhat.java-1.55.0-win32-x64\jre\21.0.11-win32-x86_64\bin\net.dll
Event: 0.110 Loaded shared library C:\Users\Windows\.antigravity-ide\extensions\redhat.java-1.55.0-win32-x64\jre\21.0.11-win32-x86_64\bin\nio.dll
Event: 0.113 Loaded shared library C:\Users\Windows\.antigravity-ide\extensions\redhat.java-1.55.0-win32-x64\jre\21.0.11-win32-x86_64\bin\zip.dll
Event: 0.130 Loaded shared library C:\Users\Windows\.antigravity-ide\extensions\redhat.java-1.55.0-win32-x64\jre\21.0.11-win32-x86_64\bin\jimage.dll
Event: 0.195 Loaded shared library c:\Users\Windows\.antigravity-ide\extensions\redhat.java-1.55.0-win32-x64\jre\21.0.11-win32-x86_64\bin\verify.dll
Event: 0.973 Loaded shared library C:\Users\Windows\AppData\Roaming\Antigravity IDE\User\globalStorage\redhat.java\1.55.0\config_ss_win\org.eclipse.equinox.launcher\org.eclipse.equinox.launcher.win32.win32.x86_64_1.3.100.v20260613-0559\eclipse_11924.dll
Event: 1.429 Loaded shared library C:\Users\Windows\AppData\Local\Temp\jna--1280820637\jna4379212590097158911.dll

Deoptimization events (20 events):
Event: 1.524 Thread 0x000001c68d228150 Uncommon trap: trap_request=0xffffffde fr.pc=0x000001c639120494 relative=0x00000000000003b4
Event: 1.524 Thread 0x000001c68d228150 Uncommon trap: reason=class_check action=maybe_recompile pc=0x000001c639120494 method=java.util.regex.Pattern$BmpCharPropertyGreedy.match(Ljava/util/regex/Matcher;ILjava/lang/CharSequence;)Z @ 70 c2
Event: 1.524 Thread 0x000001c68d228150 DEOPT PACKING pc=0x000001c639120494 sp=0x0000001874cef780
Event: 1.524 Thread 0x000001c68d228150 DEOPT UNPACKING pc=0x000001c638ae6da2 sp=0x0000001874cef728 mode 2
Event: 1.524 Thread 0x000001c68d228150 Uncommon trap: trap_request=0xffffffde fr.pc=0x000001c639120494 relative=0x00000000000003b4
Event: 1.524 Thread 0x000001c68d228150 Uncommon trap: reason=class_check action=maybe_recompile pc=0x000001c639120494 method=java.util.regex.Pattern$BmpCharPropertyGreedy.match(Ljava/util/regex/Matcher;ILjava/lang/CharSequence;)Z @ 70 c2
Event: 1.524 Thread 0x000001c68d228150 DEOPT PACKING pc=0x000001c639120494 sp=0x0000001874cef5d0
Event: 1.524 Thread 0x000001c68d228150 DEOPT UNPACKING pc=0x000001c638ae6da2 sp=0x0000001874cef578 mode 2
Event: 1.524 Thread 0x000001c68d228150 Uncommon trap: trap_request=0xffffffde fr.pc=0x000001c639120494 relative=0x00000000000003b4
Event: 1.524 Thread 0x000001c68d228150 Uncommon trap: reason=class_check action=maybe_recompile pc=0x000001c639120494 method=java.util.regex.Pattern$BmpCharPropertyGreedy.match(Ljava/util/regex/Matcher;ILjava/lang/CharSequence;)Z @ 70 c2
Event: 1.524 Thread 0x000001c68d228150 DEOPT PACKING pc=0x000001c639120494 sp=0x0000001874cef790
Event: 1.524 Thread 0x000001c68d228150 DEOPT UNPACKING pc=0x000001c638ae6da2 sp=0x0000001874cef738 mode 2
Event: 1.524 Thread 0x000001c68d228150 Uncommon trap: trap_request=0xffffffde fr.pc=0x000001c639120494 relative=0x00000000000003b4
Event: 1.524 Thread 0x000001c68d228150 Uncommon trap: reason=class_check action=maybe_recompile pc=0x000001c639120494 method=java.util.regex.Pattern$BmpCharPropertyGreedy.match(Ljava/util/regex/Matcher;ILjava/lang/CharSequence;)Z @ 70 c2
Event: 1.524 Thread 0x000001c68d228150 DEOPT PACKING pc=0x000001c639120494 sp=0x0000001874cef5e0
Event: 1.524 Thread 0x000001c68d228150 DEOPT UNPACKING pc=0x000001c638ae6da2 sp=0x0000001874cef588 mode 2
Event: 1.557 Thread 0x000001c68d228150 Uncommon trap: trap_request=0xffffff45 fr.pc=0x000001c63914ea94 relative=0x0000000000000894
Event: 1.557 Thread 0x000001c68d228150 Uncommon trap: reason=unstable_if action=reinterpret pc=0x000001c63914ea94 method=org.lombokweb.asm.ClassReader.readUTF8(I[C)Ljava/lang/String; @ 11 c2
Event: 1.557 Thread 0x000001c68d228150 DEOPT PACKING pc=0x000001c63914ea94 sp=0x0000001874cef7d0
Event: 1.557 Thread 0x000001c68d228150 DEOPT UNPACKING pc=0x000001c638ae6da2 sp=0x0000001874cef7d8 mode 2

Classes loaded (20 events):
Event: 1.533 Loading class java/io/StringReader
Event: 1.533 Loading class java/io/StringReader done
Event: 1.534 Loading class java/util/zip/GZIPInputStream
Event: 1.534 Loading class java/util/zip/GZIPInputStream done
Event: 1.536 Loading class java/net/SocketTimeoutException
Event: 1.536 Loading class java/io/InterruptedIOException
Event: 1.536 Loading class java/io/InterruptedIOException done
Event: 1.536 Loading class java/net/SocketTimeoutException done
Event: 1.536 Loading class java/net/SocketException
Event: 1.536 Loading class java/net/SocketException done
Event: 1.536 Loading class java/net/UnknownHostException
Event: 1.536 Loading class java/net/UnknownHostException done
Event: 1.536 Loading class java/net/ProtocolException
Event: 1.536 Loading class java/net/ProtocolException done
Event: 1.546 Loading class java/lang/ThreadLocal$SuppliedThreadLocal
Event: 1.546 Loading class java/lang/ThreadLocal$SuppliedThreadLocal done
Event: 1.550 Loading class java/io/FileWriter
Event: 1.550 Loading class java/io/FileWriter done
Event: 1.551 Loading class java/lang/NegativeArraySizeException
Event: 1.551 Loading class java/lang/NegativeArraySizeException done

Classes unloaded (0 events):
No events

Classes redefined (0 events):
No events

Internal exceptions (20 events):
Event: 1.442 Thread 0x000001c68d228150 Exception <a 'java/lang/NoSuchMethodError'{0x00000000d6799550}: 'void java.lang.invoke.DelegatingMethodHandle$Holder.reinvoke_L(java.lang.Object, java.lang.Object, int)'> (0x00000000d6799550) 
thrown [s\src\hotspot\share\interpreter\linkResolver.cpp, line 773]
Event: 1.442 Thread 0x000001c68d228150 Exception <a 'java/lang/NoSuchMethodError'{0x00000000d67a0238}: 'int java.lang.invoke.Invokers$Holder.invokeExact_MT(java.lang.Object, java.lang.Object, java.lang.Object)'> (0x00000000d67a0238) 
thrown [s\src\hotspot\share\interpreter\linkResolver.cpp, line 773]
Event: 1.450 Thread 0x000001c68d228150 Exception <a 'java/lang/NoSuchMethodError'{0x00000000d6871618}: method resolution failed> (0x00000000d6871618) 
thrown [s\src\hotspot\share\prims\methodHandles.cpp, line 1136]
Event: 1.456 Thread 0x000001c68d228150 Exception <a 'java/lang/NoSuchMethodError'{0x00000000d68dd818}: 'void java.lang.invoke.Invokers$Holder.invokeExact_MT(java.lang.Object, java.lang.Object, int, java.lang.Object)'> (0x00000000d68dd818) 
thrown [s\src\hotspot\share\interpreter\linkResolver.cpp, line 773]
Event: 1.468 Thread 0x000001c68d228150 Exception <a 'java/lang/NoSuchMethodError'{0x00000000d69cb8f0}: 'java.lang.Object java.lang.invoke.DirectMethodHandle$Holder.invokeSpecial(java.lang.Object, java.lang.Object, java.lang.Object, long, java.lang.Object)'> (0x00000000d69cb8f0) 
thrown [s\src\hotspot\share\interpreter\linkResolver.cpp, line 773]
Event: 1.468 Thread 0x000001c68d228150 Exception <a 'java/lang/NoSuchMethodError'{0x00000000d69d3138}: 'java.lang.Object java.lang.invoke.DirectMethodHandle$Holder.newInvokeSpecial(java.lang.Object, java.lang.Object, java.lang.Object, long)'> (0x00000000d69d3138) 
thrown [s\src\hotspot\share\interpreter\linkResolver.cpp, line 773]
Event: 1.468 Thread 0x000001c68d228150 Exception <a 'java/lang/NoSuchMethodError'{0x00000000d69d74e8}: 'java.lang.Object java.lang.invoke.DirectMethodHandle$Holder.invokeSpecial(java.lang.Object, java.lang.Object, java.lang.Object, java.lang.Object, long)'> (0x00000000d69d74e8) 
thrown [s\src\hotspot\share\interpreter\linkResolver.cpp, line 773]
Event: 1.468 Thread 0x000001c68d228150 Exception <a 'java/lang/NoSuchMethodError'{0x00000000d69db108}: 'java.lang.Object java.lang.invoke.Invokers$Holder.linkToTargetMethod(java.lang.Object, java.lang.Object, long, java.lang.Object)'> (0x00000000d69db108) 
thrown [s\src\hotspot\share\interpreter\linkResolver.cpp, line 773]
Event: 1.473 Thread 0x000001c68d228150 Exception <a 'java/lang/NoSuchMethodError'{0x00000000d6a4ced8}: 'int java.lang.invoke.DirectMethodHandle$Holder.invokeStaticInit(java.lang.Object, java.lang.Object, java.lang.Object)'> (0x00000000d6a4ced8) 
thrown [s\src\hotspot\share\interpreter\linkResolver.cpp, line 773]
Event: 1.478 Thread 0x000001c68d228150 Exception <a 'java/lang/IncompatibleClassChangeError'{0x00000000d6ada118}: Found class java.lang.Object, but interface was expected> (0x00000000d6ada118) 
thrown [s\src\hotspot\share\interpreter\linkResolver.cpp, line 840]
Event: 1.481 Thread 0x000001c68d228150 Exception <a 'java/lang/NoSuchMethodError'{0x00000000d6af2008}: 'java.lang.Object java.lang.invoke.DirectMethodHandle$Holder.invokeSpecial(java.lang.Object, java.lang.Object, java.lang.Object, int, java.lang.Object, java.lang.Object)'> (0x00000000d6af2008) 
thrown [s\src\hotspot\share\interpreter\linkResolver.cpp, line 773]
Event: 1.481 Thread 0x000001c68d228150 Exception <a 'java/lang/NoSuchMethodError'{0x00000000d6af9ae0}: 'java.lang.Object java.lang.invoke.DirectMethodHandle$Holder.newInvokeSpecial(java.lang.Object, java.lang.Object, java.lang.Object, int, java.lang.Object)'> (0x00000000d6af9ae0) 
thrown [s\src\hotspot\share\interpreter\linkResolver.cpp, line 773]
Event: 1.481 Thread 0x000001c68d228150 Exception <a 'java/lang/NoSuchMethodError'{0x00000000d6afda60}: 'java.lang.Object java.lang.invoke.DirectMethodHandle$Holder.invokeSpecial(java.lang.Object, java.lang.Object, java.lang.Object, java.lang.Object, int, java.lang.Object)'> (0x00000000d6afda60) 
thrown [s\src\hotspot\share\interpreter\linkResolver.cpp, line 773]
Event: 1.482 Thread 0x000001c68d228150 Exception <a 'java/lang/NoSuchMethodError'{0x00000000d6b015a0}: 'java.lang.Object java.lang.invoke.Invokers$Holder.linkToTargetMethod(java.lang.Object, java.lang.Object, int, java.lang.Object, java.lang.Object)'> (0x00000000d6b015a0) 
thrown [s\src\hotspot\share\interpreter\linkResolver.cpp, line 773]
Event: 1.482 Thread 0x000001c68d6441d0 Exception <a 'java/lang/NoSuchMethodError'{0x00000000d6a03188}: 'java.lang.Object java.lang.invoke.DirectMethodHandle$Holder.invokeSpecial(java.lang.Object, java.lang.Object, int, java.lang.Object, java.lang.Object)'> (0x00000000d6a03188) 
thrown [s\src\hotspot\share\interpreter\linkResolver.cpp, line 773]
Event: 1.482 Thread 0x000001c68d6441d0 Exception <a 'java/lang/NoSuchMethodError'{0x00000000d6a09ec0}: 'java.lang.Object java.lang.invoke.DirectMethodHandle$Holder.newInvokeSpecial(java.lang.Object, java.lang.Object, int, java.lang.Object)'> (0x00000000d6a09ec0) 
thrown [s\src\hotspot\share\interpreter\linkResolver.cpp, line 773]
Event: 1.482 Thread 0x000001c68d6441d0 Exception <a 'java/lang/NoSuchMethodError'{0x00000000d6a0d7a0}: 'java.lang.Object java.lang.invoke.DirectMethodHandle$Holder.invokeSpecial(java.lang.Object, java.lang.Object, java.lang.Object, int, java.lang.Object)'> (0x00000000d6a0d7a0) 
thrown [s\src\hotspot\share\interpreter\linkResolver.cpp, line 773]
Event: 1.492 Thread 0x000001c68d228150 Exception <a 'java/lang/NoSuchMethodError'{0x00000000d6c1f718}: 'void java.lang.invoke.DirectMethodHandle$Holder.invokeSpecial(java.lang.Object, java.lang.Object, java.lang.Object, java.lang.Object, java.lang.Object)'> (0x00000000d6c1f718) 
thrown [s\src\hotspot\share\interpreter\linkResolver.cpp, line 773]
Event: 1.509 Thread 0x000001c68d228150 Exception <a 'java/lang/NoSuchMethodError'{0x00000000d6e57900}: 'double java.lang.invoke.DirectMethodHandle$Holder.invokeStatic(java.lang.Object, java.lang.Object)'> (0x00000000d6e57900) 
thrown [s\src\hotspot\share\interpreter\linkResolver.cpp, line 773]
Event: 1.510 Thread 0x000001c68d228150 Exception <a 'java/lang/NoSuchMethodError'{0x00000000d6e5afc0}: 'double java.lang.invoke.DirectMethodHandle$Holder.invokeStaticInit(java.lang.Object, java.lang.Object)'> (0x00000000d6e5afc0) 
thrown [s\src\hotspot\share\interpreter\linkResolver.cpp, line 773]

ZGC Phase Switch (0 events):
No events

VM Operations (20 events):
Event: 0.908 Executing safepoint VM operation: ICBufferFull
Event: 0.908 Executing safepoint VM operation: ICBufferFull done
Event: 0.985 Executing safepoint VM operation: ParallelGCFailedAllocation (Allocation Failure)
Event: 0.990 Executing safepoint VM operation: ParallelGCFailedAllocation (Allocation Failure) done
Event: 1.056 Executing non-safepoint VM operation: HandshakeAllThreads (Deoptimize)
Event: 1.056 Executing non-safepoint VM operation: HandshakeAllThreads (Deoptimize) done
Event: 1.178 Executing non-safepoint VM operation: HandshakeAllThreads (Deoptimize)
Event: 1.178 Executing non-safepoint VM operation: HandshakeAllThreads (Deoptimize) done
Event: 1.257 Executing safepoint VM operation: ParallelGCFailedAllocation (Allocation Failure)
Event: 1.261 Executing safepoint VM operation: ParallelGCFailedAllocation (Allocation Failure) done
Event: 1.292 Executing non-safepoint VM operation: HandshakeAllThreads (Deoptimize)
Event: 1.292 Executing non-safepoint VM operation: HandshakeAllThreads (Deoptimize) done
Event: 1.294 Executing non-safepoint VM operation: HandshakeAllThreads (Deoptimize)
Event: 1.294 Executing non-safepoint VM operation: HandshakeAllThreads (Deoptimize) done
Event: 1.307 Executing non-safepoint VM operation: HandshakeAllThreads (Deoptimize)
Event: 1.307 Executing non-safepoint VM operation: HandshakeAllThreads (Deoptimize) done
Event: 1.435 Executing non-safepoint VM operation: HandshakeAllThreads (Deoptimize)
Event: 1.435 Executing non-safepoint VM operation: HandshakeAllThreads (Deoptimize) done
Event: 1.512 Executing safepoint VM operation: ParallelGCFailedAllocation (Allocation Failure)
Event: 1.517 Executing safepoint VM operation: ParallelGCFailedAllocation (Allocation Failure) done

Memory protections (0 events):
No events

Nmethod flushes (0 events):
No events

Events (20 events):
Event: 0.044 Thread 0x000001c62e35f8c0 Thread added: 0x000001c62e4033c0
Event: 0.044 Thread 0x000001c62e35f8c0 Thread added: 0x000001c62e30d250
Event: 0.044 Thread 0x000001c62e35f8c0 Thread added: 0x000001c62e40d8b0
Event: 0.045 Thread 0x000001c62e35f8c0 Thread added: 0x000001c62e40e310
Event: 0.045 Thread 0x000001c62e35f8c0 Thread added: 0x000001c62e40fb30
Event: 0.045 Thread 0x000001c62e35f8c0 Thread added: 0x000001c62e4184b0
Event: 0.045 Thread 0x000001c62e35f8c0 Thread added: 0x000001c62e41e8b0
Event: 0.045 Thread 0x000001c62e35f8c0 Thread added: 0x000001c68712c440
Event: 0.103 Thread 0x000001c62e35f8c0 Thread added: 0x000001c68739e790
Event: 0.191 Thread 0x000001c68712c440 Thread added: 0x000001c687379b00
Event: 0.268 Thread 0x000001c62e35f8c0 Thread added: 0x000001c687469590
Event: 0.340 Thread 0x000001c687379b00 Thread added: 0x000001c687494e30
Event: 0.827 Thread 0x000001c62e35f8c0 Thread added: 0x000001c68888e720
Event: 0.964 Thread 0x000001c62e35f8c0 Thread added: 0x000001c68d0d7cc0
Event: 0.966 Thread 0x000001c62e35f8c0 Thread added: 0x000001c68d228150
Event: 0.994 Thread 0x000001c68d228150 Thread added: 0x000001c68d1f01b0
Event: 1.201 Thread 0x000001c68d228150 Thread added: 0x000001c68d259810
Event: 1.446 Thread 0x000001c68d228150 Thread added: 0x000001c68d642e20
Event: 1.470 Thread 0x000001c68d228150 Thread added: 0x000001c68d6441d0
Event: 1.482 Thread 0x000001c68d228150 Thread added: 0x000001c68d6434b0


Dynamic libraries:
0x00007ff6cd730000 - 0x00007ff6cd73e000 	c:\Users\Windows\.antigravity-ide\extensions\redhat.java-1.55.0-win32-x64\jre\21.0.11-win32-x86_64\bin\java.exe
0x00007ffbad220000 - 0x00007ffbad486000 	C:\WINDOWS\SYSTEM32\ntdll.dll
0x00007ffbac460000 - 0x00007ffbac529000 	C:\WINDOWS\System32\KERNEL32.DLL
0x00007ffbaa4e0000 - 0x00007ffbaa8da000 	C:\WINDOWS\System32\KERNELBASE.dll
0x00007ffbaac50000 - 0x00007ffbaad9c000 	C:\WINDOWS\System32\ucrtbase.dll
0x00007ffb9b450000 - 0x00007ffb9b46e000 	c:\Users\Windows\.antigravity-ide\extensions\redhat.java-1.55.0-win32-x64\jre\21.0.11-win32-x86_64\bin\VCRUNTIME140.dll
0x00007ffb9cef0000 - 0x00007ffb9cf08000 	c:\Users\Windows\.antigravity-ide\extensions\redhat.java-1.55.0-win32-x64\jre\21.0.11-win32-x86_64\bin\jli.dll
0x00007ffbacf10000 - 0x00007ffbad0d7000 	C:\WINDOWS\System32\USER32.dll
0x00007ffb97550000 - 0x00007ffb977e2000 	C:\WINDOWS\WinSxS\amd64_microsoft.windows.common-controls_6595b64144ccf1df_6.0.26100.8521_none_3e08b75ce33403b3\COMCTL32.dll
0x00007ffbacd80000 - 0x00007ffbace29000 	C:\WINDOWS\System32\msvcrt.dll
0x00007ffbabbe0000 - 0x00007ffbabc0b000 	C:\WINDOWS\System32\GDI32.dll
0x00007ffbaa4b0000 - 0x00007ffbaa4d7000 	C:\WINDOWS\System32\win32u.dll
0x00007ffbaae60000 - 0x00007ffbaaf8b000 	C:\WINDOWS\System32\gdi32full.dll
0x00007ffbaaa20000 - 0x00007ffbaaac3000 	C:\WINDOWS\System32\msvcp_win.dll
0x00007ffbac7c0000 - 0x00007ffbac7f2000 	C:\WINDOWS\System32\IMM32.DLL
0x00007ffb9f640000 - 0x00007ffb9f64c000 	c:\Users\Windows\.antigravity-ide\extensions\redhat.java-1.55.0-win32-x64\jre\21.0.11-win32-x86_64\bin\vcruntime140_1.dll
0x00007ffb72960000 - 0x00007ffb729ed000 	c:\Users\Windows\.antigravity-ide\extensions\redhat.java-1.55.0-win32-x64\jre\21.0.11-win32-x86_64\bin\msvcp140.dll
0x00007ffb39a90000 - 0x00007ffb3a832000 	c:\Users\Windows\.antigravity-ide\extensions\redhat.java-1.55.0-win32-x64\jre\21.0.11-win32-x86_64\bin\server\jvm.dll
0x00007ffbab940000 - 0x00007ffbab9f6000 	C:\WINDOWS\System32\ADVAPI32.dll
0x00007ffbac930000 - 0x00007ffbac9da000 	C:\WINDOWS\System32\sechost.dll
0x00007ffbac530000 - 0x00007ffbac648000 	C:\WINDOWS\System32\RPCRT4.dll
0x00007ffbac730000 - 0x00007ffbac7b0000 	C:\WINDOWS\System32\WS2_32.dll
0x00007ffba90a0000 - 0x00007ffba90fe000 	C:\WINDOWS\SYSTEM32\POWRPROF.dll
0x00007ffb9b3c0000 - 0x00007ffb9b3f6000 	C:\WINDOWS\SYSTEM32\WINMM.dll
0x00007ffba0850000 - 0x00007ffba085b000 	C:\WINDOWS\SYSTEM32\VERSION.dll
0x00007ffba9080000 - 0x00007ffba9094000 	C:\WINDOWS\SYSTEM32\UMPDC.dll
0x00007ffba9360000 - 0x00007ffba937b000 	C:\WINDOWS\SYSTEM32\kernel.appcore.dll
0x00007ffb9cfd0000 - 0x00007ffb9cfda000 	c:\Users\Windows\.antigravity-ide\extensions\redhat.java-1.55.0-win32-x64\jre\21.0.11-win32-x86_64\bin\jimage.dll
0x00007ffba7aa0000 - 0x00007ffba7ce2000 	C:\WINDOWS\SYSTEM32\DBGHELP.DLL
0x00007ffbac9e0000 - 0x00007ffbacd63000 	C:\WINDOWS\System32\combase.dll
0x00007ffbac650000 - 0x00007ffbac729000 	C:\WINDOWS\System32\OLEAUT32.dll
0x00007ffb79e50000 - 0x00007ffb79e8b000 	C:\WINDOWS\SYSTEM32\dbgcore.DLL
0x00007ffbaa970000 - 0x00007ffbaaa18000 	C:\WINDOWS\System32\bcryptPrimitives.dll
0x00007ffb9ba90000 - 0x00007ffb9ba9f000 	c:\Users\Windows\.antigravity-ide\extensions\redhat.java-1.55.0-win32-x64\jre\21.0.11-win32-x86_64\bin\instrument.dll
0x00007ffb9a460000 - 0x00007ffb9a480000 	c:\Users\Windows\.antigravity-ide\extensions\redhat.java-1.55.0-win32-x64\jre\21.0.11-win32-x86_64\bin\java.dll
0x00007ffbab010000 - 0x00007ffbab794000 	C:\WINDOWS\System32\SHELL32.dll
0x00007ffba8070000 - 0x00007ffba88f0000 	C:\WINDOWS\SYSTEM32\windows.storage.dll
0x00007ffbac820000 - 0x00007ffbac916000 	C:\WINDOWS\System32\SHCORE.dll
0x00007ffbace30000 - 0x00007ffbace97000 	C:\WINDOWS\System32\shlwapi.dll
0x00007ffbaa3d0000 - 0x00007ffbaa3f9000 	C:\WINDOWS\SYSTEM32\profapi.dll
0x00007ffb9aa50000 - 0x00007ffb9aa68000 	c:\Users\Windows\.antigravity-ide\extensions\redhat.java-1.55.0-win32-x64\jre\21.0.11-win32-x86_64\bin\zip.dll
0x00007ffb9b9c0000 - 0x00007ffb9b9d0000 	C:\Users\Windows\.antigravity-ide\extensions\redhat.java-1.55.0-win32-x64\jre\21.0.11-win32-x86_64\bin\net.dll
0x00007ffba1010000 - 0x00007ffba1139000 	C:\WINDOWS\SYSTEM32\WINHTTP.dll
0x00007ffba98d0000 - 0x00007ffba993c000 	C:\WINDOWS\system32\mswsock.dll
0x00007ffb962f0000 - 0x00007ffb96306000 	C:\Users\Windows\.antigravity-ide\extensions\redhat.java-1.55.0-win32-x64\jre\21.0.11-win32-x86_64\bin\nio.dll
0x00007ffb9adf0000 - 0x00007ffb9ae00000 	c:\Users\Windows\.antigravity-ide\extensions\redhat.java-1.55.0-win32-x64\jre\21.0.11-win32-x86_64\bin\verify.dll
0x00007ffb6fbb0000 - 0x00007ffb6fbf5000 	C:\Users\Windows\AppData\Roaming\Antigravity IDE\User\globalStorage\redhat.java\1.55.0\config_ss_win\org.eclipse.equinox.launcher\org.eclipse.equinox.launcher.win32.win32.x86_64_1.3.100.v20260613-0559\eclipse_11924.dll
0x00007ffbac2c0000 - 0x00007ffbac458000 	C:\WINDOWS\System32\ole32.dll
0x00007ffba9bb0000 - 0x00007ffba9bcb000 	C:\WINDOWS\SYSTEM32\CRYPTSP.dll
0x00007ffba92c0000 - 0x00007ffba92f9000 	C:\WINDOWS\system32\rsaenh.dll
0x00007ffba9980000 - 0x00007ffba99b3000 	C:\WINDOWS\SYSTEM32\USERENV.dll
0x00007ffbaa3a0000 - 0x00007ffbaa3ca000 	C:\WINDOWS\SYSTEM32\bcrypt.dll
0x00007ffba9bd0000 - 0x00007ffba9bdc000 	C:\WINDOWS\SYSTEM32\CRYPTBASE.dll
0x00007ffba8d60000 - 0x00007ffba8d93000 	C:\WINDOWS\SYSTEM32\IPHLPAPI.DLL
0x00007ffbacf00000 - 0x00007ffbacf0a000 	C:\WINDOWS\System32\NSI.dll
0x00007ffb68130000 - 0x00007ffb68179000 	C:\Users\Windows\AppData\Local\Temp\jna--1280820637\jna4379212590097158911.dll
0x00007ffbac920000 - 0x00007ffbac928000 	C:\WINDOWS\System32\PSAPI.DLL

JVMTI agents:
c:\Users\Windows\.antigravity-ide\extensions\redhat.java-1.55.0-win32-x64\lombok\lombok-1.18.39-4050.jar path:c:\Users\Windows\.antigravity-ide\extensions\redhat.java-1.55.0-win32-x64\jre\21.0.11-win32-x86_64\bin\instrument.dll, loaded, initialized, instrumentlib options:none

dbghelp: loaded successfully - version: 4.0.5 - missing functions: none
symbol engine: initialized successfully - sym options: 0x614 - pdb path: .;c:\Users\Windows\.antigravity-ide\extensions\redhat.java-1.55.0-win32-x64\jre\21.0.11-win32-x86_64\bin;C:\WINDOWS\SYSTEM32;C:\WINDOWS\WinSxS\amd64_microsoft.windows.common-controls_6595b64144ccf1df_6.0.26100.8521_none_3e08b75ce33403b3;c:\Users\Windows\.antigravity-ide\extensions\redhat.java-1.55.0-win32-x64\jre\21.0.11-win32-x86_64\bin\server;C:\Users\Windows\AppData\Roaming\Antigravity IDE\User\globalStorage\redhat.java\1.55.0\config_ss_win\org.eclipse.equinox.launcher\org.eclipse.equinox.launcher.win32.win32.x86_64_1.3.100.v20260613-0559;C:\Users\Windows\AppData\Local\Temp\jna--1280820637

VM Arguments:
jvm_args: --add-modules=ALL-SYSTEM --add-opens=java.base/java.util=ALL-UNNAMED --add-opens=java.base/java.lang=ALL-UNNAMED --add-opens=java.base/sun.nio.fs=ALL-UNNAMED -Declipse.application=org.eclipse.jdt.ls.core.id1 -Dosgi.bundles.defaultStartLevel=4 -Declipse.product=org.eclipse.jdt.ls.core.product -Djava.import.generatesMetadataFilesAtProjectRoot=false -DDetectVMInstallationsJob.disabled=true -Dfile.encoding=utf8 -XX:+UseParallelGC -XX:GCTimeRatio=4 -XX:AdaptiveSizePolicyWeight=90 -Dsun.zip.disableMemoryMapping=true -Xmx2G -Xms100m -Xlog:disable -javaagent:c:\Users\Windows\.antigravity-ide\extensions\redhat.java-1.55.0-win32-x64\lombok\lombok-1.18.39-4050.jar 
java_command: c:\Users\Windows\.antigravity-ide\extensions\redhat.java-1.55.0-win32-x64\server\plugins\org.eclipse.equinox.launcher_1.7.200.v20260619-2039.jar -configuration c:\Users\Windows\AppData\Roaming\Antigravity IDE\User\globalStorage\redhat.java\1.55.0\config_ss_win -data c:\Users\Windows\AppData\Roaming\Antigravity IDE\User\workspaceStorage\dd797f979bf9da95ab56711e4c6e11a8\redhat.java\ss_ws --pipe=\\.\pipe\lsp-f190f911e6fce84da3f97559f0e3e3d4-sock
java_class_path (initial): c:\Users\Windows\.antigravity-ide\extensions\redhat.java-1.55.0-win32-x64\server\plugins\org.eclipse.equinox.launcher_1.7.200.v20260619-2039.jar
Launcher Type: SUN_STANDARD

[Global flags]
    uintx AdaptiveSizePolicyWeight                 = 90                                        {product} {command line}
     intx CICompilerCount                          = 4                                         {product} {ergonomic}
    uintx GCTimeRatio                              = 4                                         {product} {command line}
   size_t InitialHeapSize                          = 104857600                                 {product} {command line}
   size_t MaxHeapSize                              = 2147483648                                {product} {command line}
   size_t MaxNewSize                               = 715653120                                 {product} {ergonomic}
   size_t MinHeapDeltaBytes                        = 524288                                    {product} {ergonomic}
   size_t MinHeapSize                              = 104857600                                 {product} {command line}
   size_t NewSize                                  = 34603008                                  {product} {ergonomic}
    uintx NonNMethodCodeHeapSize                   = 5839372                                {pd product} {ergonomic}
    uintx NonProfiledCodeHeapSize                  = 122909434                              {pd product} {ergonomic}
   size_t OldSize                                  = 70254592                                  {product} {ergonomic}
    uintx ProfiledCodeHeapSize                     = 122909434                              {pd product} {ergonomic}
    uintx ReservedCodeCacheSize                    = 251658240                              {pd product} {ergonomic}
     bool SegmentedCodeCache                       = true                                      {product} {ergonomic}
   size_t SoftMaxHeapSize                          = 2147483648                             {manageable} {ergonomic}
     bool UseCompressedOops                        = true                           {product lp64_product} {ergonomic}
     bool UseLargePagesIndividualAllocation        = false                                  {pd product} {ergonomic}
     bool UseParallelGC                            = true                                      {product} {command line}

Logging:
Log output configuration:
 #0: stdout all=off uptime,level,tags foldmultilines=false
 #1: stderr all=off uptime,level,tags foldmultilines=false

Release file:
JAVA_VERSION="21.0.11" 
MODULES="java.base java.compiler java.datatransfer java.xml java.prefs java.desktop java.instrument java.logging java.management java.security.sasl java.naming java.rmi java.management.rmi java.net.http java.scripting java.security.jgss java.transaction.xa java.sql java.sql.rowset java.xml.crypto java.se java.smartcardio jdk.accessibility jdk.internal.jvmstat jdk.attach jdk.charsets jdk.internal.opt jdk.zipfs jdk.compiler jdk.crypto.ec jdk.crypto.cryptoki jdk.crypto.mscapi jdk.dynalink jdk.internal.ed jdk.editpad jdk.hotspot.agent jdk.httpserver jdk.internal.le jdk.internal.vm.ci jdk.internal.vm.compiler jdk.internal.vm.compiler.management jdk.jartool jdk.javadoc jdk.jcmd jdk.management jdk.management.agent jdk.jconsole jdk.jdeps jdk.jdwp.agent jdk.jdi jdk.jfr jdk.jshell jdk.jsobject jdk.jstatd jdk.localedata jdk.management.jfr jdk.naming.dns jdk.naming.rmi jdk.net jdk.nio.mapmode jdk.random jdk.sctp jdk.security.auth jdk.security.jgss jdk.unsupported jdk.unsupported.desktop jdk.xml.dom" 

Environment Variables:
JAVA_HOME=C:\Program Files\Java\jdk-21.0.8
PATH=C:\Program Files\Java\jdk-21.0.8\bin;C:\Program Files\Java\jdk-21.0.8\bin;C:\jdk-21.0.8\bin;C:\WINDOWS\system32;C:\WINDOWS;C:\WINDOWS\System32\Wbem;C:\WINDOWS\System32\WindowsPowerShell\v1.0\;C:\WINDOWS\System32\OpenSSH\;C:\Program Files\nodejs\;D:\xampp\php;C:\ProgramData\ComposerSetup\bin;C:\Program Files\Git\cmd;C:\Program Files\dotnet\;C:\Users\Windows\AppData\Local\Programs\Python\Python314\Scripts\;C:\Users\Windows\AppData\Local\Programs\Python\Python314\;C:\Users\Windows\AppData\Local\Programs\Python\Launcher\;C:\Program Files\Java\jdk-11.0.1\bin;C:\Users\Windows\AppData\Local\Microsoft\WindowsApps;C:\Program Files\JetBrains\IntelliJ IDEA Community Edition 2024.1\bin;C:\Users\Windows\AppData\Local\Programs\Microsoft VS Code\bin;C:\Users\Windows\AppData\Roaming\npm;D:\TV series\Windsurf\bin;C:\Users\Windows\AppData\Roaming\Composer\vendor\bin;C:\jdk-21.0.8\bin;C:\Program Files\apache-maven-3.9.11\bin;C:\glassfish7\bin;;C:\Program Files (x86)\NVIDIA Corporation\PhysX\Common;C:\Users\Windows\AppData\Local\Programs\Python\Python314\Scripts\;C:\Users\Windows\AppData\Local\Programs\Python\Python314\;C:\Users\Windows\AppData\Local\Programs\Python\Launcher\;C:\Program Files\Java\jdk-11.0.1\bin;C:\Users\Windows\AppData\Local\Microsoft\WindowsApps;C:\Program Files\JetBrains\IntelliJ IDEA Community Edition 2024.1\bin;;C:\Users\Windows\AppData\Local\Programs\Microsoft VS Code\bin;C:\Users\Windows\AppData\Roaming\npm;D:\TV series\Windsurf\bin;C:\Users\Windows\AppData\Roaming\Composer\vendor\bin;C:\Program Files\Java\jdk-21.0.8\bin;C:\Users\Windows\AppData\Local\Programs\MiKTeX\miktex\bin\x64\;C:\Users\Windows\AppData\Local\GitHubDesktop\bin;D:\Antigravity IDE\bin;C:\Users\Windows\AppData\Local\Programs\Antigravity IDE\bin
USERNAME=Windows
OS=Windows_NT
PROCESSOR_IDENTIFIER=Intel64 Family 6 Model 141 Stepping 1, GenuineIntel
TMP=C:\Users\Windows\AppData\Local\Temp
TEMP=C:\Users\Windows\AppData\Local\Temp




Periodic native trim disabled

---------------  S Y S T E M  ---------------

OS:
 Windows 11 , 64 bit Build 26100 (10.0.26100.8521)
OS uptime: 4 days 15:20 hours
Hyper-V role detected

CPU: total 12 (initial active 12) (6 cores per cpu, 2 threads per core) family 6 model 141 stepping 1 microcode 0x50, cx8, cmov, fxsr, ht, mmx, 3dnowpref, sse, sse2, sse3, ssse3, sse4.1, sse4.2, popcnt, lzcnt, tsc, tscinvbit, avx, avx2, aes, erms, clmul, bmi1, bmi2, adx, avx512f, avx512dq, avx512cd, avx512bw, avx512vl, sha, fma, vzeroupper, avx512_vpopcntdq, avx512_vpclmulqdq, avx512_vaes, avx512_vnni, clflush, clflushopt, clwb, avx512_vbmi2, avx512_vbmi, hv, rdtscp, rdpid, fsrm, gfni, avx512_bitalg, f16c, cet_ibt, cet_ss, avx512_ifma
Processor Information for the first 12 processors :
  Max Mhz: 2688, Current Mhz: 2688, Mhz Limit: 2688

Memory: 4k page, system-wide physical 7914M (924M free)
TotalPageFile size 22991M (AvailPageFile size 3M)
current process WorkingSet (physical memory assigned to process): 131M, peak: 131M
current process commit charge ("private bytes"): 274M, peak: 275M

vm_info: OpenJDK 64-Bit Server VM (21.0.11+10-LTS) for windows-amd64 JRE (21.0.11+10-LTS), built on 2026-04-21T00:00:00Z by "admin" with MS VC++ 17.12 (VS2022)

END.
