#
# There is insufficient memory for the Java Runtime Environment to continue.
# Native memory allocation (malloc) failed to allocate 2049008 bytes. Error detail: Chunk::new
# Possible reasons:
#   The system is out of physical RAM or swap space
#   This process is running with CompressedOops enabled, and the Java Heap may be blocking the growth of the native heap
# Possible solutions:
#   Reduce memory load on the system
#   Increase physical memory or swap space
#   Check if swap backing store is full
#   Decrease Java heap size (-Xmx/-Xms)
#   Decrease number of Java threads
#   Decrease Java thread stack sizes (-Xss)
#   Set larger code cache with -XX:ReservedCodeCacheSize=
#   JVM is running with Unscaled Compressed Oops mode in which the Java heap is
#     placed in the first 4GB address space. The Java Heap base address is the
#     maximum limit for the native heap growth. Please use -XX:HeapBaseMinAddress
#     to set the Java Heap base and to place the Java Heap above 4GB virtual address.
# This output file may be truncated or incomplete.
#
#  Out of Memory Error (arena.cpp:168), pid=21332, tid=11504
#
# JRE version: OpenJDK Runtime Environment Temurin-21.0.11+10 (21.0.11+10) (build 21.0.11+10-LTS)
# Java VM: OpenJDK 64-Bit Server VM Temurin-21.0.11+10 (21.0.11+10-LTS, mixed mode, sharing, tiered, compressed oops, compressed class ptrs, parallel gc, windows-amd64)
# No core dump will be written. Minidumps are not enabled by default on client versions of Windows
#

---------------  S U M M A R Y ------------

Command Line: --add-modules=ALL-SYSTEM --add-opens=java.base/java.util=ALL-UNNAMED --add-opens=java.base/java.lang=ALL-UNNAMED --add-opens=java.base/sun.nio.fs=ALL-UNNAMED -Declipse.application=org.eclipse.jdt.ls.core.id1 -Dosgi.bundles.defaultStartLevel=4 -Declipse.product=org.eclipse.jdt.ls.core.product -Djava.import.generatesMetadataFilesAtProjectRoot=false -DDetectVMInstallationsJob.disabled=true -Dfile.encoding=utf8 -XX:+UseParallelGC -XX:GCTimeRatio=4 -XX:AdaptiveSizePolicyWeight=90 -Dsun.zip.disableMemoryMapping=true -Xmx2G -Xms100m -Xlog:disable -javaagent:c:\Users\Windows\.antigravity-ide\extensions\redhat.java-1.55.0-win32-x64\lombok\lombok-1.18.39-4050.jar c:\Users\Windows\.antigravity-ide\extensions\redhat.java-1.55.0-win32-x64\server\plugins\org.eclipse.equinox.launcher_1.7.200.v20260619-2039.jar -configuration c:\Users\Windows\AppData\Roaming\Antigravity IDE\User\globalStorage\redhat.java\1.55.0\config_ss_win -data c:\Users\Windows\AppData\Roaming\Antigravity IDE\User\workspaceStorage\dd797f979bf9da95ab56711e4c6e11a8\redhat.java\ss_ws --pipe=\\.\pipe\lsp-b960e2b4b2c84bad5f4739a7dbfb0df9-sock

Host: 11th Gen Intel(R) Core(TM) i5-11400H @ 2.70GHz, 12 cores, 7G,  Windows 11 , 64 bit Build 26100 (10.0.26100.8521)
Time: Tue Jul 14 12:03:25 2026 Sri Lanka Standard Time elapsed time: 7.611419 seconds (0d 0h 0m 7s)

---------------  T H R E A D  ---------------

Current thread (0x0000012d915f2390):  JavaThread "C2 CompilerThread2" daemon [_thread_in_native, id=11504, stack(0x00000005d1800000,0x00000005d1900000) (1024K)]


Current CompileTask:
C2:7611 5297       4       lombok.core.AST::buildWithField (21 bytes)

Stack: [0x00000005d1800000,0x00000005d1900000]
Native frames: (J=compiled Java code, j=interpreted, Vv=VM code, C=native code)
V  [jvm.dll+0x6d7e19]
V  [jvm.dll+0x8b5096]
V  [jvm.dll+0x8b764e]
V  [jvm.dll+0x8b7d33]
V  [jvm.dll+0x284596]
V  [jvm.dll+0xc685d]
V  [jvm.dll+0xc6da1]
V  [jvm.dll+0x3bed6b]
V  [jvm.dll+0x38b2b2]
V  [jvm.dll+0x38a6fa]
V  [jvm.dll+0x24c700]
V  [jvm.dll+0x24bce0]
V  [jvm.dll+0x1cb4ae]
V  [jvm.dll+0x25baad]
V  [jvm.dll+0x25a03a]
V  [jvm.dll+0x3f868e]
V  [jvm.dll+0x85fb0d]
V  [jvm.dll+0x6d664d]
C  [ucrtbase.dll+0x2cd30]
C  [KERNEL32.DLL+0x2e957]
C  [ntdll.dll+0x87c1c]


---------------  P R O C E S S  ---------------

Threads class SMR info:
_java_thread_list=0x0000012d8fdb72e0, length=38, elements={
0x0000012d30e3d650, 0x0000012d30dedee0, 0x0000012d30ee54f0, 0x0000012d30ee9bf0,
0x0000012d30eea8b0, 0x0000012d30eecf70, 0x0000012d30ef1080, 0x0000012d30ef71e0,
0x0000012d89bd3b50, 0x0000012d89dced90, 0x0000012d89fa81d0, 0x0000012d8f48f5d0,
0x0000012d8f7ca4f0, 0x0000012d8f7fd290, 0x0000012d8f946230, 0x0000012d8f8ebde0,
0x0000012d8fad0fa0, 0x0000012d8fd413f0, 0x0000012d8fd4ab60, 0x0000012d8fd4d2c0,
0x0000012d8fd4d950, 0x0000012d8fd4b880, 0x0000012d8fd4c5a0, 0x0000012d8fd4b1f0,
0x0000012d8fd4a4d0, 0x0000012d8fd4bf10, 0x0000012d8fd4cc30, 0x0000012d90410500,
0x0000012d90411220, 0x0000012d9040e430, 0x0000012d90410b90, 0x0000012d9040dda0,
0x0000012d904118b0, 0x0000012d9040eac0, 0x0000012d9040f7e0, 0x0000012d90411f40,
0x0000012d910cde60, 0x0000012d915f2390
}

Java Threads: ( => current thread )
  0x0000012d30e3d650 JavaThread "main"                              [_thread_blocked, id=25816, stack(0x00000005ce500000,0x00000005ce600000) (1024K)]
  0x0000012d30dedee0 JavaThread "Reference Handler"          daemon [_thread_blocked, id=23348, stack(0x00000005ce900000,0x00000005cea00000) (1024K)]
  0x0000012d30ee54f0 JavaThread "Finalizer"                  daemon [_thread_blocked, id=16488, stack(0x00000005cea00000,0x00000005ceb00000) (1024K)]
  0x0000012d30ee9bf0 JavaThread "Signal Dispatcher"          daemon [_thread_blocked, id=25804, stack(0x00000005ceb00000,0x00000005cec00000) (1024K)]
  0x0000012d30eea8b0 JavaThread "Attach Listener"            daemon [_thread_blocked, id=21344, stack(0x00000005cec00000,0x00000005ced00000) (1024K)]
  0x0000012d30eecf70 JavaThread "Service Thread"             daemon [_thread_blocked, id=13008, stack(0x00000005ced00000,0x00000005cee00000) (1024K)]
  0x0000012d30ef1080 JavaThread "Monitor Deflation Thread"   daemon [_thread_blocked, id=16512, stack(0x00000005cee00000,0x00000005cef00000) (1024K)]
  0x0000012d30ef71e0 JavaThread "C2 CompilerThread0"         daemon [_thread_in_native, id=25128, stack(0x00000005cef00000,0x00000005cf000000) (1024K)]
  0x0000012d89bd3b50 JavaThread "C1 CompilerThread0"         daemon [_thread_blocked, id=444, stack(0x00000005cf000000,0x00000005cf100000) (1024K)]
  0x0000012d89dced90 JavaThread "Common-Cleaner"             daemon [_thread_blocked, id=22600, stack(0x00000005cf100000,0x00000005cf200000) (1024K)]
  0x0000012d89fa81d0 JavaThread "Notification Thread"        daemon [_thread_blocked, id=22468, stack(0x00000005cf300000,0x00000005cf400000) (1024K)]
  0x0000012d8f48f5d0 JavaThread "Active Thread: Equinox Container: 589fc145-d305-4762-83af-0038cc81cb17"        [_thread_blocked, id=6216, stack(0x00000005cfa00000,0x00000005cfb00000) (1024K)]
  0x0000012d8f7ca4f0 JavaThread "Framework Event Dispatcher: Equinox Container: 589fc145-d305-4762-83af-0038cc81cb17" daemon [_thread_blocked, id=17732, stack(0x00000005cfb00000,0x00000005cfc00000) (1024K)]
  0x0000012d8f7fd290 JavaThread "Start Level: Equinox Container: 589fc145-d305-4762-83af-0038cc81cb17" daemon [_thread_blocked, id=22960, stack(0x00000005cfc00000,0x00000005cfd00000) (1024K)]
  0x0000012d8f946230 JavaThread "SCR Component Actor"        daemon [_thread_blocked, id=8084, stack(0x00000005cfe00000,0x00000005cff00000) (1024K)]
  0x0000012d8f8ebde0 JavaThread "Worker-JM"                         [_thread_blocked, id=13908, stack(0x00000005cff00000,0x00000005d0000000) (1024K)]
  0x0000012d8fad0fa0 JavaThread "JNA Cleaner"                daemon [_thread_blocked, id=14880, stack(0x00000005d0200000,0x00000005d0300000) (1024K)]
  0x0000012d8fd413f0 JavaThread "Worker-0"                          [_thread_blocked, id=17332, stack(0x00000005d0300000,0x00000005d0400000) (1024K)]
  0x0000012d8fd4ab60 JavaThread "Worker-1"                          [_thread_blocked, id=19540, stack(0x00000005d0400000,0x00000005d0500000) (1024K)]
  0x0000012d8fd4d2c0 JavaThread "Thread-1"                   daemon [_thread_in_native, id=24504, stack(0x00000005d0700000,0x00000005d0800000) (1024K)]
  0x0000012d8fd4d950 JavaThread "Thread-2"                   daemon [_thread_in_native, id=21808, stack(0x00000005d0800000,0x00000005d0900000) (1024K)]
  0x0000012d8fd4b880 JavaThread "Thread-3"                   daemon [_thread_in_native, id=9840, stack(0x00000005d0900000,0x00000005d0a00000) (1024K)]
  0x0000012d8fd4c5a0 JavaThread "Thread-4"                   daemon [_thread_in_native, id=23272, stack(0x00000005d0a00000,0x00000005d0b00000) (1024K)]
  0x0000012d8fd4b1f0 JavaThread "Thread-5"                   daemon [_thread_in_native, id=21136, stack(0x00000005d0b00000,0x00000005d0c00000) (1024K)]
  0x0000012d8fd4a4d0 JavaThread "Thread-6"                   daemon [_thread_in_native, id=12432, stack(0x00000005d0c00000,0x00000005d0d00000) (1024K)]
  0x0000012d8fd4bf10 JavaThread "Thread-7"                   daemon [_thread_in_native, id=7264, stack(0x00000005d0d00000,0x00000005d0e00000) (1024K)]
  0x0000012d8fd4cc30 JavaThread "Thread-8"                   daemon [_thread_in_native, id=12488, stack(0x00000005d0e00000,0x00000005d0f00000) (1024K)]
  0x0000012d90410500 JavaThread "Thread-9"                   daemon [_thread_in_native, id=7140, stack(0x00000005d0f00000,0x00000005d1000000) (1024K)]
  0x0000012d90411220 JavaThread "Thread-10"                  daemon [_thread_in_native, id=23332, stack(0x00000005d1000000,0x00000005d1100000) (1024K)]
  0x0000012d9040e430 JavaThread "Thread-11"                  daemon [_thread_in_native, id=14868, stack(0x00000005d1100000,0x00000005d1200000) (1024K)]
  0x0000012d90410b90 JavaThread "Thread-12"                  daemon [_thread_in_native, id=14936, stack(0x00000005d1200000,0x00000005d1300000) (1024K)]
  0x0000012d9040dda0 JavaThread "Thread-13"                  daemon [_thread_in_native, id=19220, stack(0x00000005d1300000,0x00000005d1400000) (1024K)]
  0x0000012d904118b0 JavaThread "pool-2-thread-1"                   [_thread_blocked, id=4336, stack(0x00000005d1400000,0x00000005d1500000) (1024K)]
  0x0000012d9040eac0 JavaThread "Worker-2"                          [_thread_blocked, id=18536, stack(0x00000005d1500000,0x00000005d1600000) (1024K)]
  0x0000012d9040f7e0 JavaThread "WorkspaceEventsHandler"            [_thread_blocked, id=9528, stack(0x00000005d1600000,0x00000005d1700000) (1024K)]
  0x0000012d90411f40 JavaThread "pool-1-thread-1"                   [_thread_in_Java, id=10188, stack(0x00000005d1700000,0x00000005d1800000) (1024K)]
  0x0000012d910cde60 JavaThread "C2 CompilerThread1"         daemon [_thread_in_native, id=6704, stack(0x00000005d0500000,0x00000005d0600000) (1024K)]
=>0x0000012d915f2390 JavaThread "C2 CompilerThread2"         daemon [_thread_in_native, id=11504, stack(0x00000005d1800000,0x00000005d1900000) (1024K)]
Total: 38

Other Threads:
  0x0000012d30ede780 VMThread "VM Thread"                           [id=24524, stack(0x00000005ce800000,0x00000005ce900000) (1024K)]
  0x0000012d30ccc7e0 WatcherThread "VM Periodic Task Thread"        [id=16592, stack(0x00000005ce700000,0x00000005ce800000) (1024K)]
  0x0000012d30e5be30 WorkerThread "GC Thread#0"                     [id=12016, stack(0x00000005ce600000,0x00000005ce700000) (1024K)]
  0x0000012d8f57af60 WorkerThread "GC Thread#1"                     [id=5508, stack(0x00000005cf400000,0x00000005cf500000) (1024K)]
  0x0000012d8f017c30 WorkerThread "GC Thread#2"                     [id=15928, stack(0x00000005cf500000,0x00000005cf600000) (1024K)]
  0x0000012d8f4e6e00 WorkerThread "GC Thread#3"                     [id=24312, stack(0x00000005cf600000,0x00000005cf700000) (1024K)]
  0x0000012d8f4e71b0 WorkerThread "GC Thread#4"                     [id=16256, stack(0x00000005cf700000,0x00000005cf800000) (1024K)]
  0x0000012d8f4e7560 WorkerThread "GC Thread#5"                     [id=21156, stack(0x00000005cf800000,0x00000005cf900000) (1024K)]
  0x0000012d8f5bb9b0 WorkerThread "GC Thread#6"                     [id=25076, stack(0x00000005cf900000,0x00000005cfa00000) (1024K)]
  0x0000012d8f375310 WorkerThread "GC Thread#7"                     [id=10824, stack(0x00000005cfd00000,0x00000005cfe00000) (1024K)]
  0x0000012d8fa3c0b0 WorkerThread "GC Thread#8"                     [id=552, stack(0x00000005d0000000,0x00000005d0100000) (1024K)]
  0x0000012d8fa934e0 WorkerThread "GC Thread#9"                     [id=18584, stack(0x00000005d0100000,0x00000005d0200000) (1024K)]
Total: 12

Threads with active compile tasks:
C2 CompilerThread0  7640 5335       4       lombok.eclipse.EclipseAST::buildStatement (57 bytes)
C2 CompilerThread1  7640 5378 %     4       org.lombokweb.asm.SymbolTable::<init> @ 98 (554 bytes)
C2 CompilerThread2  7640 5297       4       lombok.core.AST::buildWithField (21 bytes)
Total: 3

VM state: not at safepoint (normal execution)

VM Mutex/Monitor currently owned by a thread: None

Heap address: 0x0000000080000000, size: 2048 MB, Compressed Oops mode: 32-bit

CDS archive(s) mapped at: [0x0000012d48000000-0x0000012d48ba0000-0x0000012d48ba0000), size 12189696, SharedBaseAddress: 0x0000012d48000000, ArchiveRelocationMode: 1.
Compressed class space mapped at: 0x0000012d49000000-0x0000012d89000000, reserved size: 1073741824
Narrow klass base: 0x0000012d48000000, Narrow klass shift: 0, Narrow klass range: 0x100000000

GC Precious Log:
 CardTable entry size: 512
 CPUs: 12 total, 12 available
 Memory: 7914M
 Large Page Support: Disabled
 NUMA Support: Disabled
 Compressed Oops: Enabled (32-bit)
 Alignments: Space 512K, Generation 512K, Heap 2M
 Heap Min Capacity: 100M
 Heap Initial Capacity: 100M
 Heap Max Capacity: 2G
 Pre-touch: Disabled
 Parallel Workers: 10

Heap:
 PSYoungGen      total 22528K, used 16552K [0x00000000d5580000, 0x00000000d6d00000, 0x0000000100000000)
  eden space 21504K, 73% used [0x00000000d5580000,0x00000000d64ea1e8,0x00000000d6a80000)
  from space 1024K, 75% used [0x00000000d6c00000,0x00000000d6cc0000,0x00000000d6d00000)
  to   space 1024K, 0% used [0x00000000d6b00000,0x00000000d6b00000,0x00000000d6c00000)
 ParOldGen       total 68608K, used 29981K [0x0000000080000000, 0x0000000084300000, 0x00000000d5580000)
  object space 68608K, 43% used [0x0000000080000000,0x0000000081d47580,0x0000000084300000)
 Metaspace       used 38296K, committed 39360K, reserved 1114112K
  class space    used 3871K, committed 4352K, reserved 1048576K

Card table byte_map: [0x0000012d307e0000,0x0000012d30bf0000] _byte_map_base: 0x0000012d303e0000

Marking Bits: (ParMarkBitMap*) 0x00007ffb3a754460
 Begin Bits: [0x0000012d432f0000, 0x0000012d452f0000)
 End Bits:   [0x0000012d452f0000, 0x0000012d472f0000)

Polling page: 0x0000012d2eec0000

Metaspace:

Usage:
  Non-class:     33.62 MB used.
      Class:      3.78 MB used.
       Both:     37.40 MB used.

Virtual space:
  Non-class space:       64.00 MB reserved,      34.19 MB ( 53%) committed,  1 nodes.
      Class space:        1.00 GB reserved,       4.25 MB ( <1%) committed,  1 nodes.
             Both:        1.06 GB reserved,      38.44 MB (  4%) committed. 

Chunk freelists:
   Non-Class:  13.73 MB
       Class:  11.75 MB
        Both:  25.48 MB

MaxMetaspaceSize: unlimited
CompressedClassSpaceSize: 1.00 GB
Initial GC threshold: 21.00 MB
Current GC threshold: 58.38 MB
CDS: on
 - commit_granule_bytes: 65536.
 - commit_granule_words: 8192.
 - virtual_space_node_default_size: 8388608.
 - enlarge_chunks_in_place: 1.
 - use_allocation_guard: 0.


Internal statistics:

num_allocs_failed_limit: 6.
num_arena_births: 742.
num_arena_deaths: 14.
num_vsnodes_births: 2.
num_vsnodes_deaths: 0.
num_space_committed: 615.
num_space_uncommitted: 0.
num_chunks_returned_to_freelist: 20.
num_chunks_taken_from_freelist: 2318.
num_chunk_merges: 12.
num_chunk_splits: 1487.
num_chunks_enlarged: 938.
num_inconsistent_stats: 0.

CodeHeap 'non-profiled nmethods': size=120000Kb used=2820Kb max_used=2820Kb free=117179Kb
 bounds [0x0000012d3bb10000, 0x0000012d3bde0000, 0x0000012d43040000]
CodeHeap 'profiled nmethods': size=120000Kb used=10577Kb max_used=10577Kb free=109423Kb
 bounds [0x0000012d34040000, 0x0000012d34aa0000, 0x0000012d3b570000]
CodeHeap 'non-nmethods': size=5760Kb used=1392Kb max_used=1425Kb free=4367Kb
 bounds [0x0000012d3b570000, 0x0000012d3b7e0000, 0x0000012d3bb10000]
CodeCache: size=245760Kb, used=14789Kb, max_used=14822Kb, free=230969Kb
 total_blobs=5683, nmethods=5001, adapters=588, full_count=0
Compilation: enabled, stopped_count=0, restarted_count=0

Compilation events (20 events):
Event: 7.575 Thread 0x0000012d89bd3b50 5385       3       java.util.regex.Pattern$GroupCurly::match (252 bytes)
Event: 7.575 Thread 0x0000012d910cde60 nmethod 5377% 0x0000012d3bdcee10 code [0x0000012d3bdcf040, 0x0000012d3bdcf970]
Event: 7.575 Thread 0x0000012d910cde60 5380       4       java.util.regex.Matcher::search (154 bytes)
Event: 7.575 Thread 0x0000012d89bd3b50 nmethod 5385 0x0000012d34a8c910 code [0x0000012d34a8cb40, 0x0000012d34a8d2b8]
Event: 7.575 Thread 0x0000012d89bd3b50 5386       3       lombok.patcher.MethodTarget::typeSpecMatch (260 bytes)
Event: 7.577 Thread 0x0000012d89bd3b50 nmethod 5386 0x0000012d34a8d610 code [0x0000012d34a8daa0, 0x0000012d34a8f450]
Event: 7.579 Thread 0x0000012d89bd3b50 5387       3       java.util.regex.Pattern$Prolog::match (11 bytes)
Event: 7.580 Thread 0x0000012d89bd3b50 nmethod 5387 0x0000012d34a8ff10 code [0x0000012d34a900c0, 0x0000012d34a90220]
Event: 7.580 Thread 0x0000012d89bd3b50 5389       3       lombok.patcher.MethodTarget::decomposeFullDesc (95 bytes)
Event: 7.581 Thread 0x0000012d89bd3b50 nmethod 5389 0x0000012d34a90310 code [0x0000012d34a90640, 0x0000012d34a91730]
Event: 7.581 Thread 0x0000012d89bd3b50 5388       3       java.util.regex.Pattern$Loop::matchInit (156 bytes)
Event: 7.581 Thread 0x0000012d89bd3b50 nmethod 5388 0x0000012d34a91e90 code [0x0000012d34a920c0, 0x0000012d34a929c0]
Event: 7.586 Thread 0x0000012d89bd3b50 5391       3       org.lombokweb.asm.Type::<init> (26 bytes)
Event: 7.586 Thread 0x0000012d89bd3b50 nmethod 5391 0x0000012d34a92d90 code [0x0000012d34a92f40, 0x0000012d34a930d0]
Event: 7.586 Thread 0x0000012d89bd3b50 5392       3       org.lombokweb.asm.ClassVisitor::visitInnerClass (20 bytes)
Event: 7.587 Thread 0x0000012d89bd3b50 nmethod 5392 0x0000012d34a93190 code [0x0000012d34a93340, 0x0000012d34a93548]
Event: 7.587 Thread 0x0000012d89bd3b50 5393       3       org.lombokweb.asm.ClassWriter::visitInnerClass (130 bytes)
Event: 7.587 Thread 0x0000012d910cde60 nmethod 5380 0x0000012d3bdcff90 code [0x0000012d3bdd01c0, 0x0000012d3bdd0bb0]
Event: 7.587 Thread 0x0000012d89bd3b50 nmethod 5393 0x0000012d34a93610 code [0x0000012d34a93860, 0x0000012d34a93fc8]
Event: 7.587 Thread 0x0000012d910cde60 5378 %     4       org.lombokweb.asm.SymbolTable::<init> @ 98 (554 bytes)

GC Heap History (20 events):
Event: 5.330 GC heap before
{Heap before GC invocations=13 (full 1):
 PSYoungGen      total 24576K, used 24064K [0x00000000d5580000, 0x00000000d7180000, 0x0000000100000000)
  eden space 22016K, 100% used [0x00000000d5580000,0x00000000d6b00000,0x00000000d6b00000)
  from space 2560K, 80% used [0x00000000d6d00000,0x00000000d6f00010,0x00000000d6f80000)
  to   space 2048K, 0% used [0x00000000d6f80000,0x00000000d6f80000,0x00000000d7180000)
 ParOldGen       total 68608K, used 17663K [0x0000000080000000, 0x0000000084300000, 0x00000000d5580000)
  object space 68608K, 25% used [0x0000000080000000,0x000000008113ffb0,0x0000000084300000)
 Metaspace       used 32505K, committed 33536K, reserved 1114112K
  class space    used 3286K, committed 3712K, reserved 1048576K
}
Event: 5.334 GC heap after
{Heap after GC invocations=13 (full 1):
 PSYoungGen      total 23552K, used 2018K [0x00000000d5580000, 0x00000000d7500000, 0x0000000100000000)
  eden space 21504K, 0% used [0x00000000d5580000,0x00000000d5580000,0x00000000d6a80000)
  from space 2048K, 98% used [0x00000000d6f80000,0x00000000d7178820,0x00000000d7180000)
  to   space 5120K, 0% used [0x00000000d6a80000,0x00000000d6a80000,0x00000000d6f80000)
 ParOldGen       total 68608K, used 19895K [0x0000000080000000, 0x0000000084300000, 0x00000000d5580000)
  object space 68608K, 28% used [0x0000000080000000,0x000000008136dfb0,0x0000000084300000)
 Metaspace       used 32505K, committed 33536K, reserved 1114112K
  class space    used 3286K, committed 3712K, reserved 1048576K
}
Event: 5.420 GC heap before
{Heap before GC invocations=14 (full 1):
 PSYoungGen      total 23552K, used 23522K [0x00000000d5580000, 0x00000000d7500000, 0x0000000100000000)
  eden space 21504K, 100% used [0x00000000d5580000,0x00000000d6a80000,0x00000000d6a80000)
  from space 2048K, 98% used [0x00000000d6f80000,0x00000000d7178820,0x00000000d7180000)
  to   space 5120K, 0% used [0x00000000d6a80000,0x00000000d6a80000,0x00000000d6f80000)
 ParOldGen       total 68608K, used 19895K [0x0000000080000000, 0x0000000084300000, 0x00000000d5580000)
  object space 68608K, 28% used [0x0000000080000000,0x000000008136dfb0,0x0000000084300000)
 Metaspace       used 32526K, committed 33536K, reserved 1114112K
  class space    used 3286K, committed 3712K, reserved 1048576K
}
Event: 5.425 GC heap after
{Heap after GC invocations=14 (full 1):
 PSYoungGen      total 24064K, used 2144K [0x00000000d5580000, 0x00000000d7080000, 0x0000000100000000)
  eden space 21504K, 0% used [0x00000000d5580000,0x00000000d5580000,0x00000000d6a80000)
  from space 2560K, 83% used [0x00000000d6a80000,0x00000000d6c98000,0x00000000d6d00000)
  to   space 3072K, 0% used [0x00000000d6d80000,0x00000000d6d80000,0x00000000d7080000)
 ParOldGen       total 68608K, used 21910K [0x0000000080000000, 0x0000000084300000, 0x00000000d5580000)
  object space 68608K, 31% used [0x0000000080000000,0x00000000815658f8,0x0000000084300000)
 Metaspace       used 32526K, committed 33536K, reserved 1114112K
  class space    used 3286K, committed 3712K, reserved 1048576K
}
Event: 5.475 GC heap before
{Heap before GC invocations=15 (full 1):
 PSYoungGen      total 24064K, used 23648K [0x00000000d5580000, 0x00000000d7080000, 0x0000000100000000)
  eden space 21504K, 100% used [0x00000000d5580000,0x00000000d6a80000,0x00000000d6a80000)
  from space 2560K, 83% used [0x00000000d6a80000,0x00000000d6c98000,0x00000000d6d00000)
  to   space 3072K, 0% used [0x00000000d6d80000,0x00000000d6d80000,0x00000000d7080000)
 ParOldGen       total 68608K, used 21910K [0x0000000080000000, 0x0000000084300000, 0x00000000d5580000)
  object space 68608K, 31% used [0x0000000080000000,0x00000000815658f8,0x0000000084300000)
 Metaspace       used 32532K, committed 33536K, reserved 1114112K
  class space    used 3286K, committed 3712K, reserved 1048576K
}
Event: 5.479 GC heap after
{Heap after GC invocations=15 (full 1):
 PSYoungGen      total 24064K, used 2084K [0x00000000d5580000, 0x00000000d7000000, 0x0000000100000000)
  eden space 21504K, 0% used [0x00000000d5580000,0x00000000d5580000,0x00000000d6a80000)
  from space 2560K, 81% used [0x00000000d6d80000,0x00000000d6f89000,0x00000000d7000000)
  to   space 2560K, 0% used [0x00000000d6a80000,0x00000000d6a80000,0x00000000d6d00000)
 ParOldGen       total 68608K, used 23892K [0x0000000080000000, 0x0000000084300000, 0x00000000d5580000)
  object space 68608K, 34% used [0x0000000080000000,0x00000000817552a8,0x0000000084300000)
 Metaspace       used 32532K, committed 33536K, reserved 1114112K
  class space    used 3286K, committed 3712K, reserved 1048576K
}
Event: 5.587 GC heap before
{Heap before GC invocations=16 (full 1):
 PSYoungGen      total 24064K, used 23588K [0x00000000d5580000, 0x00000000d7000000, 0x0000000100000000)
  eden space 21504K, 100% used [0x00000000d5580000,0x00000000d6a80000,0x00000000d6a80000)
  from space 2560K, 81% used [0x00000000d6d80000,0x00000000d6f89000,0x00000000d7000000)
  to   space 2560K, 0% used [0x00000000d6a80000,0x00000000d6a80000,0x00000000d6d00000)
 ParOldGen       total 68608K, used 23892K [0x0000000080000000, 0x0000000084300000, 0x00000000d5580000)
  object space 68608K, 34% used [0x0000000080000000,0x00000000817552a8,0x0000000084300000)
 Metaspace       used 32552K, committed 33536K, reserved 1114112K
  class space    used 3287K, committed 3712K, reserved 1048576K
}
Event: 5.594 GC heap after
{Heap after GC invocations=16 (full 1):
 PSYoungGen      total 24064K, used 2176K [0x00000000d5580000, 0x00000000d6f80000, 0x0000000100000000)
  eden space 21504K, 0% used [0x00000000d5580000,0x00000000d5580000,0x00000000d6a80000)
  from space 2560K, 85% used [0x00000000d6a80000,0x00000000d6ca0010,0x00000000d6d00000)
  to   space 2560K, 0% used [0x00000000d6d00000,0x00000000d6d00000,0x00000000d6f80000)
 ParOldGen       total 68608K, used 25858K [0x0000000080000000, 0x0000000084300000, 0x00000000d5580000)
  object space 68608K, 37% used [0x0000000080000000,0x00000000819408d0,0x0000000084300000)
 Metaspace       used 32552K, committed 33536K, reserved 1114112K
  class space    used 3287K, committed 3712K, reserved 1048576K
}
Event: 5.709 GC heap before
{Heap before GC invocations=17 (full 1):
 PSYoungGen      total 24064K, used 23680K [0x00000000d5580000, 0x00000000d6f80000, 0x0000000100000000)
  eden space 21504K, 100% used [0x00000000d5580000,0x00000000d6a80000,0x00000000d6a80000)
  from space 2560K, 85% used [0x00000000d6a80000,0x00000000d6ca0010,0x00000000d6d00000)
  to   space 2560K, 0% used [0x00000000d6d00000,0x00000000d6d00000,0x00000000d6f80000)
 ParOldGen       total 68608K, used 25858K [0x0000000080000000, 0x0000000084300000, 0x00000000d5580000)
  object space 68608K, 37% used [0x0000000080000000,0x00000000819408d0,0x0000000084300000)
 Metaspace       used 32607K, committed 33600K, reserved 1114112K
  class space    used 3289K, committed 3712K, reserved 1048576K
}
Event: 5.717 GC heap after
{Heap after GC invocations=17 (full 1):
 PSYoungGen      total 23552K, used 1912K [0x00000000d5580000, 0x00000000d6f00000, 0x0000000100000000)
  eden space 21504K, 0% used [0x00000000d5580000,0x00000000d5580000,0x00000000d6a80000)
  from space 2048K, 93% used [0x00000000d6d00000,0x00000000d6ede200,0x00000000d6f00000)
  to   space 2048K, 0% used [0x00000000d6b00000,0x00000000d6b00000,0x00000000d6d00000)
 ParOldGen       total 68608K, used 27890K [0x0000000080000000, 0x0000000084300000, 0x00000000d5580000)
  object space 68608K, 40% used [0x0000000080000000,0x0000000081b3c8e0,0x0000000084300000)
 Metaspace       used 32607K, committed 33600K, reserved 1114112K
  class space    used 3289K, committed 3712K, reserved 1048576K
}
Event: 6.056 GC heap before
{Heap before GC invocations=18 (full 1):
 PSYoungGen      total 23552K, used 23416K [0x00000000d5580000, 0x00000000d6f00000, 0x0000000100000000)
  eden space 21504K, 100% used [0x00000000d5580000,0x00000000d6a80000,0x00000000d6a80000)
  from space 2048K, 93% used [0x00000000d6d00000,0x00000000d6ede200,0x00000000d6f00000)
  to   space 2048K, 0% used [0x00000000d6b00000,0x00000000d6b00000,0x00000000d6d00000)
 ParOldGen       total 68608K, used 27890K [0x0000000080000000, 0x0000000084300000, 0x00000000d5580000)
  object space 68608K, 40% used [0x0000000080000000,0x0000000081b3c8e0,0x0000000084300000)
 Metaspace       used 34430K, committed 35456K, reserved 1114112K
  class space    used 3515K, committed 3968K, reserved 1048576K
}
Event: 6.059 GC heap after
{Heap after GC invocations=18 (full 1):
 PSYoungGen      total 23040K, used 1432K [0x00000000d5580000, 0x00000000d6e80000, 0x0000000100000000)
  eden space 21504K, 0% used [0x00000000d5580000,0x00000000d5580000,0x00000000d6a80000)
  from space 1536K, 93% used [0x00000000d6b00000,0x00000000d6c662f8,0x00000000d6c80000)
  to   space 2048K, 0% used [0x00000000d6c80000,0x00000000d6c80000,0x00000000d6e80000)
 ParOldGen       total 68608K, used 29666K [0x0000000080000000, 0x0000000084300000, 0x00000000d5580000)
  object space 68608K, 43% used [0x0000000080000000,0x0000000081cf8ae0,0x0000000084300000)
 Metaspace       used 34430K, committed 35456K, reserved 1114112K
  class space    used 3515K, committed 3968K, reserved 1048576K
}
Event: 6.317 GC heap before
{Heap before GC invocations=19 (full 1):
 PSYoungGen      total 23040K, used 14287K [0x00000000d5580000, 0x00000000d6e80000, 0x0000000100000000)
  eden space 21504K, 59% used [0x00000000d5580000,0x00000000d620dce0,0x00000000d6a80000)
  from space 1536K, 93% used [0x00000000d6b00000,0x00000000d6c662f8,0x00000000d6c80000)
  to   space 2048K, 0% used [0x00000000d6c80000,0x00000000d6c80000,0x00000000d6e80000)
 ParOldGen       total 68608K, used 29666K [0x0000000080000000, 0x0000000084300000, 0x00000000d5580000)
  object space 68608K, 43% used [0x0000000080000000,0x0000000081cf8ae0,0x0000000084300000)
 Metaspace       used 34855K, committed 35840K, reserved 1114112K
  class space    used 3585K, committed 4032K, reserved 1048576K
}
Event: 6.319 GC heap after
{Heap after GC invocations=19 (full 1):
 PSYoungGen      total 22016K, used 288K [0x00000000d5580000, 0x00000000d6d00000, 0x0000000100000000)
  eden space 21504K, 0% used [0x00000000d5580000,0x00000000d5580000,0x00000000d6a80000)
  from space 512K, 56% used [0x00000000d6c80000,0x00000000d6cc8000,0x00000000d6d00000)
  to   space 1024K, 0% used [0x00000000d6b00000,0x00000000d6b00000,0x00000000d6c00000)
 ParOldGen       total 68608K, used 30962K [0x0000000080000000, 0x0000000084300000, 0x00000000d5580000)
  object space 68608K, 45% used [0x0000000080000000,0x0000000081e3cad8,0x0000000084300000)
 Metaspace       used 34855K, committed 35840K, reserved 1114112K
  class space    used 3585K, committed 4032K, reserved 1048576K
}
Event: 6.319 GC heap before
{Heap before GC invocations=20 (full 2):
 PSYoungGen      total 22016K, used 288K [0x00000000d5580000, 0x00000000d6d00000, 0x0000000100000000)
  eden space 21504K, 0% used [0x00000000d5580000,0x00000000d5580000,0x00000000d6a80000)
  from space 512K, 56% used [0x00000000d6c80000,0x00000000d6cc8000,0x00000000d6d00000)
  to   space 1024K, 0% used [0x00000000d6b00000,0x00000000d6b00000,0x00000000d6c00000)
 ParOldGen       total 68608K, used 30962K [0x0000000080000000, 0x0000000084300000, 0x00000000d5580000)
  object space 68608K, 45% used [0x0000000080000000,0x0000000081e3cad8,0x0000000084300000)
 Metaspace       used 34855K, committed 35840K, reserved 1114112K
  class space    used 3585K, committed 4032K, reserved 1048576K
}
Event: 6.358 GC heap after
{Heap after GC invocations=20 (full 2):
 PSYoungGen      total 22016K, used 0K [0x00000000d5580000, 0x00000000d6d00000, 0x0000000100000000)
  eden space 21504K, 0% used [0x00000000d5580000,0x00000000d5580000,0x00000000d6a80000)
  from space 512K, 0% used [0x00000000d6c80000,0x00000000d6c80000,0x00000000d6d00000)
  to   space 1024K, 0% used [0x00000000d6b00000,0x00000000d6b00000,0x00000000d6c00000)
 ParOldGen       total 68608K, used 29645K [0x0000000080000000, 0x0000000084300000, 0x00000000d5580000)
  object space 68608K, 43% used [0x0000000080000000,0x0000000081cf3580,0x0000000084300000)
 Metaspace       used 34855K, committed 35840K, reserved 1114112K
  class space    used 3585K, committed 4032K, reserved 1048576K
}
Event: 6.820 GC heap before
{Heap before GC invocations=21 (full 2):
 PSYoungGen      total 22016K, used 21504K [0x00000000d5580000, 0x00000000d6d00000, 0x0000000100000000)
  eden space 21504K, 100% used [0x00000000d5580000,0x00000000d6a80000,0x00000000d6a80000)
  from space 512K, 0% used [0x00000000d6c80000,0x00000000d6c80000,0x00000000d6d00000)
  to   space 1024K, 0% used [0x00000000d6b00000,0x00000000d6b00000,0x00000000d6c00000)
 ParOldGen       total 68608K, used 29645K [0x0000000080000000, 0x0000000084300000, 0x00000000d5580000)
  object space 68608K, 43% used [0x0000000080000000,0x0000000081cf3580,0x0000000084300000)
 Metaspace       used 36960K, committed 38016K, reserved 1114112K
  class space    used 3762K, committed 4224K, reserved 1048576K
}
Event: 6.821 GC heap after
{Heap after GC invocations=21 (full 2):
 PSYoungGen      total 22528K, used 608K [0x00000000d5580000, 0x00000000d6d00000, 0x0000000100000000)
  eden space 21504K, 0% used [0x00000000d5580000,0x00000000d5580000,0x00000000d6a80000)
  from space 1024K, 59% used [0x00000000d6b00000,0x00000000d6b98000,0x00000000d6c00000)
  to   space 1024K, 0% used [0x00000000d6c00000,0x00000000d6c00000,0x00000000d6d00000)
 ParOldGen       total 68608K, used 29653K [0x0000000080000000, 0x0000000084300000, 0x00000000d5580000)
  object space 68608K, 43% used [0x0000000080000000,0x0000000081cf5580,0x0000000084300000)
 Metaspace       used 36960K, committed 38016K, reserved 1114112K
  class space    used 3762K, committed 4224K, reserved 1048576K
}
Event: 7.226 GC heap before
{Heap before GC invocations=22 (full 2):
 PSYoungGen      total 22528K, used 22112K [0x00000000d5580000, 0x00000000d6d00000, 0x0000000100000000)
  eden space 21504K, 100% used [0x00000000d5580000,0x00000000d6a80000,0x00000000d6a80000)
  from space 1024K, 59% used [0x00000000d6b00000,0x00000000d6b98000,0x00000000d6c00000)
  to   space 1024K, 0% used [0x00000000d6c00000,0x00000000d6c00000,0x00000000d6d00000)
 ParOldGen       total 68608K, used 29653K [0x0000000080000000, 0x0000000084300000, 0x00000000d5580000)
  object space 68608K, 43% used [0x0000000080000000,0x0000000081cf5580,0x0000000084300000)
 Metaspace       used 37865K, committed 38912K, reserved 1114112K
  class space    used 3843K, committed 4288K, reserved 1048576K
}
Event: 7.228 GC heap after
{Heap after GC invocations=22 (full 2):
 PSYoungGen      total 22528K, used 768K [0x00000000d5580000, 0x00000000d6d00000, 0x0000000100000000)
  eden space 21504K, 0% used [0x00000000d5580000,0x00000000d5580000,0x00000000d6a80000)
  from space 1024K, 75% used [0x00000000d6c00000,0x00000000d6cc0000,0x00000000d6d00000)
  to   space 1024K, 0% used [0x00000000d6b00000,0x00000000d6b00000,0x00000000d6c00000)
 ParOldGen       total 68608K, used 29981K [0x0000000080000000, 0x0000000084300000, 0x00000000d5580000)
  object space 68608K, 43% used [0x0000000080000000,0x0000000081d47580,0x0000000084300000)
 Metaspace       used 37865K, committed 38912K, reserved 1114112K
  class space    used 3843K, committed 4288K, reserved 1048576K
}

Dll operation events (10 events):
Event: 0.013 Loaded shared library c:\Users\Windows\.antigravity-ide\extensions\redhat.java-1.55.0-win32-x64\jre\21.0.11-win32-x86_64\bin\java.dll
Event: 0.069 Loaded shared library c:\Users\Windows\.antigravity-ide\extensions\redhat.java-1.55.0-win32-x64\jre\21.0.11-win32-x86_64\bin\zip.dll
Event: 0.084 Loaded shared library C:\Users\Windows\.antigravity-ide\extensions\redhat.java-1.55.0-win32-x64\jre\21.0.11-win32-x86_64\bin\instrument.dll
Event: 0.088 Loaded shared library C:\Users\Windows\.antigravity-ide\extensions\redhat.java-1.55.0-win32-x64\jre\21.0.11-win32-x86_64\bin\net.dll
Event: 0.092 Loaded shared library C:\Users\Windows\.antigravity-ide\extensions\redhat.java-1.55.0-win32-x64\jre\21.0.11-win32-x86_64\bin\nio.dll
Event: 0.095 Loaded shared library C:\Users\Windows\.antigravity-ide\extensions\redhat.java-1.55.0-win32-x64\jre\21.0.11-win32-x86_64\bin\zip.dll
Event: 0.105 Loaded shared library C:\Users\Windows\.antigravity-ide\extensions\redhat.java-1.55.0-win32-x64\jre\21.0.11-win32-x86_64\bin\jimage.dll
Event: 0.153 Loaded shared library c:\Users\Windows\.antigravity-ide\extensions\redhat.java-1.55.0-win32-x64\jre\21.0.11-win32-x86_64\bin\verify.dll
Event: 0.981 Loaded shared library C:\Users\Windows\AppData\Roaming\Antigravity IDE\User\globalStorage\redhat.java\1.55.0\config_ss_win\org.eclipse.equinox.launcher\org.eclipse.equinox.launcher.win32.win32.x86_64_1.3.100.v20260613-0559\eclipse_11924.dll
Event: 1.761 Loaded shared library C:\Users\Windows\AppData\Local\Temp\jna--1280820637\jna5659930519465627940.dll

Deoptimization events (20 events):
Event: 7.011 Thread 0x0000012d90411f40 DEOPT PACKING pc=0x0000012d3bc4a6c8 sp=0x00000005d17fdff0
Event: 7.011 Thread 0x0000012d90411f40 DEOPT UNPACKING pc=0x0000012d3b5c6da2 sp=0x00000005d17fdf60 mode 2
Event: 7.110 Thread 0x0000012d90411f40 Uncommon trap: trap_request=0xffffff45 fr.pc=0x0000012d3bb8ddfc relative=0x000000000000063c
Event: 7.110 Thread 0x0000012d90411f40 Uncommon trap: reason=unstable_if action=reinterpret pc=0x0000012d3bb8ddfc method=java.util.HashMap.putVal(ILjava/lang/Object;Ljava/lang/Object;ZZ)Ljava/lang/Object; @ 94 c2
Event: 7.110 Thread 0x0000012d90411f40 DEOPT PACKING pc=0x0000012d3bb8ddfc sp=0x00000005d17fdff0
Event: 7.110 Thread 0x0000012d90411f40 DEOPT UNPACKING pc=0x0000012d3b5c6da2 sp=0x00000005d17fdf68 mode 2
Event: 7.245 Thread 0x0000012d90411f40 Uncommon trap: trap_request=0xffffff45 fr.pc=0x0000012d3bc2846c relative=0x000000000000016c
Event: 7.245 Thread 0x0000012d90411f40 Uncommon trap: reason=unstable_if action=reinterpret pc=0x0000012d3bc2846c method=java.util.WeakHashMap.expungeStaleEntries()V @ 9 c2
Event: 7.245 Thread 0x0000012d90411f40 DEOPT PACKING pc=0x0000012d3bc2846c sp=0x00000005d17fd7a0
Event: 7.245 Thread 0x0000012d90411f40 DEOPT UNPACKING pc=0x0000012d3b5c6da2 sp=0x00000005d17fd718 mode 2
Event: 7.425 Thread 0x0000012d90411f40 Uncommon trap: trap_request=0xffffff45 fr.pc=0x0000012d3bb65440 relative=0x0000000000000a80
Event: 7.425 Thread 0x0000012d90411f40 Uncommon trap: reason=unstable_if action=reinterpret pc=0x0000012d3bb65440 method=lombok.eclipse.EclipseNode.traverse(Llombok/eclipse/EclipseASTVisitor;)V @ 408 c2
Event: 7.425 Thread 0x0000012d90411f40 DEOPT PACKING pc=0x0000012d3bb65440 sp=0x00000005d17fdad0
Event: 7.425 Thread 0x0000012d90411f40 DEOPT UNPACKING pc=0x0000012d3b5c6da2 sp=0x00000005d17fda78 mode 2
Event: 7.449 Thread 0x0000012d90411f40 Uncommon trap: trap_request=0xffffff6e fr.pc=0x0000012d3bb499c4 relative=0x0000000000000804
Event: 7.449 Thread 0x0000012d90411f40 Uncommon trap: reason=loop_limit_check action=maybe_recompile pc=0x0000012d3bb499c4 method=java.util.regex.Pattern$Start.match(Ljava/util/regex/Matcher;ILjava/lang/CharSequence;)Z @ 34 c2
Event: 7.449 Thread 0x0000012d90411f40 DEOPT PACKING pc=0x0000012d3bb499c4 sp=0x00000005d17fca80
Event: 7.449 Thread 0x0000012d90411f40 DEOPT UNPACKING pc=0x0000012d3b5c6da2 sp=0x00000005d17fca00 mode 2
Event: 7.592 Thread 0x0000012d90411f40 DEOPT PACKING pc=0x0000012d3456d5b3 sp=0x00000005d17fa100
Event: 7.592 Thread 0x0000012d90411f40 DEOPT UNPACKING pc=0x0000012d3b5c78e2 sp=0x00000005d17f9630 mode 0

Classes loaded (20 events):
Event: 5.282 Loading class java/util/AbstractList$ListItr
Event: 5.282 Loading class java/util/AbstractList$ListItr done
Event: 5.292 Loading class java/nio/channels/Channels$ReadableByteChannelImpl
Event: 5.292 Loading class java/nio/channels/Channels$ReadableByteChannelImpl done
Event: 5.293 Loading class java/nio/channels/NonWritableChannelException
Event: 5.293 Loading class java/nio/channels/NonWritableChannelException done
Event: 5.803 Loading class java/lang/ExceptionInInitializerError
Event: 5.803 Loading class java/lang/ExceptionInInitializerError done
Event: 5.932 Loading class sun/misc/Unsafe
Event: 5.933 Loading class sun/misc/Unsafe done
Event: 6.238 Loading class java/util/Vector$1
Event: 6.239 Loading class java/util/Vector$1 done
Event: 6.583 Loading class java/util/regex/Pattern$Caret
Event: 6.583 Loading class java/util/regex/Pattern$Caret done
Event: 6.657 Loading class java/util/Hashtable$ValueCollection
Event: 6.657 Loading class java/util/Hashtable$ValueCollection done
Event: 6.745 Loading class java/util/WeakHashMap$KeyIterator
Event: 6.745 Loading class java/util/WeakHashMap$KeyIterator done
Event: 6.926 Loading class java/util/regex/Pattern$Pos
Event: 6.926 Loading class java/util/regex/Pattern$Pos done

Classes unloaded (7 events):
Event: 2.268 Thread 0x0000012d30ede780 Unloading class 0x0000012d49191400 'java/lang/invoke/LambdaForm$MH+0x0000012d49191400'
Event: 2.268 Thread 0x0000012d30ede780 Unloading class 0x0000012d49191000 'java/lang/invoke/LambdaForm$MH+0x0000012d49191000'
Event: 2.268 Thread 0x0000012d30ede780 Unloading class 0x0000012d49190c00 'java/lang/invoke/LambdaForm$MH+0x0000012d49190c00'
Event: 2.268 Thread 0x0000012d30ede780 Unloading class 0x0000012d49190800 'java/lang/invoke/LambdaForm$MH+0x0000012d49190800'
Event: 2.268 Thread 0x0000012d30ede780 Unloading class 0x0000012d49190400 'java/lang/invoke/LambdaForm$BMH+0x0000012d49190400'
Event: 2.268 Thread 0x0000012d30ede780 Unloading class 0x0000012d49190000 'java/lang/invoke/LambdaForm$DMH+0x0000012d49190000'
Event: 2.268 Thread 0x0000012d30ede780 Unloading class 0x0000012d4918ec00 'java/lang/invoke/LambdaForm$DMH+0x0000012d4918ec00'

Classes redefined (0 events):
No events

Internal exceptions (20 events):
Event: 3.304 Thread 0x0000012d90411f40 Exception <a 'java/lang/NoSuchMethodError'{0x00000000d6babe30}: 'java.lang.Object java.lang.invoke.DirectMethodHandle$Holder.invokeInterface(java.lang.Object, java.lang.Object, java.lang.Object)'> (0x00000000d6babe30) 
thrown [s\src\hotspot\share\interpreter\linkResolver.cpp, line 773]
Event: 3.320 Thread 0x0000012d90411f40 Exception <a 'java/io/FileNotFoundException'{0x00000000d55cfc58}> (0x00000000d55cfc58) 
thrown [s\src\hotspot\share\prims\jni.cpp, line 520]
Event: 3.335 Thread 0x0000012d90411f40 Exception <a 'sun/nio/fs/WindowsException'{0x00000000d5b7bc10}> (0x00000000d5b7bc10) 
thrown [s\src\hotspot\share\prims\jni.cpp, line 520]
Event: 3.374 Thread 0x0000012d90411f40 Exception <a 'java/lang/IncompatibleClassChangeError'{0x00000000d5ecb308}: Found class java.lang.Object, but interface was expected> (0x00000000d5ecb308) 
thrown [s\src\hotspot\share\interpreter\linkResolver.cpp, line 840]
Event: 3.384 Thread 0x0000012d90411f40 Implicit null exception at 0x0000012d3bcc35e6 to 0x0000012d3bcc47b0
Event: 4.189 Thread 0x0000012d9040eac0 Implicit null exception at 0x0000012d3bcbf783 to 0x0000012d3bcbfa2e
Event: 4.940 Thread 0x0000012d90411f40 Implicit null exception at 0x0000012d3bc80077 to 0x0000012d3bc802e8
Event: 4.940 Thread 0x0000012d90411f40 Exception <a 'java/lang/NoSuchMethodError'{0x00000000d63d3e40}: 'long java.lang.invoke.DirectMethodHandle$Holder.invokeStatic(java.lang.Object, java.lang.Object, int)'> (0x00000000d63d3e40) 
thrown [s\src\hotspot\share\interpreter\linkResolver.cpp, line 773]
Event: 4.941 Thread 0x0000012d90411f40 Exception <a 'java/lang/NoSuchMethodError'{0x00000000d63de440}: 'java.lang.Object java.lang.invoke.DelegatingMethodHandle$Holder.reinvoke_L(java.lang.Object, int, long, java.lang.Object, java.lang.Object, int, java.lang.Object)'> (0x00000000d63de440) 
thrown [s\src\hotspot\share\interpreter\linkResolver.cpp, line 773]
Event: 5.028 Thread 0x0000012d90411f40 Exception <a 'java/lang/NoSuchMethodError'{0x00000000d698b2b0}: 'java.lang.Object java.lang.invoke.DirectMethodHandle$Holder.invokeStaticInit(java.lang.Object, java.lang.Object, java.lang.Object, java.lang.Object, java.lang.Object, java.lang.Object, java.lang.Object)'> (0x00000000d698b2b0) 
thrown [s\src\hotspot\share\interpreter\linkResolver.cpp, line 773]
Event: 5.029 Thread 0x0000012d90411f40 Exception <a 'java/lang/NoSuchMethodError'{0x00000000d6990268}: 'java.lang.Object java.lang.invoke.Invokers$Holder.invoke_MT(java.lang.Object, java.lang.Object, java.lang.Object, java.lang.Object, java.lang.Object, java.lang.Object, java.lang.Object, java.lang.Object, java.lang.Object, java.lang.Object)'> (0x00000000d6990268) 
thrown [s\src\hotspot\share\interpreter\linkResolver.cpp, line 773]
Event: 5.034 Thread 0x0000012d90411f40 Exception <a 'java/lang/NoSuchMethodError'{0x00000000d69d08c0}: 'int java.lang.invoke.DirectMethodHandle$Holder.invokeVirtual(java.lang.Object, java.lang.Object, java.lang.Object)'> (0x00000000d69d08c0) 
thrown [s\src\hotspot\share\interpreter\linkResolver.cpp, line 773]
Event: 5.036 Thread 0x0000012d90411f40 Exception <a 'java/lang/NoSuchMethodError'{0x00000000d69d4c68}: 'int java.lang.invoke.DirectMethodHandle$Holder.invokeStaticInit(java.lang.Object, int, int)'> (0x00000000d69d4c68) 
thrown [s\src\hotspot\share\interpreter\linkResolver.cpp, line 773]
Event: 5.036 Thread 0x0000012d90411f40 Exception <a 'java/lang/NoSuchMethodError'{0x00000000d69dc680}: 'int java.lang.invoke.DirectMethodHandle$Holder.invokeStaticInit(java.lang.Object, long, long)'> (0x00000000d69dc680) 
thrown [s\src\hotspot\share\interpreter\linkResolver.cpp, line 773]
Event: 5.037 Thread 0x0000012d90411f40 Exception <a 'java/lang/NoSuchMethodError'{0x00000000d69e33c8}: 'int java.lang.invoke.DirectMethodHandle$Holder.invokeStaticInit(java.lang.Object, float, float)'> (0x00000000d69e33c8) 
thrown [s\src\hotspot\share\interpreter\linkResolver.cpp, line 773]
Event: 5.038 Thread 0x0000012d90411f40 Exception <a 'java/lang/NoSuchMethodError'{0x00000000d69ea108}: 'int java.lang.invoke.DirectMethodHandle$Holder.invokeStaticInit(java.lang.Object, double, double)'> (0x00000000d69ea108) 
thrown [s\src\hotspot\share\interpreter\linkResolver.cpp, line 773]
Event: 5.038 Thread 0x0000012d90411f40 Exception <a 'java/lang/NoSuchMethodError'{0x00000000d69eeb90}: 'int java.lang.invoke.DirectMethodHandle$Holder.invokeStatic(java.lang.Object, long)'> (0x00000000d69eeb90) 
thrown [s\src\hotspot\share\interpreter\linkResolver.cpp, line 773]
Event: 5.041 Thread 0x0000012d90411f40 Exception <a 'java/lang/NoSuchMethodError'{0x00000000d6a0dcd0}: 'int java.lang.invoke.Invokers$Holder.linkToTargetMethod(java.lang.Object, java.lang.Object)'> (0x00000000d6a0dcd0) 
thrown [s\src\hotspot\share\interpreter\linkResolver.cpp, line 773]
Event: 6.976 Thread 0x0000012d90411f40 Exception <a 'java/lang/NoSuchMethodError'{0x00000000d5bcbab0}: 'java.lang.Object java.lang.invoke.DirectMethodHandle$Holder.invokeStatic(java.lang.Object, java.lang.Object, int, int)'> (0x00000000d5bcbab0) 
thrown [s\src\hotspot\share\interpreter\linkResolver.cpp, line 773]
Event: 6.979 Thread 0x0000012d90411f40 Exception <a 'java/lang/NoSuchMethodError'{0x00000000d5bcfeb0}: 'java.lang.Object java.lang.invoke.DirectMethodHandle$Holder.invokeSpecial(java.lang.Object, java.lang.Object, java.lang.Object, int, int)'> (0x00000000d5bcfeb0) 
thrown [s\src\hotspot\share\interpreter\linkResolver.cpp, line 773]

ZGC Phase Switch (0 events):
No events

VM Operations (20 events):
Event: 5.330 Executing safepoint VM operation: ParallelGCFailedAllocation (Allocation Failure)
Event: 5.334 Executing safepoint VM operation: ParallelGCFailedAllocation (Allocation Failure) done
Event: 5.420 Executing safepoint VM operation: ParallelGCFailedAllocation (Allocation Failure)
Event: 5.425 Executing safepoint VM operation: ParallelGCFailedAllocation (Allocation Failure) done
Event: 5.475 Executing safepoint VM operation: ParallelGCFailedAllocation (Allocation Failure)
Event: 5.479 Executing safepoint VM operation: ParallelGCFailedAllocation (Allocation Failure) done
Event: 5.587 Executing safepoint VM operation: ParallelGCFailedAllocation (Allocation Failure)
Event: 5.594 Executing safepoint VM operation: ParallelGCFailedAllocation (Allocation Failure) done
Event: 5.709 Executing safepoint VM operation: ParallelGCFailedAllocation (Allocation Failure)
Event: 5.717 Executing safepoint VM operation: ParallelGCFailedAllocation (Allocation Failure) done
Event: 5.957 Executing non-safepoint VM operation: HandshakeAllThreads (Deoptimize)
Event: 5.957 Executing non-safepoint VM operation: HandshakeAllThreads (Deoptimize) done
Event: 6.056 Executing safepoint VM operation: ParallelGCFailedAllocation (Allocation Failure)
Event: 6.059 Executing safepoint VM operation: ParallelGCFailedAllocation (Allocation Failure) done
Event: 6.316 Executing safepoint VM operation: CollectForMetadataAllocation (Metadata GC Threshold)
Event: 6.358 Executing safepoint VM operation: CollectForMetadataAllocation (Metadata GC Threshold) done
Event: 6.820 Executing safepoint VM operation: ParallelGCFailedAllocation (Allocation Failure)
Event: 6.821 Executing safepoint VM operation: ParallelGCFailedAllocation (Allocation Failure) done
Event: 7.226 Executing safepoint VM operation: ParallelGCFailedAllocation (Allocation Failure)
Event: 7.228 Executing safepoint VM operation: ParallelGCFailedAllocation (Allocation Failure) done

Memory protections (0 events):
No events

Nmethod flushes (20 events):
Event: 6.337 Thread 0x0000012d30ede780 flushing  nmethod 0x0000012d343ac110
Event: 6.337 Thread 0x0000012d30ede780 flushing  nmethod 0x0000012d343acd90
Event: 6.337 Thread 0x0000012d30ede780 flushing  nmethod 0x0000012d343c4010
Event: 6.337 Thread 0x0000012d30ede780 flushing  nmethod 0x0000012d3442d590
Event: 6.337 Thread 0x0000012d30ede780 flushing  nmethod 0x0000012d34475c90
Event: 6.337 Thread 0x0000012d30ede780 flushing  nmethod 0x0000012d34476690
Event: 6.337 Thread 0x0000012d30ede780 flushing  nmethod 0x0000012d34476e90
Event: 6.337 Thread 0x0000012d30ede780 flushing  nmethod 0x0000012d34497010
Event: 6.337 Thread 0x0000012d30ede780 flushing  nmethod 0x0000012d34497a10
Event: 6.337 Thread 0x0000012d30ede780 flushing  nmethod 0x0000012d3449c910
Event: 6.337 Thread 0x0000012d30ede780 flushing  nmethod 0x0000012d344bed90
Event: 6.337 Thread 0x0000012d30ede780 flushing  nmethod 0x0000012d344bf210
Event: 6.337 Thread 0x0000012d30ede780 flushing  nmethod 0x0000012d344d0c90
Event: 6.337 Thread 0x0000012d30ede780 flushing  nmethod 0x0000012d344d3590
Event: 6.337 Thread 0x0000012d30ede780 flushing  nmethod 0x0000012d344eff90
Event: 6.337 Thread 0x0000012d30ede780 flushing  nmethod 0x0000012d34521410
Event: 6.337 Thread 0x0000012d30ede780 flushing  nmethod 0x0000012d34521810
Event: 6.337 Thread 0x0000012d30ede780 flushing  nmethod 0x0000012d34521c10
Event: 6.337 Thread 0x0000012d30ede780 flushing  nmethod 0x0000012d34522590
Event: 6.337 Thread 0x0000012d30ede780 flushing  nmethod 0x0000012d34535010

Events (20 events):
Event: 3.008 Thread 0x0000012d30e3d650 Thread added: 0x0000012d8fd4b880
Event: 3.008 Thread 0x0000012d30e3d650 Thread added: 0x0000012d8fd4c5a0
Event: 3.008 Thread 0x0000012d30e3d650 Thread added: 0x0000012d8fd4b1f0
Event: 3.008 Thread 0x0000012d30e3d650 Thread added: 0x0000012d8fd4a4d0
Event: 3.008 Thread 0x0000012d30e3d650 Thread added: 0x0000012d8fd4bf10
Event: 3.008 Thread 0x0000012d30e3d650 Thread added: 0x0000012d8fd4cc30
Event: 3.009 Thread 0x0000012d30e3d650 Thread added: 0x0000012d90410500
Event: 3.009 Thread 0x0000012d30e3d650 Thread added: 0x0000012d90411220
Event: 3.009 Thread 0x0000012d30e3d650 Thread added: 0x0000012d9040e430
Event: 3.009 Thread 0x0000012d30e3d650 Thread added: 0x0000012d90410b90
Event: 3.009 Thread 0x0000012d30e3d650 Thread added: 0x0000012d9040dda0
Event: 3.038 Thread 0x0000012d30e3d650 Thread added: 0x0000012d904118b0
Event: 3.148 Thread 0x0000012d8fd413f0 Thread added: 0x0000012d9040eac0
Event: 3.206 Thread 0x0000012d30e3d650 Thread added: 0x0000012d9040f7e0
Event: 3.206 Thread 0x0000012d30e3d650 Thread added: 0x0000012d90411f40
Event: 3.263 Thread 0x0000012d89bd3b50 Thread added: 0x0000012d911dafe0
Event: 4.189 Thread 0x0000012d911dafe0 Thread exited: 0x0000012d911dafe0
Event: 4.190 Thread 0x0000012d90eac9b0 Thread exited: 0x0000012d90eac9b0
Event: 4.987 Thread 0x0000012d89bd3b50 Thread added: 0x0000012d910cde60
Event: 5.429 Thread 0x0000012d30ef71e0 Thread added: 0x0000012d915f2390


Dynamic libraries:
0x00007ff6cd730000 - 0x00007ff6cd73e000 	c:\Users\Windows\.antigravity-ide\extensions\redhat.java-1.55.0-win32-x64\jre\21.0.11-win32-x86_64\bin\java.exe
0x00007ffbad220000 - 0x00007ffbad486000 	C:\WINDOWS\SYSTEM32\ntdll.dll
0x00007ffbac460000 - 0x00007ffbac529000 	C:\WINDOWS\System32\KERNEL32.DLL
0x00007ffbaa4e0000 - 0x00007ffbaa8da000 	C:\WINDOWS\System32\KERNELBASE.dll
0x00007ffbaac50000 - 0x00007ffbaad9c000 	C:\WINDOWS\System32\ucrtbase.dll
0x00007ffb9cef0000 - 0x00007ffb9cf08000 	c:\Users\Windows\.antigravity-ide\extensions\redhat.java-1.55.0-win32-x64\jre\21.0.11-win32-x86_64\bin\jli.dll
0x00007ffbacf10000 - 0x00007ffbad0d7000 	C:\WINDOWS\System32\USER32.dll
0x00007ffb9b450000 - 0x00007ffb9b46e000 	c:\Users\Windows\.antigravity-ide\extensions\redhat.java-1.55.0-win32-x64\jre\21.0.11-win32-x86_64\bin\VCRUNTIME140.dll
0x00007ffbaa4b0000 - 0x00007ffbaa4d7000 	C:\WINDOWS\System32\win32u.dll
0x00007ffbabbe0000 - 0x00007ffbabc0b000 	C:\WINDOWS\System32\GDI32.dll
0x00007ffb97550000 - 0x00007ffb977e2000 	C:\WINDOWS\WinSxS\amd64_microsoft.windows.common-controls_6595b64144ccf1df_6.0.26100.8521_none_3e08b75ce33403b3\COMCTL32.dll
0x00007ffbaae60000 - 0x00007ffbaaf8b000 	C:\WINDOWS\System32\gdi32full.dll
0x00007ffbacd80000 - 0x00007ffbace29000 	C:\WINDOWS\System32\msvcrt.dll
0x00007ffbaaa20000 - 0x00007ffbaaac3000 	C:\WINDOWS\System32\msvcp_win.dll
0x00007ffbac7c0000 - 0x00007ffbac7f2000 	C:\WINDOWS\System32\IMM32.DLL
0x00007ffb9f640000 - 0x00007ffb9f64c000 	c:\Users\Windows\.antigravity-ide\extensions\redhat.java-1.55.0-win32-x64\jre\21.0.11-win32-x86_64\bin\vcruntime140_1.dll
0x00007ffb72960000 - 0x00007ffb729ed000 	c:\Users\Windows\.antigravity-ide\extensions\redhat.java-1.55.0-win32-x64\jre\21.0.11-win32-x86_64\bin\msvcp140.dll
0x00007ffb39a90000 - 0x00007ffb3a832000 	c:\Users\Windows\.antigravity-ide\extensions\redhat.java-1.55.0-win32-x64\jre\21.0.11-win32-x86_64\bin\server\jvm.dll
0x00007ffbab940000 - 0x00007ffbab9f6000 	C:\WINDOWS\System32\ADVAPI32.dll
0x00007ffbac930000 - 0x00007ffbac9da000 	C:\WINDOWS\System32\sechost.dll
0x00007ffbac530000 - 0x00007ffbac648000 	C:\WINDOWS\System32\RPCRT4.dll
0x00007ffbac730000 - 0x00007ffbac7b0000 	C:\WINDOWS\System32\WS2_32.dll
0x00007ffb9b3c0000 - 0x00007ffb9b3f6000 	C:\WINDOWS\SYSTEM32\WINMM.dll
0x00007ffba0850000 - 0x00007ffba085b000 	C:\WINDOWS\SYSTEM32\VERSION.dll
0x00007ffba90a0000 - 0x00007ffba90fe000 	C:\WINDOWS\SYSTEM32\POWRPROF.dll
0x00007ffba9080000 - 0x00007ffba9094000 	C:\WINDOWS\SYSTEM32\UMPDC.dll
0x00007ffba9360000 - 0x00007ffba937b000 	C:\WINDOWS\SYSTEM32\kernel.appcore.dll
0x00007ffb9cfd0000 - 0x00007ffb9cfda000 	c:\Users\Windows\.antigravity-ide\extensions\redhat.java-1.55.0-win32-x64\jre\21.0.11-win32-x86_64\bin\jimage.dll
0x00007ffba7aa0000 - 0x00007ffba7ce2000 	C:\WINDOWS\SYSTEM32\DBGHELP.DLL
0x00007ffbac9e0000 - 0x00007ffbacd63000 	C:\WINDOWS\System32\combase.dll
0x00007ffbac650000 - 0x00007ffbac729000 	C:\WINDOWS\System32\OLEAUT32.dll
0x00007ffb79e50000 - 0x00007ffb79e8b000 	C:\WINDOWS\SYSTEM32\dbgcore.DLL
0x00007ffbaa970000 - 0x00007ffbaaa18000 	C:\WINDOWS\System32\bcryptPrimitives.dll
0x00007ffb9ba90000 - 0x00007ffb9ba9f000 	c:\Users\Windows\.antigravity-ide\extensions\redhat.java-1.55.0-win32-x64\jre\21.0.11-win32-x86_64\bin\instrument.dll
0x00007ffb9a460000 - 0x00007ffb9a480000 	c:\Users\Windows\.antigravity-ide\extensions\redhat.java-1.55.0-win32-x64\jre\21.0.11-win32-x86_64\bin\java.dll
0x00007ffbab010000 - 0x00007ffbab794000 	C:\WINDOWS\System32\SHELL32.dll
0x00007ffba8070000 - 0x00007ffba88f0000 	C:\WINDOWS\SYSTEM32\windows.storage.dll
0x00007ffbac820000 - 0x00007ffbac916000 	C:\WINDOWS\System32\SHCORE.dll
0x00007ffbace30000 - 0x00007ffbace97000 	C:\WINDOWS\System32\shlwapi.dll
0x00007ffbaa3d0000 - 0x00007ffbaa3f9000 	C:\WINDOWS\SYSTEM32\profapi.dll
0x00007ffb9aa50000 - 0x00007ffb9aa68000 	c:\Users\Windows\.antigravity-ide\extensions\redhat.java-1.55.0-win32-x64\jre\21.0.11-win32-x86_64\bin\zip.dll
0x00007ffb9b9c0000 - 0x00007ffb9b9d0000 	C:\Users\Windows\.antigravity-ide\extensions\redhat.java-1.55.0-win32-x64\jre\21.0.11-win32-x86_64\bin\net.dll
0x00007ffba1010000 - 0x00007ffba1139000 	C:\WINDOWS\SYSTEM32\WINHTTP.dll
0x00007ffba98d0000 - 0x00007ffba993c000 	C:\WINDOWS\system32\mswsock.dll
0x00007ffb962f0000 - 0x00007ffb96306000 	C:\Users\Windows\.antigravity-ide\extensions\redhat.java-1.55.0-win32-x64\jre\21.0.11-win32-x86_64\bin\nio.dll
0x00007ffb9adf0000 - 0x00007ffb9ae00000 	c:\Users\Windows\.antigravity-ide\extensions\redhat.java-1.55.0-win32-x64\jre\21.0.11-win32-x86_64\bin\verify.dll
0x00007ffb6fbb0000 - 0x00007ffb6fbf5000 	C:\Users\Windows\AppData\Roaming\Antigravity IDE\User\globalStorage\redhat.java\1.55.0\config_ss_win\org.eclipse.equinox.launcher\org.eclipse.equinox.launcher.win32.win32.x86_64_1.3.100.v20260613-0559\eclipse_11924.dll
0x00007ffbac2c0000 - 0x00007ffbac458000 	C:\WINDOWS\System32\ole32.dll
0x00007ffba9bb0000 - 0x00007ffba9bcb000 	C:\WINDOWS\SYSTEM32\CRYPTSP.dll
0x00007ffba92c0000 - 0x00007ffba92f9000 	C:\WINDOWS\system32\rsaenh.dll
0x00007ffba9980000 - 0x00007ffba99b3000 	C:\WINDOWS\SYSTEM32\USERENV.dll
0x00007ffbaa3a0000 - 0x00007ffbaa3ca000 	C:\WINDOWS\SYSTEM32\bcrypt.dll
0x00007ffba9bd0000 - 0x00007ffba9bdc000 	C:\WINDOWS\SYSTEM32\CRYPTBASE.dll
0x00007ffba8d60000 - 0x00007ffba8d93000 	C:\WINDOWS\SYSTEM32\IPHLPAPI.DLL
0x00007ffbacf00000 - 0x00007ffbacf0a000 	C:\WINDOWS\System32\NSI.dll
0x00007ffb68130000 - 0x00007ffb68179000 	C:\Users\Windows\AppData\Local\Temp\jna--1280820637\jna5659930519465627940.dll
0x00007ffbac920000 - 0x00007ffbac928000 	C:\WINDOWS\System32\PSAPI.DLL
0x00007ffba1900000 - 0x00007ffba191d000 	C:\WINDOWS\SYSTEM32\dhcpcsvc6.DLL
0x00007ffba1850000 - 0x00007ffba1875000 	C:\WINDOWS\SYSTEM32\dhcpcsvc.DLL

JVMTI agents:
c:\Users\Windows\.antigravity-ide\extensions\redhat.java-1.55.0-win32-x64\lombok\lombok-1.18.39-4050.jar path:c:\Users\Windows\.antigravity-ide\extensions\redhat.java-1.55.0-win32-x64\jre\21.0.11-win32-x86_64\bin\instrument.dll, loaded, initialized, instrumentlib options:none

dbghelp: loaded successfully - version: 4.0.5 - missing functions: none
symbol engine: initialized successfully - sym options: 0x614 - pdb path: .;c:\Users\Windows\.antigravity-ide\extensions\redhat.java-1.55.0-win32-x64\jre\21.0.11-win32-x86_64\bin;C:\WINDOWS\SYSTEM32;C:\WINDOWS\WinSxS\amd64_microsoft.windows.common-controls_6595b64144ccf1df_6.0.26100.8521_none_3e08b75ce33403b3;c:\Users\Windows\.antigravity-ide\extensions\redhat.java-1.55.0-win32-x64\jre\21.0.11-win32-x86_64\bin\server;C:\Users\Windows\AppData\Roaming\Antigravity IDE\User\globalStorage\redhat.java\1.55.0\config_ss_win\org.eclipse.equinox.launcher\org.eclipse.equinox.launcher.win32.win32.x86_64_1.3.100.v20260613-0559;C:\Users\Windows\AppData\Local\Temp\jna--1280820637

VM Arguments:
jvm_args: --add-modules=ALL-SYSTEM --add-opens=java.base/java.util=ALL-UNNAMED --add-opens=java.base/java.lang=ALL-UNNAMED --add-opens=java.base/sun.nio.fs=ALL-UNNAMED -Declipse.application=org.eclipse.jdt.ls.core.id1 -Dosgi.bundles.defaultStartLevel=4 -Declipse.product=org.eclipse.jdt.ls.core.product -Djava.import.generatesMetadataFilesAtProjectRoot=false -DDetectVMInstallationsJob.disabled=true -Dfile.encoding=utf8 -XX:+UseParallelGC -XX:GCTimeRatio=4 -XX:AdaptiveSizePolicyWeight=90 -Dsun.zip.disableMemoryMapping=true -Xmx2G -Xms100m -Xlog:disable -javaagent:c:\Users\Windows\.antigravity-ide\extensions\redhat.java-1.55.0-win32-x64\lombok\lombok-1.18.39-4050.jar 
java_command: c:\Users\Windows\.antigravity-ide\extensions\redhat.java-1.55.0-win32-x64\server\plugins\org.eclipse.equinox.launcher_1.7.200.v20260619-2039.jar -configuration c:\Users\Windows\AppData\Roaming\Antigravity IDE\User\globalStorage\redhat.java\1.55.0\config_ss_win -data c:\Users\Windows\AppData\Roaming\Antigravity IDE\User\workspaceStorage\dd797f979bf9da95ab56711e4c6e11a8\redhat.java\ss_ws --pipe=\\.\pipe\lsp-b960e2b4b2c84bad5f4739a7dbfb0df9-sock
java_class_path (initial): c:\Users\Windows\.antigravity-ide\extensions\redhat.java-1.55.0-win32-x64\server\plugins\org.eclipse.equinox.launcher_1.7.200.v20260619-2039.jar
Launcher Type: SUN_STANDARD

[Global flags]
    uintx AdaptiveSizePolicyWeight                 = 90                                        {product} {command line}
     intx CICompilerCount                          = 4                                         {product} {ergonomic}
    uintx GCTimeRatio                              = 4                                         {product} {command line}
   size_t InitialHeapSize                          = 104857600                                 {product} {command line}
   size_t MaxHeapSize                              = 2147483648                                {product} {command line}
   size_t MaxNewSize                               = 715653120                                 {product} {ergonomic}
   size_t MinHeapDeltaBytes                        = 524288                                    {product} {ergonomic}
   size_t MinHeapSize                              = 104857600                                 {product} {command line}
   size_t NewSize                                  = 34603008                                  {product} {ergonomic}
    uintx NonNMethodCodeHeapSize                   = 5839372                                {pd product} {ergonomic}
    uintx NonProfiledCodeHeapSize                  = 122909434                              {pd product} {ergonomic}
   size_t OldSize                                  = 70254592                                  {product} {ergonomic}
    uintx ProfiledCodeHeapSize                     = 122909434                              {pd product} {ergonomic}
    uintx ReservedCodeCacheSize                    = 251658240                              {pd product} {ergonomic}
     bool SegmentedCodeCache                       = true                                      {product} {ergonomic}
   size_t SoftMaxHeapSize                          = 2147483648                             {manageable} {ergonomic}
     bool UseCompressedOops                        = true                           {product lp64_product} {ergonomic}
     bool UseLargePagesIndividualAllocation        = false                                  {pd product} {ergonomic}
     bool UseParallelGC                            = true                                      {product} {command line}

Logging:
Log output configuration:
 #0: stdout all=off uptime,level,tags foldmultilines=false
 #1: stderr all=off uptime,level,tags foldmultilines=false

Release file:
JAVA_VERSION="21.0.11" 
MODULES="java.base java.compiler java.datatransfer java.xml java.prefs java.desktop java.instrument java.logging java.management java.security.sasl java.naming java.rmi java.management.rmi java.net.http java.scripting java.security.jgss java.transaction.xa java.sql java.sql.rowset java.xml.crypto java.se java.smartcardio jdk.accessibility jdk.internal.jvmstat jdk.attach jdk.charsets jdk.internal.opt jdk.zipfs jdk.compiler jdk.crypto.ec jdk.crypto.cryptoki jdk.crypto.mscapi jdk.dynalink jdk.internal.ed jdk.editpad jdk.hotspot.agent jdk.httpserver jdk.internal.le jdk.internal.vm.ci jdk.internal.vm.compiler jdk.internal.vm.compiler.management jdk.jartool jdk.javadoc jdk.jcmd jdk.management jdk.management.agent jdk.jconsole jdk.jdeps jdk.jdwp.agent jdk.jdi jdk.jfr jdk.jshell jdk.jsobject jdk.jstatd jdk.localedata jdk.management.jfr jdk.naming.dns jdk.naming.rmi jdk.net jdk.nio.mapmode jdk.random jdk.sctp jdk.security.auth jdk.security.jgss jdk.unsupported jdk.unsupported.desktop jdk.xml.dom" 

Environment Variables:
JAVA_HOME=C:\Program Files\Java\jdk-21.0.8
PATH=C:\Program Files\Java\jdk-21.0.8\bin;C:\Program Files\Java\jdk-21.0.8\bin;C:\jdk-21.0.8\bin;C:\WINDOWS\system32;C:\WINDOWS;C:\WINDOWS\System32\Wbem;C:\WINDOWS\System32\WindowsPowerShell\v1.0\;C:\WINDOWS\System32\OpenSSH\;C:\Program Files\nodejs\;D:\xampp\php;C:\ProgramData\ComposerSetup\bin;C:\Program Files\Git\cmd;C:\Program Files\dotnet\;C:\Users\Windows\AppData\Local\Programs\Python\Python314\Scripts\;C:\Users\Windows\AppData\Local\Programs\Python\Python314\;C:\Users\Windows\AppData\Local\Programs\Python\Launcher\;C:\Program Files\Java\jdk-11.0.1\bin;C:\Users\Windows\AppData\Local\Microsoft\WindowsApps;C:\Program Files\JetBrains\IntelliJ IDEA Community Edition 2024.1\bin;C:\Users\Windows\AppData\Local\Programs\Microsoft VS Code\bin;C:\Users\Windows\AppData\Roaming\npm;D:\TV series\Windsurf\bin;C:\Users\Windows\AppData\Roaming\Composer\vendor\bin;C:\jdk-21.0.8\bin;C:\Program Files\apache-maven-3.9.11\bin;C:\glassfish7\bin;;C:\Program Files (x86)\NVIDIA Corporation\PhysX\Common;C:\Users\Windows\AppData\Local\Programs\Python\Python314\Scripts\;C:\Users\Windows\AppData\Local\Programs\Python\Python314\;C:\Users\Windows\AppData\Local\Programs\Python\Launcher\;C:\Program Files\Java\jdk-11.0.1\bin;C:\Users\Windows\AppData\Local\Microsoft\WindowsApps;C:\Program Files\JetBrains\IntelliJ IDEA Community Edition 2024.1\bin;;C:\Users\Windows\AppData\Local\Programs\Microsoft VS Code\bin;C:\Users\Windows\AppData\Roaming\npm;D:\TV series\Windsurf\bin;C:\Users\Windows\AppData\Roaming\Composer\vendor\bin;C:\Program Files\Java\jdk-21.0.8\bin;C:\Users\Windows\AppData\Local\Programs\MiKTeX\miktex\bin\x64\;C:\Users\Windows\AppData\Local\GitHubDesktop\bin;D:\Antigravity IDE\bin;C:\Users\Windows\AppData\Local\Programs\Antigravity IDE\bin
USERNAME=Windows
OS=Windows_NT
PROCESSOR_IDENTIFIER=Intel64 Family 6 Model 141 Stepping 1, GenuineIntel
TMP=C:\Users\Windows\AppData\Local\Temp
TEMP=C:\Users\Windows\AppData\Local\Temp




Periodic native trim disabled

---------------  S Y S T E M  ---------------

OS:
 Windows 11 , 64 bit Build 26100 (10.0.26100.8521)
OS uptime: 4 days 15:20 hours
Hyper-V role detected

CPU: total 12 (initial active 12) (6 cores per cpu, 2 threads per core) family 6 model 141 stepping 1 microcode 0x50, cx8, cmov, fxsr, ht, mmx, 3dnowpref, sse, sse2, sse3, ssse3, sse4.1, sse4.2, popcnt, lzcnt, tsc, tscinvbit, avx, avx2, aes, erms, clmul, bmi1, bmi2, adx, avx512f, avx512dq, avx512cd, avx512bw, avx512vl, sha, fma, vzeroupper, avx512_vpopcntdq, avx512_vpclmulqdq, avx512_vaes, avx512_vnni, clflush, clflushopt, clwb, avx512_vbmi2, avx512_vbmi, hv, rdtscp, rdpid, fsrm, gfni, avx512_bitalg, f16c, cet_ibt, cet_ss, avx512_ifma
Processor Information for the first 12 processors :
  Max Mhz: 2688, Current Mhz: 2688, Mhz Limit: 2688

Memory: 4k page, system-wide physical 7914M (529M free)
TotalPageFile size 22991M (AvailPageFile size 3M)
current process WorkingSet (physical memory assigned to process): 216M, peak: 216M
current process commit charge ("private bytes"): 332M, peak: 334M

vm_info: OpenJDK 64-Bit Server VM (21.0.11+10-LTS) for windows-amd64 JRE (21.0.11+10-LTS), built on 2026-04-21T00:00:00Z by "admin" with MS VC++ 17.12 (VS2022)

END.
