#
# There is insufficient memory for the Java Runtime Environment to continue.
# Native memory allocation (malloc) failed to allocate 116704 bytes. Error detail: Chunk::new
# Possible reasons:
#   The system is out of physical RAM or swap space
#   This process is running with CompressedOops enabled, and the Java Heap may be blocking the growth of the native heap
# Possible solutions:
#   Reduce memory load on the system
#   Increase physical memory or swap space
#   Check if swap backing store is full
#   Decrease Java heap size (-Xmx/-Xms)
#   Decrease number of Java threads
#   Decrease Java thread stack sizes (-Xss)
#   Set larger code cache with -XX:ReservedCodeCacheSize=
#   JVM is running with Unscaled Compressed Oops mode in which the Java heap is
#     placed in the first 4GB address space. The Java Heap base address is the
#     maximum limit for the native heap growth. Please use -XX:HeapBaseMinAddress
#     to set the Java Heap base and to place the Java Heap above 4GB virtual address.
# This output file may be truncated or incomplete.
#
#  Out of Memory Error (arena.cpp:168), pid=1384, tid=12564
#
# JRE version: OpenJDK Runtime Environment Temurin-21.0.11+10 (21.0.11+10) (build 21.0.11+10-LTS)
# Java VM: OpenJDK 64-Bit Server VM Temurin-21.0.11+10 (21.0.11+10-LTS, mixed mode, sharing, tiered, compressed oops, compressed class ptrs, parallel gc, windows-amd64)
# No core dump will be written. Minidumps are not enabled by default on client versions of Windows
#

---------------  S U M M A R Y ------------

Command Line: --add-modules=ALL-SYSTEM --add-opens=java.base/java.util=ALL-UNNAMED --add-opens=java.base/java.lang=ALL-UNNAMED --add-opens=java.base/sun.nio.fs=ALL-UNNAMED -Declipse.application=org.eclipse.jdt.ls.core.id1 -Dosgi.bundles.defaultStartLevel=4 -Declipse.product=org.eclipse.jdt.ls.core.product -Djava.import.generatesMetadataFilesAtProjectRoot=false -DDetectVMInstallationsJob.disabled=true -Dfile.encoding=utf8 -XX:+UseParallelGC -XX:GCTimeRatio=4 -XX:AdaptiveSizePolicyWeight=90 -Dsun.zip.disableMemoryMapping=true -Xmx2G -Xms100m -Xlog:disable -javaagent:c:\Users\Windows\.antigravity-ide\extensions\redhat.java-1.55.0-win32-x64\lombok\lombok-1.18.39-4050.jar c:\Users\Windows\.antigravity-ide\extensions\redhat.java-1.55.0-win32-x64\server\plugins\org.eclipse.equinox.launcher_1.7.200.v20260619-2039.jar -configuration c:\Users\Windows\AppData\Roaming\Antigravity IDE\User\globalStorage\redhat.java\1.55.0\config_ss_win -data c:\Users\Windows\AppData\Roaming\Antigravity IDE\User\workspaceStorage\dd797f979bf9da95ab56711e4c6e11a8\redhat.java\ss_ws --pipe=\\.\pipe\lsp-542e2fc701a39a1ad6de21f90ac8a33c-sock

Host: 11th Gen Intel(R) Core(TM) i5-11400H @ 2.70GHz, 12 cores, 7G,  Windows 11 , 64 bit Build 26100 (10.0.26100.8521)
Time: Tue Jul 14 12:03:26 2026 Sri Lanka Standard Time elapsed time: 0.774610 seconds (0d 0h 0m 0s)

---------------  T H R E A D  ---------------

Current thread (0x0000015959349750):  JavaThread "C2 CompilerThread0" daemon [_thread_in_native, id=12564, stack(0x0000003325900000,0x0000003325a00000) (1024K)]


Current CompileTask:
C2:774 1080       4       java.util.jar.Manifest$FastInputStream::readLine (9 bytes)

Stack: [0x0000003325900000,0x0000003325a00000]
Native frames: (J=compiled Java code, j=interpreted, Vv=VM code, C=native code)
V  [jvm.dll+0x6d7e19]
V  [jvm.dll+0x8b5096]
V  [jvm.dll+0x8b764e]
V  [jvm.dll+0x8b7d33]
V  [jvm.dll+0x284596]
V  [jvm.dll+0xc685d]
V  [jvm.dll+0xc6da1]
V  [jvm.dll+0x3bed6b]
V  [jvm.dll+0x38b2b2]
V  [jvm.dll+0x38a6fa]
V  [jvm.dll+0x24c700]
V  [jvm.dll+0x24bce0]
V  [jvm.dll+0x1cb4ae]
V  [jvm.dll+0x25baad]
V  [jvm.dll+0x25a03a]
V  [jvm.dll+0x3f868e]
V  [jvm.dll+0x85fb0d]
V  [jvm.dll+0x6d664d]
C  [ucrtbase.dll+0x2cd30]
C  [KERNEL32.DLL+0x2e957]
C  [ntdll.dll+0x87c1c]


---------------  P R O C E S S  ---------------

Threads class SMR info:
_java_thread_list=0x0000015959692970, length=13, elements={
0x000001597ba4fc90, 0x000001591633e5d0, 0x0000015959334480, 0x000001595933f110,
0x000001595933fed0, 0x0000015959340930, 0x0000015959346900, 0x0000015959349750,
0x000001595935b730, 0x0000015959553200, 0x000001595967b520, 0x0000015959683e40,
0x000001595967c990
}

Java Threads: ( => current thread )
  0x000001597ba4fc90 JavaThread "main"                              [_thread_in_Java, id=23256, stack(0x0000003324f00000,0x0000003325000000) (1024K)]
  0x000001591633e5d0 JavaThread "Reference Handler"          daemon [_thread_blocked, id=8416, stack(0x0000003325300000,0x0000003325400000) (1024K)]
  0x0000015959334480 JavaThread "Finalizer"                  daemon [_thread_blocked, id=4324, stack(0x0000003325400000,0x0000003325500000) (1024K)]
  0x000001595933f110 JavaThread "Signal Dispatcher"          daemon [_thread_blocked, id=17248, stack(0x0000003325500000,0x0000003325600000) (1024K)]
  0x000001595933fed0 JavaThread "Attach Listener"            daemon [_thread_blocked, id=11724, stack(0x0000003325600000,0x0000003325700000) (1024K)]
  0x0000015959340930 JavaThread "Service Thread"             daemon [_thread_blocked, id=25308, stack(0x0000003325700000,0x0000003325800000) (1024K)]
  0x0000015959346900 JavaThread "Monitor Deflation Thread"   daemon [_thread_blocked, id=1844, stack(0x0000003325800000,0x0000003325900000) (1024K)]
=>0x0000015959349750 JavaThread "C2 CompilerThread0"         daemon [_thread_in_native, id=12564, stack(0x0000003325900000,0x0000003325a00000) (1024K)]
  0x000001595935b730 JavaThread "C1 CompilerThread0"         daemon [_thread_blocked, id=14884, stack(0x0000003325a00000,0x0000003325b00000) (1024K)]
  0x0000015959553200 JavaThread "Common-Cleaner"             daemon [_thread_blocked, id=26404, stack(0x0000003325b00000,0x0000003325c00000) (1024K)]
  0x000001595967b520 JavaThread "C2 CompilerThread1"         daemon [_thread_in_native, id=8016, stack(0x0000003325c00000,0x0000003325d00000) (1024K)]
  0x0000015959683e40 JavaThread "Notification Thread"        daemon [_thread_blocked, id=18808, stack(0x0000003325d00000,0x0000003325e00000) (1024K)]
  0x000001595967c990 JavaThread "C2 CompilerThread2"         daemon [_thread_in_native, id=23820, stack(0x0000003325e00000,0x0000003325f00000) (1024K)]
Total: 13

Other Threads:
  0x0000015916324be0 VMThread "VM Thread"                           [id=1488, stack(0x0000003325200000,0x0000003325300000) (1024K)]
  0x000001591621c950 WatcherThread "VM Periodic Task Thread"        [id=7680, stack(0x0000003325100000,0x0000003325200000) (1024K)]
  0x000001597ba6e280 WorkerThread "GC Thread#0"                     [id=848, stack(0x0000003325000000,0x0000003325100000) (1024K)]
Total: 3

Threads with active compile tasks:
C2 CompilerThread0  788 1080       4       java.util.jar.Manifest$FastInputStream::readLine (9 bytes)
C2 CompilerThread1  788 1082 %     4       jdk.internal.util.ArraysSupport::hashCode @ 8 (33 bytes)
C2 CompilerThread2  788 1055   !   4       java.util.jar.Attributes::read (494 bytes)
Total: 3

VM state: not at safepoint (normal execution)

VM Mutex/Monitor currently owned by a thread: None

Heap address: 0x0000000080000000, size: 2048 MB, Compressed Oops mode: 32-bit

CDS archive(s) mapped at: [0x0000015917000000-0x0000015917ba0000-0x0000015917ba0000), size 12189696, SharedBaseAddress: 0x0000015917000000, ArchiveRelocationMode: 1.
Compressed class space mapped at: 0x0000015918000000-0x0000015958000000, reserved size: 1073741824
Narrow klass base: 0x0000015917000000, Narrow klass shift: 0, Narrow klass range: 0x100000000

GC Precious Log:
 CardTable entry size: 512
 CPUs: 12 total, 12 available
 Memory: 7914M
 Large Page Support: Disabled
 NUMA Support: Disabled
 Compressed Oops: Enabled (32-bit)
 Alignments: Space 512K, Generation 512K, Heap 2M
 Heap Min Capacity: 100M
 Heap Initial Capacity: 100M
 Heap Max Capacity: 2G
 Pre-touch: Disabled
 Parallel Workers: 10

Heap:
 PSYoungGen      total 29696K, used 25526K [0x00000000d5580000, 0x00000000d7680000, 0x0000000100000000)
  eden space 25600K, 99% used [0x00000000d5580000,0x00000000d6e6da50,0x00000000d6e80000)
  from space 4096K, 0% used [0x00000000d7280000,0x00000000d7280000,0x00000000d7680000)
  to   space 4096K, 0% used [0x00000000d6e80000,0x00000000d6e80000,0x00000000d7280000)
 ParOldGen       total 68608K, used 0K [0x0000000080000000, 0x0000000084300000, 0x00000000d5580000)
  object space 68608K, 0% used [0x0000000080000000,0x0000000080000000,0x0000000084300000)
 Metaspace       used 4280K, committed 4544K, reserved 1114112K
  class space    used 469K, committed 576K, reserved 1048576K

Card table byte_map: [0x000001597d3b0000,0x000001597d7c0000] _byte_map_base: 0x000001597cfb0000

Marking Bits: (ParMarkBitMap*) 0x00007ffb3a754460
 Begin Bits: [0x0000015912140000, 0x0000015914140000)
 End Bits:   [0x0000015914140000, 0x0000015916140000)

Polling page: 0x000001597b4d0000

Metaspace:

Usage:
  Non-class:      3.72 MB used.
      Class:    469.41 KB used.
       Both:      4.18 MB used.

Virtual space:
  Non-class space:       64.00 MB reserved,       3.88 MB (  6%) committed,  1 nodes.
      Class space:        1.00 GB reserved,     576.00 KB ( <1%) committed,  1 nodes.
             Both:        1.06 GB reserved,       4.44 MB ( <1%) committed. 

Chunk freelists:
   Non-Class:  11.19 MB
       Class:  15.44 MB
        Both:  26.63 MB

MaxMetaspaceSize: unlimited
CompressedClassSpaceSize: 1.00 GB
Initial GC threshold: 21.00 MB
Current GC threshold: 21.00 MB
CDS: on
 - commit_granule_bytes: 65536.
 - commit_granule_words: 8192.
 - virtual_space_node_default_size: 8388608.
 - enlarge_chunks_in_place: 1.
 - use_allocation_guard: 0.


Internal statistics:

num_allocs_failed_limit: 0.
num_arena_births: 184.
num_arena_deaths: 0.
num_vsnodes_births: 2.
num_vsnodes_deaths: 0.
num_space_committed: 71.
num_space_uncommitted: 0.
num_chunks_returned_to_freelist: 0.
num_chunks_taken_from_freelist: 249.
num_chunk_merges: 0.
num_chunk_splits: 158.
num_chunks_enlarged: 90.
num_inconsistent_stats: 0.

CodeHeap 'non-profiled nmethods': size=120000Kb used=425Kb max_used=425Kb free=119574Kb
 bounds [0x000001590ac10000, 0x000001590ae80000, 0x0000015912140000]
CodeHeap 'profiled nmethods': size=120000Kb used=1764Kb max_used=1764Kb free=118235Kb
 bounds [0x0000015903140000, 0x00000159033b0000, 0x000001590a670000]
CodeHeap 'non-nmethods': size=5760Kb used=1201Kb max_used=1230Kb free=4558Kb
 bounds [0x000001590a670000, 0x000001590a8e0000, 0x000001590ac10000]
CodeCache: size=245760Kb, used=3390Kb, max_used=3419Kb, free=242367Kb
 total_blobs=1547, nmethods=1096, adapters=358, full_count=0
Compilation: enabled, stopped_count=0, restarted_count=0

Compilation events (20 events):
Event: 0.759 Thread 0x000001595935b730 nmethod 1074 0x00000159032eda10 code [0x00000159032edbe0, 0x00000159032ede50]
Event: 0.759 Thread 0x000001595935b730 1075       3       java.util.jar.Attributes::clone (9 bytes)
Event: 0.759 Thread 0x000001595935b730 nmethod 1075 0x00000159032edf90 code [0x00000159032ee180, 0x00000159032ee608]
Event: 0.759 Thread 0x000001595935b730 1076       3       java.util.jar.Attributes::<init> (17 bytes)
Event: 0.760 Thread 0x000001595935b730 nmethod 1076 0x00000159032ee810 code [0x00000159032ee9e0, 0x00000159032eedb0]
Event: 0.760 Thread 0x000001595967b520 1077       4       sun.security.util.ManifestDigester::findSection (181 bytes)
Event: 0.763 Thread 0x000001595967b520 nmethod 1077 0x000001590ac76c10 code [0x000001590ac76dc0, 0x000001590ac770c8]
Event: 0.767 Thread 0x0000015959349750 nmethod 1060 0x000001590ac77310 code [0x000001590ac77560, 0x000001590ac78018]
Event: 0.767 Thread 0x000001595935b730 1078       3       jdk.internal.util.ArraysSupport::vectorizedMismatch (268 bytes)
Event: 0.768 Thread 0x0000015959349750 1080       4       java.util.jar.Manifest$FastInputStream::readLine (9 bytes)
Event: 0.768 Thread 0x000001595935b730 nmethod 1078 0x00000159032eef90 code [0x00000159032ef180, 0x00000159032ef5b0]
Event: 0.768 Thread 0x000001595935b730 1079       3       java.util.jar.Manifest$FastInputStream::readLine (296 bytes)
Event: 0.768 Thread 0x000001595935b730 nmethod 1079 0x00000159032ef710 code [0x00000159032ef940, 0x00000159032f01a8]
Event: 0.769 Thread 0x000001595967b520 1081       4       java.util.jar.Manifest$FastInputStream::readLine (296 bytes)
Event: 0.771 Thread 0x000001595935b730 1083       3       sun.security.util.DerOutputStream::<init> (5 bytes)
Event: 0.771 Thread 0x000001595935b730 nmethod 1083 0x00000159032f0510 code [0x00000159032f06c0, 0x00000159032f0860]
Event: 0.771 Thread 0x000001595935b730 1084       3       java.util.ArrayList::toArray (57 bytes)
Event: 0.772 Thread 0x000001595935b730 nmethod 1084 0x00000159032f0910 code [0x00000159032f0b00, 0x00000159032f1028]
Event: 0.772 Thread 0x000001595935b730 1085       3       java.util.Arrays::hashCode (60 bytes)
Event: 0.772 Thread 0x000001595935b730 nmethod 1085 0x00000159032f1190 code [0x00000159032f1360, 0x00000159032f15e8]

GC Heap History (0 events):
No events

Dll operation events (8 events):
Event: 0.013 Loaded shared library c:\Users\Windows\.antigravity-ide\extensions\redhat.java-1.55.0-win32-x64\jre\21.0.11-win32-x86_64\bin\java.dll
Event: 0.096 Loaded shared library c:\Users\Windows\.antigravity-ide\extensions\redhat.java-1.55.0-win32-x64\jre\21.0.11-win32-x86_64\bin\zip.dll
Event: 0.119 Loaded shared library C:\Users\Windows\.antigravity-ide\extensions\redhat.java-1.55.0-win32-x64\jre\21.0.11-win32-x86_64\bin\instrument.dll
Event: 0.124 Loaded shared library C:\Users\Windows\.antigravity-ide\extensions\redhat.java-1.55.0-win32-x64\jre\21.0.11-win32-x86_64\bin\net.dll
Event: 0.127 Loaded shared library C:\Users\Windows\.antigravity-ide\extensions\redhat.java-1.55.0-win32-x64\jre\21.0.11-win32-x86_64\bin\nio.dll
Event: 0.132 Loaded shared library C:\Users\Windows\.antigravity-ide\extensions\redhat.java-1.55.0-win32-x64\jre\21.0.11-win32-x86_64\bin\zip.dll
Event: 0.150 Loaded shared library C:\Users\Windows\.antigravity-ide\extensions\redhat.java-1.55.0-win32-x64\jre\21.0.11-win32-x86_64\bin\jimage.dll
Event: 0.227 Loaded shared library c:\Users\Windows\.antigravity-ide\extensions\redhat.java-1.55.0-win32-x64\jre\21.0.11-win32-x86_64\bin\verify.dll

Deoptimization events (20 events):
Event: 0.760 Thread 0x000001597ba4fc90 DEOPT PACKING pc=0x00000159032b1ab1 sp=0x0000003324ffdfb0
Event: 0.760 Thread 0x000001597ba4fc90 DEOPT UNPACKING pc=0x000001590a6c78e2 sp=0x0000003324ffd428 mode 0
Event: 0.760 Thread 0x000001597ba4fc90 DEOPT PACKING pc=0x00000159032b1ab1 sp=0x0000003324ffdfb0
Event: 0.760 Thread 0x000001597ba4fc90 DEOPT UNPACKING pc=0x000001590a6c78e2 sp=0x0000003324ffd428 mode 0
Event: 0.761 Thread 0x000001597ba4fc90 DEOPT PACKING pc=0x00000159032b1ab1 sp=0x0000003324ffdfb0
Event: 0.761 Thread 0x000001597ba4fc90 DEOPT UNPACKING pc=0x000001590a6c78e2 sp=0x0000003324ffd428 mode 0
Event: 0.761 Thread 0x000001597ba4fc90 DEOPT PACKING pc=0x00000159032b1ab1 sp=0x0000003324ffdfb0
Event: 0.761 Thread 0x000001597ba4fc90 DEOPT UNPACKING pc=0x000001590a6c78e2 sp=0x0000003324ffd428 mode 0
Event: 0.761 Thread 0x000001597ba4fc90 DEOPT PACKING pc=0x00000159032b1ab1 sp=0x0000003324ffdfb0
Event: 0.761 Thread 0x000001597ba4fc90 DEOPT UNPACKING pc=0x000001590a6c78e2 sp=0x0000003324ffd428 mode 0
Event: 0.761 Thread 0x000001597ba4fc90 DEOPT PACKING pc=0x00000159032b1ab1 sp=0x0000003324ffdfb0
Event: 0.761 Thread 0x000001597ba4fc90 DEOPT UNPACKING pc=0x000001590a6c78e2 sp=0x0000003324ffd428 mode 0
Event: 0.761 Thread 0x000001597ba4fc90 DEOPT PACKING pc=0x00000159032b1ab1 sp=0x0000003324ffdfb0
Event: 0.761 Thread 0x000001597ba4fc90 DEOPT UNPACKING pc=0x000001590a6c78e2 sp=0x0000003324ffd428 mode 0
Event: 0.761 Thread 0x000001597ba4fc90 DEOPT PACKING pc=0x00000159032b1ab1 sp=0x0000003324ffdfb0
Event: 0.761 Thread 0x000001597ba4fc90 DEOPT UNPACKING pc=0x000001590a6c78e2 sp=0x0000003324ffd428 mode 0
Event: 0.761 Thread 0x000001597ba4fc90 DEOPT PACKING pc=0x00000159032b1ab1 sp=0x0000003324ffdfb0
Event: 0.761 Thread 0x000001597ba4fc90 DEOPT UNPACKING pc=0x000001590a6c78e2 sp=0x0000003324ffd428 mode 0
Event: 0.761 Thread 0x000001597ba4fc90 DEOPT PACKING pc=0x00000159032b1ab1 sp=0x0000003324ffdfb0
Event: 0.761 Thread 0x000001597ba4fc90 DEOPT UNPACKING pc=0x000001590a6c78e2 sp=0x0000003324ffd428 mode 0

Classes loaded (20 events):
Event: 0.765 Loading class jdk/internal/logger/LazyLoggers$JdkLazyLogger
Event: 0.765 Loading class jdk/internal/logger/LazyLoggers$LazyLoggerWrapper
Event: 0.765 Loading class jdk/internal/logger/AbstractLoggerWrapper
Event: 0.765 Loading class jdk/internal/logger/AbstractLoggerWrapper done
Event: 0.765 Loading class jdk/internal/logger/LazyLoggers$LazyLoggerWrapper done
Event: 0.765 Loading class jdk/internal/logger/LazyLoggers$JdkLazyLogger done
Event: 0.765 Loading class jdk/internal/logger/LazyLoggers$LazyLoggerAccessor
Event: 0.765 Loading class jdk/internal/logger/LazyLoggers$LoggerAccessor
Event: 0.765 Loading class jdk/internal/logger/LazyLoggers$LoggerAccessor done
Event: 0.765 Loading class jdk/internal/logger/LazyLoggers$LazyLoggerAccessor done
Event: 0.766 Loading class jdk/internal/logger/SurrogateLogger
Event: 0.766 Loading class jdk/internal/logger/SimpleConsoleLogger
Event: 0.766 Loading class sun/util/logging/PlatformLogger$ConfigurableBridge$LoggerConfiguration
Event: 0.766 Loading class sun/util/logging/PlatformLogger$ConfigurableBridge$LoggerConfiguration done
Event: 0.766 Loading class jdk/internal/logger/SimpleConsoleLogger done
Event: 0.766 Loading class jdk/internal/logger/SurrogateLogger done
Event: 0.767 Loading class sun/util/logging/PlatformLogger
Event: 0.767 Loading class sun/util/logging/PlatformLogger done
Event: 0.767 Loading class sun/util/logging/PlatformLogger$Level
Event: 0.767 Loading class sun/util/logging/PlatformLogger$Level done

Classes unloaded (0 events):
No events

Classes redefined (0 events):
No events

Internal exceptions (20 events):
Event: 0.190 Thread 0x000001597ba4fc90 Exception <a 'java/lang/NoSuchMethodError'{0x00000000d59faaa8}: 'int java.lang.invoke.DirectMethodHandle$Holder.invokeSpecial(java.lang.Object, java.lang.Object, java.lang.Object)'> (0x00000000d59faaa8) 
thrown [s\src\hotspot\share\interpreter\linkResolver.cpp, line 773]
Event: 0.192 Thread 0x000001597ba4fc90 Exception <a 'java/lang/NoSuchMethodError'{0x00000000d5a06768}: 'java.lang.Object java.lang.invoke.DirectMethodHandle$Holder.invokeStatic(java.lang.Object, java.lang.Object, int)'> (0x00000000d5a06768) 
thrown [s\src\hotspot\share\interpreter\linkResolver.cpp, line 773]
Event: 0.193 Thread 0x000001597ba4fc90 Exception <a 'java/lang/NoSuchMethodError'{0x00000000d5a0b0b8}: 'void java.lang.invoke.DirectMethodHandle$Holder.invokeStatic(java.lang.Object, java.lang.Object, int, java.lang.Object)'> (0x00000000d5a0b0b8) 
thrown [s\src\hotspot\share\interpreter\linkResolver.cpp, line 773]
Event: 0.193 Thread 0x000001597ba4fc90 Exception <a 'java/lang/NoSuchMethodError'{0x00000000d5a0ec48}: 'void java.lang.invoke.DirectMethodHandle$Holder.invokeSpecial(java.lang.Object, java.lang.Object, java.lang.Object, int, java.lang.Object)'> (0x00000000d5a0ec48) 
thrown [s\src\hotspot\share\interpreter\linkResolver.cpp, line 773]
Event: 0.194 Thread 0x000001597ba4fc90 Exception <a 'java/lang/NoSuchMethodError'{0x00000000d5a12660}: 'void java.lang.invoke.DelegatingMethodHandle$Holder.delegate(java.lang.Object, java.lang.Object, int, java.lang.Object)'> (0x00000000d5a12660) 
thrown [s\src\hotspot\share\interpreter\linkResolver.cpp, line 773]
Event: 0.255 Thread 0x000001597ba4fc90 Exception <a 'java/lang/NoSuchMethodError'{0x00000000d5bd45b0}: 'void java.lang.invoke.DelegatingMethodHandle$Holder.reinvoke_L(java.lang.Object, java.lang.Object, java.lang.Object, int)'> (0x00000000d5bd45b0) 
thrown [s\src\hotspot\share\interpreter\linkResolver.cpp, line 773]
Event: 0.383 Thread 0x000001597ba4fc90 Exception <a 'java/lang/NoSuchMethodError'{0x00000000d6065900}: 'void java.lang.invoke.DirectMethodHandle$Holder.invokeVirtual(java.lang.Object, java.lang.Object)'> (0x00000000d6065900) 
thrown [s\src\hotspot\share\interpreter\linkResolver.cpp, line 773]
Event: 0.512 Thread 0x000001597ba4fc90 Exception <a 'java/lang/NoSuchMethodError'{0x00000000d644d7e8}: 'void java.lang.invoke.DirectMethodHandle$Holder.invokeStatic(java.lang.Object, java.lang.Object)'> (0x00000000d644d7e8) 
thrown [s\src\hotspot\share\interpreter\linkResolver.cpp, line 773]
Event: 0.518 Thread 0x000001597ba4fc90 Exception <a 'java/lang/ClassNotFoundException'{0x00000000d6475b68}: sun/net/www/protocol/c/Handler> (0x00000000d6475b68) 
thrown [s\src\hotspot\share\classfile\systemDictionary.cpp, line 313]
Event: 0.532 Thread 0x000001597ba4fc90 Exception <a 'java/io/FileNotFoundException'{0x00000000d64d2e70}> (0x00000000d64d2e70) 
thrown [s\src\hotspot\share\prims\jni.cpp, line 520]
Event: 0.533 Thread 0x000001597ba4fc90 Exception <a 'java/io/FileNotFoundException'{0x00000000d64d41f8}> (0x00000000d64d41f8) 
thrown [s\src\hotspot\share\prims\jni.cpp, line 520]
Event: 0.533 Thread 0x000001597ba4fc90 Exception <a 'java/io/FileNotFoundException'{0x00000000d64d4ed0}> (0x00000000d64d4ed0) 
thrown [s\src\hotspot\share\prims\jni.cpp, line 520]
Event: 0.533 Thread 0x000001597ba4fc90 Exception <a 'java/io/FileNotFoundException'{0x00000000d64d5a80}> (0x00000000d64d5a80) 
thrown [s\src\hotspot\share\prims\jni.cpp, line 520]
Event: 0.537 Thread 0x000001597ba4fc90 Implicit null exception at 0x000001590ac3f1a4 to 0x000001590ac3f7a4
Event: 0.539 Thread 0x000001597ba4fc90 Exception <a 'java/io/FileNotFoundException'{0x00000000d650fca8}> (0x00000000d650fca8) 
thrown [s\src\hotspot\share\prims\jni.cpp, line 520]
Event: 0.552 Thread 0x000001597ba4fc90 Exception <a 'java/lang/NoSuchMethodError'{0x00000000d654bd98}: 'java.lang.Object java.lang.invoke.DirectMethodHandle$Holder.invokeInterface(java.lang.Object, java.lang.Object)'> (0x00000000d654bd98) 
thrown [s\src\hotspot\share\interpreter\linkResolver.cpp, line 773]
Event: 0.558 Thread 0x000001597ba4fc90 Exception <a 'java/lang/NoSuchMethodError'{0x00000000d655f908}: 'java.lang.Object java.lang.invoke.Invokers$Holder.invokeExact_MT(java.lang.Object, java.lang.Object, java.lang.Object, java.lang.Object, java.lang.Object, java.lang.Object)'> (0x00000000d655f908) 
thrown [s\src\hotspot\share\interpreter\linkResolver.cpp, line 773]
Event: 0.563 Thread 0x000001597ba4fc90 Exception <a 'java/lang/NoSuchMethodError'{0x00000000d65769e0}: 'int java.lang.invoke.DirectMethodHandle$Holder.invokeStatic(java.lang.Object, java.lang.Object, java.lang.Object, java.lang.Object, java.lang.Object)'> (0x00000000d65769e0) 
thrown [s\src\hotspot\share\interpreter\linkResolver.cpp, line 773]
Event: 0.595 Thread 0x000001597ba4fc90 Exception <a 'java/lang/NoSuchMethodError'{0x00000000d660c6c8}: 'java.lang.Object java.lang.invoke.DirectMethodHandle$Holder.invokeInterface(java.lang.Object, java.lang.Object, int)'> (0x00000000d660c6c8) 
thrown [s\src\hotspot\share\interpreter\linkResolver.cpp, line 773]
Event: 0.712 Thread 0x000001597ba4fc90 Exception <a 'java/lang/NoSuchMethodError'{0x00000000d6a7adf0}: 'java.lang.ClassLoader java.lang.ClassLoader.getPlatformClassLoader(java.lang.Class)'> (0x00000000d6a7adf0) 
thrown [s\src\hotspot\share\interpreter\linkResolver.cpp, line 773]

ZGC Phase Switch (0 events):
No events

VM Operations (10 events):
Event: 0.095 Executing non-safepoint VM operation: HandshakeAllThreads (Deoptimize)
Event: 0.095 Executing non-safepoint VM operation: HandshakeAllThreads (Deoptimize) done
Event: 0.162 Executing non-safepoint VM operation: HandshakeAllThreads (Deoptimize)
Event: 0.163 Executing non-safepoint VM operation: HandshakeAllThreads (Deoptimize) done
Event: 0.484 Executing non-safepoint VM operation: HandshakeAllThreads (Deoptimize)
Event: 0.484 Executing non-safepoint VM operation: HandshakeAllThreads (Deoptimize) done
Event: 0.504 Executing non-safepoint VM operation: HandshakeAllThreads (Deoptimize)
Event: 0.504 Executing non-safepoint VM operation: HandshakeAllThreads (Deoptimize) done
Event: 0.770 Executing safepoint VM operation: ICBufferFull
Event: 0.771 Executing safepoint VM operation: ICBufferFull done

Memory protections (0 events):
No events

Nmethod flushes (0 events):
No events

Events (13 events):
Event: 0.039 Thread 0x000001597ba4fc90 Thread added: 0x000001597ba4fc90
Event: 0.057 Thread 0x000001597ba4fc90 Thread added: 0x000001591633e5d0
Event: 0.057 Thread 0x000001597ba4fc90 Thread added: 0x0000015959334480
Event: 0.058 Thread 0x000001597ba4fc90 Thread added: 0x000001595933f110
Event: 0.058 Thread 0x000001597ba4fc90 Thread added: 0x000001595933fed0
Event: 0.058 Thread 0x000001597ba4fc90 Thread added: 0x0000015959340930
Event: 0.058 Thread 0x000001597ba4fc90 Thread added: 0x0000015959346900
Event: 0.058 Thread 0x000001597ba4fc90 Thread added: 0x0000015959349750
Event: 0.058 Thread 0x000001597ba4fc90 Thread added: 0x000001595935b730
Event: 0.122 Thread 0x000001597ba4fc90 Thread added: 0x0000015959553200
Event: 0.223 Thread 0x0000015959349750 Thread added: 0x000001595967b520
Event: 0.334 Thread 0x000001597ba4fc90 Thread added: 0x0000015959683e40
Event: 0.465 Thread 0x000001595935b730 Thread added: 0x000001595967c990


Dynamic libraries:
0x00007ff6cd730000 - 0x00007ff6cd73e000 	c:\Users\Windows\.antigravity-ide\extensions\redhat.java-1.55.0-win32-x64\jre\21.0.11-win32-x86_64\bin\java.exe
0x00007ffbad220000 - 0x00007ffbad486000 	C:\WINDOWS\SYSTEM32\ntdll.dll
0x00007ffbac460000 - 0x00007ffbac529000 	C:\WINDOWS\System32\KERNEL32.DLL
0x00007ffbaa4e0000 - 0x00007ffbaa8da000 	C:\WINDOWS\System32\KERNELBASE.dll
0x00007ffbaac50000 - 0x00007ffbaad9c000 	C:\WINDOWS\System32\ucrtbase.dll
0x00007ffb9cef0000 - 0x00007ffb9cf08000 	c:\Users\Windows\.antigravity-ide\extensions\redhat.java-1.55.0-win32-x64\jre\21.0.11-win32-x86_64\bin\jli.dll
0x00007ffb9b450000 - 0x00007ffb9b46e000 	c:\Users\Windows\.antigravity-ide\extensions\redhat.java-1.55.0-win32-x64\jre\21.0.11-win32-x86_64\bin\VCRUNTIME140.dll
0x00007ffbacf10000 - 0x00007ffbad0d7000 	C:\WINDOWS\System32\USER32.dll
0x00007ffbaa4b0000 - 0x00007ffbaa4d7000 	C:\WINDOWS\System32\win32u.dll
0x00007ffbabbe0000 - 0x00007ffbabc0b000 	C:\WINDOWS\System32\GDI32.dll
0x00007ffb97550000 - 0x00007ffb977e2000 	C:\WINDOWS\WinSxS\amd64_microsoft.windows.common-controls_6595b64144ccf1df_6.0.26100.8521_none_3e08b75ce33403b3\COMCTL32.dll
0x00007ffbacd80000 - 0x00007ffbace29000 	C:\WINDOWS\System32\msvcrt.dll
0x00007ffbaae60000 - 0x00007ffbaaf8b000 	C:\WINDOWS\System32\gdi32full.dll
0x00007ffbaaa20000 - 0x00007ffbaaac3000 	C:\WINDOWS\System32\msvcp_win.dll
0x00007ffbac7c0000 - 0x00007ffbac7f2000 	C:\WINDOWS\System32\IMM32.DLL
0x00007ffb9f640000 - 0x00007ffb9f64c000 	c:\Users\Windows\.antigravity-ide\extensions\redhat.java-1.55.0-win32-x64\jre\21.0.11-win32-x86_64\bin\vcruntime140_1.dll
0x00007ffb72960000 - 0x00007ffb729ed000 	c:\Users\Windows\.antigravity-ide\extensions\redhat.java-1.55.0-win32-x64\jre\21.0.11-win32-x86_64\bin\msvcp140.dll
0x00007ffb39a90000 - 0x00007ffb3a832000 	c:\Users\Windows\.antigravity-ide\extensions\redhat.java-1.55.0-win32-x64\jre\21.0.11-win32-x86_64\bin\server\jvm.dll
0x00007ffbab940000 - 0x00007ffbab9f6000 	C:\WINDOWS\System32\ADVAPI32.dll
0x00007ffbac930000 - 0x00007ffbac9da000 	C:\WINDOWS\System32\sechost.dll
0x00007ffbac530000 - 0x00007ffbac648000 	C:\WINDOWS\System32\RPCRT4.dll
0x00007ffbac730000 - 0x00007ffbac7b0000 	C:\WINDOWS\System32\WS2_32.dll
0x00007ffba90a0000 - 0x00007ffba90fe000 	C:\WINDOWS\SYSTEM32\POWRPROF.dll
0x00007ffb9b3c0000 - 0x00007ffb9b3f6000 	C:\WINDOWS\SYSTEM32\WINMM.dll
0x00007ffba0850000 - 0x00007ffba085b000 	C:\WINDOWS\SYSTEM32\VERSION.dll
0x00007ffba9080000 - 0x00007ffba9094000 	C:\WINDOWS\SYSTEM32\UMPDC.dll
0x00007ffba9360000 - 0x00007ffba937b000 	C:\WINDOWS\SYSTEM32\kernel.appcore.dll
0x00007ffb9cfd0000 - 0x00007ffb9cfda000 	c:\Users\Windows\.antigravity-ide\extensions\redhat.java-1.55.0-win32-x64\jre\21.0.11-win32-x86_64\bin\jimage.dll
0x00007ffba7aa0000 - 0x00007ffba7ce2000 	C:\WINDOWS\SYSTEM32\DBGHELP.DLL
0x00007ffbac9e0000 - 0x00007ffbacd63000 	C:\WINDOWS\System32\combase.dll
0x00007ffbac650000 - 0x00007ffbac729000 	C:\WINDOWS\System32\OLEAUT32.dll
0x00007ffb79e50000 - 0x00007ffb79e8b000 	C:\WINDOWS\SYSTEM32\dbgcore.DLL
0x00007ffbaa970000 - 0x00007ffbaaa18000 	C:\WINDOWS\System32\bcryptPrimitives.dll
0x00007ffb9ba90000 - 0x00007ffb9ba9f000 	c:\Users\Windows\.antigravity-ide\extensions\redhat.java-1.55.0-win32-x64\jre\21.0.11-win32-x86_64\bin\instrument.dll
0x00007ffb9a460000 - 0x00007ffb9a480000 	c:\Users\Windows\.antigravity-ide\extensions\redhat.java-1.55.0-win32-x64\jre\21.0.11-win32-x86_64\bin\java.dll
0x00007ffbab010000 - 0x00007ffbab794000 	C:\WINDOWS\System32\SHELL32.dll
0x00007ffba8070000 - 0x00007ffba88f0000 	C:\WINDOWS\SYSTEM32\windows.storage.dll
0x00007ffbac820000 - 0x00007ffbac916000 	C:\WINDOWS\System32\SHCORE.dll
0x00007ffbace30000 - 0x00007ffbace97000 	C:\WINDOWS\System32\shlwapi.dll
0x00007ffbaa3d0000 - 0x00007ffbaa3f9000 	C:\WINDOWS\SYSTEM32\profapi.dll
0x00007ffb9aa50000 - 0x00007ffb9aa68000 	c:\Users\Windows\.antigravity-ide\extensions\redhat.java-1.55.0-win32-x64\jre\21.0.11-win32-x86_64\bin\zip.dll
0x00007ffb9b9c0000 - 0x00007ffb9b9d0000 	C:\Users\Windows\.antigravity-ide\extensions\redhat.java-1.55.0-win32-x64\jre\21.0.11-win32-x86_64\bin\net.dll
0x00007ffba1010000 - 0x00007ffba1139000 	C:\WINDOWS\SYSTEM32\WINHTTP.dll
0x00007ffba98d0000 - 0x00007ffba993c000 	C:\WINDOWS\system32\mswsock.dll
0x00007ffb962f0000 - 0x00007ffb96306000 	C:\Users\Windows\.antigravity-ide\extensions\redhat.java-1.55.0-win32-x64\jre\21.0.11-win32-x86_64\bin\nio.dll
0x00007ffb9adf0000 - 0x00007ffb9ae00000 	c:\Users\Windows\.antigravity-ide\extensions\redhat.java-1.55.0-win32-x64\jre\21.0.11-win32-x86_64\bin\verify.dll

JVMTI agents:
c:\Users\Windows\.antigravity-ide\extensions\redhat.java-1.55.0-win32-x64\lombok\lombok-1.18.39-4050.jar path:c:\Users\Windows\.antigravity-ide\extensions\redhat.java-1.55.0-win32-x64\jre\21.0.11-win32-x86_64\bin\instrument.dll, loaded, initialized, instrumentlib options:none

dbghelp: loaded successfully - version: 4.0.5 - missing functions: none
symbol engine: initialized successfully - sym options: 0x614 - pdb path: .;c:\Users\Windows\.antigravity-ide\extensions\redhat.java-1.55.0-win32-x64\jre\21.0.11-win32-x86_64\bin;C:\WINDOWS\SYSTEM32;C:\WINDOWS\WinSxS\amd64_microsoft.windows.common-controls_6595b64144ccf1df_6.0.26100.8521_none_3e08b75ce33403b3;c:\Users\Windows\.antigravity-ide\extensions\redhat.java-1.55.0-win32-x64\jre\21.0.11-win32-x86_64\bin\server

VM Arguments:
jvm_args: --add-modules=ALL-SYSTEM --add-opens=java.base/java.util=ALL-UNNAMED --add-opens=java.base/java.lang=ALL-UNNAMED --add-opens=java.base/sun.nio.fs=ALL-UNNAMED -Declipse.application=org.eclipse.jdt.ls.core.id1 -Dosgi.bundles.defaultStartLevel=4 -Declipse.product=org.eclipse.jdt.ls.core.product -Djava.import.generatesMetadataFilesAtProjectRoot=false -DDetectVMInstallationsJob.disabled=true -Dfile.encoding=utf8 -XX:+UseParallelGC -XX:GCTimeRatio=4 -XX:AdaptiveSizePolicyWeight=90 -Dsun.zip.disableMemoryMapping=true -Xmx2G -Xms100m -Xlog:disable -javaagent:c:\Users\Windows\.antigravity-ide\extensions\redhat.java-1.55.0-win32-x64\lombok\lombok-1.18.39-4050.jar 
java_command: c:\Users\Windows\.antigravity-ide\extensions\redhat.java-1.55.0-win32-x64\server\plugins\org.eclipse.equinox.launcher_1.7.200.v20260619-2039.jar -configuration c:\Users\Windows\AppData\Roaming\Antigravity IDE\User\globalStorage\redhat.java\1.55.0\config_ss_win -data c:\Users\Windows\AppData\Roaming\Antigravity IDE\User\workspaceStorage\dd797f979bf9da95ab56711e4c6e11a8\redhat.java\ss_ws --pipe=\\.\pipe\lsp-542e2fc701a39a1ad6de21f90ac8a33c-sock
java_class_path (initial): c:\Users\Windows\.antigravity-ide\extensions\redhat.java-1.55.0-win32-x64\server\plugins\org.eclipse.equinox.launcher_1.7.200.v20260619-2039.jar
Launcher Type: SUN_STANDARD

[Global flags]
    uintx AdaptiveSizePolicyWeight                 = 90                                        {product} {command line}
     intx CICompilerCount                          = 4                                         {product} {ergonomic}
    uintx GCTimeRatio                              = 4                                         {product} {command line}
   size_t InitialHeapSize                          = 104857600                                 {product} {command line}
   size_t MaxHeapSize                              = 2147483648                                {product} {command line}
   size_t MaxNewSize                               = 715653120                                 {product} {ergonomic}
   size_t MinHeapDeltaBytes                        = 524288                                    {product} {ergonomic}
   size_t MinHeapSize                              = 104857600                                 {product} {command line}
   size_t NewSize                                  = 34603008                                  {product} {ergonomic}
    uintx NonNMethodCodeHeapSize                   = 5839372                                {pd product} {ergonomic}
    uintx NonProfiledCodeHeapSize                  = 122909434                              {pd product} {ergonomic}
   size_t OldSize                                  = 70254592                                  {product} {ergonomic}
    uintx ProfiledCodeHeapSize                     = 122909434                              {pd product} {ergonomic}
    uintx ReservedCodeCacheSize                    = 251658240                              {pd product} {ergonomic}
     bool SegmentedCodeCache                       = true                                      {product} {ergonomic}
   size_t SoftMaxHeapSize                          = 2147483648                             {manageable} {ergonomic}
     bool UseCompressedOops                        = true                           {product lp64_product} {ergonomic}
     bool UseLargePagesIndividualAllocation        = false                                  {pd product} {ergonomic}
     bool UseParallelGC                            = true                                      {product} {command line}

Logging:
Log output configuration:
 #0: stdout all=off uptime,level,tags foldmultilines=false
 #1: stderr all=off uptime,level,tags foldmultilines=false

Release file:
JAVA_VERSION="21.0.11" 
MODULES="java.base java.compiler java.datatransfer java.xml java.prefs java.desktop java.instrument java.logging java.management java.security.sasl java.naming java.rmi java.management.rmi java.net.http java.scripting java.security.jgss java.transaction.xa java.sql java.sql.rowset java.xml.crypto java.se java.smartcardio jdk.accessibility jdk.internal.jvmstat jdk.attach jdk.charsets jdk.internal.opt jdk.zipfs jdk.compiler jdk.crypto.ec jdk.crypto.cryptoki jdk.crypto.mscapi jdk.dynalink jdk.internal.ed jdk.editpad jdk.hotspot.agent jdk.httpserver jdk.internal.le jdk.internal.vm.ci jdk.internal.vm.compiler jdk.internal.vm.compiler.management jdk.jartool jdk.javadoc jdk.jcmd jdk.management jdk.management.agent jdk.jconsole jdk.jdeps jdk.jdwp.agent jdk.jdi jdk.jfr jdk.jshell jdk.jsobject jdk.jstatd jdk.localedata jdk.management.jfr jdk.naming.dns jdk.naming.rmi jdk.net jdk.nio.mapmode jdk.random jdk.sctp jdk.security.auth jdk.security.jgss jdk.unsupported jdk.unsupported.desktop jdk.xml.dom" 

Environment Variables:
JAVA_HOME=C:\Program Files\Java\jdk-21.0.8
PATH=C:\Program Files\Java\jdk-21.0.8\bin;C:\Program Files\Java\jdk-21.0.8\bin;C:\jdk-21.0.8\bin;C:\WINDOWS\system32;C:\WINDOWS;C:\WINDOWS\System32\Wbem;C:\WINDOWS\System32\WindowsPowerShell\v1.0\;C:\WINDOWS\System32\OpenSSH\;C:\Program Files\nodejs\;D:\xampp\php;C:\ProgramData\ComposerSetup\bin;C:\Program Files\Git\cmd;C:\Program Files\dotnet\;C:\Users\Windows\AppData\Local\Programs\Python\Python314\Scripts\;C:\Users\Windows\AppData\Local\Programs\Python\Python314\;C:\Users\Windows\AppData\Local\Programs\Python\Launcher\;C:\Program Files\Java\jdk-11.0.1\bin;C:\Users\Windows\AppData\Local\Microsoft\WindowsApps;C:\Program Files\JetBrains\IntelliJ IDEA Community Edition 2024.1\bin;C:\Users\Windows\AppData\Local\Programs\Microsoft VS Code\bin;C:\Users\Windows\AppData\Roaming\npm;D:\TV series\Windsurf\bin;C:\Users\Windows\AppData\Roaming\Composer\vendor\bin;C:\jdk-21.0.8\bin;C:\Program Files\apache-maven-3.9.11\bin;C:\glassfish7\bin;;C:\Program Files (x86)\NVIDIA Corporation\PhysX\Common;C:\Users\Windows\AppData\Local\Programs\Python\Python314\Scripts\;C:\Users\Windows\AppData\Local\Programs\Python\Python314\;C:\Users\Windows\AppData\Local\Programs\Python\Launcher\;C:\Program Files\Java\jdk-11.0.1\bin;C:\Users\Windows\AppData\Local\Microsoft\WindowsApps;C:\Program Files\JetBrains\IntelliJ IDEA Community Edition 2024.1\bin;;C:\Users\Windows\AppData\Local\Programs\Microsoft VS Code\bin;C:\Users\Windows\AppData\Roaming\npm;D:\TV series\Windsurf\bin;C:\Users\Windows\AppData\Roaming\Composer\vendor\bin;C:\Program Files\Java\jdk-21.0.8\bin;C:\Users\Windows\AppData\Local\Programs\MiKTeX\miktex\bin\x64\;C:\Users\Windows\AppData\Local\GitHubDesktop\bin;D:\Antigravity IDE\bin;C:\Users\Windows\AppData\Local\Programs\Antigravity IDE\bin
USERNAME=Windows
OS=Windows_NT
PROCESSOR_IDENTIFIER=Intel64 Family 6 Model 141 Stepping 1, GenuineIntel
TMP=C:\Users\Windows\AppData\Local\Temp
TEMP=C:\Users\Windows\AppData\Local\Temp




Periodic native trim disabled

---------------  S Y S T E M  ---------------

OS:
 Windows 11 , 64 bit Build 26100 (10.0.26100.8521)
OS uptime: 4 days 15:20 hours
Hyper-V role detected

CPU: total 12 (initial active 12) (6 cores per cpu, 2 threads per core) family 6 model 141 stepping 1 microcode 0x50, cx8, cmov, fxsr, ht, mmx, 3dnowpref, sse, sse2, sse3, ssse3, sse4.1, sse4.2, popcnt, lzcnt, tsc, tscinvbit, avx, avx2, aes, erms, clmul, bmi1, bmi2, adx, avx512f, avx512dq, avx512cd, avx512bw, avx512vl, sha, fma, vzeroupper, avx512_vpopcntdq, avx512_vpclmulqdq, avx512_vaes, avx512_vnni, clflush, clflushopt, clwb, avx512_vbmi2, avx512_vbmi, hv, rdtscp, rdpid, fsrm, gfni, avx512_bitalg, f16c, cet_ibt, cet_ss, avx512_ifma
Processor Information for the first 12 processors :
  Max Mhz: 2688, Current Mhz: 2688, Mhz Limit: 2688

Memory: 4k page, system-wide physical 7914M (1022M free)
TotalPageFile size 22991M (AvailPageFile size 0M)
current process WorkingSet (physical memory assigned to process): 79M, peak: 79M
current process commit charge ("private bytes"): 243M, peak: 243M

vm_info: OpenJDK 64-Bit Server VM (21.0.11+10-LTS) for windows-amd64 JRE (21.0.11+10-LTS), built on 2026-04-21T00:00:00Z by "admin" with MS VC++ 17.12 (VS2022)

END.
