#
# There is insufficient memory for the Java Runtime Environment to continue.
# Native memory allocation (malloc) failed to allocate 2087904 bytes for Chunk::new
# Possible reasons:
#   The system is out of physical RAM or swap space
#   The process is running with CompressedOops enabled, and the Java Heap may be blocking the growth of the native heap
# Possible solutions:
#   Reduce memory load on the system
#   Increase physical memory or swap space
#   Check if swap backing store is full
#   Decrease Java heap size (-Xmx/-Xms)
#   Decrease number of Java threads
#   Decrease Java thread stack sizes (-Xss)
#   Set larger code cache with -XX:ReservedCodeCacheSize=
#   JVM is running with Unscaled Compressed Oops mode in which the Java heap is
#     placed in the first 4GB address space. The Java Heap base address is the
#     maximum limit for the native heap growth. Please use -XX:HeapBaseMinAddress
#     to set the Java Heap base and to place the Java Heap above 4GB virtual address.
# This output file may be truncated or incomplete.
#
#  Out of Memory Error (arena.cpp:168), pid=4716, tid=30692
#
# JRE version: Java(TM) SE Runtime Environment (21.0.9+7) (build 21.0.9+7-LTS-338)
# Java VM: Java HotSpot(TM) 64-Bit Server VM (21.0.9+7-LTS-338, mixed mode, sharing, tiered, compressed oops, compressed class ptrs, g1 gc, windows-amd64)
# No core dump will be written. Minidumps are not enabled by default on client versions of Windows
#

---------------  S U M M A R Y ------------

Command Line: -javaagent:C:\Program Files\JetBrains\IntelliJ IDEA Community Edition 2024.1\lib\idea_rt.jar=12031:C:\Program Files\JetBrains\IntelliJ IDEA Community Edition 2024.1\bin -Dfile.encoding=UTF-8 -Dsun.stdout.encoding=UTF-8 -Dsun.stderr.encoding=UTF-8 com.redshanflora.redshanflora_backend.RedshanfloraBackendApplication

Host: 11th Gen Intel(R) Core(TM) i5-11400H @ 2.70GHz, 12 cores, 7G,  Windows 11 , 64 bit Build 26100 (10.0.26100.8521)
Time: Sat Jul  4 20:49:55 2026 Sri Lanka Standard Time elapsed time: 282.496232 seconds (0d 0h 4m 42s)

---------------  T H R E A D  ---------------

Current thread (0x00000195f9dae6a0):  JavaThread "C2 CompilerThread0" daemon [_thread_in_native, id=30692, stack(0x0000004554600000,0x0000004554700000) (1024K)]


Current CompileTask:
C2: 282496 10316       4       org.springframework.core.annotation.AnnotationTypeMappings::forAnnotationType (74 bytes)

Stack: [0x0000004554600000,0x0000004554700000]
Native frames: (J=compiled Java code, j=interpreted, Vv=VM code, C=native code)
V  [jvm.dll+0x6cbf89]
V  [jvm.dll+0x858421]
V  [jvm.dll+0x85a94e]
V  [jvm.dll+0x85b023]
V  [jvm.dll+0x27ebc6]
V  [jvm.dll+0xc4f4d]
V  [jvm.dll+0xc5483]
V  [jvm.dll+0x3b69fc]
V  [jvm.dll+0x382925]
V  [jvm.dll+0x381d9a]
V  [jvm.dll+0x247640]
V  [jvm.dll+0x246c1f]
V  [jvm.dll+0x1c7a3e]
V  [jvm.dll+0x256329]
V  [jvm.dll+0x2548ba]
V  [jvm.dll+0x3efdee]
V  [jvm.dll+0x80265b]
V  [jvm.dll+0x6ca66d]
C  [ucrtbase.dll+0x2cd30]
C  [KERNEL32.DLL+0x2e957]
C  [ntdll.dll+0x87c1c]


---------------  P R O C E S S  ---------------

Threads class SMR info:
_java_thread_list=0x00000195feaad8e0, length=30, elements={
0x00000195f9d7d100, 0x00000195f9d81c70, 0x00000195f9d89260, 0x00000195f9d89db0,
0x00000195f9d93920, 0x00000195f9d98f60, 0x00000195f9dae6a0, 0x00000195f9db8f60,
0x00000195f9d995f0, 0x00000195f9d988d0, 0x00000195f9d9a310, 0x00000195f9d97520,
0x00000195d3bebc80, 0x00000195d3bed030, 0x00000195d3bedd50, 0x00000195d3bee3e0,
0x00000195d3beaf60, 0x00000195d3beea70, 0x00000195d3beb5f0, 0x00000195d3bf0b40,
0x00000195d3bf11d0, 0x00000195d3bf1860, 0x00000195d3bf1ef0, 0x00000195d3bf2580,
0x00000195d3bef100, 0x00000195d3befe20, 0x00000195d3bef790, 0x00000195d3bf04b0,
0x00000195d3d773d0, 0x00000195d3d75300
}

Java Threads: ( => current thread )
  0x00000195f9d7d100 JavaThread "Reference Handler"          daemon [_thread_blocked, id=29664, stack(0x0000004554000000,0x0000004554100000) (1024K)]
  0x00000195f9d81c70 JavaThread "Finalizer"                  daemon [_thread_blocked, id=24016, stack(0x0000004554100000,0x0000004554200000) (1024K)]
  0x00000195f9d89260 JavaThread "Signal Dispatcher"          daemon [_thread_blocked, id=11376, stack(0x0000004554200000,0x0000004554300000) (1024K)]
  0x00000195f9d89db0 JavaThread "Attach Listener"            daemon [_thread_blocked, id=27560, stack(0x0000004554300000,0x0000004554400000) (1024K)]
  0x00000195f9d93920 JavaThread "Service Thread"             daemon [_thread_blocked, id=15260, stack(0x0000004554400000,0x0000004554500000) (1024K)]
  0x00000195f9d98f60 JavaThread "Monitor Deflation Thread"   daemon [_thread_blocked, id=10564, stack(0x0000004554500000,0x0000004554600000) (1024K)]
=>0x00000195f9dae6a0 JavaThread "C2 CompilerThread0"         daemon [_thread_in_native, id=30692, stack(0x0000004554600000,0x0000004554700000) (1024K)]
  0x00000195f9db8f60 JavaThread "C1 CompilerThread0"         daemon [_thread_in_vm, id=6744, stack(0x0000004554700000,0x0000004554800000) (1024K)]
  0x00000195f9d995f0 JavaThread "Common-Cleaner"             daemon [_thread_blocked, id=4928, stack(0x0000004554800000,0x0000004554900000) (1024K)]
  0x00000195f9d988d0 JavaThread "Monitor Ctrl-Break"         daemon [_thread_in_native, id=1696, stack(0x0000004554900000,0x0000004554a00000) (1024K)]
  0x00000195f9d9a310 JavaThread "Notification Thread"        daemon [_thread_blocked, id=31716, stack(0x0000004554a00000,0x0000004554b00000) (1024K)]
  0x00000195f9d97520 JavaThread "Cleaner-0"                  daemon [_thread_blocked, id=7288, stack(0x0000004555a00000,0x0000004555b00000) (1024K)]
  0x00000195d3bebc80 JavaThread "HikariPool-1:housekeeper"   daemon [_thread_blocked, id=28508, stack(0x0000004555b00000,0x0000004555c00000) (1024K)]
  0x00000195d3bed030 JavaThread "Catalina-utility-1"                [_thread_blocked, id=28908, stack(0x0000004555d00000,0x0000004555e00000) (1024K)]
  0x00000195d3bedd50 JavaThread "Catalina-utility-2"                [_thread_blocked, id=14940, stack(0x0000004555e00000,0x0000004555f00000) (1024K)]
  0x00000195d3bee3e0 JavaThread "container-0"                       [_thread_blocked, id=26872, stack(0x0000004555f00000,0x0000004556000000) (1024K)]
  0x00000195d3beaf60 JavaThread "File Watcher"               daemon [_thread_blocked, id=30912, stack(0x0000004556000000,0x0000004556100000) (1024K)]
  0x00000195d3beea70 JavaThread "http-nio-8080-exec-1"       daemon [_thread_blocked, id=33744, stack(0x0000004556100000,0x0000004556200000) (1024K)]
  0x00000195d3beb5f0 JavaThread "http-nio-8080-exec-2"       daemon [_thread_blocked, id=15136, stack(0x0000004556200000,0x0000004556300000) (1024K)]
  0x00000195d3bf0b40 JavaThread "http-nio-8080-exec-3"       daemon [_thread_blocked, id=29608, stack(0x0000004556300000,0x0000004556400000) (1024K)]
  0x00000195d3bf11d0 JavaThread "http-nio-8080-exec-4"       daemon [_thread_blocked, id=6840, stack(0x0000004556400000,0x0000004556500000) (1024K)]
  0x00000195d3bf1860 JavaThread "http-nio-8080-exec-5"       daemon [_thread_blocked, id=8020, stack(0x0000004556500000,0x0000004556600000) (1024K)]
  0x00000195d3bf1ef0 JavaThread "http-nio-8080-exec-6"       daemon [_thread_blocked, id=32740, stack(0x0000004556600000,0x0000004556700000) (1024K)]
  0x00000195d3bf2580 JavaThread "http-nio-8080-exec-7"       daemon [_thread_blocked, id=13444, stack(0x0000004556700000,0x0000004556800000) (1024K)]
  0x00000195d3bef100 JavaThread "http-nio-8080-exec-8"       daemon [_thread_in_Java, id=11124, stack(0x0000004556800000,0x0000004556900000) (1024K)]
  0x00000195d3befe20 JavaThread "http-nio-8080-exec-9"       daemon [_thread_blocked, id=14572, stack(0x0000004556900000,0x0000004556a00000) (1024K)]
  0x00000195d3bef790 JavaThread "http-nio-8080-exec-10"      daemon [_thread_blocked, id=29752, stack(0x0000004556a00000,0x0000004556b00000) (1024K)]
  0x00000195d3bf04b0 JavaThread "http-nio-8080-Poller"       daemon [_thread_in_native, id=13960, stack(0x0000004556b00000,0x0000004556c00000) (1024K)]
  0x00000195d3d773d0 JavaThread "http-nio-8080-Acceptor"     daemon [_thread_in_native, id=17808, stack(0x0000004556c00000,0x0000004556d00000) (1024K)]
  0x00000195d3d75300 JavaThread "DestroyJavaVM"                     [_thread_blocked, id=31984, stack(0x0000004553800000,0x0000004553900000) (1024K)]
Total: 30

Other Threads:
  0x00000195f9d65910 VMThread "VM Thread"                           [id=23024, stack(0x0000004553f00000,0x0000004554000000) (1024K)]
  0x00000195f9d52410 WatcherThread "VM Periodic Task Thread"        [id=30676, stack(0x0000004553e00000,0x0000004553f00000) (1024K)]
  0x00000195ec0caba0 WorkerThread "GC Thread#0"                     [id=11840, stack(0x0000004553900000,0x0000004553a00000) (1024K)]
  0x00000195fee1a110 WorkerThread "GC Thread#1"                     [id=16264, stack(0x0000004554b00000,0x0000004554c00000) (1024K)]
  0x00000195fe71f050 WorkerThread "GC Thread#2"                     [id=25036, stack(0x0000004554c00000,0x0000004554d00000) (1024K)]
  0x00000195fe71f400 WorkerThread "GC Thread#3"                     [id=10472, stack(0x0000004554d00000,0x0000004554e00000) (1024K)]
  0x00000195fe71f7b0 WorkerThread "GC Thread#4"                     [id=28072, stack(0x0000004554e00000,0x0000004554f00000) (1024K)]
  0x00000195fee5a200 WorkerThread "GC Thread#5"                     [id=20304, stack(0x0000004554f00000,0x0000004555000000) (1024K)]
  0x00000195ff286fa0 WorkerThread "GC Thread#6"                     [id=9348, stack(0x0000004555300000,0x0000004555400000) (1024K)]
  0x00000195ff287750 WorkerThread "GC Thread#7"                     [id=4292, stack(0x0000004555400000,0x0000004555500000) (1024K)]
  0x00000195feed2ae0 WorkerThread "GC Thread#8"                     [id=21260, stack(0x0000004555500000,0x0000004555600000) (1024K)]
  0x00000195feed2e90 WorkerThread "GC Thread#9"                     [id=26648, stack(0x0000004555600000,0x0000004555700000) (1024K)]
  0x00000195ec0dda30 ConcurrentGCThread "G1 Main Marker"            [id=26620, stack(0x0000004553a00000,0x0000004553b00000) (1024K)]
  0x00000195ec0de540 WorkerThread "G1 Conc#0"                       [id=31560, stack(0x0000004553b00000,0x0000004553c00000) (1024K)]
  0x00000195ff511cf0 WorkerThread "G1 Conc#1"                       [id=3488, stack(0x0000004555800000,0x0000004555900000) (1024K)]
  0x00000195ffbcebe0 WorkerThread "G1 Conc#2"                       [id=19964, stack(0x0000004555900000,0x0000004555a00000) (1024K)]
  0x00000195f9c219e0 ConcurrentGCThread "G1 Refine#0"               [id=10576, stack(0x0000004553c00000,0x0000004553d00000) (1024K)]
  0x00000195f9c22210 ConcurrentGCThread "G1 Service"                [id=4144, stack(0x0000004553d00000,0x0000004553e00000) (1024K)]
Total: 18

Threads with active compile tasks:
C2 CompilerThread0   282670 10316       4       org.springframework.core.annotation.AnnotationTypeMappings::forAnnotationType (74 bytes)
C1 CompilerThread0   282670 10369   !   3       org.apache.catalina.connector.Request::doGetSession (516 bytes)
Total: 2

VM state: not at safepoint (normal execution)

VM Mutex/Monitor currently owned by a thread: None

Heap address: 0x0000000084400000, size: 1980 MB, Compressed Oops mode: 32-bit

CDS archive(s) mapped at: [0x000001958f000000-0x000001958fc90000-0x000001958fc90000), size 13172736, SharedBaseAddress: 0x000001958f000000, ArchiveRelocationMode: 1.
Compressed class space mapped at: 0x0000019590000000-0x00000195d0000000, reserved size: 1073741824
Narrow klass base: 0x000001958f000000, Narrow klass shift: 0, Narrow klass range: 0x100000000

GC Precious Log:
 CardTable entry size: 512
 Card Set container configuration: InlinePtr #cards 5 size 8 Array Of Cards #cards 12 size 40 Howl #buckets 4 coarsen threshold 1843 Howl Bitmap #cards 512 size 80 coarsen threshold 460 Card regions per heap region 1 cards per card region 2048
 CPUs: 12 total, 12 available
 Memory: 7914M
 Large Page Support: Disabled
 NUMA Support: Disabled
 Compressed Oops: Enabled (32-bit)
 Heap Region Size: 1M
 Heap Min Capacity: 8M
 Heap Initial Capacity: 124M
 Heap Max Capacity: 1980M
 Pre-touch: Disabled
 Parallel Workers: 10
 Concurrent Workers: 3
 Concurrent Refinement Workers: 10
 Periodic GC: Disabled

Heap:
 garbage-first heap   total 73728K, used 64287K [0x0000000084400000, 0x0000000100000000)
  region size 1024K, 27 young (27648K), 2 survivors (2048K)
 Metaspace       used 90992K, committed 91968K, reserved 1179648K
  class space    used 12287K, committed 12736K, reserved 1048576K

Heap Regions: E=young(eden), S=young(survivor), O=old, HS=humongous(starts), HC=humongous(continues), CS=collection set, F=free, TAMS=top-at-mark-start, PB=parsable bottom
|   0|0x0000000084400000, 0x0000000084500000, 0x0000000084500000|100%|HS|  |TAMS 0x0000000084400000| PB 0x0000000084400000| Complete 
|   1|0x0000000084500000, 0x0000000084600000, 0x0000000084600000|100%| O|  |TAMS 0x0000000084500000| PB 0x0000000084500000| Untracked 
|   2|0x0000000084600000, 0x0000000084700000, 0x0000000084700000|100%| O|  |TAMS 0x0000000084600000| PB 0x0000000084600000| Untracked 
|   3|0x0000000084700000, 0x0000000084800000, 0x0000000084800000|100%| O|  |TAMS 0x0000000084700000| PB 0x0000000084700000| Untracked 
|   4|0x0000000084800000, 0x0000000084900000, 0x0000000084900000|100%| O|  |TAMS 0x0000000084800000| PB 0x0000000084800000| Untracked 
|   5|0x0000000084900000, 0x0000000084a00000, 0x0000000084a00000|100%| O|  |TAMS 0x0000000084900000| PB 0x0000000084900000| Untracked 
|   6|0x0000000084a00000, 0x0000000084b00000, 0x0000000084b00000|100%| O|  |TAMS 0x0000000084a00000| PB 0x0000000084a00000| Untracked 
|   7|0x0000000084b00000, 0x0000000084c00000, 0x0000000084c00000|100%| O|  |TAMS 0x0000000084b00000| PB 0x0000000084b00000| Untracked 
|   8|0x0000000084c00000, 0x0000000084d00000, 0x0000000084d00000|100%| O|  |TAMS 0x0000000084c00000| PB 0x0000000084c00000| Untracked 
|   9|0x0000000084d00000, 0x0000000084e00000, 0x0000000084e00000|100%| O|  |TAMS 0x0000000084d00000| PB 0x0000000084d00000| Untracked 
|  10|0x0000000084e00000, 0x0000000084f00000, 0x0000000084f00000|100%| O|  |TAMS 0x0000000084e00000| PB 0x0000000084e00000| Untracked 
|  11|0x0000000084f00000, 0x0000000085000000, 0x0000000085000000|100%| O|  |TAMS 0x0000000084f00000| PB 0x0000000084f00000| Untracked 
|  12|0x0000000085000000, 0x0000000085100000, 0x0000000085100000|100%| O|Cm|TAMS 0x0000000085000000| PB 0x0000000085000000| Complete 
|  13|0x0000000085100000, 0x0000000085200000, 0x0000000085200000|100%| O|  |TAMS 0x0000000085100000| PB 0x0000000085100000| Untracked 
|  14|0x0000000085200000, 0x0000000085300000, 0x0000000085300000|100%| O|  |TAMS 0x0000000085200000| PB 0x0000000085200000| Untracked 
|  15|0x0000000085300000, 0x0000000085400000, 0x0000000085400000|100%| O|  |TAMS 0x0000000085300000| PB 0x0000000085300000| Untracked 
|  16|0x0000000085400000, 0x0000000085500000, 0x0000000085500000|100%| O|  |TAMS 0x0000000085400000| PB 0x0000000085400000| Untracked 
|  17|0x0000000085500000, 0x0000000085600000, 0x0000000085600000|100%| O|  |TAMS 0x0000000085500000| PB 0x0000000085500000| Untracked 
|  18|0x0000000085600000, 0x0000000085600000, 0x0000000085700000|  0%| F|  |TAMS 0x0000000085600000| PB 0x0000000085600000| Untracked 
|  19|0x0000000085700000, 0x0000000085800000, 0x0000000085800000|100%| O|  |TAMS 0x0000000085700000| PB 0x0000000085700000| Untracked 
|  20|0x0000000085800000, 0x0000000085900000, 0x0000000085900000|100%| O|  |TAMS 0x0000000085800000| PB 0x0000000085800000| Untracked 
|  21|0x0000000085900000, 0x0000000085a00000, 0x0000000085a00000|100%| O|  |TAMS 0x0000000085900000| PB 0x0000000085900000| Untracked 
|  22|0x0000000085a00000, 0x0000000085b00000, 0x0000000085b00000|100%| O|  |TAMS 0x0000000085a00000| PB 0x0000000085a00000| Untracked 
|  23|0x0000000085b00000, 0x0000000085c00000, 0x0000000085c00000|100%| O|  |TAMS 0x0000000085b00000| PB 0x0000000085b00000| Untracked 
|  24|0x0000000085c00000, 0x0000000085d00000, 0x0000000085d00000|100%| O|  |TAMS 0x0000000085c00000| PB 0x0000000085c00000| Untracked 
|  25|0x0000000085d00000, 0x0000000085e00000, 0x0000000085e00000|100%| O|  |TAMS 0x0000000085d00000| PB 0x0000000085d00000| Untracked 
|  26|0x0000000085e00000, 0x0000000085f00000, 0x0000000085f00000|100%| O|  |TAMS 0x0000000085e00000| PB 0x0000000085e00000| Untracked 
|  27|0x0000000085f00000, 0x0000000086000000, 0x0000000086000000|100%| O|  |TAMS 0x0000000085f00000| PB 0x0000000085f00000| Untracked 
|  28|0x0000000086000000, 0x0000000086100000, 0x0000000086100000|100%| O|  |TAMS 0x0000000086000000| PB 0x0000000086000000| Untracked 
|  29|0x0000000086100000, 0x0000000086200000, 0x0000000086200000|100%| O|  |TAMS 0x0000000086100000| PB 0x0000000086100000| Untracked 
|  30|0x0000000086200000, 0x0000000086300000, 0x0000000086300000|100%| O|  |TAMS 0x0000000086200000| PB 0x0000000086200000| Untracked 
|  31|0x0000000086300000, 0x0000000086300000, 0x0000000086400000|  0%| F|  |TAMS 0x0000000086300000| PB 0x0000000086300000| Untracked 
|  32|0x0000000086400000, 0x0000000086500000, 0x0000000086500000|100%| O|Cm|TAMS 0x0000000086400000| PB 0x0000000086400000| Complete 
|  33|0x0000000086500000, 0x000000008655ffe8, 0x0000000086600000| 37%| O|  |TAMS 0x0000000086500000| PB 0x0000000086500000| Untracked 
|  34|0x0000000086600000, 0x0000000086700000, 0x0000000086700000|100%| O|  |TAMS 0x0000000086600000| PB 0x0000000086600000| Untracked 
|  35|0x0000000086700000, 0x0000000086800000, 0x0000000086800000|100%| O|  |TAMS 0x0000000086700000| PB 0x0000000086700000| Untracked 
|  36|0x0000000086800000, 0x0000000086800000, 0x0000000086900000|  0%| F|  |TAMS 0x0000000086800000| PB 0x0000000086800000| Untracked 
|  37|0x0000000086900000, 0x0000000086900000, 0x0000000086a00000|  0%| F|  |TAMS 0x0000000086900000| PB 0x0000000086900000| Untracked 
|  38|0x0000000086a00000, 0x0000000086b00000, 0x0000000086b00000|100%| O|  |TAMS 0x0000000086a00000| PB 0x0000000086a00000| Untracked 
|  39|0x0000000086b00000, 0x0000000086b00000, 0x0000000086c00000|  0%| F|  |TAMS 0x0000000086b00000| PB 0x0000000086b00000| Untracked 
|  40|0x0000000086c00000, 0x0000000086c67db0, 0x0000000086d00000| 40%| S|CS|TAMS 0x0000000086c00000| PB 0x0000000086c00000| Complete 
|  41|0x0000000086d00000, 0x0000000086d00000, 0x0000000086e00000|  0%| F|  |TAMS 0x0000000086d00000| PB 0x0000000086d00000| Untracked 
|  42|0x0000000086e00000, 0x0000000086e00000, 0x0000000086f00000|  0%| F|  |TAMS 0x0000000086e00000| PB 0x0000000086e00000| Untracked 
|  43|0x0000000086f00000, 0x0000000087000000, 0x0000000087000000|100%| S|CS|TAMS 0x0000000086f00000| PB 0x0000000086f00000| Complete 
|  44|0x0000000087000000, 0x00000000870f8a78, 0x0000000087100000| 97%| E|  |TAMS 0x0000000087000000| PB 0x0000000087000000| Complete 
|  45|0x0000000087100000, 0x0000000087200000, 0x0000000087200000|100%| E|CS|TAMS 0x0000000087100000| PB 0x0000000087100000| Complete 
|  46|0x0000000087200000, 0x0000000087300000, 0x0000000087300000|100%| E|CS|TAMS 0x0000000087200000| PB 0x0000000087200000| Complete 
|  47|0x0000000087300000, 0x0000000087400000, 0x0000000087400000|100%| E|CS|TAMS 0x0000000087300000| PB 0x0000000087300000| Complete 
|  48|0x0000000087400000, 0x0000000087500000, 0x0000000087500000|100%| E|CS|TAMS 0x0000000087400000| PB 0x0000000087400000| Complete 
|  49|0x0000000087500000, 0x0000000087600000, 0x0000000087600000|100%| E|CS|TAMS 0x0000000087500000| PB 0x0000000087500000| Complete 
|  50|0x0000000087600000, 0x0000000087700000, 0x0000000087700000|100%| E|CS|TAMS 0x0000000087600000| PB 0x0000000087600000| Complete 
|  51|0x0000000087700000, 0x0000000087800000, 0x0000000087800000|100%| E|CS|TAMS 0x0000000087700000| PB 0x0000000087700000| Complete 
|  52|0x0000000087800000, 0x0000000087900000, 0x0000000087900000|100%| E|CS|TAMS 0x0000000087800000| PB 0x0000000087800000| Complete 
|  53|0x0000000087900000, 0x0000000087a00000, 0x0000000087a00000|100%| E|CS|TAMS 0x0000000087900000| PB 0x0000000087900000| Complete 
|  54|0x0000000087a00000, 0x0000000087b00000, 0x0000000087b00000|100%| E|CS|TAMS 0x0000000087a00000| PB 0x0000000087a00000| Complete 
|  55|0x0000000087b00000, 0x0000000087c00000, 0x0000000087c00000|100%| E|CS|TAMS 0x0000000087b00000| PB 0x0000000087b00000| Complete 
|  56|0x0000000087c00000, 0x0000000087d00000, 0x0000000087d00000|100%| E|CS|TAMS 0x0000000087c00000| PB 0x0000000087c00000| Complete 
|  57|0x0000000087d00000, 0x0000000087e00000, 0x0000000087e00000|100%| E|CS|TAMS 0x0000000087d00000| PB 0x0000000087d00000| Complete 
|  58|0x0000000087e00000, 0x0000000087f00000, 0x0000000087f00000|100%| E|CS|TAMS 0x0000000087e00000| PB 0x0000000087e00000| Complete 
|  59|0x0000000087f00000, 0x0000000088000000, 0x0000000088000000|100%| E|CS|TAMS 0x0000000087f00000| PB 0x0000000087f00000| Complete 
|  60|0x0000000088000000, 0x0000000088100000, 0x0000000088100000|100%| E|CS|TAMS 0x0000000088000000| PB 0x0000000088000000| Complete 
|  61|0x0000000088100000, 0x0000000088200000, 0x0000000088200000|100%| E|CS|TAMS 0x0000000088100000| PB 0x0000000088100000| Complete 
|  80|0x0000000089400000, 0x0000000089500000, 0x0000000089500000|100%| E|CS|TAMS 0x0000000089400000| PB 0x0000000089400000| Complete 
|  81|0x0000000089500000, 0x0000000089600000, 0x0000000089600000|100%| E|CS|TAMS 0x0000000089500000| PB 0x0000000089500000| Complete 
|  82|0x0000000089600000, 0x0000000089700000, 0x0000000089700000|100%| E|CS|TAMS 0x0000000089600000| PB 0x0000000089600000| Complete 
|  83|0x0000000089700000, 0x0000000089800000, 0x0000000089800000|100%| E|CS|TAMS 0x0000000089700000| PB 0x0000000089700000| Complete 
|  84|0x0000000089800000, 0x0000000089900000, 0x0000000089900000|100%| E|CS|TAMS 0x0000000089800000| PB 0x0000000089800000| Complete 
|  85|0x0000000089900000, 0x0000000089a00000, 0x0000000089a00000|100%| E|CS|TAMS 0x0000000089900000| PB 0x0000000089900000| Complete 
| 123|0x000000008bf00000, 0x000000008c000000, 0x000000008c000000|100%| E|CS|TAMS 0x000000008bf00000| PB 0x000000008bf00000| Complete 
|1977|0x00000000ffd00000, 0x00000000ffe00000, 0x00000000ffe00000|100%| O|  |TAMS 0x00000000ffd00000| PB 0x00000000ffd00000| Untracked 
|1978|0x00000000ffe00000, 0x00000000fff00000, 0x00000000fff00000|100%| O|  |TAMS 0x00000000ffe00000| PB 0x00000000ffe00000| Untracked 
|1979|0x00000000fff00000, 0x0000000100000000, 0x0000000100000000|100%| O|  |TAMS 0x00000000fff00000| PB 0x00000000fff00000| Untracked 

Card table byte_map: [0x00000195f4e40000,0x00000195f5220000] _byte_map_base: 0x00000195f4a1e000

Marking Bits: (CMBitMap*) 0x00000195ec0cb2b0
 Bits: [0x00000195f5220000, 0x00000195f7110000)

Polling page: 0x00000195e9df0000

Metaspace:

Usage:
  Non-class:     76.86 MB used.
      Class:     12.00 MB used.
       Both:     88.86 MB used.

Virtual space:
  Non-class space:      128.00 MB reserved,      77.38 MB ( 60%) committed,  2 nodes.
      Class space:        1.00 GB reserved,      12.44 MB (  1%) committed,  1 nodes.
             Both:        1.12 GB reserved,      89.81 MB (  8%) committed. 

Chunk freelists:
   Non-Class:  2.61 MB
       Class:  3.53 MB
        Both:  6.14 MB

MaxMetaspaceSize: unlimited
CompressedClassSpaceSize: 1.00 GB
Initial GC threshold: 21.00 MB
Current GC threshold: 149.00 MB
CDS: on
 - commit_granule_bytes: 65536.
 - commit_granule_words: 8192.
 - virtual_space_node_default_size: 8388608.
 - enlarge_chunks_in_place: 1.
 - use_allocation_guard: 0.


Internal statistics:

num_allocs_failed_limit: 12.
num_arena_births: 1338.
num_arena_deaths: 14.
num_vsnodes_births: 3.
num_vsnodes_deaths: 0.
num_space_committed: 1437.
num_space_uncommitted: 0.
num_chunks_returned_to_freelist: 33.
num_chunks_taken_from_freelist: 4833.
num_chunk_merges: 16.
num_chunk_splits: 3432.
num_chunks_enlarged: 2632.
num_inconsistent_stats: 0.

CodeHeap 'non-profiled nmethods': size=120000Kb used=5101Kb max_used=5498Kb free=114899Kb
 bounds [0x0000019587ad0000, 0x0000019588030000, 0x000001958f000000]
CodeHeap 'profiled nmethods': size=120000Kb used=16302Kb max_used=16302Kb free=103697Kb
 bounds [0x0000019580000000, 0x0000019580ff0000, 0x0000019587530000]
CodeHeap 'non-nmethods': size=5760Kb used=1970Kb max_used=2019Kb free=3790Kb
 bounds [0x0000019587530000, 0x00000195877a0000, 0x0000019587ad0000]
 total_blobs=9786 nmethods=9022 adapters=667
 compilation: enabled
              stopped_count=0, restarted_count=0
 full_count=0

Compilation events (20 events):
Event: 281.338 Thread 0x00000195f9db8f60 10333       1       org.springframework.web.util.UriComponents::getScheme (5 bytes)
Event: 281.338 Thread 0x00000195f9db8f60 nmethod 10333 0x0000019587bc2f90 code [0x0000019587bc3120, 0x0000019587bc31e8]
Event: 281.338 Thread 0x00000195f9db8f60 10331       1       org.springframework.web.util.RfcUriParser$UriRecord::isOpaque (5 bytes)
Event: 281.339 Thread 0x00000195f9db8f60 nmethod 10331 0x0000019587bc2c90 code [0x0000019587bc2e20, 0x0000019587bc2ef0]
Event: 281.339 Thread 0x00000195f9db8f60 10332       1       org.springframework.web.util.RfcUriParser$UriRecord::path (5 bytes)
Event: 281.339 Thread 0x00000195f9db8f60 nmethod 10332 0x0000019587bc2990 code [0x0000019587bc2b20, 0x0000019587bc2be8]
Event: 281.339 Thread 0x00000195f9db8f60 10330       1       org.apache.catalina.core.ApplicationFilterChain::setDispatcherWrapsSameObject (6 bytes)
Event: 281.339 Thread 0x00000195f9db8f60 nmethod 10330 0x0000019587bc2690 code [0x0000019587bc2820, 0x0000019587bc28f0]
Event: 281.339 Thread 0x00000195f9db8f60 10337       1       java.time.Instant::getNano (5 bytes)
Event: 281.340 Thread 0x00000195f9db8f60 nmethod 10337 0x0000019587bc2390 code [0x0000019587bc2520, 0x0000019587bc25e8]
Event: 281.340 Thread 0x00000195f9db8f60 10342       1       org.apache.tomcat.util.net.AbstractEndpoint::getUseSendfile (5 bytes)
Event: 281.340 Thread 0x00000195f9db8f60 nmethod 10342 0x0000019587bc2090 code [0x0000019587bc2220, 0x0000019587bc22f0]
Event: 281.341 Thread 0x00000195f9db8f60 10339       1       org.hibernate.query.internal.QueryOptionsImpl::getTimeout (5 bytes)
Event: 281.342 Thread 0x00000195f9db8f60 nmethod 10339 0x0000019587bc1d90 code [0x0000019587bc1f20, 0x0000019587bc1fe8]
Event: 281.343 Thread 0x00000195f9db8f60 10340       1       org.hibernate.query.sqm.internal.SqmJdbcExecutionContextAdapter::hasQueryExecutionToBeAddedToStatistics (2 bytes)
Event: 281.343 Thread 0x00000195f9db8f60 nmethod 10340 0x0000019587bc1a90 code [0x0000019587bc1c20, 0x0000019587bc1ce8]
Event: 281.343 Thread 0x00000195f9db8f60 10341       1       org.hibernate.query.internal.QueryOptionsImpl::getResultListTransformer (5 bytes)
Event: 281.345 Thread 0x00000195f9db8f60 nmethod 10341 0x0000019587bc1790 code [0x0000019587bc1920, 0x0000019587bc19e8]
Event: 281.345 Thread 0x00000195f9db8f60 10343       1       org.apache.coyote.http11.filters.VoidInputFilter::end (2 bytes)
Event: 281.345 Thread 0x00000195f9db8f60 nmethod 10343 0x0000019587bc1490 code [0x0000019587bc1620, 0x0000019587bc16f0]

GC Heap History (20 events):
Event: 5.472 GC heap before
{Heap before GC invocations=13 (full 0):
 garbage-first heap   total 61440K, used 54477K [0x0000000084400000, 0x0000000100000000)
  region size 1024K, 29 young (29696K), 3 survivors (3072K)
 Metaspace       used 64468K, committed 65216K, reserved 1114112K
  class space    used 8639K, committed 8960K, reserved 1048576K
}
Event: 5.474 GC heap after
{Heap after GC invocations=14 (full 0):
 garbage-first heap   total 61440K, used 28306K [0x0000000084400000, 0x0000000100000000)
  region size 1024K, 2 young (2048K), 2 survivors (2048K)
 Metaspace       used 64468K, committed 65216K, reserved 1114112K
  class space    used 8639K, committed 8960K, reserved 1048576K
}
Event: 5.838 GC heap before
{Heap before GC invocations=14 (full 0):
 garbage-first heap   total 61440K, used 54930K [0x0000000084400000, 0x0000000100000000)
  region size 1024K, 28 young (28672K), 2 survivors (2048K)
 Metaspace       used 69573K, committed 70272K, reserved 1114112K
  class space    used 9389K, committed 9728K, reserved 1048576K
}
Event: 5.841 GC heap after
{Heap after GC invocations=15 (full 0):
 garbage-first heap   total 61440K, used 30028K [0x0000000084400000, 0x0000000100000000)
  region size 1024K, 4 young (4096K), 4 survivors (4096K)
 Metaspace       used 69573K, committed 70272K, reserved 1114112K
  class space    used 9389K, committed 9728K, reserved 1048576K
}
Event: 6.195 GC heap before
{Heap before GC invocations=15 (full 0):
 garbage-first heap   total 61440K, used 52556K [0x0000000084400000, 0x0000000100000000)
  region size 1024K, 27 young (27648K), 4 survivors (4096K)
 Metaspace       used 73094K, committed 73856K, reserved 1114112K
  class space    used 9758K, committed 10112K, reserved 1048576K
}
Event: 6.198 GC heap after
{Heap after GC invocations=16 (full 0):
 garbage-first heap   total 61440K, used 32032K [0x0000000084400000, 0x0000000100000000)
  region size 1024K, 4 young (4096K), 4 survivors (4096K)
 Metaspace       used 73094K, committed 73856K, reserved 1114112K
  class space    used 9758K, committed 10112K, reserved 1048576K
}
Event: 6.508 GC heap before
{Heap before GC invocations=16 (full 0):
 garbage-first heap   total 61440K, used 53536K [0x0000000084400000, 0x0000000100000000)
  region size 1024K, 25 young (25600K), 4 survivors (4096K)
 Metaspace       used 75080K, committed 75904K, reserved 1179648K
  class space    used 10041K, committed 10432K, reserved 1048576K
}
Event: 6.512 GC heap after
{Heap after GC invocations=17 (full 0):
 garbage-first heap   total 61440K, used 33531K [0x0000000084400000, 0x0000000100000000)
  region size 1024K, 4 young (4096K), 4 survivors (4096K)
 Metaspace       used 75080K, committed 75904K, reserved 1179648K
  class space    used 10041K, committed 10432K, reserved 1048576K
}
Event: 6.948 GC heap before
{Heap before GC invocations=18 (full 0):
 garbage-first heap   total 61440K, used 52987K [0x0000000084400000, 0x0000000100000000)
  region size 1024K, 23 young (23552K), 4 survivors (4096K)
 Metaspace       used 77293K, committed 78080K, reserved 1179648K
  class space    used 10378K, committed 10752K, reserved 1048576K
}
Event: 6.951 GC heap after
{Heap after GC invocations=19 (full 0):
 garbage-first heap   total 61440K, used 35191K [0x0000000084400000, 0x0000000100000000)
  region size 1024K, 3 young (3072K), 3 survivors (3072K)
 Metaspace       used 77293K, committed 78080K, reserved 1179648K
  class space    used 10378K, committed 10752K, reserved 1048576K
}
Event: 13.257 GC heap before
{Heap before GC invocations=19 (full 0):
 garbage-first heap   total 61440K, used 54647K [0x0000000084400000, 0x0000000100000000)
  region size 1024K, 22 young (22528K), 3 survivors (3072K)
 Metaspace       used 80982K, committed 81728K, reserved 1179648K
  class space    used 10876K, committed 11200K, reserved 1048576K
}
Event: 13.272 GC heap after
{Heap after GC invocations=20 (full 0):
 garbage-first heap   total 61440K, used 36841K [0x0000000084400000, 0x0000000100000000)
  region size 1024K, 2 young (2048K), 2 survivors (2048K)
 Metaspace       used 80982K, committed 81728K, reserved 1179648K
  class space    used 10876K, committed 11200K, reserved 1048576K
}
Event: 13.852 GC heap before
{Heap before GC invocations=20 (full 0):
 garbage-first heap   total 61440K, used 56297K [0x0000000084400000, 0x0000000100000000)
  region size 1024K, 21 young (21504K), 2 survivors (2048K)
 Metaspace       used 85122K, committed 85952K, reserved 1179648K
  class space    used 11572K, committed 11904K, reserved 1048576K
}
Event: 13.858 GC heap after
{Heap after GC invocations=21 (full 0):
 garbage-first heap   total 61440K, used 39106K [0x0000000084400000, 0x0000000100000000)
  region size 1024K, 3 young (3072K), 3 survivors (3072K)
 Metaspace       used 85122K, committed 85952K, reserved 1179648K
  class space    used 11572K, committed 11904K, reserved 1048576K
}
Event: 14.377 GC heap before
{Heap before GC invocations=22 (full 0):
 garbage-first heap   total 73728K, used 51394K [0x0000000084400000, 0x0000000100000000)
  region size 1024K, 16 young (16384K), 3 survivors (3072K)
 Metaspace       used 87967K, committed 88896K, reserved 1179648K
  class space    used 12031K, committed 12480K, reserved 1048576K
}
Event: 14.381 GC heap after
{Heap after GC invocations=23 (full 0):
 garbage-first heap   total 73728K, used 39979K [0x0000000084400000, 0x0000000100000000)
  region size 1024K, 1 young (1024K), 1 survivors (1024K)
 Metaspace       used 87967K, committed 88896K, reserved 1179648K
  class space    used 12031K, committed 12480K, reserved 1048576K
}
Event: 72.710 GC heap before
{Heap before GC invocations=23 (full 0):
 garbage-first heap   total 73728K, used 64555K [0x0000000084400000, 0x0000000100000000)
  region size 1024K, 26 young (26624K), 1 survivors (1024K)
 Metaspace       used 90031K, committed 90944K, reserved 1179648K
  class space    used 12265K, committed 12672K, reserved 1048576K
}
Event: 72.773 GC heap after
{Heap after GC invocations=24 (full 0):
 garbage-first heap   total 73728K, used 39449K [0x0000000084400000, 0x0000000100000000)
  region size 1024K, 2 young (2048K), 2 survivors (2048K)
 Metaspace       used 90031K, committed 90944K, reserved 1179648K
  class space    used 12265K, committed 12672K, reserved 1048576K
}
Event: 171.937 GC heap before
{Heap before GC invocations=24 (full 0):
 garbage-first heap   total 73728K, used 65049K [0x0000000084400000, 0x0000000100000000)
  region size 1024K, 27 young (27648K), 2 survivors (2048K)
 Metaspace       used 90554K, committed 91520K, reserved 1179648K
  class space    used 12283K, committed 12736K, reserved 1048576K
}
Event: 172.009 GC heap after
{Heap after GC invocations=25 (full 0):
 garbage-first heap   total 73728K, used 39711K [0x0000000084400000, 0x0000000100000000)
  region size 1024K, 2 young (2048K), 2 survivors (2048K)
 Metaspace       used 90554K, committed 91520K, reserved 1179648K
  class space    used 12283K, committed 12736K, reserved 1048576K
}

Dll operation events (13 events):
Event: 0.014 Loaded shared library C:\Program Files\Java\jdk-21\bin\java.dll
Event: 0.053 Loaded shared library C:\Program Files\Java\jdk-21\bin\jsvml.dll
Event: 0.126 Loaded shared library C:\Program Files\Java\jdk-21\bin\zip.dll
Event: 0.131 Loaded shared library C:\Program Files\Java\jdk-21\bin\instrument.dll
Event: 0.137 Loaded shared library C:\Program Files\Java\jdk-21\bin\net.dll
Event: 0.139 Loaded shared library C:\Program Files\Java\jdk-21\bin\nio.dll
Event: 0.142 Loaded shared library C:\Program Files\Java\jdk-21\bin\zip.dll
Event: 0.321 Loaded shared library C:\Program Files\JetBrains\IntelliJ IDEA Community Edition 2024.1\bin\breakgen64.dll
Event: 0.328 Loaded shared library C:\Program Files\Java\jdk-21\bin\extnet.dll
Event: 0.347 Loaded shared library C:\Program Files\Java\jdk-21\bin\jimage.dll
Event: 0.765 Loaded shared library C:\Program Files\Java\jdk-21\bin\management.dll
Event: 0.769 Loaded shared library C:\Program Files\Java\jdk-21\bin\management_ext.dll
Event: 1.868 Loaded shared library C:\Program Files\Java\jdk-21\bin\sunmscapi.dll

Deoptimization events (20 events):
Event: 26.450 Thread 0x00000195d3bf1860 DEOPT PACKING pc=0x0000019587c02d40 sp=0x00000045565fb4a0
Event: 26.450 Thread 0x00000195d3bf1860 DEOPT UNPACKING pc=0x0000019587587da2 sp=0x00000045565fb350 mode 2
Event: 26.450 Thread 0x00000195d3bf0b40 Uncommon trap: trap_request=0xffffff45 fr.pc=0x0000019587c0092c relative=0x00000000000001ec
Event: 26.450 Thread 0x00000195d3bf0b40 Uncommon trap: reason=unstable_if action=reinterpret pc=0x0000019587c0092c method=java.util.HashMap.getNode(Ljava/lang/Object;)Ljava/util/HashMap$Node; @ 66 c2
Event: 26.450 Thread 0x00000195d3bf0b40 DEOPT PACKING pc=0x0000019587c0092c sp=0x00000045563fb840
Event: 26.450 Thread 0x00000195d3bf0b40 DEOPT UNPACKING pc=0x0000019587587da2 sp=0x00000045563fb758 mode 2
Event: 26.528 Thread 0x00000195d3beb5f0 Uncommon trap: trap_request=0xffffff45 fr.pc=0x0000019587ae384c relative=0x000000000000012c
Event: 26.528 Thread 0x00000195d3beb5f0 Uncommon trap: reason=unstable_if action=reinterpret pc=0x0000019587ae384c method=java.lang.StringCoding.countPositives([BII)I @ 17 c2
Event: 26.528 Thread 0x00000195d3beb5f0 DEOPT PACKING pc=0x0000019587ae384c sp=0x00000045562f96c0
Event: 26.528 Thread 0x00000195d3beb5f0 DEOPT UNPACKING pc=0x0000019587587da2 sp=0x00000045562f9648 mode 2
Event: 26.558 Thread 0x00000195d3bf1ef0 DEOPT PACKING pc=0x00000195802a5355 sp=0x00000045566f9cd0
Event: 26.558 Thread 0x00000195d3bf1ef0 DEOPT UNPACKING pc=0x00000195875888e2 sp=0x00000045566f9140 mode 0
Event: 32.138 Thread 0x00000195d3bf0b40 DEOPT PACKING pc=0x00000195802a5355 sp=0x00000045563f9f10
Event: 32.138 Thread 0x00000195d3bf0b40 DEOPT UNPACKING pc=0x00000195875888e2 sp=0x00000045563f9380 mode 0
Event: 32.185 Thread 0x00000195d3bf2580 DEOPT PACKING pc=0x00000195802a5355 sp=0x00000045567fb190
Event: 32.185 Thread 0x00000195d3bf2580 DEOPT UNPACKING pc=0x00000195875888e2 sp=0x00000045567fa600 mode 0
Event: 150.495 Thread 0x00000195d3befe20 DEOPT PACKING pc=0x000001958022918f sp=0x00000045569fec40
Event: 150.496 Thread 0x00000195d3befe20 DEOPT UNPACKING pc=0x00000195875888e2 sp=0x00000045569fe1e0 mode 0
Event: 238.511 Thread 0x00000195d3beaf60 DEOPT PACKING pc=0x0000019580e0196f sp=0x00000045560ff210
Event: 238.512 Thread 0x00000195d3beaf60 DEOPT UNPACKING pc=0x00000195875888e2 sp=0x00000045560fe698 mode 0

Classes loaded (20 events):
Event: 13.292 Loading class java/util/regex/Pattern$Behind
Event: 13.292 Loading class java/util/regex/Pattern$Behind done
Event: 13.319 Loading class java/util/EmptyStackException
Event: 13.320 Loading class java/util/EmptyStackException done
Event: 13.379 Loading class java/io/InvalidClassException
Event: 13.381 Loading class java/io/InvalidClassException done
Event: 13.764 Loading class java/util/stream/LongStream
Event: 13.764 Loading class java/util/stream/LongStream done
Event: 13.764 Loading class java/util/stream/DoubleStream
Event: 13.765 Loading class java/util/stream/DoubleStream done
Event: 13.812 Loading class org/w3c/dom/Node
Event: 13.813 Loading class org/w3c/dom/Node done
Event: 13.813 Loading class org/w3c/dom/Document
Event: 13.813 Loading class org/w3c/dom/Document done
Event: 13.996 Loading class java/math/BigDecimal$StringBuilderHelper
Event: 13.996 Loading class java/math/BigDecimal$StringBuilderHelper done
Event: 14.080 Loading class java/util/AbstractMap$SimpleEntry
Event: 14.080 Loading class java/util/AbstractMap$SimpleEntry done
Event: 14.732 Loading class java/util/function/DoubleUnaryOperator
Event: 14.748 Loading class java/util/function/DoubleUnaryOperator done

Classes unloaded (7 events):
Event: 13.912 Thread 0x00000195f9d65910 Unloading class 0x00000195909fb400 'jdk/internal/reflect/GeneratedSerializationConstructorAccessor7'
Event: 13.912 Thread 0x00000195f9d65910 Unloading class 0x00000195909fb000 'jdk/internal/reflect/GeneratedSerializationConstructorAccessor6'
Event: 13.912 Thread 0x00000195f9d65910 Unloading class 0x00000195909f9c00 'jdk/internal/reflect/GeneratedSerializationConstructorAccessor5'
Event: 13.912 Thread 0x00000195f9d65910 Unloading class 0x00000195909f9800 'jdk/internal/reflect/GeneratedSerializationConstructorAccessor4'
Event: 13.912 Thread 0x00000195f9d65910 Unloading class 0x00000195909f9400 'jdk/internal/reflect/GeneratedSerializationConstructorAccessor3'
Event: 13.912 Thread 0x00000195f9d65910 Unloading class 0x00000195909f0c00 'jdk/internal/reflect/GeneratedSerializationConstructorAccessor2'
Event: 13.912 Thread 0x00000195f9d65910 Unloading class 0x00000195909f0800 'jdk/internal/reflect/GeneratedSerializationConstructorAccessor1'

Classes redefined (0 events):
No events

Internal exceptions (20 events):
Event: 13.234 Thread 0x00000195d3bf1ef0 Exception <a 'java/lang/IncompatibleClassChangeError'{0x0000000086a993e8}: Found class java.lang.Object, but interface was expected> (0x0000000086a993e8) 
thrown [s\open\src\hotspot\share\interpreter\linkResolver.cpp, line 840]
Event: 13.254 Thread 0x00000195d3bf1ef0 Exception <a 'java/lang/NoSuchMethodError'{0x0000000086af0d68}: 'long java.lang.invoke.DirectMethodHandle$Holder.invokeVirtual(java.lang.Object, java.lang.Object, java.lang.Object)'> (0x0000000086af0d68) 
thrown [s\open\src\hotspot\share\interpreter\linkResolver.cpp, line 773]
Event: 13.286 Thread 0x00000195d3bf1860 Exception <a 'java/lang/NoSuchMethodError'{0x000000008bf84d88}: 'java.lang.Object java.lang.invoke.DirectMethodHandle$Holder.invokeInterface(java.lang.Object, java.lang.Object, java.lang.Object, java.lang.Object, java.lang.Object)'> (0x000000008bf84d88) 
thrown [s\open\src\hotspot\share\interpreter\linkResolver.cpp, line 773]
Event: 13.308 Thread 0x00000195d3bf1860 Exception <a 'java/lang/NoSuchMethodError'{0x000000008991d640}: 'void java.lang.invoke.DirectMethodHandle$Holder.invokeSpecialIFC(java.lang.Object, java.lang.Object, int, java.lang.Object, java.lang.Object, java.lang.Object, java.lang.Object)'> (0x000000008991d640) 
thrown [s\open\src\hotspot\share\interpreter\linkResolver.cpp, line 773]
Event: 13.597 Thread 0x00000195d3bf1860 Exception <a 'java/lang/IncompatibleClassChangeError'{0x00000000875e3838}: Found class java.lang.Object, but interface was expected> (0x00000000875e3838) 
thrown [s\open\src\hotspot\share\interpreter\linkResolver.cpp, line 840]
Event: 14.288 Thread 0x00000195d3bef790 Exception <a 'java/lang/NoSuchMethodError'{0x0000000087dbba10}: 'java.lang.Object java.lang.invoke.DirectMethodHandle$Holder.invokeStatic(java.lang.Object, java.lang.Object, java.lang.Object, java.lang.Object, java.lang.Object, java.lang.Object, java.lang.Object, java.lang.Object, java.lang.Object, int)'> (0x0000000087dbba10) 
thrown [s\open\src\hotspot\share\interpreter\linkResolver.cpp, line 773]
Event: 14.288 Thread 0x00000195d3bf1ef0 Exception <a 'java/lang/NoSuchMethodError'{0x0000000087de5c40}: 'java.lang.Object java.lang.invoke.DirectMethodHandle$Holder.invokeStatic(java.lang.Object, java.lang.Object, java.lang.Object, java.lang.Object, java.lang.Object, java.lang.Object, java.lang.Object, java.lang.Object, java.lang.Object, int)'> (0x0000000087de5c40) 
thrown [s\open\src\hotspot\share\interpreter\linkResolver.cpp, line 773]
Event: 14.336 Thread 0x00000195d3bef790 Exception <a 'java/lang/NoSuchMethodError'{0x0000000087dfeba8}: 'java.lang.Object java.lang.invoke.DirectMethodHandle$Holder.invokeStatic(java.lang.Object, java.lang.Object, java.lang.Object, java.lang.Object, java.lang.Object, java.lang.Object, java.lang.Object, java.lang.Object, java.lang.Object, java.lang.Object, int)'> (0x0000000087dfeba8) 
thrown [s\open\src\hotspot\share\interpreter\linkResolver.cpp, line 773]
Event: 14.336 Thread 0x00000195d3bf1ef0 Exception <a 'java/lang/NoSuchMethodError'{0x0000000087defc28}: 'java.lang.Object java.lang.invoke.DirectMethodHandle$Holder.invokeStatic(java.lang.Object, java.lang.Object, java.lang.Object, java.lang.Object, java.lang.Object, java.lang.Object, java.lang.Object, java.lang.Object, java.lang.Object, java.lang.Object, int)'> (0x0000000087defc28) 
thrown [s\open\src\hotspot\share\interpreter\linkResolver.cpp, line 773]
Event: 14.338 Thread 0x00000195d3bf1ef0 Exception <a 'java/lang/NoSuchMethodError'{0x0000000087dfa378}: 'java.lang.Object java.lang.invoke.DirectMethodHandle$Holder.invokeStatic(java.lang.Object, java.lang.Object, java.lang.Object, java.lang.Object, java.lang.Object, java.lang.Object, java.lang.Object, java.lang.Object, int)'> (0x0000000087dfa378) 
thrown [s\open\src\hotspot\share\interpreter\linkResolver.cpp, line 773]
Event: 14.338 Thread 0x00000195d3bef790 Exception <a 'java/lang/NoSuchMethodError'{0x0000000087c09058}: 'java.lang.Object java.lang.invoke.DirectMethodHandle$Holder.invokeStatic(java.lang.Object, java.lang.Object, java.lang.Object, java.lang.Object, java.lang.Object, java.lang.Object, java.lang.Object, java.lang.Object, int)'> (0x0000000087c09058) 
thrown [s\open\src\hotspot\share\interpreter\linkResolver.cpp, line 773]
Event: 14.438 Thread 0x00000195d3bef790 Exception <a 'java/lang/NoSuchMethodError'{0x0000000089932868}: 'java.lang.Object java.lang.invoke.DirectMethodHandle$Holder.newInvokeSpecial(java.lang.Object, java.lang.Object, int, int)'> (0x0000000089932868) 
thrown [s\open\src\hotspot\share\interpreter\linkResolver.cpp, line 773]
Event: 14.438 Thread 0x00000195d3bf1ef0 Exception <a 'java/lang/NoSuchMethodError'{0x0000000089910030}: 'java.lang.Object java.lang.invoke.DirectMethodHandle$Holder.newInvokeSpecial(java.lang.Object, java.lang.Object, int, int)'> (0x0000000089910030) 
thrown [s\open\src\hotspot\share\interpreter\linkResolver.cpp, line 773]
Event: 14.438 Thread 0x00000195d3bef790 Exception <a 'java/lang/NoSuchMethodError'{0x00000000899370f8}: 'java.lang.Object java.lang.invoke.DirectMethodHandle$Holder.invokeSpecial(java.lang.Object, java.lang.Object, java.lang.Object, int, int)'> (0x00000000899370f8) 
thrown [s\open\src\hotspot\share\interpreter\linkResolver.cpp, line 773]
Event: 14.438 Thread 0x00000195d3bf1ef0 Exception <a 'java/lang/NoSuchMethodError'{0x00000000899145d0}: 'java.lang.Object java.lang.invoke.DirectMethodHandle$Holder.invokeSpecial(java.lang.Object, java.lang.Object, java.lang.Object, int, int)'> (0x00000000899145d0) 
thrown [s\open\src\hotspot\share\interpreter\linkResolver.cpp, line 773]
Event: 14.461 Thread 0x00000195d3bef790 Exception <a 'java/lang/NoSuchMethodError'{0x0000000089988ee0}: 'void java.lang.invoke.DirectMethodHandle$Holder.invokeStatic(java.lang.Object, java.lang.Object, int, int, java.lang.Object)'> (0x0000000089988ee0) 
thrown [s\open\src\hotspot\share\interpreter\linkResolver.cpp, line 773]
Event: 14.461 Thread 0x00000195d3bf1ef0 Exception <a 'java/lang/NoSuchMethodError'{0x000000008995f7f0}: 'void java.lang.invoke.DirectMethodHandle$Holder.invokeStatic(java.lang.Object, java.lang.Object, int, int, java.lang.Object)'> (0x000000008995f7f0) 
thrown [s\open\src\hotspot\share\interpreter\linkResolver.cpp, line 773]
Event: 14.753 Thread 0x00000195d3bf1ef0 Exception <a 'java/lang/NoSuchMethodError'{0x00000000898c2080}: 'double java.lang.invoke.DirectMethodHandle$Holder.invokeStatic(java.lang.Object, double)'> (0x00000000898c2080) 
thrown [s\open\src\hotspot\share\interpreter\linkResolver.cpp, line 773]
Event: 14.756 Thread 0x00000195d3bf1ef0 Exception <a 'java/lang/NoSuchMethodError'{0x00000000898c78d8}: 'double java.lang.invoke.DirectMethodHandle$Holder.invokeStaticInit(java.lang.Object, double)'> (0x00000000898c78d8) 
thrown [s\open\src\hotspot\share\interpreter\linkResolver.cpp, line 773]
Event: 14.861 Thread 0x00000195d3bef790 Exception <a 'java/lang/IncompatibleClassChangeError'{0x000000008940e210}: Found class java.lang.Object, but interface was expected> (0x000000008940e210) 
thrown [s\open\src\hotspot\share\interpreter\linkResolver.cpp, line 840]

ZGC Phase Switch (0 events):
No events

VM Operations (20 events):
Event: 202.558 Executing VM operation: Cleanup
Event: 202.558 Executing VM operation: Cleanup done
Event: 206.577 Executing VM operation: Cleanup
Event: 206.578 Executing VM operation: Cleanup done
Event: 215.635 Executing VM operation: Cleanup
Event: 215.635 Executing VM operation: Cleanup done
Event: 225.707 Executing VM operation: Cleanup
Event: 225.707 Executing VM operation: Cleanup done
Event: 227.719 Executing VM operation: Cleanup
Event: 227.719 Executing VM operation: Cleanup done
Event: 240.669 Executing VM operation: HandshakeAllThreads (HandshakeForDeflation)
Event: 240.670 Executing VM operation: HandshakeAllThreads (HandshakeForDeflation) done
Event: 240.670 Executing VM operation: RendezvousGCThreads
Event: 240.670 Executing VM operation: RendezvousGCThreads done
Event: 266.850 Executing VM operation: Cleanup
Event: 266.851 Executing VM operation: Cleanup done
Event: 279.976 Executing VM operation: Cleanup
Event: 280.066 Executing VM operation: Cleanup done
Event: 282.079 Executing VM operation: Cleanup
Event: 282.079 Executing VM operation: Cleanup done

Events (20 events):
Event: 172.274 Thread 0x00000195f9d65910 flushing nmethod 0x0000019587ce9410
Event: 172.274 Thread 0x00000195f9d65910 flushing nmethod 0x0000019587cfa910
Event: 172.274 Thread 0x00000195f9d65910 flushing nmethod 0x0000019587cfae90
Event: 172.274 Thread 0x00000195f9d65910 flushing nmethod 0x0000019587d43290
Event: 172.274 Thread 0x00000195f9d65910 flushing nmethod 0x0000019587d47090
Event: 172.274 Thread 0x00000195f9d65910 flushing nmethod 0x0000019587d68910
Event: 172.274 Thread 0x00000195f9d65910 flushing nmethod 0x0000019587df9210
Event: 172.274 Thread 0x00000195f9d65910 flushing nmethod 0x0000019580091910
Event: 172.274 Thread 0x00000195f9d65910 flushing nmethod 0x0000019580337490
Event: 172.274 Thread 0x00000195f9d65910 flushing nmethod 0x0000019580404210
Event: 172.274 Thread 0x00000195f9d65910 flushing nmethod 0x00000195808fae90
Event: 172.275 Thread 0x00000195f9d65910 flushing nmethod 0x00000195808fbe90
Event: 172.275 Thread 0x00000195f9d65910 flushing nmethod 0x00000195809db110
Event: 172.275 Thread 0x00000195f9d65910 flushing nmethod 0x0000019580b85790
Event: 172.275 Thread 0x00000195f9d65910 flushing nmethod 0x0000019580b86a10
Event: 172.275 Thread 0x00000195f9d65910 flushing nmethod 0x0000019580d3ed10
Event: 172.275 Thread 0x00000195f9d65910 flushing nmethod 0x0000019580d3f090
Event: 172.275 Thread 0x00000195f9d65910 flushing nmethod 0x0000019580d43c90
Event: 172.275 Thread 0x00000195f9d65910 flushing nmethod 0x0000019580d44010
Event: 182.063 Thread 0x00000195f9db9d00 Thread exited: 0x00000195f9db9d00


Dynamic libraries:
0x00007ff7d4be0000 - 0x00007ff7d4bf0000 	C:\Program Files\Java\jdk-21\bin\java.exe
0x00007ffecd700000 - 0x00007ffecd966000 	C:\WINDOWS\SYSTEM32\ntdll.dll
0x00007ffecd140000 - 0x00007ffecd209000 	C:\WINDOWS\System32\KERNEL32.DLL
0x00007ffecaad0000 - 0x00007ffecaeca000 	C:\WINDOWS\System32\KERNELBASE.dll
0x00007ffecaf90000 - 0x00007ffecb0dc000 	C:\WINDOWS\System32\ucrtbase.dll
0x00007ffec1850000 - 0x00007ffec1869000 	C:\Program Files\Java\jdk-21\bin\jli.dll
0x00007ffec1830000 - 0x00007ffec184b000 	C:\Program Files\Java\jdk-21\bin\VCRUNTIME140.dll
0x00007ffecbbf0000 - 0x00007ffecbca6000 	C:\WINDOWS\System32\ADVAPI32.dll
0x00007ffecbcb0000 - 0x00007ffecbd59000 	C:\WINDOWS\System32\msvcrt.dll
0x00007ffecb470000 - 0x00007ffecb51a000 	C:\WINDOWS\System32\sechost.dll
0x00007ffeccb80000 - 0x00007ffeccc98000 	C:\WINDOWS\System32\RPCRT4.dll
0x00007ffecd4f0000 - 0x00007ffecd6b7000 	C:\WINDOWS\System32\USER32.dll
0x00007ffeaf760000 - 0x00007ffeaf9f2000 	C:\WINDOWS\WinSxS\amd64_microsoft.windows.common-controls_6595b64144ccf1df_6.0.26100.8521_none_3e08b75ce33403b3\COMCTL32.dll
0x00007ffecb440000 - 0x00007ffecb467000 	C:\WINDOWS\System32\win32u.dll
0x00007ffecb5a0000 - 0x00007ffecb5cb000 	C:\WINDOWS\System32\GDI32.dll
0x00007ffecb0e0000 - 0x00007ffecb20b000 	C:\WINDOWS\System32\gdi32full.dll
0x00007ffecb390000 - 0x00007ffecb433000 	C:\WINDOWS\System32\msvcp_win.dll
0x00007ffebe650000 - 0x00007ffebe65b000 	C:\WINDOWS\SYSTEM32\VERSION.dll
0x00007ffecbad0000 - 0x00007ffecbb02000 	C:\WINDOWS\System32\IMM32.DLL
0x00007ffec1790000 - 0x00007ffec179c000 	C:\Program Files\Java\jdk-21\bin\vcruntime140_1.dll
0x00007ffeb2f30000 - 0x00007ffeb2fbe000 	C:\Program Files\Java\jdk-21\bin\msvcp140.dll
0x00007ffe24840000 - 0x00007ffe2555d000 	C:\Program Files\Java\jdk-21\bin\server\jvm.dll
0x00007ffecb5d0000 - 0x00007ffecb650000 	C:\WINDOWS\System32\WS2_32.dll
0x00007ffec9580000 - 0x00007ffec95de000 	C:\WINDOWS\SYSTEM32\POWRPROF.dll
0x00007ffebc230000 - 0x00007ffebc266000 	C:\WINDOWS\SYSTEM32\WINMM.dll
0x00007ffec9560000 - 0x00007ffec9574000 	C:\WINDOWS\SYSTEM32\UMPDC.dll
0x00007ffec9840000 - 0x00007ffec985b000 	C:\WINDOWS\SYSTEM32\kernel.appcore.dll
0x00007ffeb5de0000 - 0x00007ffeb5dea000 	C:\Program Files\Java\jdk-21\bin\jimage.dll
0x00007ffec7ae0000 - 0x00007ffec7d22000 	C:\WINDOWS\SYSTEM32\DBGHELP.DLL
0x00007ffecbd60000 - 0x00007ffecc0e3000 	C:\WINDOWS\System32\combase.dll
0x00007ffecbb10000 - 0x00007ffecbbe9000 	C:\WINDOWS\System32\OLEAUT32.dll
0x00007ffeb1760000 - 0x00007ffeb179b000 	C:\WINDOWS\SYSTEM32\dbgcore.DLL
0x00007ffecaa20000 - 0x00007ffecaac8000 	C:\WINDOWS\System32\bcryptPrimitives.dll
0x00007ffeb5da0000 - 0x00007ffeb5daf000 	C:\Program Files\Java\jdk-21\bin\instrument.dll
0x00007ffeb49e0000 - 0x00007ffeb49ff000 	C:\Program Files\Java\jdk-21\bin\java.dll
0x00007ffecc1c0000 - 0x00007ffecc944000 	C:\WINDOWS\System32\SHELL32.dll
0x00007ffec8550000 - 0x00007ffec8dd0000 	C:\WINDOWS\SYSTEM32\windows.storage.dll
0x00007ffecd210000 - 0x00007ffecd306000 	C:\WINDOWS\System32\SHCORE.dll
0x00007ffecb7e0000 - 0x00007ffecb847000 	C:\WINDOWS\System32\shlwapi.dll
0x00007ffeca8b0000 - 0x00007ffeca8d9000 	C:\WINDOWS\SYSTEM32\profapi.dll
0x00007ffeaddd0000 - 0x00007ffeadea7000 	C:\Program Files\Java\jdk-21\bin\jsvml.dll
0x00007ffeb4400000 - 0x00007ffeb4418000 	C:\Program Files\Java\jdk-21\bin\zip.dll
0x00007ffeb5dd0000 - 0x00007ffeb5de0000 	C:\Program Files\Java\jdk-21\bin\net.dll
0x00007ffec1220000 - 0x00007ffec1349000 	C:\WINDOWS\SYSTEM32\WINHTTP.dll
0x00007ffec9db0000 - 0x00007ffec9e1c000 	C:\WINDOWS\system32\mswsock.dll
0x00007ffeb4470000 - 0x00007ffeb4486000 	C:\Program Files\Java\jdk-21\bin\nio.dll
0x00007ffeb2f10000 - 0x00007ffeb2f2a000 	C:\Program Files\JetBrains\IntelliJ IDEA Community Edition 2024.1\bin\breakgen64.dll
0x00007ffeb44b0000 - 0x00007ffeb44b9000 	C:\Program Files\Java\jdk-21\bin\extnet.dll
0x00007ffeb5d30000 - 0x00007ffeb5d3a000 	C:\Program Files\Java\jdk-21\bin\management.dll
0x00007ffeb5980000 - 0x00007ffeb598b000 	C:\Program Files\Java\jdk-21\bin\management_ext.dll
0x00007ffecd380000 - 0x00007ffecd388000 	C:\WINDOWS\System32\PSAPI.DLL
0x00007ffeb4590000 - 0x00007ffeb459e000 	C:\Program Files\Java\jdk-21\bin\sunmscapi.dll
0x00007ffecb210000 - 0x00007ffecb388000 	C:\WINDOWS\System32\CRYPT32.dll
0x00007ffeca2b0000 - 0x00007ffeca2e0000 	C:\WINDOWS\SYSTEM32\ncrypt.dll
0x00007ffeca260000 - 0x00007ffeca29f000 	C:\WINDOWS\SYSTEM32\NTASN1.dll
0x00007ffeca090000 - 0x00007ffeca0ab000 	C:\WINDOWS\SYSTEM32\CRYPTSP.dll
0x00007ffec97a0000 - 0x00007ffec97d9000 	C:\WINDOWS\system32\rsaenh.dll
0x00007ffec9e60000 - 0x00007ffec9e93000 	C:\WINDOWS\SYSTEM32\USERENV.dll
0x00007ffeca880000 - 0x00007ffeca8aa000 	C:\WINDOWS\SYSTEM32\bcrypt.dll
0x00007ffeca0b0000 - 0x00007ffeca0bc000 	C:\WINDOWS\SYSTEM32\CRYPTBASE.dll
0x00007ffec9220000 - 0x00007ffec9253000 	C:\WINDOWS\SYSTEM32\IPHLPAPI.DLL
0x00007ffecb850000 - 0x00007ffecb85a000 	C:\WINDOWS\System32\NSI.dll
0x00007ffec9260000 - 0x00007ffec93aa000 	C:\WINDOWS\SYSTEM32\DNSAPI.dll
0x00007ffec9bd0000 - 0x00007ffec9bdd000 	C:\WINDOWS\SYSTEM32\DSPARSE.dll
0x0000000073ee0000 - 0x0000000073f06000 	C:\Program Files\Bonjour\mdnsNSP.dll
0x00007ffec1400000 - 0x00007ffec140b000 	C:\Windows\System32\rasadhlp.dll
0x00007ffec3930000 - 0x00007ffec39b6000 	C:\WINDOWS\System32\fwpuclnt.dll
0x00007ffe84e40000 - 0x00007ffe84e48000 	C:\WINDOWS\system32\wshunix.dll

dbghelp: loaded successfully - version: 4.0.5 - missing functions: none
symbol engine: initialized successfully - sym options: 0x614 - pdb path: .;C:\Program Files\Java\jdk-21\bin;C:\WINDOWS\SYSTEM32;C:\WINDOWS\WinSxS\amd64_microsoft.windows.common-controls_6595b64144ccf1df_6.0.26100.8521_none_3e08b75ce33403b3;C:\Program Files\Java\jdk-21\bin\server;C:\Program Files\JetBrains\IntelliJ IDEA Community Edition 2024.1\bin;C:\Program Files\Bonjour

VM Arguments:
jvm_args: -javaagent:C:\Program Files\JetBrains\IntelliJ IDEA Community Edition 2024.1\lib\idea_rt.jar=12031:C:\Program Files\JetBrains\IntelliJ IDEA Community Edition 2024.1\bin -Dfile.encoding=UTF-8 -Dsun.stdout.encoding=UTF-8 -Dsun.stderr.encoding=UTF-8 
java_command: com.redshanflora.redshanflora_backend.RedshanfloraBackendApplication
java_class_path (initial): C:\Users\Windows\Documents\GitHub\Redshan-Backend\redshanflora-backend\target\classes;C:\Users\Windows\.m2\repository\org\springframework\boot\spring-boot-starter-data-jpa\4.1.0\spring-boot-starter-data-jpa-4.1.0.jar;C:\Users\Windows\.m2\repository\org\springframework\boot\spring-boot-starter\4.1.0\spring-boot-starter-4.1.0.jar;C:\Users\Windows\.m2\repository\org\springframework\boot\spring-boot-starter-logging\4.1.0\spring-boot-starter-logging-4.1.0.jar;C:\Users\Windows\.m2\repository\ch\qos\logback\logback-classic\1.5.34\logback-classic-1.5.34.jar;C:\Users\Windows\.m2\repository\ch\qos\logback\logback-core\1.5.34\logback-core-1.5.34.jar;C:\Users\Windows\.m2\repository\org\apache\logging\log4j\log4j-to-slf4j\2.25.4\log4j-to-slf4j-2.25.4.jar;C:\Users\Windows\.m2\repository\org\apache\logging\log4j\log4j-api\2.25.4\log4j-api-2.25.4.jar;C:\Users\Windows\.m2\repository\org\slf4j\jul-to-slf4j\2.0.18\jul-to-slf4j-2.0.18.jar;C:\Users\Windows\.m2\repository\jakarta\annotation\jakarta.annotation-api\3.0.0\jakarta.annotation-api-3.0.0.jar;C:\Users\Windows\.m2\repository\org\yaml\snakeyaml\2.6\snakeyaml-2.6.jar;C:\Users\Windows\.m2\repository\org\springframework\boot\spring-boot-starter-jdbc\4.1.0\spring-boot-starter-jdbc-4.1.0.jar;C:\Users\Windows\.m2\repository\com\zaxxer\HikariCP\7.0.2\HikariCP-7.0.2.jar;C:\Users\Windows\.m2\repository\org\slf4j\slf4j-api\2.0.18\slf4j-api-2.0.18.jar;C:\Users\Windows\.m2\repository\org\springframework\boot\spring-boot-data-jpa\4.1.0\spring-boot-data-jpa-4.1.0.jar;C:\Users\Windows\.m2\repository\org\springframework\boot\spring-boot-data-commons\4.1.0\spring-boot-data-commons-4.1.0.jar;C:\Users\Windows\.m2\repository\org\springframework\boot\spring-boot-persistence\4.1.0\spring-boot-persistence-4.1.0.jar;C:\Users\Windows\.m2\repository\org\springframework\data\spring-data-commons\4.1.0\spring-data-commons-4.1.0.jar;C:\Users\Windows\.m2\repository\org\springframework\boot\spring-boot-hibernate\4.1.0\spring-boot-hibernate-4.1.0.jar;C:\Users\Windows\.m2\repository\org\springframework\boot\spring-boot-jpa\4.1.0\spring-boot-jpa-4.1.0.jar;C:\Users\Windows\.m2\repository\jakarta\persistence\jakarta.persistence-api\3.2.0\jakarta.persistence-api-3.2.0.jar;C:\Users\Windows\.m2\repository\org\hibernate\orm\hibernate-core\7.4.1.Final\hibernate-core-7.4.1.Final.jar;C:\Users\Windows\.m2\repository\jakarta\transaction\jakarta.transaction-api\2.0.1\jakarta.transaction-api-2.0.1.jar;C:\Users\Windows\.m2\repository\org\hibernate\models\hibernate-models\1.1.1\hibernate-models-1.1.1.jar;C:\Users\Windows\.m2\repository\org\glassfish\jaxb\jaxb-runtime\4.0.9\jaxb-runtime-4.0.9.jar;C:\Users\Windows\.m2\repository\org\glassfish\jaxb\jaxb-core\4.0.9\jaxb-core-4.0.9.jar;C:\Users\Windows\.m2\repository\org\eclipse\angus\angus-activation\2.0.3\angus-activation-2.0.3.jar;C:\Users\Windows\.m2\repository\org\glassfish\jaxb\txw2\4.0.9\txw2-4.0.9.jar;C:\Users\Windows\.m2\repository\com\sun\istack\istack-commons-runtime\4.1.2\istack-commons-runtime-4.1.2.jar;C:\Users\Windows\.m2\repository\jakarta\inject\jakarta.inject-api\2.0.1\jakarta.inject-api-2.0.1.jar;C:\Users\Windows\.m2\repository\org\springframework\spring-orm\7.0.8\spring-orm-7.0.8.jar;C:\Users\Windows\.m2\repository\org\springframework\data\spring-data-jpa\4.1.0\spring-data-jpa-4.1.0.jar;C:\Users\Windows\.m2\repository\org\springframework\spring-tx\7.0.8\spring-tx-7.0.8.jar;C:\Users\Windows\.m2\repository\org\antlr\antlr4-runtime\4.13.2\antlr4-runtime-4.13.2.jar;C:\Users\Windows\.m2\repository\org\springframework\spring-aspects\7.0.8\spring-aspects-7.0.8.jar;C:\Users\Windows\.m2\repository\org\aspectj\aspectjweaver\1.9.25.1\aspectjweaver-1.9.25.1.jar;C:\Users\Windows\.m2\repository\org\springframework\boot\spring-boot-jdbc\4.1.0\spring-boot-jdbc-4.1.0.jar;C:\Users\Windows\.m2\repository\org\springframework\boot\spring-boot-sql\4.1.0\spring-boot-sql-4.1.0.jar;C:\Users\Windows\.m2\repository\org\springframework\boot\spring-boot-transaction\4.1.0\spring-boot-transaction-4.1.0.jar;C:\Users\Windows\.m2\repository\org\springframework\spring-jdbc\7.0.8\spring-jdbc-7.0.8.jar;C:\Users\Windows\.m2\repository\org\springframework\boot\spring-boot-starter-security\4.1.0\spring-boot-starter-security-4.1.0.jar;C:\Users\Windows\.m2\repository\org\springframework\boot\spring-boot-security\4.1.0\spring-boot-security-4.1.0.jar;C:\Users\Windows\.m2\repository\org\springframework\security\spring-security-config\7.1.0\spring-security-config-7.1.0.jar;C:\Users\Windows\.m2\repository\org\springframework\security\spring-security-core\7.1.0\spring-security-core-7.1.0.jar;C:\Users\Windows\.m2\repository\org\springframework\security\spring-security-crypto\7.1.0\spring-security-crypto-7.1.0.jar;C:\Users\Windows\.m2\repository\org\springframework\security\spring-security-web\7.1.0\spring-security-web-7.1.0.jar;C:\Users\Windows\.m2\repository\org\springframework\spring-expression\7.0.8\spring-expression-7.0.8.jar;C:\Users\Windows\.m2\repository\org\springframework\spring-aop\7.0.8\spring-aop-7.0.8.jar;C:\Users\Windows\.m2\repository\org\springframework\spring-beans\7.0.8\spring-beans-7.0.8.jar;C:\Users\Windows\.m2\repository\org\springframework\spring-core\7.0.8\spring-core-7.0.8.jar;C:\Users\Windows\.m2\repository\commons-logging\commons-logging\1.3.6\commons-logging-1.3.6.jar;C:\Users\Windows\.m2\repository\org\jspecify\jspecify\1.0.0\jspecify-1.0.0.jar;C:\Users\Windows\.m2\repository\org\springframework\boot\spring-boot-starter-validation\4.1.0\spring-boot-starter-validation-4.1.0.jar;C:\Users\Windows\.m2\repository\org\springframework\boot\spring-boot-validation\4.1.0\spring-boot-validation-4.1.0.jar;C:\Users\Windows\.m2\repository\org\apache\tomcat\embed\tomcat-embed-el\11.0.22\tomcat-embed-el-11.0.22.jar;C:\Users\Windows\.m2\repository\org\hibernate\validator\hibernate-validator\9.1.0.Final\hibernate-validator-9.1.0.Final.jar;C:\Users\Windows\.m2\repository\jakarta\validation\jakarta.validation-api\3.1.1\jakarta.validation-api-3.1.1.jar;C:\Users\Windows\.m2\repository\org\jboss\logging\jboss-logging\3.6.3.Final\jboss-logging-3.6.3.Final.jar;C:\Users\Windows\.m2\repository\com\fasterxml\classmate\1.7.3\classmate-1.7.3.jar;C:\Users\Windows\.m2\repository\org\springframework\boot\spring-boot-starter-web\4.1.0\spring-boot-starter-web-4.1.0.jar;C:\Users\Windows\.m2\repository\org\springframework\boot\spring-boot-starter-jackson\4.1.0\spring-boot-starter-jackson-4.1.0.jar;C:\Users\Windows\.m2\repository\org\springframework\boot\spring-boot-jackson\4.1.0\spring-boot-jackson-4.1.0.jar;C:\Users\Windows\.m2\repository\tools\jackson\core\jackson-databind\3.1.4\jackson-databind-3.1.4.jar;C:\Users\Windows\.m2\repository\tools\jackson\core\jackson-core\3.1.4\jackson-core-3.1.4.jar;C:\Users\Windows\.m2\repository\org\springframework\boot\spring-boot-starter-tomcat\4.1.0\spring-boot-starter-tomcat-4.1.0.jar;C:\Users\Windows\.m2\repository\org\springframework\boot\spring-boot-starter-tomcat-runtime\4.1.0\spring-boot-starter-tomcat-runtime-4.1.0.jar;C:\Users\Windows\.m2\repository\org\apache\tomcat\embed\tomcat-embed-core\11.0.22\tomcat-embed-core-11.0.22.jar;C:\Users\Windows\.m2\repository\org\apache\tomcat\embed\tomcat-embed-websocket\11.0.22\tomcat-embed-websocket-11.0.22.jar;C:\Users\Windows\.m2\repository\org\springframework\boot\spring-boot-tomcat\4.1.0\spring-boot-tomcat-4.1.0.jar;C:\Users\Windows\.m2\repository\org\springframework\boot\spring-boot-http-converter\4.1.0\spring-boot-http-converter-4.1.0.jar;C:\Users\Windows\.m2\repository\org\springframework\spring-web\7.0.8\spring-web-7.0.8.jar;C:\Users\Windows\.m2\repository\io\micrometer\micrometer-observation\1.17.0\micrometer-observation-1.17.0.jar;C:\Users\Windows\.m2\repository\io\micrometer\micrometer-commons\1.17.0\micrometer-commons-1.17.0.jar;C:\Users\Windows\.m2\repository\org\springframework\boot\spring-boot-webmvc\4.1.0\spring-boot-webmvc-4.1.0.jar;C:\Users\Windows\.m2\repository\org\springframework\boot\spring-boot-servlet\4.1.0\spring-boot-servlet-4.1.0.jar;C:\Users\Windows\.m2\repository\org\springframework\spring-webmvc\7.0.8\spring-webmvc-7.0.8.jar;C:\Users\Windows\.m2\repository\org\springframework\boot\spring-boot-devtools\4.1.0\spring-boot-devtools-4.1.0.jar;C:\Users\Windows\.m2\repository\org\springframework\boot\spring-boot\4.1.0\spring-boot-4.1.0.jar;C:\Users\Windows\.m2\repository\org\springframework\spring-context\7.0.8\spring-context-7.0.8.jar;C:\Users\Windows\.m2\repository\org\springframework\boot\spring-boot-autoconfigure\4.1.0\spring-boot-autoconfigure-4.1.0.jar;C:\Users\Windows\.m2\repository\org\postgresql\postgresql\42.7.11\postgresql-42.7.11.jar;C:\Users\Windows\.m2\repository\org\projectlombok\lombok\1.18.46\lombok-1.18.46.jar;C:\Users\Windows\.m2\repository\jakarta\xml\bind\jakarta.xml.bind-api\4.0.5\jakarta.xml.bind-api-4.0.5.jar;C:\Users\Windows\.m2\repository\jakarta\activation\jakarta.activation-api\2.1.4\jakarta.activation-api-2.1.4.jar;C:\Users\Windows\.m2\repository\net\bytebuddy\byte-buddy\1.18.10\byte-buddy-1.18.10.jar;C:\Users\Windows\.m2\repository\org\springframework\boot\spring-boot-web-server\4.1.0\spring-boot-web-server-4.1.0.jar;C:\Users\Windows\.m2\repository\io\jsonwebtoken\jjwt-api\0.11.5\jjwt-api-0.11.5.jar;C:\Users\Windows\.m2\repository\io\jsonwebtoken\jjwt-impl\0.11.5\jjwt-impl-0.11.5.jar;C:\Users\Windows\.m2\repository\io\jsonwebtoken\jjwt-jackson\0.11.5\jjwt-jackson-0.11.5.jar;C:\Users\Windows\.m2\repository\com\fasterxml\jackson\core\jackson-databind\2.21.4\jackson-databind-2.21.4.jar;C:\Users\Windows\.m2\repository\com\fasterxml\jackson\core\jackson-annotations\2.21\jackson-annotations-2.21.jar;C:\Users\Windows\.m2\repository\com\fasterxml\jackson\core\jackson-core\2.21.4\jackson-core-2.21.4.jar
Launcher Type: SUN_STANDARD

[Global flags]
     intx CICompilerCount                          = 4                                         {product} {ergonomic}
     uint ConcGCThreads                            = 3                                         {product} {ergonomic}
     uint G1ConcRefinementThreads                  = 10                                        {product} {ergonomic}
   size_t G1HeapRegionSize                         = 1048576                                   {product} {ergonomic}
    uintx GCDrainStackTargetSize                   = 64                                        {product} {ergonomic}
   size_t InitialHeapSize                          = 130023424                                 {product} {ergonomic}
   size_t MarkStackSize                            = 4194304                                   {product} {ergonomic}
   size_t MaxHeapSize                              = 2076180480                                {product} {ergonomic}
   size_t MaxNewSize                               = 1245708288                                {product} {ergonomic}
   size_t MinHeapDeltaBytes                        = 1048576                                   {product} {ergonomic}
   size_t MinHeapSize                              = 8388608                                   {product} {ergonomic}
    uintx NonNMethodCodeHeapSize                   = 5839372                                {pd product} {ergonomic}
    uintx NonProfiledCodeHeapSize                  = 122909434                              {pd product} {ergonomic}
    uintx ProfiledCodeHeapSize                     = 122909434                              {pd product} {ergonomic}
    uintx ReservedCodeCacheSize                    = 251658240                              {pd product} {ergonomic}
     bool SegmentedCodeCache                       = true                                      {product} {ergonomic}
   size_t SoftMaxHeapSize                          = 2076180480                             {manageable} {ergonomic}
     bool UseCompressedOops                        = true                           {product lp64_product} {ergonomic}
     bool UseG1GC                                  = true                                      {product} {ergonomic}
     bool UseLargePagesIndividualAllocation        = false                                  {pd product} {ergonomic}

Logging:
Log output configuration:
 #0: stdout all=warning uptime,level,tags foldmultilines=false
 #1: stderr all=off uptime,level,tags foldmultilines=false

Environment Variables:
JAVA_HOME=C:\Program Files\Java\jdk-21.0.8
PATH=C:\Program Files\Java\jdk-21.0.8\bin;C:\Program Files\Java\jdk-21.0.8\bin;C:\jdk-21.0.8\bin;C:\WINDOWS\system32;C:\WINDOWS;C:\WINDOWS\System32\Wbem;C:\WINDOWS\System32\WindowsPowerShell\v1.0\;C:\WINDOWS\System32\OpenSSH\;C:\Program Files\nodejs\;D:\xampp\php;C:\ProgramData\ComposerSetup\bin;C:\Program Files\Git\cmd;C:\Program Files\dotnet\;C:\Users\Windows\AppData\Local\Programs\Python\Python314\Scripts\;C:\Users\Windows\AppData\Local\Programs\Python\Python314\;C:\Users\Windows\AppData\Local\Programs\Python\Launcher\;C:\Program Files\Java\jdk-11.0.1\bin;C:\Users\Windows\AppData\Local\Microsoft\WindowsApps;C:\Program Files\JetBrains\IntelliJ IDEA Community Edition 2024.1\bin;C:\Users\Windows\AppData\Local\Programs\Microsoft VS Code\bin;C:\Users\Windows\AppData\Roaming\npm;D:\TV series\Windsurf\bin;C:\Users\Windows\AppData\Roaming\Composer\vendor\bin;C:\jdk-21.0.8\bin;C:\Program Files\apache-maven-3.9.11\bin;C:\glassfish7\bin;;C:\Program Files\NVIDIA Corporation\NVIDIA App\NvDLISR;C:\Program Files (x86)\NVIDIA Corporation\PhysX\Common;C:\Users\Windows\AppData\Local\Programs\Python\Python314\Scripts\;C:\Users\Windows\AppData\Local\Programs\Python\Python314\;C:\Users\Windows\AppData\Local\Programs\Python\Launcher\;C:\Program Files\Java\jdk-11.0.1\bin;C:\Users\Windows\AppData\Local\Microsoft\WindowsApps;C:\Program Files\JetBrains\IntelliJ IDEA Community Edition 2024.1\bin;;C:\Users\Windows\AppData\Local\Programs\Microsoft VS Code\bin;C:\Users\Windows\AppData\Roaming\npm;D:\TV series\Windsurf\bin;C:\Users\Windows\AppData\Roaming\Composer\vendor\bin;C:\Program Files\Java\jdk-21.0.8\bin;C:\Users\Windows\AppData\Local\Programs\MiKTeX\miktex\bin\x64\;C:\Users\Windows\AppData\Local\GitHubDesktop\bin;D:\Antigravity IDE\bin;C:\Users\Windows\AppData\Local\Programs\Antigravity IDE\bin
USERNAME=Windows
OS=Windows_NT
PROCESSOR_IDENTIFIER=Intel64 Family 6 Model 141 Stepping 1, GenuineIntel
TMP=C:\Users\Windows\AppData\Local\Temp
TEMP=C:\Users\Windows\AppData\Local\Temp




Periodic native trim disabled

---------------  S Y S T E M  ---------------

OS:
 Windows 11 , 64 bit Build 26100 (10.0.26100.8521)
OS uptime: 3 days 10:03 hours
Hyper-V role detected

CPU: total 12 (initial active 12) (6 cores per cpu, 2 threads per core) family 6 model 141 stepping 1 microcode 0x50, cx8, cmov, fxsr, ht, mmx, 3dnowpref, sse, sse2, sse3, ssse3, sse4.1, sse4.2, popcnt, lzcnt, tsc, tscinvbit, avx, avx2, aes, erms, clmul, bmi1, bmi2, adx, avx512f, avx512dq, avx512cd, avx512bw, avx512vl, sha, fma, vzeroupper, avx512_vpopcntdq, avx512_vpclmulqdq, avx512_vaes, avx512_vnni, clflush, clflushopt, clwb, avx512_vbmi2, avx512_vbmi, hv, rdtscp, rdpid, fsrm, gfni, avx512_bitalg, f16c, cet_ibt, cet_ss, avx512_ifma
Processor Information for all 12 processors :
  Max Mhz: 2688, Current Mhz: 2688, Mhz Limit: 2688

Memory: 4k page, system-wide physical 7914M (172M free)
TotalPageFile size 29930M (AvailPageFile size 6M)
current process WorkingSet (physical memory assigned to process): 89M, peak: 300M
current process commit charge ("private bytes"): 342M, peak: 351M

vm_info: Java HotSpot(TM) 64-Bit Server VM (21.0.9+7-LTS-338) for windows-amd64 JRE (21.0.9+7-LTS-338), built on 2025-09-26T06:33:49Z by "mach5run" with MS VC++ 17.6 (VS2022)

END.
