#
# There is insufficient memory for the Java Runtime Environment to continue.
# Native memory allocation (malloc) failed to allocate 532976 bytes. Error detail: Chunk::new
# Possible reasons:
#   The system is out of physical RAM or swap space
#   This process is running with CompressedOops enabled, and the Java Heap may be blocking the growth of the native heap
# Possible solutions:
#   Reduce memory load on the system
#   Increase physical memory or swap space
#   Check if swap backing store is full
#   Decrease Java heap size (-Xmx/-Xms)
#   Decrease number of Java threads
#   Decrease Java thread stack sizes (-Xss)
#   Set larger code cache with -XX:ReservedCodeCacheSize=
#   JVM is running with Unscaled Compressed Oops mode in which the Java heap is
#     placed in the first 4GB address space. The Java Heap base address is the
#     maximum limit for the native heap growth. Please use -XX:HeapBaseMinAddress
#     to set the Java Heap base and to place the Java Heap above 4GB virtual address.
# This output file may be truncated or incomplete.
#
#  Out of Memory Error (arena.cpp:168), pid=4492, tid=7840
#
# JRE version: OpenJDK Runtime Environment Temurin-21.0.11+10 (21.0.11+10) (build 21.0.11+10-LTS)
# Java VM: OpenJDK 64-Bit Server VM Temurin-21.0.11+10 (21.0.11+10-LTS, mixed mode, sharing, tiered, compressed oops, compressed class ptrs, parallel gc, windows-amd64)
# No core dump will be written. Minidumps are not enabled by default on client versions of Windows
#

---------------  S U M M A R Y ------------

Command Line: --add-modules=ALL-SYSTEM --add-opens=java.base/java.util=ALL-UNNAMED --add-opens=java.base/java.lang=ALL-UNNAMED --add-opens=java.base/sun.nio.fs=ALL-UNNAMED -Declipse.application=org.eclipse.jdt.ls.core.id1 -Dosgi.bundles.defaultStartLevel=4 -Declipse.product=org.eclipse.jdt.ls.core.product -Djava.import.generatesMetadataFilesAtProjectRoot=false -DDetectVMInstallationsJob.disabled=true -Dfile.encoding=utf8 -XX:+UseParallelGC -XX:GCTimeRatio=4 -XX:AdaptiveSizePolicyWeight=90 -Dsun.zip.disableMemoryMapping=true -Xmx2G -Xms100m -Xlog:disable -javaagent:c:\Users\Windows\.antigravity-ide\extensions\redhat.java-1.55.0-win32-x64\lombok\lombok-1.18.39-4050.jar -XX:+HeapDumpOnOutOfMemoryError -XX:HeapDumpPath=c:\Users\Windows\AppData\Roaming\Antigravity IDE\User\workspaceStorage\dd797f979bf9da95ab56711e4c6e11a8\redhat.java -Daether.dependencyCollector.impl=bf c:\Users\Windows\.antigravity-ide\extensions\redhat.java-1.55.0-win32-x64\server\plugins\org.eclipse.equinox.launcher_1.7.200.v20260619-2039.jar -configuration c:\Users\Windows\AppData\Roaming\Antigravity IDE\User\globalStorage\redhat.java\1.55.0\config_win -data c:\Users\Windows\AppData\Roaming\Antigravity IDE\User\workspaceStorage\dd797f979bf9da95ab56711e4c6e11a8\redhat.java\jdt_ws --pipe=\\.\pipe\lsp-fe0b027d640975a534f8494b2576ebed-sock

Host: 11th Gen Intel(R) Core(TM) i5-11400H @ 2.70GHz, 12 cores, 7G,  Windows 11 , 64 bit Build 26100 (10.0.26100.8521)
Time: Tue Jul 14 12:03:26 2026 Sri Lanka Standard Time elapsed time: 0.774647 seconds (0d 0h 0m 0s)

---------------  T H R E A D  ---------------

Current thread (0x000001af779195d0):  JavaThread "C2 CompilerThread1" daemon [_thread_in_native, id=7840, stack(0x000000447ab00000,0x000000447ac00000) (1024K)]


Current CompileTask:
C2:774  982   !   4       java.util.jar.Attributes::read (494 bytes)

Stack: [0x000000447ab00000,0x000000447ac00000]
Native frames: (J=compiled Java code, j=interpreted, Vv=VM code, C=native code)
V  [jvm.dll+0x6d7e19]
V  [jvm.dll+0x8b5096]
V  [jvm.dll+0x8b764e]
V  [jvm.dll+0x8b7d33]
V  [jvm.dll+0x284596]
V  [jvm.dll+0xc685d]
V  [jvm.dll+0xc6da1]
V  [jvm.dll+0x3bed31]
V  [jvm.dll+0x38b2b2]
V  [jvm.dll+0x38a6fa]
V  [jvm.dll+0x24c700]
V  [jvm.dll+0x24bce0]
V  [jvm.dll+0x1cb4ae]
V  [jvm.dll+0x25baad]
V  [jvm.dll+0x25a03a]
V  [jvm.dll+0x3f868e]
V  [jvm.dll+0x85fb0d]
V  [jvm.dll+0x6d664d]
C  [ucrtbase.dll+0x2cd30]
C  [KERNEL32.DLL+0x2e957]
C  [ntdll.dll+0x87c1c]


---------------  P R O C E S S  ---------------

Threads class SMR info:
_java_thread_list=0x000001af779d6990, length=13, elements={
0x000001af1e8cd720, 0x000001af1e9723c0, 0x000001af1e975450, 0x000001af1e97a820,
0x000001af1e97b280, 0x000001af1e97f250, 0x000001af1e981cc0, 0x000001af1e986b20,
0x000001af7769a920, 0x000001af77882f30, 0x000001af779195d0, 0x000001af77903020,
0x000001af789514d0
}

Java Threads: ( => current thread )
  0x000001af1e8cd720 JavaThread "main"                              [_thread_in_vm, id=11988, stack(0x0000004479d00000,0x0000004479e00000) (1024K)]
  0x000001af1e9723c0 JavaThread "Reference Handler"          daemon [_thread_blocked, id=8588, stack(0x000000447a200000,0x000000447a300000) (1024K)]
  0x000001af1e975450 JavaThread "Finalizer"                  daemon [_thread_blocked, id=21488, stack(0x000000447a300000,0x000000447a400000) (1024K)]
  0x000001af1e97a820 JavaThread "Signal Dispatcher"          daemon [_thread_blocked, id=11812, stack(0x000000447a400000,0x000000447a500000) (1024K)]
  0x000001af1e97b280 JavaThread "Attach Listener"            daemon [_thread_blocked, id=7928, stack(0x000000447a500000,0x000000447a600000) (1024K)]
  0x000001af1e97f250 JavaThread "Service Thread"             daemon [_thread_blocked, id=13012, stack(0x000000447a600000,0x000000447a700000) (1024K)]
  0x000001af1e981cc0 JavaThread "Monitor Deflation Thread"   daemon [_thread_blocked, id=2452, stack(0x000000447a700000,0x000000447a800000) (1024K)]
  0x000001af1e986b20 JavaThread "C2 CompilerThread0"         daemon [_thread_blocked, id=4944, stack(0x000000447a800000,0x000000447a900000) (1024K)]
  0x000001af7769a920 JavaThread "C1 CompilerThread0"         daemon [_thread_blocked, id=25884, stack(0x000000447a900000,0x000000447aa00000) (1024K)]
  0x000001af77882f30 JavaThread "Common-Cleaner"             daemon [_thread_blocked, id=25052, stack(0x000000447aa00000,0x000000447ab00000) (1024K)]
=>0x000001af779195d0 JavaThread "C2 CompilerThread1"         daemon [_thread_in_native, id=7840, stack(0x000000447ab00000,0x000000447ac00000) (1024K)]
  0x000001af77903020 JavaThread "Notification Thread"        daemon [_thread_blocked, id=7628, stack(0x000000447ac00000,0x000000447ad00000) (1024K)]
  0x000001af789514d0 JavaThread "C2 CompilerThread2"         daemon [_thread_blocked, id=25756, stack(0x000000447ad00000,0x000000447ae00000) (1024K)]
Total: 13

Other Threads:
  0x000001af1e971bf0 VMThread "VM Thread"                           [id=11044, stack(0x000000447a100000,0x000000447a200000) (1024K)]
  0x000001af1e75c7e0 WatcherThread "VM Periodic Task Thread"        [id=1720, stack(0x000000447a000000,0x000000447a100000) (1024K)]
  0x000001af1e8ebe30 WorkerThread "GC Thread#0"                     [id=21576, stack(0x0000004479f00000,0x000000447a000000) (1024K)]
Total: 3

Threads with active compile tasks:
C2 CompilerThread1  788  982   !   4       java.util.jar.Attributes::read (494 bytes)
Total: 1

VM state: not at safepoint (normal execution)

VM Mutex/Monitor currently owned by a thread: None

Heap address: 0x0000000080000000, size: 2048 MB, Compressed Oops mode: 32-bit

CDS archive(s) mapped at: [0x000001af36000000-0x000001af36ba0000-0x000001af36ba0000), size 12189696, SharedBaseAddress: 0x000001af36000000, ArchiveRelocationMode: 1.
Compressed class space mapped at: 0x000001af37000000-0x000001af77000000, reserved size: 1073741824
Narrow klass base: 0x000001af36000000, Narrow klass shift: 0, Narrow klass range: 0x100000000

GC Precious Log:
 CardTable entry size: 512
 CPUs: 12 total, 12 available
 Memory: 7914M
 Large Page Support: Disabled
 NUMA Support: Disabled
 Compressed Oops: Enabled (32-bit)
 Alignments: Space 512K, Generation 512K, Heap 2M
 Heap Min Capacity: 100M
 Heap Initial Capacity: 100M
 Heap Max Capacity: 2G
 Pre-touch: Disabled
 Parallel Workers: 10

Heap:
 PSYoungGen      total 29696K, used 21103K [0x00000000d5580000, 0x00000000d7680000, 0x0000000100000000)
  eden space 25600K, 82% used [0x00000000d5580000,0x00000000d6a1bd20,0x00000000d6e80000)
  from space 4096K, 0% used [0x00000000d7280000,0x00000000d7280000,0x00000000d7680000)
  to   space 4096K, 0% used [0x00000000d6e80000,0x00000000d6e80000,0x00000000d7280000)
 ParOldGen       total 68608K, used 0K [0x0000000080000000, 0x0000000084300000, 0x00000000d5580000)
  object space 68608K, 0% used [0x0000000080000000,0x0000000080000000,0x0000000084300000)
 Metaspace       used 3799K, committed 4032K, reserved 1114112K
  class space    used 416K, committed 512K, reserved 1048576K

Card table byte_map: [0x000001af1e270000,0x000001af1e680000] _byte_map_base: 0x000001af1de70000

Marking Bits: (ParMarkBitMap*) 0x00007ffb3a754460
 Begin Bits: [0x000001af30d80000, 0x000001af32d80000)
 End Bits:   [0x000001af32d80000, 0x000001af34d80000)

Polling page: 0x000001af1c6c0000

Metaspace:

Usage:
  Non-class:      3.30 MB used.
      Class:    416.07 KB used.
       Both:      3.71 MB used.

Virtual space:
  Non-class space:       64.00 MB reserved,       3.44 MB (  5%) committed,  1 nodes.
      Class space:        1.00 GB reserved,     512.00 KB ( <1%) committed,  1 nodes.
             Both:        1.06 GB reserved,       3.94 MB ( <1%) committed. 

Chunk freelists:
   Non-Class:  11.31 MB
       Class:  15.45 MB
        Both:  26.77 MB

MaxMetaspaceSize: unlimited
CompressedClassSpaceSize: 1.00 GB
Initial GC threshold: 21.00 MB
Current GC threshold: 21.00 MB
CDS: on
 - commit_granule_bytes: 65536.
 - commit_granule_words: 8192.
 - virtual_space_node_default_size: 8388608.
 - enlarge_chunks_in_place: 1.
 - use_allocation_guard: 0.


Internal statistics:

num_allocs_failed_limit: 0.
num_arena_births: 178.
num_arena_deaths: 0.
num_vsnodes_births: 2.
num_vsnodes_deaths: 0.
num_space_committed: 63.
num_space_uncommitted: 0.
num_chunks_returned_to_freelist: 0.
num_chunks_taken_from_freelist: 234.
num_chunk_merges: 0.
num_chunk_splits: 151.
num_chunks_enlarged: 85.
num_inconsistent_stats: 0.

CodeHeap 'non-profiled nmethods': size=120000Kb used=401Kb max_used=401Kb free=119599Kb
 bounds [0x000001af295a0000, 0x000001af29810000, 0x000001af30ad0000]
CodeHeap 'profiled nmethods': size=120000Kb used=1652Kb max_used=1652Kb free=118347Kb
 bounds [0x000001af21ad0000, 0x000001af21d40000, 0x000001af29000000]
CodeHeap 'non-nmethods': size=5760Kb used=1200Kb max_used=1225Kb free=4559Kb
 bounds [0x000001af29000000, 0x000001af29270000, 0x000001af295a0000]
CodeCache: size=245760Kb, used=3253Kb, max_used=3278Kb, free=242505Kb
 total_blobs=1476, nmethods=1025, adapters=358, full_count=0
Compilation: enabled, stopped_count=0, restarted_count=0

Compilation events (20 events):
Event: 0.764 Thread 0x000001af7769a920 nmethod 1002 0x000001af21c5fb90 code [0x000001af21c600e0, 0x000001af21c63020]
Event: 0.764 Thread 0x000001af7769a920 1003   !   3       java.util.zip.Inflater::finished (19 bytes)
Event: 0.764 Thread 0x000001af7769a920 nmethod 1003 0x000001af21c64290 code [0x000001af21c64440, 0x000001af21c64640]
Event: 0.764 Thread 0x000001af7769a920 1005       3       java.io.InputStream::<init> (5 bytes)
Event: 0.764 Thread 0x000001af7769a920 nmethod 1005 0x000001af21c64710 code [0x000001af21c648c0, 0x000001af21c64a28]
Event: 0.765 Thread 0x000001af7769a920 1006       3       java.lang.ClassLoader::getClassLoadingLock (35 bytes)
Event: 0.765 Thread 0x000001af7769a920 nmethod 1006 0x000001af21c64b10 code [0x000001af21c64ce0, 0x000001af21c64fd0]
Event: 0.766 Thread 0x000001af789514d0 1008       4       sun.security.provider.SHA2::implCompress (13 bytes)
Event: 0.766 Thread 0x000001af7769a920 1009       3       java.lang.invoke.VarHandleGuards::guard_LII_V (135 bytes)
Event: 0.768 Thread 0x000001af1e986b20 nmethod 1004 0x000001af29602a10 code [0x000001af29602bc0, 0x000001af29602e90]
Event: 0.769 Thread 0x000001af789514d0 nmethod 1008 0x000001af29603110 code [0x000001af296032a0, 0x000001af296033e0]
Event: 0.769 Thread 0x000001af7769a920 nmethod 1009 0x000001af21c65190 code [0x000001af21c655c0, 0x000001af21c67ab8]
Event: 0.769 Thread 0x000001af7769a920 1010       3       java.lang.invoke.VarHandleByteArrayAsInts$ArrayHandle::set (39 bytes)
Event: 0.769 Thread 0x000001af7769a920 nmethod 1010 0x000001af21c68690 code [0x000001af21c68860, 0x000001af21c68c88]
Event: 0.770 Thread 0x000001af7769a920 1011       1       sun.security.x509.X509CertImpl::getEncodedInternal (5 bytes)
Event: 0.770 Thread 0x000001af7769a920 nmethod 1011 0x000001af29603510 code [0x000001af296036a0, 0x000001af29603768]
Event: 0.772 Thread 0x000001af7769a920 1013       1       java.net.URLStreamHandler::getDefaultPort (2 bytes)
Event: 0.772 Thread 0x000001af7769a920 nmethod 1013 0x000001af29603810 code [0x000001af296039a0, 0x000001af29603a68]
Event: 0.772 Thread 0x000001af7769a920 1014       1       java.lang.Boolean::booleanValue (5 bytes)
Event: 0.772 Thread 0x000001af7769a920 nmethod 1014 0x000001af29603b10 code [0x000001af29603ca0, 0x000001af29603d70]

GC Heap History (0 events):
No events

Dll operation events (8 events):
Event: 0.014 Loaded shared library c:\Users\Windows\.antigravity-ide\extensions\redhat.java-1.55.0-win32-x64\jre\21.0.11-win32-x86_64\bin\java.dll
Event: 0.096 Loaded shared library c:\Users\Windows\.antigravity-ide\extensions\redhat.java-1.55.0-win32-x64\jre\21.0.11-win32-x86_64\bin\zip.dll
Event: 0.117 Loaded shared library C:\Users\Windows\.antigravity-ide\extensions\redhat.java-1.55.0-win32-x64\jre\21.0.11-win32-x86_64\bin\instrument.dll
Event: 0.122 Loaded shared library C:\Users\Windows\.antigravity-ide\extensions\redhat.java-1.55.0-win32-x64\jre\21.0.11-win32-x86_64\bin\net.dll
Event: 0.125 Loaded shared library C:\Users\Windows\.antigravity-ide\extensions\redhat.java-1.55.0-win32-x64\jre\21.0.11-win32-x86_64\bin\nio.dll
Event: 0.130 Loaded shared library C:\Users\Windows\.antigravity-ide\extensions\redhat.java-1.55.0-win32-x64\jre\21.0.11-win32-x86_64\bin\zip.dll
Event: 0.148 Loaded shared library C:\Users\Windows\.antigravity-ide\extensions\redhat.java-1.55.0-win32-x64\jre\21.0.11-win32-x86_64\bin\jimage.dll
Event: 0.222 Loaded shared library c:\Users\Windows\.antigravity-ide\extensions\redhat.java-1.55.0-win32-x64\jre\21.0.11-win32-x86_64\bin\verify.dll

Deoptimization events (20 events):
Event: 0.500 Thread 0x000001af1e8cd720 DEOPT PACKING pc=0x000001af295afa88 sp=0x0000004479dfdb60
Event: 0.500 Thread 0x000001af1e8cd720 DEOPT UNPACKING pc=0x000001af29056da2 sp=0x0000004479dfdaf0 mode 2
Event: 0.500 Thread 0x000001af1e8cd720 Uncommon trap: trap_request=0xffffffde fr.pc=0x000001af295afa88 relative=0x0000000000000928
Event: 0.500 Thread 0x000001af1e8cd720 Uncommon trap: reason=class_check action=maybe_recompile pc=0x000001af295afa88 method=java.util.HashMap.putVal(ILjava/lang/Object;Ljava/lang/Object;ZZ)Ljava/lang/Object; @ 91 c2
Event: 0.500 Thread 0x000001af1e8cd720 DEOPT PACKING pc=0x000001af295afa88 sp=0x0000004479dfdb60
Event: 0.500 Thread 0x000001af1e8cd720 DEOPT UNPACKING pc=0x000001af29056da2 sp=0x0000004479dfdaf0 mode 2
Event: 0.528 Thread 0x000001af1e8cd720 DEOPT PACKING pc=0x000001af21be537b sp=0x0000004479dfa670
Event: 0.528 Thread 0x000001af1e8cd720 DEOPT UNPACKING pc=0x000001af290578e2 sp=0x0000004479df9ae8 mode 0
Event: 0.563 Thread 0x000001af1e8cd720 Uncommon trap: trap_request=0xffffff45 fr.pc=0x000001af295e27ac relative=0x000000000000008c
Event: 0.563 Thread 0x000001af1e8cd720 Uncommon trap: reason=unstable_if action=reinterpret pc=0x000001af295e27ac method=jdk.internal.misc.Unsafe.convEndian(ZI)I @ 4 c2
Event: 0.563 Thread 0x000001af1e8cd720 DEOPT PACKING pc=0x000001af295e27ac sp=0x0000004479dfd870
Event: 0.563 Thread 0x000001af1e8cd720 DEOPT UNPACKING pc=0x000001af29056da2 sp=0x0000004479dfd7a0 mode 2
Event: 0.565 Thread 0x000001af1e8cd720 Uncommon trap: trap_request=0xffffff45 fr.pc=0x000001af295cec3c relative=0x000000000000065c
Event: 0.565 Thread 0x000001af1e8cd720 Uncommon trap: reason=unstable_if action=reinterpret pc=0x000001af295cec3c method=java.lang.AbstractStringBuilder.append(Ljava/lang/String;)Ljava/lang/AbstractStringBuilder; @ 1 c2
Event: 0.566 Thread 0x000001af1e8cd720 DEOPT PACKING pc=0x000001af295cec3c sp=0x0000004479dfdbd0
Event: 0.566 Thread 0x000001af1e8cd720 DEOPT UNPACKING pc=0x000001af29056da2 sp=0x0000004479dfdb60 mode 2
Event: 0.736 Thread 0x000001af1e8cd720 Uncommon trap: trap_request=0xffffffde fr.pc=0x000001af295afa88 relative=0x0000000000000928
Event: 0.736 Thread 0x000001af1e8cd720 Uncommon trap: reason=class_check action=maybe_recompile pc=0x000001af295afa88 method=java.util.HashMap.putVal(ILjava/lang/Object;Ljava/lang/Object;ZZ)Ljava/lang/Object; @ 91 c2
Event: 0.736 Thread 0x000001af1e8cd720 DEOPT PACKING pc=0x000001af295afa88 sp=0x0000004479dfe3a0
Event: 0.736 Thread 0x000001af1e8cd720 DEOPT UNPACKING pc=0x000001af29056da2 sp=0x0000004479dfe360 mode 2

Classes loaded (20 events):
Event: 0.713 Loading class java/nio/file/FileStore done
Event: 0.713 Loading class sun/nio/fs/WindowsFileStore done
Event: 0.716 Loading class java/net/URLClassLoader$1
Event: 0.716 Loading class java/net/URLClassLoader$1 done
Event: 0.729 Loading class sun/security/util/MemoryCache$QueueCacheEntry
Event: 0.729 Loading class sun/security/util/MemoryCache$QueueCacheEntry done
Event: 0.751 Loading class java/io/FilePermission$1
Event: 0.751 Loading class jdk/internal/access/JavaIOFilePermissionAccess
Event: 0.751 Loading class jdk/internal/access/JavaIOFilePermissionAccess done
Event: 0.751 Loading class java/io/FilePermission$1 done
Event: 0.752 Loading class java/io/FilePermissionCollection
Event: 0.752 Loading class java/io/FilePermissionCollection done
Event: 0.764 Loading class java/util/EventListener
Event: 0.764 Loading class java/util/EventListener done
Event: 0.764 Loading class java/lang/InterruptedException
Event: 0.765 Loading class java/lang/InterruptedException done
Event: 0.770 Loading class java/util/EventObject
Event: 0.770 Loading class java/util/EventObject done
Event: 0.770 Loading class java/util/concurrent/Semaphore
Event: 0.770 Loading class java/util/concurrent/Semaphore done

Classes unloaded (0 events):
No events

Classes redefined (0 events):
No events

Internal exceptions (20 events):
Event: 0.185 Thread 0x000001af1e8cd720 Exception <a 'java/lang/NoSuchMethodError'{0x00000000d59ea408}: 'void java.lang.invoke.DelegatingMethodHandle$Holder.reinvoke_L(java.lang.Object, java.lang.Object, java.lang.Object, int, java.lang.Object)'> (0x00000000d59ea408) 
thrown [s\src\hotspot\share\interpreter\linkResolver.cpp, line 773]
Event: 0.188 Thread 0x000001af1e8cd720 Exception <a 'java/lang/NoSuchMethodError'{0x00000000d59fad58}: 'int java.lang.invoke.DirectMethodHandle$Holder.invokeSpecial(java.lang.Object, java.lang.Object, java.lang.Object)'> (0x00000000d59fad58) 
thrown [s\src\hotspot\share\interpreter\linkResolver.cpp, line 773]
Event: 0.190 Thread 0x000001af1e8cd720 Exception <a 'java/lang/NoSuchMethodError'{0x00000000d5a06a18}: 'java.lang.Object java.lang.invoke.DirectMethodHandle$Holder.invokeStatic(java.lang.Object, java.lang.Object, int)'> (0x00000000d5a06a18) 
thrown [s\src\hotspot\share\interpreter\linkResolver.cpp, line 773]
Event: 0.190 Thread 0x000001af1e8cd720 Exception <a 'java/lang/NoSuchMethodError'{0x00000000d5a0b368}: 'void java.lang.invoke.DirectMethodHandle$Holder.invokeStatic(java.lang.Object, java.lang.Object, int, java.lang.Object)'> (0x00000000d5a0b368) 
thrown [s\src\hotspot\share\interpreter\linkResolver.cpp, line 773]
Event: 0.191 Thread 0x000001af1e8cd720 Exception <a 'java/lang/NoSuchMethodError'{0x00000000d5a0eef8}: 'void java.lang.invoke.DirectMethodHandle$Holder.invokeSpecial(java.lang.Object, java.lang.Object, java.lang.Object, int, java.lang.Object)'> (0x00000000d5a0eef8) 
thrown [s\src\hotspot\share\interpreter\linkResolver.cpp, line 773]
Event: 0.191 Thread 0x000001af1e8cd720 Exception <a 'java/lang/NoSuchMethodError'{0x00000000d5a128a8}: 'void java.lang.invoke.DelegatingMethodHandle$Holder.delegate(java.lang.Object, java.lang.Object, int, java.lang.Object)'> (0x00000000d5a128a8) 
thrown [s\src\hotspot\share\interpreter\linkResolver.cpp, line 773]
Event: 0.251 Thread 0x000001af1e8cd720 Exception <a 'java/lang/NoSuchMethodError'{0x00000000d5bd4150}: 'void java.lang.invoke.DelegatingMethodHandle$Holder.reinvoke_L(java.lang.Object, java.lang.Object, java.lang.Object, int)'> (0x00000000d5bd4150) 
thrown [s\src\hotspot\share\interpreter\linkResolver.cpp, line 773]
Event: 0.387 Thread 0x000001af1e8cd720 Exception <a 'java/lang/NoSuchMethodError'{0x00000000d6063f60}: 'void java.lang.invoke.DirectMethodHandle$Holder.invokeVirtual(java.lang.Object, java.lang.Object)'> (0x00000000d6063f60) 
thrown [s\src\hotspot\share\interpreter\linkResolver.cpp, line 773]
Event: 0.535 Thread 0x000001af1e8cd720 Exception <a 'java/lang/NoSuchMethodError'{0x00000000d644d5c8}: 'void java.lang.invoke.DirectMethodHandle$Holder.invokeStatic(java.lang.Object, java.lang.Object)'> (0x00000000d644d5c8) 
thrown [s\src\hotspot\share\interpreter\linkResolver.cpp, line 773]
Event: 0.540 Thread 0x000001af1e8cd720 Exception <a 'java/lang/ClassNotFoundException'{0x00000000d64756d8}: sun/net/www/protocol/c/Handler> (0x00000000d64756d8) 
thrown [s\src\hotspot\share\classfile\systemDictionary.cpp, line 313]
Event: 0.560 Thread 0x000001af1e8cd720 Exception <a 'java/io/FileNotFoundException'{0x00000000d64d44d0}> (0x00000000d64d44d0) 
thrown [s\src\hotspot\share\prims\jni.cpp, line 520]
Event: 0.561 Thread 0x000001af1e8cd720 Exception <a 'java/io/FileNotFoundException'{0x00000000d64d5858}> (0x00000000d64d5858) 
thrown [s\src\hotspot\share\prims\jni.cpp, line 520]
Event: 0.561 Thread 0x000001af1e8cd720 Exception <a 'java/io/FileNotFoundException'{0x00000000d64d6530}> (0x00000000d64d6530) 
thrown [s\src\hotspot\share\prims\jni.cpp, line 520]
Event: 0.561 Thread 0x000001af1e8cd720 Exception <a 'java/io/FileNotFoundException'{0x00000000d64d70e0}> (0x00000000d64d70e0) 
thrown [s\src\hotspot\share\prims\jni.cpp, line 520]
Event: 0.565 Thread 0x000001af1e8cd720 Implicit null exception at 0x000001af295ce624 to 0x000001af295cec24
Event: 0.569 Thread 0x000001af1e8cd720 Exception <a 'java/io/FileNotFoundException'{0x00000000d6511308}> (0x00000000d6511308) 
thrown [s\src\hotspot\share\prims\jni.cpp, line 520]
Event: 0.594 Thread 0x000001af1e8cd720 Exception <a 'java/lang/NoSuchMethodError'{0x00000000d654d3f0}: 'java.lang.Object java.lang.invoke.DirectMethodHandle$Holder.invokeInterface(java.lang.Object, java.lang.Object)'> (0x00000000d654d3f0) 
thrown [s\src\hotspot\share\interpreter\linkResolver.cpp, line 773]
Event: 0.600 Thread 0x000001af1e8cd720 Exception <a 'java/lang/NoSuchMethodError'{0x00000000d6560f60}: 'java.lang.Object java.lang.invoke.Invokers$Holder.invokeExact_MT(java.lang.Object, java.lang.Object, java.lang.Object, java.lang.Object, java.lang.Object, java.lang.Object)'> (0x00000000d6560f60) 
thrown [s\src\hotspot\share\interpreter\linkResolver.cpp, line 773]
Event: 0.603 Thread 0x000001af1e8cd720 Exception <a 'java/lang/NoSuchMethodError'{0x00000000d6578038}: 'int java.lang.invoke.DirectMethodHandle$Holder.invokeStatic(java.lang.Object, java.lang.Object, java.lang.Object, java.lang.Object, java.lang.Object)'> (0x00000000d6578038) 
thrown [s\src\hotspot\share\interpreter\linkResolver.cpp, line 773]
Event: 0.676 Thread 0x000001af1e8cd720 Exception <a 'java/lang/NoSuchMethodError'{0x00000000d660c488}: 'java.lang.Object java.lang.invoke.DirectMethodHandle$Holder.invokeInterface(java.lang.Object, java.lang.Object, int)'> (0x00000000d660c488) 
thrown [s\src\hotspot\share\interpreter\linkResolver.cpp, line 773]

ZGC Phase Switch (0 events):
No events

VM Operations (8 events):
Event: 0.094 Executing non-safepoint VM operation: HandshakeAllThreads (Deoptimize)
Event: 0.094 Executing non-safepoint VM operation: HandshakeAllThreads (Deoptimize) done
Event: 0.161 Executing non-safepoint VM operation: HandshakeAllThreads (Deoptimize)
Event: 0.161 Executing non-safepoint VM operation: HandshakeAllThreads (Deoptimize) done
Event: 0.510 Executing non-safepoint VM operation: HandshakeAllThreads (Deoptimize)
Event: 0.510 Executing non-safepoint VM operation: HandshakeAllThreads (Deoptimize) done
Event: 0.531 Executing non-safepoint VM operation: HandshakeAllThreads (Deoptimize)
Event: 0.531 Executing non-safepoint VM operation: HandshakeAllThreads (Deoptimize) done

Memory protections (0 events):
No events

Nmethod flushes (0 events):
No events

Events (13 events):
Event: 0.038 Thread 0x000001af1e8cd720 Thread added: 0x000001af1e8cd720
Event: 0.056 Thread 0x000001af1e8cd720 Thread added: 0x000001af1e9723c0
Event: 0.056 Thread 0x000001af1e8cd720 Thread added: 0x000001af1e975450
Event: 0.056 Thread 0x000001af1e8cd720 Thread added: 0x000001af1e97a820
Event: 0.056 Thread 0x000001af1e8cd720 Thread added: 0x000001af1e97b280
Event: 0.056 Thread 0x000001af1e8cd720 Thread added: 0x000001af1e97f250
Event: 0.056 Thread 0x000001af1e8cd720 Thread added: 0x000001af1e981cc0
Event: 0.056 Thread 0x000001af1e8cd720 Thread added: 0x000001af1e986b20
Event: 0.056 Thread 0x000001af1e8cd720 Thread added: 0x000001af7769a920
Event: 0.120 Thread 0x000001af1e8cd720 Thread added: 0x000001af77882f30
Event: 0.217 Thread 0x000001af7769a920 Thread added: 0x000001af779195d0
Event: 0.334 Thread 0x000001af1e8cd720 Thread added: 0x000001af77903020
Event: 0.506 Thread 0x000001af7769a920 Thread added: 0x000001af789514d0


Dynamic libraries:
0x00007ff6cd730000 - 0x00007ff6cd73e000 	c:\Users\Windows\.antigravity-ide\extensions\redhat.java-1.55.0-win32-x64\jre\21.0.11-win32-x86_64\bin\java.exe
0x00007ffbad220000 - 0x00007ffbad486000 	C:\WINDOWS\SYSTEM32\ntdll.dll
0x00007ffbac460000 - 0x00007ffbac529000 	C:\WINDOWS\System32\KERNEL32.DLL
0x00007ffbaa4e0000 - 0x00007ffbaa8da000 	C:\WINDOWS\System32\KERNELBASE.dll
0x00007ffbaac50000 - 0x00007ffbaad9c000 	C:\WINDOWS\System32\ucrtbase.dll
0x00007ffb9cef0000 - 0x00007ffb9cf08000 	c:\Users\Windows\.antigravity-ide\extensions\redhat.java-1.55.0-win32-x64\jre\21.0.11-win32-x86_64\bin\jli.dll
0x00007ffbacf10000 - 0x00007ffbad0d7000 	C:\WINDOWS\System32\USER32.dll
0x00007ffbaa4b0000 - 0x00007ffbaa4d7000 	C:\WINDOWS\System32\win32u.dll
0x00007ffb9b450000 - 0x00007ffb9b46e000 	c:\Users\Windows\.antigravity-ide\extensions\redhat.java-1.55.0-win32-x64\jre\21.0.11-win32-x86_64\bin\VCRUNTIME140.dll
0x00007ffbabbe0000 - 0x00007ffbabc0b000 	C:\WINDOWS\System32\GDI32.dll
0x00007ffbaae60000 - 0x00007ffbaaf8b000 	C:\WINDOWS\System32\gdi32full.dll
0x00007ffbaaa20000 - 0x00007ffbaaac3000 	C:\WINDOWS\System32\msvcp_win.dll
0x00007ffb97550000 - 0x00007ffb977e2000 	C:\WINDOWS\WinSxS\amd64_microsoft.windows.common-controls_6595b64144ccf1df_6.0.26100.8521_none_3e08b75ce33403b3\COMCTL32.dll
0x00007ffbacd80000 - 0x00007ffbace29000 	C:\WINDOWS\System32\msvcrt.dll
0x00007ffbac7c0000 - 0x00007ffbac7f2000 	C:\WINDOWS\System32\IMM32.DLL
0x00007ffb9f640000 - 0x00007ffb9f64c000 	c:\Users\Windows\.antigravity-ide\extensions\redhat.java-1.55.0-win32-x64\jre\21.0.11-win32-x86_64\bin\vcruntime140_1.dll
0x00007ffb72960000 - 0x00007ffb729ed000 	c:\Users\Windows\.antigravity-ide\extensions\redhat.java-1.55.0-win32-x64\jre\21.0.11-win32-x86_64\bin\msvcp140.dll
0x00007ffb39a90000 - 0x00007ffb3a832000 	c:\Users\Windows\.antigravity-ide\extensions\redhat.java-1.55.0-win32-x64\jre\21.0.11-win32-x86_64\bin\server\jvm.dll
0x00007ffbab940000 - 0x00007ffbab9f6000 	C:\WINDOWS\System32\ADVAPI32.dll
0x00007ffbac930000 - 0x00007ffbac9da000 	C:\WINDOWS\System32\sechost.dll
0x00007ffbac530000 - 0x00007ffbac648000 	C:\WINDOWS\System32\RPCRT4.dll
0x00007ffbac730000 - 0x00007ffbac7b0000 	C:\WINDOWS\System32\WS2_32.dll
0x00007ffba90a0000 - 0x00007ffba90fe000 	C:\WINDOWS\SYSTEM32\POWRPROF.dll
0x00007ffb9b3c0000 - 0x00007ffb9b3f6000 	C:\WINDOWS\SYSTEM32\WINMM.dll
0x00007ffba0850000 - 0x00007ffba085b000 	C:\WINDOWS\SYSTEM32\VERSION.dll
0x00007ffba9080000 - 0x00007ffba9094000 	C:\WINDOWS\SYSTEM32\UMPDC.dll
0x00007ffba9360000 - 0x00007ffba937b000 	C:\WINDOWS\SYSTEM32\kernel.appcore.dll
0x00007ffb9cfd0000 - 0x00007ffb9cfda000 	c:\Users\Windows\.antigravity-ide\extensions\redhat.java-1.55.0-win32-x64\jre\21.0.11-win32-x86_64\bin\jimage.dll
0x00007ffba7aa0000 - 0x00007ffba7ce2000 	C:\WINDOWS\SYSTEM32\DBGHELP.DLL
0x00007ffbac9e0000 - 0x00007ffbacd63000 	C:\WINDOWS\System32\combase.dll
0x00007ffbac650000 - 0x00007ffbac729000 	C:\WINDOWS\System32\OLEAUT32.dll
0x00007ffb79e50000 - 0x00007ffb79e8b000 	C:\WINDOWS\SYSTEM32\dbgcore.DLL
0x00007ffbaa970000 - 0x00007ffbaaa18000 	C:\WINDOWS\System32\bcryptPrimitives.dll
0x00007ffb9ba90000 - 0x00007ffb9ba9f000 	c:\Users\Windows\.antigravity-ide\extensions\redhat.java-1.55.0-win32-x64\jre\21.0.11-win32-x86_64\bin\instrument.dll
0x00007ffb9a460000 - 0x00007ffb9a480000 	c:\Users\Windows\.antigravity-ide\extensions\redhat.java-1.55.0-win32-x64\jre\21.0.11-win32-x86_64\bin\java.dll
0x00007ffbab010000 - 0x00007ffbab794000 	C:\WINDOWS\System32\SHELL32.dll
0x00007ffba8070000 - 0x00007ffba88f0000 	C:\WINDOWS\SYSTEM32\windows.storage.dll
0x00007ffbac820000 - 0x00007ffbac916000 	C:\WINDOWS\System32\SHCORE.dll
0x00007ffbace30000 - 0x00007ffbace97000 	C:\WINDOWS\System32\shlwapi.dll
0x00007ffbaa3d0000 - 0x00007ffbaa3f9000 	C:\WINDOWS\SYSTEM32\profapi.dll
0x00007ffb9aa50000 - 0x00007ffb9aa68000 	c:\Users\Windows\.antigravity-ide\extensions\redhat.java-1.55.0-win32-x64\jre\21.0.11-win32-x86_64\bin\zip.dll
0x00007ffb9b9c0000 - 0x00007ffb9b9d0000 	C:\Users\Windows\.antigravity-ide\extensions\redhat.java-1.55.0-win32-x64\jre\21.0.11-win32-x86_64\bin\net.dll
0x00007ffba1010000 - 0x00007ffba1139000 	C:\WINDOWS\SYSTEM32\WINHTTP.dll
0x00007ffba98d0000 - 0x00007ffba993c000 	C:\WINDOWS\system32\mswsock.dll
0x00007ffb962f0000 - 0x00007ffb96306000 	C:\Users\Windows\.antigravity-ide\extensions\redhat.java-1.55.0-win32-x64\jre\21.0.11-win32-x86_64\bin\nio.dll
0x00007ffb9adf0000 - 0x00007ffb9ae00000 	c:\Users\Windows\.antigravity-ide\extensions\redhat.java-1.55.0-win32-x64\jre\21.0.11-win32-x86_64\bin\verify.dll

JVMTI agents:
c:\Users\Windows\.antigravity-ide\extensions\redhat.java-1.55.0-win32-x64\lombok\lombok-1.18.39-4050.jar path:c:\Users\Windows\.antigravity-ide\extensions\redhat.java-1.55.0-win32-x64\jre\21.0.11-win32-x86_64\bin\instrument.dll, loaded, initialized, instrumentlib options:none

dbghelp: loaded successfully - version: 4.0.5 - missing functions: none
symbol engine: initialized successfully - sym options: 0x614 - pdb path: .;c:\Users\Windows\.antigravity-ide\extensions\redhat.java-1.55.0-win32-x64\jre\21.0.11-win32-x86_64\bin;C:\WINDOWS\SYSTEM32;C:\WINDOWS\WinSxS\amd64_microsoft.windows.common-controls_6595b64144ccf1df_6.0.26100.8521_none_3e08b75ce33403b3;c:\Users\Windows\.antigravity-ide\extensions\redhat.java-1.55.0-win32-x64\jre\21.0.11-win32-x86_64\bin\server

VM Arguments:
jvm_args: --add-modules=ALL-SYSTEM --add-opens=java.base/java.util=ALL-UNNAMED --add-opens=java.base/java.lang=ALL-UNNAMED --add-opens=java.base/sun.nio.fs=ALL-UNNAMED -Declipse.application=org.eclipse.jdt.ls.core.id1 -Dosgi.bundles.defaultStartLevel=4 -Declipse.product=org.eclipse.jdt.ls.core.product -Djava.import.generatesMetadataFilesAtProjectRoot=false -DDetectVMInstallationsJob.disabled=true -Dfile.encoding=utf8 -XX:+UseParallelGC -XX:GCTimeRatio=4 -XX:AdaptiveSizePolicyWeight=90 -Dsun.zip.disableMemoryMapping=true -Xmx2G -Xms100m -Xlog:disable -javaagent:c:\Users\Windows\.antigravity-ide\extensions\redhat.java-1.55.0-win32-x64\lombok\lombok-1.18.39-4050.jar -XX:+HeapDumpOnOutOfMemoryError -XX:HeapDumpPath=c:\Users\Windows\AppData\Roaming\Antigravity IDE\User\workspaceStorage\dd797f979bf9da95ab56711e4c6e11a8\redhat.java -Daether.dependencyCollector.impl=bf 
java_command: c:\Users\Windows\.antigravity-ide\extensions\redhat.java-1.55.0-win32-x64\server\plugins\org.eclipse.equinox.launcher_1.7.200.v20260619-2039.jar -configuration c:\Users\Windows\AppData\Roaming\Antigravity IDE\User\globalStorage\redhat.java\1.55.0\config_win -data c:\Users\Windows\AppData\Roaming\Antigravity IDE\User\workspaceStorage\dd797f979bf9da95ab56711e4c6e11a8\redhat.java\jdt_ws --pipe=\\.\pipe\lsp-fe0b027d640975a534f8494b2576ebed-sock
java_class_path (initial): c:\Users\Windows\.antigravity-ide\extensions\redhat.java-1.55.0-win32-x64\server\plugins\org.eclipse.equinox.launcher_1.7.200.v20260619-2039.jar
Launcher Type: SUN_STANDARD

[Global flags]
    uintx AdaptiveSizePolicyWeight                 = 90                                        {product} {command line}
     intx CICompilerCount                          = 4                                         {product} {ergonomic}
    uintx GCTimeRatio                              = 4                                         {product} {command line}
     bool HeapDumpOnOutOfMemoryError               = true                                   {manageable} {command line}
    ccstr HeapDumpPath                             = c:\Users\Windows\AppData\Roaming\Antigravity IDE\User\workspaceStorage\dd797f979bf9da95ab56711e4c6e11a8\redhat.java         {manageable} {command line}
   size_t InitialHeapSize                          = 104857600                                 {product} {command line}
   size_t MaxHeapSize                              = 2147483648                                {product} {command line}
   size_t MaxNewSize                               = 715653120                                 {product} {ergonomic}
   size_t MinHeapDeltaBytes                        = 524288                                    {product} {ergonomic}
   size_t MinHeapSize                              = 104857600                                 {product} {command line}
   size_t NewSize                                  = 34603008                                  {product} {ergonomic}
    uintx NonNMethodCodeHeapSize                   = 5839372                                {pd product} {ergonomic}
    uintx NonProfiledCodeHeapSize                  = 122909434                              {pd product} {ergonomic}
   size_t OldSize                                  = 70254592                                  {product} {ergonomic}
    uintx ProfiledCodeHeapSize                     = 122909434                              {pd product} {ergonomic}
    uintx ReservedCodeCacheSize                    = 251658240                              {pd product} {ergonomic}
     bool SegmentedCodeCache                       = true                                      {product} {ergonomic}
   size_t SoftMaxHeapSize                          = 2147483648                             {manageable} {ergonomic}
     bool UseCompressedOops                        = true                           {product lp64_product} {ergonomic}
     bool UseLargePagesIndividualAllocation        = false                                  {pd product} {ergonomic}
     bool UseParallelGC                            = true                                      {product} {command line}

Logging:
Log output configuration:
 #0: stdout all=off uptime,level,tags foldmultilines=false
 #1: stderr all=off uptime,level,tags foldmultilines=false

Release file:
JAVA_VERSION="21.0.11" 
MODULES="java.base java.compiler java.datatransfer java.xml java.prefs java.desktop java.instrument java.logging java.management java.security.sasl java.naming java.rmi java.management.rmi java.net.http java.scripting java.security.jgss java.transaction.xa java.sql java.sql.rowset java.xml.crypto java.se java.smartcardio jdk.accessibility jdk.internal.jvmstat jdk.attach jdk.charsets jdk.internal.opt jdk.zipfs jdk.compiler jdk.crypto.ec jdk.crypto.cryptoki jdk.crypto.mscapi jdk.dynalink jdk.internal.ed jdk.editpad jdk.hotspot.agent jdk.httpserver jdk.internal.le jdk.internal.vm.ci jdk.internal.vm.compiler jdk.internal.vm.compiler.management jdk.jartool jdk.javadoc jdk.jcmd jdk.management jdk.management.agent jdk.jconsole jdk.jdeps jdk.jdwp.agent jdk.jdi jdk.jfr jdk.jshell jdk.jsobject jdk.jstatd jdk.localedata jdk.management.jfr jdk.naming.dns jdk.naming.rmi jdk.net jdk.nio.mapmode jdk.random jdk.sctp jdk.security.auth jdk.security.jgss jdk.unsupported jdk.unsupported.desktop jdk.xml.dom" 

Environment Variables:
JAVA_HOME=C:\Program Files\Java\jdk-21.0.8
PATH=C:\Program Files\Java\jdk-21.0.8\bin;C:\Program Files\Java\jdk-21.0.8\bin;C:\jdk-21.0.8\bin;C:\WINDOWS\system32;C:\WINDOWS;C:\WINDOWS\System32\Wbem;C:\WINDOWS\System32\WindowsPowerShell\v1.0\;C:\WINDOWS\System32\OpenSSH\;C:\Program Files\nodejs\;D:\xampp\php;C:\ProgramData\ComposerSetup\bin;C:\Program Files\Git\cmd;C:\Program Files\dotnet\;C:\Users\Windows\AppData\Local\Programs\Python\Python314\Scripts\;C:\Users\Windows\AppData\Local\Programs\Python\Python314\;C:\Users\Windows\AppData\Local\Programs\Python\Launcher\;C:\Program Files\Java\jdk-11.0.1\bin;C:\Users\Windows\AppData\Local\Microsoft\WindowsApps;C:\Program Files\JetBrains\IntelliJ IDEA Community Edition 2024.1\bin;C:\Users\Windows\AppData\Local\Programs\Microsoft VS Code\bin;C:\Users\Windows\AppData\Roaming\npm;D:\TV series\Windsurf\bin;C:\Users\Windows\AppData\Roaming\Composer\vendor\bin;C:\jdk-21.0.8\bin;C:\Program Files\apache-maven-3.9.11\bin;C:\glassfish7\bin;;C:\Program Files (x86)\NVIDIA Corporation\PhysX\Common;C:\Users\Windows\AppData\Local\Programs\Python\Python314\Scripts\;C:\Users\Windows\AppData\Local\Programs\Python\Python314\;C:\Users\Windows\AppData\Local\Programs\Python\Launcher\;C:\Program Files\Java\jdk-11.0.1\bin;C:\Users\Windows\AppData\Local\Microsoft\WindowsApps;C:\Program Files\JetBrains\IntelliJ IDEA Community Edition 2024.1\bin;;C:\Users\Windows\AppData\Local\Programs\Microsoft VS Code\bin;C:\Users\Windows\AppData\Roaming\npm;D:\TV series\Windsurf\bin;C:\Users\Windows\AppData\Roaming\Composer\vendor\bin;C:\Program Files\Java\jdk-21.0.8\bin;C:\Users\Windows\AppData\Local\Programs\MiKTeX\miktex\bin\x64\;C:\Users\Windows\AppData\Local\GitHubDesktop\bin;D:\Antigravity IDE\bin;C:\Users\Windows\AppData\Local\Programs\Antigravity IDE\bin
USERNAME=Windows
OS=Windows_NT
PROCESSOR_IDENTIFIER=Intel64 Family 6 Model 141 Stepping 1, GenuineIntel
TMP=C:\Users\Windows\AppData\Local\Temp
TEMP=C:\Users\Windows\AppData\Local\Temp




Periodic native trim disabled

---------------  S Y S T E M  ---------------

OS:
 Windows 11 , 64 bit Build 26100 (10.0.26100.8521)
OS uptime: 4 days 15:20 hours
Hyper-V role detected

CPU: total 12 (initial active 12) (6 cores per cpu, 2 threads per core) family 6 model 141 stepping 1 microcode 0x50, cx8, cmov, fxsr, ht, mmx, 3dnowpref, sse, sse2, sse3, ssse3, sse4.1, sse4.2, popcnt, lzcnt, tsc, tscinvbit, avx, avx2, aes, erms, clmul, bmi1, bmi2, adx, avx512f, avx512dq, avx512cd, avx512bw, avx512vl, sha, fma, vzeroupper, avx512_vpopcntdq, avx512_vpclmulqdq, avx512_vaes, avx512_vnni, clflush, clflushopt, clwb, avx512_vbmi2, avx512_vbmi, hv, rdtscp, rdpid, fsrm, gfni, avx512_bitalg, f16c, cet_ibt, cet_ss, avx512_ifma
Processor Information for the first 12 processors :
  Max Mhz: 2688, Current Mhz: 2688, Mhz Limit: 2688

Memory: 4k page, system-wide physical 7914M (1019M free)
TotalPageFile size 22991M (AvailPageFile size 0M)
current process WorkingSet (physical memory assigned to process): 73M, peak: 73M
current process commit charge ("private bytes"): 242M, peak: 242M

vm_info: OpenJDK 64-Bit Server VM (21.0.11+10-LTS) for windows-amd64 JRE (21.0.11+10-LTS), built on 2026-04-21T00:00:00Z by "admin" with MS VC++ 17.12 (VS2022)

END.
