#
# There is insufficient memory for the Java Runtime Environment to continue.
# Native memory allocation (malloc) failed to allocate 1284976 bytes. Error detail: Chunk::new
# Possible reasons:
#   The system is out of physical RAM or swap space
#   This process is running with CompressedOops enabled, and the Java Heap may be blocking the growth of the native heap
# Possible solutions:
#   Reduce memory load on the system
#   Increase physical memory or swap space
#   Check if swap backing store is full
#   Decrease Java heap size (-Xmx/-Xms)
#   Decrease number of Java threads
#   Decrease Java thread stack sizes (-Xss)
#   Set larger code cache with -XX:ReservedCodeCacheSize=
#   JVM is running with Unscaled Compressed Oops mode in which the Java heap is
#     placed in the first 4GB address space. The Java Heap base address is the
#     maximum limit for the native heap growth. Please use -XX:HeapBaseMinAddress
#     to set the Java Heap base and to place the Java Heap above 4GB virtual address.
# This output file may be truncated or incomplete.
#
#  Out of Memory Error (arena.cpp:168), pid=5256, tid=24908
#
# JRE version: OpenJDK Runtime Environment Temurin-21.0.11+10 (21.0.11+10) (build 21.0.11+10-LTS)
# Java VM: OpenJDK 64-Bit Server VM Temurin-21.0.11+10 (21.0.11+10-LTS, mixed mode, sharing, tiered, compressed oops, compressed class ptrs, parallel gc, windows-amd64)
# No core dump will be written. Minidumps are not enabled by default on client versions of Windows
#

---------------  S U M M A R Y ------------

Command Line: --add-modules=ALL-SYSTEM --add-opens=java.base/java.util=ALL-UNNAMED --add-opens=java.base/java.lang=ALL-UNNAMED --add-opens=java.base/sun.nio.fs=ALL-UNNAMED -Declipse.application=org.eclipse.jdt.ls.core.id1 -Dosgi.bundles.defaultStartLevel=4 -Declipse.product=org.eclipse.jdt.ls.core.product -Djava.import.generatesMetadataFilesAtProjectRoot=false -DDetectVMInstallationsJob.disabled=true -Dfile.encoding=utf8 -XX:+UseParallelGC -XX:GCTimeRatio=4 -XX:AdaptiveSizePolicyWeight=90 -Dsun.zip.disableMemoryMapping=true -Xmx2G -Xms100m -Xlog:disable -javaagent:c:\Users\Windows\.antigravity-ide\extensions\redhat.java-1.55.0-win32-x64\lombok\lombok-1.18.39-4050.jar -XX:+HeapDumpOnOutOfMemoryError -XX:HeapDumpPath=c:\Users\Windows\AppData\Roaming\Antigravity IDE\User\workspaceStorage\dd797f979bf9da95ab56711e4c6e11a8\redhat.java -Daether.dependencyCollector.impl=bf c:\Users\Windows\.antigravity-ide\extensions\redhat.java-1.55.0-win32-x64\server\plugins\org.eclipse.equinox.launcher_1.7.200.v20260619-2039.jar -configuration c:\Users\Windows\AppData\Roaming\Antigravity IDE\User\globalStorage\redhat.java\1.55.0\config_win -data c:\Users\Windows\AppData\Roaming\Antigravity IDE\User\workspaceStorage\dd797f979bf9da95ab56711e4c6e11a8\redhat.java\jdt_ws --pipe=\\.\pipe\lsp-7f03ac4803ea422f9d99bd29ebb34aa1-sock

Host: 11th Gen Intel(R) Core(TM) i5-11400H @ 2.70GHz, 12 cores, 7G,  Windows 11 , 64 bit Build 26100 (10.0.26100.8521)
Time: Tue Jul 14 12:03:25 2026 Sri Lanka Standard Time elapsed time: 7.332780 seconds (0d 0h 0m 7s)

---------------  T H R E A D  ---------------

Current thread (0x000001f8748ed1d0):  JavaThread "C2 CompilerThread0" daemon [_thread_in_native, id=24908, stack(0x0000000986900000,0x0000000986a00000) (1024K)]


Current CompileTask:
C2:7333 6079   !   4       org.eclipse.osgi.internal.loader.BundleLoader::findLocalClass (159 bytes)

Stack: [0x0000000986900000,0x0000000986a00000]
Native frames: (J=compiled Java code, j=interpreted, Vv=VM code, C=native code)
V  [jvm.dll+0x6d7e19]
V  [jvm.dll+0x8b5096]
V  [jvm.dll+0x8b764e]
V  [jvm.dll+0x8b7d33]
V  [jvm.dll+0x284596]
V  [jvm.dll+0xc685d]
V  [jvm.dll+0xc6da1]
V  [jvm.dll+0x3bed31]
V  [jvm.dll+0x38b2b2]
V  [jvm.dll+0x38a6fa]
V  [jvm.dll+0x24c700]
V  [jvm.dll+0x24bce0]
V  [jvm.dll+0x1cb4ae]
V  [jvm.dll+0x25baad]
V  [jvm.dll+0x25a03a]
V  [jvm.dll+0x3f868e]
V  [jvm.dll+0x85fb0d]
V  [jvm.dll+0x6d664d]
C  [ucrtbase.dll+0x2cd30]
C  [KERNEL32.DLL+0x2e957]
C  [ntdll.dll+0x87c1c]


---------------  P R O C E S S  ---------------

Threads class SMR info:
_java_thread_list=0x000001f85432aa90, length=53, elements={
0x000001f87482e2f0, 0x000001f8748d7400, 0x000001f8748d92e0, 0x000001f8748db530,
0x000001f8748de300, 0x000001f8748e5370, 0x000001f8748e92a0, 0x000001f8748ed1d0,
0x000001f87d643e90, 0x000001f87d8345b0, 0x000001f87d9e4b50, 0x000001f87ed742a0,
0x000001f87ea3ffb0, 0x000001f87ef65fe0, 0x000001f87ea2b790, 0x000001f87f32e720,
0x000001f87f6bd980, 0x000001f87f360320, 0x000001f87f4894f0, 0x000001f87f2eae50,
0x000001f87f2e9aa0, 0x000001f87f2eb4e0, 0x000001f87f2ea130, 0x000001f87f2ec200,
0x000001f87f2ea7c0, 0x000001f87f2e8d80, 0x000001f87f2e9410, 0x000001f855898be0,
0x000001f855899270, 0x000001f8558971a0, 0x000001f855897ec0, 0x000001f855898550,
0x000001f855896480, 0x000001f855897830, 0x000001f855895df0, 0x000001f855899f90,
0x000001f855899900, 0x000001f855896b10, 0x000001f85589acb0, 0x000001f85589b9d0,
0x000001f85589a620, 0x000001f85589b340, 0x000001f85589c060, 0x000001f85589c6f0,
0x000001f85589cd80, 0x000001f854790040, 0x000001f8547934c0, 0x000001f8547906d0,
0x000001f8547913f0, 0x000001f854790d60, 0x000001f854794f00, 0x000001f854791a80,
0x000001f854793b50
}

Java Threads: ( => current thread )
  0x000001f87482e2f0 JavaThread "main"                              [_thread_blocked, id=7252, stack(0x0000000985f00000,0x0000000986000000) (1024K)]
  0x000001f8748d7400 JavaThread "Reference Handler"          daemon [_thread_blocked, id=2528, stack(0x0000000986300000,0x0000000986400000) (1024K)]
  0x000001f8748d92e0 JavaThread "Finalizer"                  daemon [_thread_blocked, id=15292, stack(0x0000000986400000,0x0000000986500000) (1024K)]
  0x000001f8748db530 JavaThread "Signal Dispatcher"          daemon [_thread_blocked, id=8264, stack(0x0000000986500000,0x0000000986600000) (1024K)]
  0x000001f8748de300 JavaThread "Attach Listener"            daemon [_thread_blocked, id=12236, stack(0x0000000986600000,0x0000000986700000) (1024K)]
  0x000001f8748e5370 JavaThread "Service Thread"             daemon [_thread_blocked, id=10880, stack(0x0000000986700000,0x0000000986800000) (1024K)]
  0x000001f8748e92a0 JavaThread "Monitor Deflation Thread"   daemon [_thread_blocked, id=9300, stack(0x0000000986800000,0x0000000986900000) (1024K)]
=>0x000001f8748ed1d0 JavaThread "C2 CompilerThread0"         daemon [_thread_in_native, id=24908, stack(0x0000000986900000,0x0000000986a00000) (1024K)]
  0x000001f87d643e90 JavaThread "C1 CompilerThread0"         daemon [_thread_blocked, id=22540, stack(0x0000000986a00000,0x0000000986b00000) (1024K)]
  0x000001f87d8345b0 JavaThread "Common-Cleaner"             daemon [_thread_blocked, id=24236, stack(0x0000000986b00000,0x0000000986c00000) (1024K)]
  0x000001f87d9e4b50 JavaThread "Notification Thread"        daemon [_thread_blocked, id=15276, stack(0x0000000986c00000,0x0000000986d00000) (1024K)]
  0x000001f87ed742a0 JavaThread "Active Thread: Equinox Container: bd16a8d8-ec53-4e27-9dff-f86068715b1e"        [_thread_blocked, id=16536, stack(0x0000000987300000,0x0000000987400000) (1024K)]
  0x000001f87ea3ffb0 JavaThread "Refresh Thread: Equinox Container: bd16a8d8-ec53-4e27-9dff-f86068715b1e" daemon [_thread_blocked, id=19432, stack(0x0000000987500000,0x0000000987600000) (1024K)]
  0x000001f87ef65fe0 JavaThread "Framework Event Dispatcher: Equinox Container: bd16a8d8-ec53-4e27-9dff-f86068715b1e" daemon [_thread_blocked, id=3224, stack(0x0000000987600000,0x0000000987700000) (1024K)]
  0x000001f87ea2b790 JavaThread "Start Level: Equinox Container: bd16a8d8-ec53-4e27-9dff-f86068715b1e" daemon [_thread_blocked, id=3780, stack(0x0000000987700000,0x0000000987800000) (1024K)]
  0x000001f87f32e720 JavaThread "Bundle File Closer"         daemon [_thread_blocked, id=24180, stack(0x0000000987b00000,0x0000000987c00000) (1024K)]
  0x000001f87f6bd980 JavaThread "SCR Component Actor"        daemon [_thread_blocked, id=15968, stack(0x0000000987800000,0x0000000987900000) (1024K)]
  0x000001f87f360320 JavaThread "C2 CompilerThread1"         daemon [_thread_in_native, id=24688, stack(0x0000000987c00000,0x0000000987d00000) (1024K)]
  0x000001f87f4894f0 JavaThread "Worker-JM"                         [_thread_blocked, id=25232, stack(0x0000000987e00000,0x0000000987f00000) (1024K)]
  0x000001f87f2eae50 JavaThread "JNA Cleaner"                daemon [_thread_blocked, id=4752, stack(0x0000000987f00000,0x0000000988000000) (1024K)]
  0x000001f87f2e9aa0 JavaThread "Worker-0"                          [_thread_blocked, id=13992, stack(0x0000000988000000,0x0000000988100000) (1024K)]
  0x000001f87f2eb4e0 JavaThread "Worker-1: Repository registry initialization"        [_thread_in_Java, id=13336, stack(0x0000000988100000,0x0000000988200000) (1024K)]
  0x000001f87f2ea130 JavaThread "Java indexing"              daemon [_thread_blocked, id=5200, stack(0x0000000987d00000,0x0000000987e00000) (1024K)]
  0x000001f87f2ec200 JavaThread "Worker-2"                          [_thread_blocked, id=8368, stack(0x0000000988400000,0x0000000988500000) (1024K)]
  0x000001f87f2ea7c0 JavaThread "Worker-3"                          [_thread_blocked, id=8644, stack(0x0000000988500000,0x0000000988600000) (1024K)]
  0x000001f87f2e8d80 JavaThread "Worker-4"                          [_thread_blocked, id=24920, stack(0x0000000988600000,0x0000000988700000) (1024K)]
  0x000001f87f2e9410 JavaThread "Thread-1"                   daemon [_thread_in_native, id=15692, stack(0x0000000988700000,0x0000000988800000) (1024K)]
  0x000001f855898be0 JavaThread "Thread-2"                   daemon [_thread_in_native, id=18496, stack(0x0000000988800000,0x0000000988900000) (1024K)]
  0x000001f855899270 JavaThread "Thread-3"                   daemon [_thread_in_native, id=23072, stack(0x0000000988900000,0x0000000988a00000) (1024K)]
  0x000001f8558971a0 JavaThread "Thread-4"                   daemon [_thread_in_native, id=18188, stack(0x0000000988a00000,0x0000000988b00000) (1024K)]
  0x000001f855897ec0 JavaThread "Thread-5"                   daemon [_thread_in_native, id=1672, stack(0x0000000988b00000,0x0000000988c00000) (1024K)]
  0x000001f855898550 JavaThread "Thread-6"                   daemon [_thread_in_native, id=24668, stack(0x0000000988c00000,0x0000000988d00000) (1024K)]
  0x000001f855896480 JavaThread "Thread-7"                   daemon [_thread_in_native, id=12588, stack(0x0000000988d00000,0x0000000988e00000) (1024K)]
  0x000001f855897830 JavaThread "Thread-8"                   daemon [_thread_in_native, id=6440, stack(0x0000000988e00000,0x0000000988f00000) (1024K)]
  0x000001f855895df0 JavaThread "Thread-9"                   daemon [_thread_in_native, id=24660, stack(0x0000000988f00000,0x0000000989000000) (1024K)]
  0x000001f855899f90 JavaThread "Thread-10"                  daemon [_thread_in_native, id=15200, stack(0x0000000989000000,0x0000000989100000) (1024K)]
  0x000001f855899900 JavaThread "Thread-11"                  daemon [_thread_in_native, id=4880, stack(0x0000000989100000,0x0000000989200000) (1024K)]
  0x000001f855896b10 JavaThread "Thread-12"                  daemon [_thread_in_native, id=3912, stack(0x0000000989200000,0x0000000989300000) (1024K)]
  0x000001f85589acb0 JavaThread "Thread-13"                  daemon [_thread_in_native, id=22484, stack(0x0000000989300000,0x0000000989400000) (1024K)]
  0x000001f85589b9d0 JavaThread "pool-2-thread-1"                   [_thread_blocked, id=7340, stack(0x0000000989400000,0x0000000989500000) (1024K)]
  0x000001f85589a620 JavaThread "WorkspaceEventsHandler"            [_thread_blocked, id=17368, stack(0x0000000989500000,0x0000000989600000) (1024K)]
  0x000001f85589b340 JavaThread "pool-1-thread-1"                   [_thread_in_native, id=16472, stack(0x0000000989600000,0x0000000989700000) (1024K)]
  0x000001f85589c060 JavaThread "PatternSearchJob-worker-1"  daemon [_thread_blocked, id=14280, stack(0x0000000989700000,0x0000000989800000) (1024K)]
  0x000001f85589c6f0 JavaThread "PatternSearchJob-worker-2"  daemon [_thread_blocked, id=22964, stack(0x0000000989800000,0x0000000989900000) (1024K)]
  0x000001f85589cd80 JavaThread "PatternSearchJob-worker-3"  daemon [_thread_blocked, id=26300, stack(0x0000000989900000,0x0000000989a00000) (1024K)]
  0x000001f854790040 JavaThread "PatternSearchJob-worker-4"  daemon [_thread_blocked, id=5580, stack(0x0000000989a00000,0x0000000989b00000) (1024K)]
  0x000001f8547934c0 JavaThread "PatternSearchJob-worker-5"  daemon [_thread_blocked, id=12816, stack(0x0000000989b00000,0x0000000989c00000) (1024K)]
  0x000001f8547906d0 JavaThread "PatternSearchJob-worker-6"  daemon [_thread_blocked, id=8180, stack(0x0000000989c00000,0x0000000989d00000) (1024K)]
  0x000001f8547913f0 JavaThread "PatternSearchJob-worker-7"  daemon [_thread_blocked, id=16024, stack(0x0000000989d00000,0x0000000989e00000) (1024K)]
  0x000001f854790d60 JavaThread "PatternSearchJob-worker-8"  daemon [_thread_blocked, id=4304, stack(0x0000000989e00000,0x0000000989f00000) (1024K)]
  0x000001f854794f00 JavaThread "PatternSearchJob-worker-9"  daemon [_thread_blocked, id=18724, stack(0x0000000989f00000,0x000000098a000000) (1024K)]
  0x000001f854791a80 JavaThread "PatternSearchJob-worker-10" daemon [_thread_blocked, id=17092, stack(0x000000098a000000,0x000000098a100000) (1024K)]
  0x000001f854793b50 JavaThread "PatternSearchJob-worker-11" daemon [_thread_blocked, id=25416, stack(0x000000098a100000,0x000000098a200000) (1024K)]
Total: 53

Other Threads:
  0x000001f87c2c3540 VMThread "VM Thread"                           [id=9060, stack(0x0000000986200000,0x0000000986300000) (1024K)]
  0x000001f87489df60 WatcherThread "VM Periodic Task Thread"        [id=14720, stack(0x0000000986100000,0x0000000986200000) (1024K)]
  0x000001f87484cb30 WorkerThread "GC Thread#0"                     [id=24288, stack(0x0000000986000000,0x0000000986100000) (1024K)]
  0x000001f87e941f20 WorkerThread "GC Thread#1"                     [id=8924, stack(0x0000000986d00000,0x0000000986e00000) (1024K)]
  0x000001f87e98e6d0 WorkerThread "GC Thread#2"                     [id=22164, stack(0x0000000986e00000,0x0000000986f00000) (1024K)]
  0x000001f87e98ea80 WorkerThread "GC Thread#3"                     [id=3628, stack(0x0000000986f00000,0x0000000987000000) (1024K)]
  0x000001f87e62cd60 WorkerThread "GC Thread#4"                     [id=18456, stack(0x0000000987000000,0x0000000987100000) (1024K)]
  0x000001f87e62d110 WorkerThread "GC Thread#5"                     [id=3172, stack(0x0000000987100000,0x0000000987200000) (1024K)]
  0x000001f87e62d4c0 WorkerThread "GC Thread#6"                     [id=18340, stack(0x0000000987200000,0x0000000987300000) (1024K)]
  0x000001f87ed058b0 WorkerThread "GC Thread#7"                     [id=11832, stack(0x0000000987400000,0x0000000987500000) (1024K)]
  0x000001f87f4b4740 WorkerThread "GC Thread#8"                     [id=20532, stack(0x0000000987900000,0x0000000987a00000) (1024K)]
  0x000001f87f471850 WorkerThread "GC Thread#9"                     [id=7528, stack(0x0000000987a00000,0x0000000987b00000) (1024K)]
Total: 12

Threads with active compile tasks:
C2 CompilerThread0  7351 6079   !   4       org.eclipse.osgi.internal.loader.BundleLoader::findLocalClass (159 bytes)
C1 CompilerThread0  7351 6153       3       org.eclipse.core.internal.registry.RegistryObject::setExtraDataOffset (71 bytes)
C2 CompilerThread1  7352 6147 %     4       java.net.URI::quote @ 24 (214 bytes)
Total: 3

VM state: not at safepoint (normal execution)

VM Mutex/Monitor currently owned by a thread:  ([mutex/lock_event])
[0x00007ffb3a74fbf0] SystemDictionary_lock - owner thread: 0x0000000000000000

Heap address: 0x0000000080000000, size: 2048 MB, Compressed Oops mode: 32-bit

CDS archive(s) mapped at: [0x000001f80f000000-0x000001f80fba0000-0x000001f80fba0000), size 12189696, SharedBaseAddress: 0x000001f80f000000, ArchiveRelocationMode: 1.
Compressed class space mapped at: 0x000001f810000000-0x000001f850000000, reserved size: 1073741824
Narrow klass base: 0x000001f80f000000, Narrow klass shift: 0, Narrow klass range: 0x100000000

GC Precious Log:
 CardTable entry size: 512
 CPUs: 12 total, 12 available
 Memory: 7914M
 Large Page Support: Disabled
 NUMA Support: Disabled
 Compressed Oops: Enabled (32-bit)
 Alignments: Space 512K, Generation 512K, Heap 2M
 Heap Min Capacity: 100M
 Heap Initial Capacity: 100M
 Heap Max Capacity: 2G
 Pre-touch: Disabled
 Parallel Workers: 10

Heap:
 PSYoungGen      total 23552K, used 14018K [0x00000000d5580000, 0x00000000d7500000, 0x0000000100000000)
  eden space 22016K, 57% used [0x00000000d5580000,0x00000000d61c8bb8,0x00000000d6b00000)
  from space 1536K, 93% used [0x00000000d7380000,0x00000000d74e8000,0x00000000d7500000)
  to   space 4096K, 0% used [0x00000000d6d00000,0x00000000d6d00000,0x00000000d7100000)
 ParOldGen       total 68608K, used 29367K [0x0000000080000000, 0x0000000084300000, 0x00000000d5580000)
  object space 68608K, 42% used [0x0000000080000000,0x0000000081cadce0,0x0000000084300000)
 Metaspace       used 45261K, committed 46464K, reserved 1114112K
  class space    used 4960K, committed 5504K, reserved 1048576K

Card table byte_map: [0x000001f8741d0000,0x000001f8745e0000] _byte_map_base: 0x000001f873dd0000

Marking Bits: (ParMarkBitMap*) 0x00007ffb3a754460
 Begin Bits: [0x000001f877ce0000, 0x000001f879ce0000)
 End Bits:   [0x000001f879ce0000, 0x000001f87bce0000)

Polling page: 0x000001f8727d0000

Metaspace:

Usage:
  Non-class:     39.36 MB used.
      Class:      4.85 MB used.
       Both:     44.20 MB used.

Virtual space:
  Non-class space:       64.00 MB reserved,      40.00 MB ( 62%) committed,  1 nodes.
      Class space:        1.00 GB reserved,       5.38 MB ( <1%) committed,  1 nodes.
             Both:        1.06 GB reserved,      45.38 MB (  4%) committed. 

Chunk freelists:
   Non-Class:  7.62 MB
       Class:  10.64 MB
        Both:  18.27 MB

MaxMetaspaceSize: unlimited
CompressedClassSpaceSize: 1.00 GB
Initial GC threshold: 21.00 MB
Current GC threshold: 58.38 MB
CDS: on
 - commit_granule_bytes: 65536.
 - commit_granule_words: 8192.
 - virtual_space_node_default_size: 8388608.
 - enlarge_chunks_in_place: 1.
 - use_allocation_guard: 0.


Internal statistics:

num_allocs_failed_limit: 6.
num_arena_births: 972.
num_arena_deaths: 14.
num_vsnodes_births: 2.
num_vsnodes_deaths: 0.
num_space_committed: 726.
num_space_uncommitted: 0.
num_chunks_returned_to_freelist: 20.
num_chunks_taken_from_freelist: 3043.
num_chunk_merges: 9.
num_chunk_splits: 1870.
num_chunks_enlarged: 1043.
num_inconsistent_stats: 0.

CodeHeap 'non-profiled nmethods': size=120000Kb used=2646Kb max_used=2646Kb free=117354Kb
 bounds [0x000001f807ad0000, 0x000001f807d70000, 0x000001f80f000000]
CodeHeap 'profiled nmethods': size=120000Kb used=11534Kb max_used=11534Kb free=108465Kb
 bounds [0x000001f800000000, 0x000001f800b50000, 0x000001f807530000]
CodeHeap 'non-nmethods': size=5760Kb used=1373Kb max_used=1431Kb free=4386Kb
 bounds [0x000001f807530000, 0x000001f8077a0000, 0x000001f807ad0000]
CodeCache: size=245760Kb, used=15553Kb, max_used=15611Kb, free=230205Kb
 total_blobs=6215, nmethods=5554, adapters=567, full_count=0
Compilation: enabled, stopped_count=0, restarted_count=0

Compilation events (20 events):
Event: 7.312 Thread 0x000001f87d643e90 nmethod 6133 0x000001f800b35790 code [0x000001f800b35960, 0x000001f800b35c90]
Event: 7.312 Thread 0x000001f87d643e90 6135   !   3       org.osgi.framework.Version::parseInt (45 bytes)
Event: 7.312 Thread 0x000001f87d643e90 nmethod 6135 0x000001f800b35e10 code [0x000001f800b36080, 0x000001f800b36850]
Event: 7.312 Thread 0x000001f87d643e90 6136       3       java.net.URI::checkPath (38 bytes)
Event: 7.313 Thread 0x000001f87d643e90 nmethod 6136 0x000001f800b36c10 code [0x000001f800b36e40, 0x000001f800b375e0]
Event: 7.323 Thread 0x000001f87d643e90 6137       3       java.util.jar.Attributes$Name::hash (148 bytes)
Event: 7.324 Thread 0x000001f87d643e90 nmethod 6137 0x000001f800b37910 code [0x000001f800b37ba0, 0x000001f800b387e8]
Event: 7.324 Thread 0x000001f87d643e90 6138       3       java.util.ArrayList::sort (45 bytes)
Event: 7.325 Thread 0x000001f87d643e90 nmethod 6138 0x000001f800b38c90 code [0x000001f800b38e60, 0x000001f800b390e0]
Event: 7.325 Thread 0x000001f87d643e90 6139  s    3       java.io.ByteArrayInputStream::read (73 bytes)
Event: 7.325 Thread 0x000001f87d643e90 nmethod 6139 0x000001f800b39210 code [0x000001f800b39400, 0x000001f800b399e0]
Event: 7.325 Thread 0x000001f87d643e90 6140       3       java.lang.invoke.BoundMethodHandle$Species_LLL::make (14 bytes)
Event: 7.326 Thread 0x000001f87d643e90 nmethod 6140 0x000001f800b39b90 code [0x000001f800b39d40, 0x000001f800b39fa0]
Event: 7.328 Thread 0x000001f87d643e90 6141       3       sun.reflect.annotation.AnnotationParser::parseMemberValue (230 bytes)
Event: 7.330 Thread 0x000001f87d643e90 nmethod 6141 0x000001f800b3a110 code [0x000001f800b3a620, 0x000001f800b3ca98]
Event: 7.330 Thread 0x000001f87d643e90 6145       3       java.nio.file.Files::readAttributes (11 bytes)
Event: 7.331 Thread 0x000001f87d643e90 nmethod 6145 0x000001f800b3d710 code [0x000001f800b3d8e0, 0x000001f800b3db70]
Event: 7.331 Thread 0x000001f87d643e90 6142       3       java.lang.Runtime$Version::feature (17 bytes)
Event: 7.331 Thread 0x000001f87d643e90 nmethod 6142 0x000001f800b3dd10 code [0x000001f800b3dec0, 0x000001f800b3e1b0]
Event: 7.331 Thread 0x000001f87d643e90 6143       3       java.util.zip.ZipFile$CleanableResource::<init> (63 bytes)

GC Heap History (20 events):
Event: 4.839 GC heap before
{Heap before GC invocations=11 (full 1):
 PSYoungGen      total 25600K, used 25210K [0x00000000d5580000, 0x00000000d7280000, 0x0000000100000000)
  eden space 23552K, 100% used [0x00000000d5580000,0x00000000d6c80000,0x00000000d6c80000)
  from space 2048K, 80% used [0x00000000d6e80000,0x00000000d701eaf0,0x00000000d7080000)
  to   space 2048K, 0% used [0x00000000d7080000,0x00000000d7080000,0x00000000d7280000)
 ParOldGen       total 68608K, used 13095K [0x0000000080000000, 0x0000000084300000, 0x00000000d5580000)
  object space 68608K, 19% used [0x0000000080000000,0x0000000080cc9f30,0x0000000084300000)
 Metaspace       used 28054K, committed 29056K, reserved 1114112K
  class space    used 2789K, committed 3200K, reserved 1048576K
}
Event: 4.841 GC heap after
{Heap after GC invocations=11 (full 1):
 PSYoungGen      total 25088K, used 2004K [0x00000000d5580000, 0x00000000d7280000, 0x0000000100000000)
  eden space 23040K, 0% used [0x00000000d5580000,0x00000000d5580000,0x00000000d6c00000)
  from space 2048K, 97% used [0x00000000d7080000,0x00000000d7275250,0x00000000d7280000)
  to   space 2560K, 0% used [0x00000000d6d80000,0x00000000d6d80000,0x00000000d7000000)
 ParOldGen       total 68608K, used 14829K [0x0000000080000000, 0x0000000084300000, 0x00000000d5580000)
  object space 68608K, 21% used [0x0000000080000000,0x0000000080e7b7d8,0x0000000084300000)
 Metaspace       used 28054K, committed 29056K, reserved 1114112K
  class space    used 2789K, committed 3200K, reserved 1048576K
}
Event: 5.464 GC heap before
{Heap before GC invocations=12 (full 1):
 PSYoungGen      total 25088K, used 25044K [0x00000000d5580000, 0x00000000d7280000, 0x0000000100000000)
  eden space 23040K, 100% used [0x00000000d5580000,0x00000000d6c00000,0x00000000d6c00000)
  from space 2048K, 97% used [0x00000000d7080000,0x00000000d7275250,0x00000000d7280000)
  to   space 2560K, 0% used [0x00000000d6d80000,0x00000000d6d80000,0x00000000d7000000)
 ParOldGen       total 68608K, used 14829K [0x0000000080000000, 0x0000000084300000, 0x00000000d5580000)
  object space 68608K, 21% used [0x0000000080000000,0x0000000080e7b7d8,0x0000000084300000)
 Metaspace       used 31213K, committed 32320K, reserved 1114112K
  class space    used 3129K, committed 3584K, reserved 1048576K
}
Event: 5.467 GC heap after
{Heap after GC invocations=12 (full 1):
 PSYoungGen      total 25088K, used 2224K [0x00000000d5580000, 0x00000000d7100000, 0x0000000100000000)
  eden space 22528K, 0% used [0x00000000d5580000,0x00000000d5580000,0x00000000d6b80000)
  from space 2560K, 86% used [0x00000000d6d80000,0x00000000d6fac3e0,0x00000000d7000000)
  to   space 1024K, 0% used [0x00000000d7000000,0x00000000d7000000,0x00000000d7100000)
 ParOldGen       total 68608K, used 16609K [0x0000000080000000, 0x0000000084300000, 0x00000000d5580000)
  object space 68608K, 24% used [0x0000000080000000,0x0000000081038600,0x0000000084300000)
 Metaspace       used 31213K, committed 32320K, reserved 1114112K
  class space    used 3129K, committed 3584K, reserved 1048576K
}
Event: 5.587 GC heap before
{Heap before GC invocations=13 (full 1):
 PSYoungGen      total 25088K, used 24752K [0x00000000d5580000, 0x00000000d7100000, 0x0000000100000000)
  eden space 22528K, 100% used [0x00000000d5580000,0x00000000d6b80000,0x00000000d6b80000)
  from space 2560K, 86% used [0x00000000d6d80000,0x00000000d6fac3e0,0x00000000d7000000)
  to   space 1024K, 0% used [0x00000000d7000000,0x00000000d7000000,0x00000000d7100000)
 ParOldGen       total 68608K, used 16609K [0x0000000080000000, 0x0000000084300000, 0x00000000d5580000)
  object space 68608K, 24% used [0x0000000080000000,0x0000000081038600,0x0000000084300000)
 Metaspace       used 34034K, committed 35136K, reserved 1114112K
  class space    used 3486K, committed 3904K, reserved 1048576K
}
Event: 5.589 GC heap after
{Heap after GC invocations=13 (full 1):
 PSYoungGen      total 23040K, used 1013K [0x00000000d5580000, 0x00000000d7200000, 0x0000000100000000)
  eden space 22016K, 0% used [0x00000000d5580000,0x00000000d5580000,0x00000000d6b00000)
  from space 1024K, 99% used [0x00000000d7000000,0x00000000d70fd718,0x00000000d7100000)
  to   space 3584K, 0% used [0x00000000d6b00000,0x00000000d6b00000,0x00000000d6e80000)
 ParOldGen       total 68608K, used 18926K [0x0000000080000000, 0x0000000084300000, 0x00000000d5580000)
  object space 68608K, 27% used [0x0000000080000000,0x000000008127ba48,0x0000000084300000)
 Metaspace       used 34034K, committed 35136K, reserved 1114112K
  class space    used 3486K, committed 3904K, reserved 1048576K
}
Event: 5.634 GC heap before
{Heap before GC invocations=14 (full 1):
 PSYoungGen      total 23040K, used 7935K [0x00000000d5580000, 0x00000000d7200000, 0x0000000100000000)
  eden space 22016K, 31% used [0x00000000d5580000,0x00000000d5c42650,0x00000000d6b00000)
  from space 1024K, 99% used [0x00000000d7000000,0x00000000d70fd718,0x00000000d7100000)
  to   space 3584K, 0% used [0x00000000d6b00000,0x00000000d6b00000,0x00000000d6e80000)
 ParOldGen       total 68608K, used 18926K [0x0000000080000000, 0x0000000084300000, 0x00000000d5580000)
  object space 68608K, 27% used [0x0000000080000000,0x000000008127ba48,0x0000000084300000)
 Metaspace       used 34772K, committed 35840K, reserved 1114112K
  class space    used 3587K, committed 4032K, reserved 1048576K
}
Event: 5.636 GC heap after
{Heap after GC invocations=14 (full 1):
 PSYoungGen      total 24064K, used 1600K [0x00000000d5580000, 0x00000000d7080000, 0x0000000100000000)
  eden space 22016K, 0% used [0x00000000d5580000,0x00000000d5580000,0x00000000d6b00000)
  from space 2048K, 78% used [0x00000000d6b00000,0x00000000d6c90000,0x00000000d6d00000)
  to   space 2560K, 0% used [0x00000000d6e00000,0x00000000d6e00000,0x00000000d7080000)
 ParOldGen       total 68608K, used 19402K [0x0000000080000000, 0x0000000084300000, 0x00000000d5580000)
  object space 68608K, 28% used [0x0000000080000000,0x00000000812f2b68,0x0000000084300000)
 Metaspace       used 34772K, committed 35840K, reserved 1114112K
  class space    used 3587K, committed 4032K, reserved 1048576K
}
Event: 5.636 GC heap before
{Heap before GC invocations=15 (full 2):
 PSYoungGen      total 24064K, used 1600K [0x00000000d5580000, 0x00000000d7080000, 0x0000000100000000)
  eden space 22016K, 0% used [0x00000000d5580000,0x00000000d5580000,0x00000000d6b00000)
  from space 2048K, 78% used [0x00000000d6b00000,0x00000000d6c90000,0x00000000d6d00000)
  to   space 2560K, 0% used [0x00000000d6e00000,0x00000000d6e00000,0x00000000d7080000)
 ParOldGen       total 68608K, used 19402K [0x0000000080000000, 0x0000000084300000, 0x00000000d5580000)
  object space 68608K, 28% used [0x0000000080000000,0x00000000812f2b68,0x0000000084300000)
 Metaspace       used 34772K, committed 35840K, reserved 1114112K
  class space    used 3587K, committed 4032K, reserved 1048576K
}
Event: 5.664 GC heap after
{Heap after GC invocations=15 (full 2):
 PSYoungGen      total 24064K, used 0K [0x00000000d5580000, 0x00000000d7080000, 0x0000000100000000)
  eden space 22016K, 0% used [0x00000000d5580000,0x00000000d5580000,0x00000000d6b00000)
  from space 2048K, 0% used [0x00000000d6b00000,0x00000000d6b00000,0x00000000d6d00000)
  to   space 2560K, 0% used [0x00000000d6e00000,0x00000000d6e00000,0x00000000d7080000)
 ParOldGen       total 68608K, used 19916K [0x0000000080000000, 0x0000000084300000, 0x00000000d5580000)
  object space 68608K, 29% used [0x0000000080000000,0x0000000081373040,0x0000000084300000)
 Metaspace       used 34772K, committed 35840K, reserved 1114112K
  class space    used 3587K, committed 4032K, reserved 1048576K
}
Event: 5.825 GC heap before
{Heap before GC invocations=16 (full 2):
 PSYoungGen      total 24064K, used 22016K [0x00000000d5580000, 0x00000000d7080000, 0x0000000100000000)
  eden space 22016K, 100% used [0x00000000d5580000,0x00000000d6b00000,0x00000000d6b00000)
  from space 2048K, 0% used [0x00000000d6b00000,0x00000000d6b00000,0x00000000d6d00000)
  to   space 2560K, 0% used [0x00000000d6e00000,0x00000000d6e00000,0x00000000d7080000)
 ParOldGen       total 68608K, used 19916K [0x0000000080000000, 0x0000000084300000, 0x00000000d5580000)
  object space 68608K, 29% used [0x0000000080000000,0x0000000081373040,0x0000000084300000)
 Metaspace       used 37028K, committed 38272K, reserved 1114112K
  class space    used 3911K, committed 4416K, reserved 1048576K
}
Event: 5.827 GC heap after
{Heap after GC invocations=16 (full 2):
 PSYoungGen      total 23552K, used 1495K [0x00000000d5580000, 0x00000000d6f80000, 0x0000000100000000)
  eden space 22016K, 0% used [0x00000000d5580000,0x00000000d5580000,0x00000000d6b00000)
  from space 1536K, 97% used [0x00000000d6e00000,0x00000000d6f75c38,0x00000000d6f80000)
  to   space 2048K, 0% used [0x00000000d6b80000,0x00000000d6b80000,0x00000000d6d80000)
 ParOldGen       total 68608K, used 19924K [0x0000000080000000, 0x0000000084300000, 0x00000000d5580000)
  object space 68608K, 29% used [0x0000000080000000,0x0000000081375040,0x0000000084300000)
 Metaspace       used 37028K, committed 38272K, reserved 1114112K
  class space    used 3911K, committed 4416K, reserved 1048576K
}
Event: 5.914 GC heap before
{Heap before GC invocations=17 (full 2):
 PSYoungGen      total 23552K, used 23511K [0x00000000d5580000, 0x00000000d6f80000, 0x0000000100000000)
  eden space 22016K, 100% used [0x00000000d5580000,0x00000000d6b00000,0x00000000d6b00000)
  from space 1536K, 97% used [0x00000000d6e00000,0x00000000d6f75c38,0x00000000d6f80000)
  to   space 2048K, 0% used [0x00000000d6b80000,0x00000000d6b80000,0x00000000d6d80000)
 ParOldGen       total 68608K, used 19924K [0x0000000080000000, 0x0000000084300000, 0x00000000d5580000)
  object space 68608K, 29% used [0x0000000080000000,0x0000000081375040,0x0000000084300000)
 Metaspace       used 38379K, committed 39616K, reserved 1114112K
  class space    used 4068K, committed 4608K, reserved 1048576K
}
Event: 5.917 GC heap after
{Heap after GC invocations=17 (full 2):
 PSYoungGen      total 23552K, used 1072K [0x00000000d5580000, 0x00000000d6e80000, 0x0000000100000000)
  eden space 22016K, 0% used [0x00000000d5580000,0x00000000d5580000,0x00000000d6b00000)
  from space 1536K, 69% used [0x00000000d6b80000,0x00000000d6c8c030,0x00000000d6d00000)
  to   space 1536K, 0% used [0x00000000d6d00000,0x00000000d6d00000,0x00000000d6e80000)
 ParOldGen       total 68608K, used 20948K [0x0000000080000000, 0x0000000084300000, 0x00000000d5580000)
  object space 68608K, 30% used [0x0000000080000000,0x0000000081475050,0x0000000084300000)
 Metaspace       used 38379K, committed 39616K, reserved 1114112K
  class space    used 4068K, committed 4608K, reserved 1048576K
}
Event: 6.189 GC heap before
{Heap before GC invocations=18 (full 2):
 PSYoungGen      total 23552K, used 23088K [0x00000000d5580000, 0x00000000d6e80000, 0x0000000100000000)
  eden space 22016K, 100% used [0x00000000d5580000,0x00000000d6b00000,0x00000000d6b00000)
  from space 1536K, 69% used [0x00000000d6b80000,0x00000000d6c8c030,0x00000000d6d00000)
  to   space 1536K, 0% used [0x00000000d6d00000,0x00000000d6d00000,0x00000000d6e80000)
 ParOldGen       total 68608K, used 20948K [0x0000000080000000, 0x0000000084300000, 0x00000000d5580000)
  object space 68608K, 30% used [0x0000000080000000,0x0000000081475050,0x0000000084300000)
 Metaspace       used 39986K, committed 41216K, reserved 1114112K
  class space    used 4268K, committed 4800K, reserved 1048576K
}
Event: 6.190 GC heap after
{Heap after GC invocations=18 (full 2):
 PSYoungGen      total 23552K, used 1216K [0x00000000d5580000, 0x00000000d6e80000, 0x0000000100000000)
  eden space 22016K, 0% used [0x00000000d5580000,0x00000000d5580000,0x00000000d6b00000)
  from space 1536K, 79% used [0x00000000d6d00000,0x00000000d6e30000,0x00000000d6e80000)
  to   space 1536K, 0% used [0x00000000d6b80000,0x00000000d6b80000,0x00000000d6d00000)
 ParOldGen       total 68608K, used 21820K [0x0000000080000000, 0x0000000084300000, 0x00000000d5580000)
  object space 68608K, 31% used [0x0000000080000000,0x000000008154f050,0x0000000084300000)
 Metaspace       used 39986K, committed 41216K, reserved 1114112K
  class space    used 4268K, committed 4800K, reserved 1048576K
}
Event: 6.337 GC heap before
{Heap before GC invocations=19 (full 2):
 PSYoungGen      total 23552K, used 23232K [0x00000000d5580000, 0x00000000d6e80000, 0x0000000100000000)
  eden space 22016K, 100% used [0x00000000d5580000,0x00000000d6b00000,0x00000000d6b00000)
  from space 1536K, 79% used [0x00000000d6d00000,0x00000000d6e30000,0x00000000d6e80000)
  to   space 1536K, 0% used [0x00000000d6b80000,0x00000000d6b80000,0x00000000d6d00000)
 ParOldGen       total 68608K, used 21820K [0x0000000080000000, 0x0000000084300000, 0x00000000d5580000)
  object space 68608K, 31% used [0x0000000080000000,0x000000008154f050,0x0000000084300000)
 Metaspace       used 41373K, committed 42624K, reserved 1114112K
  class space    used 4446K, committed 4992K, reserved 1048576K
}
Event: 6.341 GC heap after
{Heap after GC invocations=19 (full 2):
 PSYoungGen      total 23552K, used 1536K [0x00000000d5580000, 0x00000000d7c00000, 0x0000000100000000)
  eden space 22016K, 0% used [0x00000000d5580000,0x00000000d5580000,0x00000000d6b00000)
  from space 1536K, 100% used [0x00000000d6b80000,0x00000000d6d00000,0x00000000d6d00000)
  to   space 8704K, 0% used [0x00000000d7380000,0x00000000d7380000,0x00000000d7c00000)
 ParOldGen       total 68608K, used 27816K [0x0000000080000000, 0x0000000084300000, 0x00000000d5580000)
  object space 68608K, 40% used [0x0000000080000000,0x0000000081b2a100,0x0000000084300000)
 Metaspace       used 41373K, committed 42624K, reserved 1114112K
  class space    used 4446K, committed 4992K, reserved 1048576K
}
Event: 6.758 GC heap before
{Heap before GC invocations=20 (full 2):
 PSYoungGen      total 23552K, used 23552K [0x00000000d5580000, 0x00000000d7c00000, 0x0000000100000000)
  eden space 22016K, 100% used [0x00000000d5580000,0x00000000d6b00000,0x00000000d6b00000)
  from space 1536K, 100% used [0x00000000d6b80000,0x00000000d6d00000,0x00000000d6d00000)
  to   space 8704K, 0% used [0x00000000d7380000,0x00000000d7380000,0x00000000d7c00000)
 ParOldGen       total 68608K, used 27816K [0x0000000080000000, 0x0000000084300000, 0x00000000d5580000)
  object space 68608K, 40% used [0x0000000080000000,0x0000000081b2a100,0x0000000084300000)
 Metaspace       used 43857K, committed 45184K, reserved 1114112K
  class space    used 4766K, committed 5312K, reserved 1048576K
}
Event: 6.761 GC heap after
{Heap after GC invocations=20 (full 2):
 PSYoungGen      total 23552K, used 1440K [0x00000000d5580000, 0x00000000d7500000, 0x0000000100000000)
  eden space 22016K, 0% used [0x00000000d5580000,0x00000000d5580000,0x00000000d6b00000)
  from space 1536K, 93% used [0x00000000d7380000,0x00000000d74e8000,0x00000000d7500000)
  to   space 4096K, 0% used [0x00000000d6d00000,0x00000000d6d00000,0x00000000d7100000)
 ParOldGen       total 68608K, used 29367K [0x0000000080000000, 0x0000000084300000, 0x00000000d5580000)
  object space 68608K, 42% used [0x0000000080000000,0x0000000081cadce0,0x0000000084300000)
 Metaspace       used 43857K, committed 45184K, reserved 1114112K
  class space    used 4766K, committed 5312K, reserved 1048576K
}

Dll operation events (10 events):
Event: 0.011 Loaded shared library c:\Users\Windows\.antigravity-ide\extensions\redhat.java-1.55.0-win32-x64\jre\21.0.11-win32-x86_64\bin\java.dll
Event: 0.075 Loaded shared library c:\Users\Windows\.antigravity-ide\extensions\redhat.java-1.55.0-win32-x64\jre\21.0.11-win32-x86_64\bin\zip.dll
Event: 0.092 Loaded shared library C:\Users\Windows\.antigravity-ide\extensions\redhat.java-1.55.0-win32-x64\jre\21.0.11-win32-x86_64\bin\instrument.dll
Event: 0.097 Loaded shared library C:\Users\Windows\.antigravity-ide\extensions\redhat.java-1.55.0-win32-x64\jre\21.0.11-win32-x86_64\bin\net.dll
Event: 0.098 Loaded shared library C:\Users\Windows\.antigravity-ide\extensions\redhat.java-1.55.0-win32-x64\jre\21.0.11-win32-x86_64\bin\nio.dll
Event: 0.101 Loaded shared library C:\Users\Windows\.antigravity-ide\extensions\redhat.java-1.55.0-win32-x64\jre\21.0.11-win32-x86_64\bin\zip.dll
Event: 0.114 Loaded shared library C:\Users\Windows\.antigravity-ide\extensions\redhat.java-1.55.0-win32-x64\jre\21.0.11-win32-x86_64\bin\jimage.dll
Event: 0.161 Loaded shared library c:\Users\Windows\.antigravity-ide\extensions\redhat.java-1.55.0-win32-x64\jre\21.0.11-win32-x86_64\bin\verify.dll
Event: 1.013 Loaded shared library C:\Users\Windows\AppData\Roaming\Antigravity IDE\User\globalStorage\redhat.java\1.55.0\config_win\org.eclipse.equinox.launcher\org.eclipse.equinox.launcher.win32.win32.x86_64_1.3.100.v20260613-0559\eclipse_11924.dll
Event: 3.947 Loaded shared library C:\Users\Windows\AppData\Local\Temp\jna--1280820637\jna319919318910545935.dll

Deoptimization events (20 events):
Event: 6.822 Thread 0x000001f87f2eb4e0 Uncommon trap: trap_request=0xffffffd6 fr.pc=0x000001f807d31468 relative=0x00000000000000c8
Event: 6.822 Thread 0x000001f87f2eb4e0 Uncommon trap: reason=array_check action=maybe_recompile pc=0x000001f807d31468 method=java.util.stream.Nodes$FixedNodeBuilder.accept(Ljava/lang/Object;)V @ 28 c2
Event: 6.822 Thread 0x000001f87f2eb4e0 DEOPT PACKING pc=0x000001f807d31468 sp=0x00000009881fd630
Event: 6.822 Thread 0x000001f87f2eb4e0 DEOPT UNPACKING pc=0x000001f807586da2 sp=0x00000009881fd5b0 mode 2
Event: 6.822 Thread 0x000001f87f2eb4e0 Uncommon trap: trap_request=0xffffffd6 fr.pc=0x000001f807d31468 relative=0x00000000000000c8
Event: 6.822 Thread 0x000001f87f2eb4e0 Uncommon trap: reason=array_check action=maybe_recompile pc=0x000001f807d31468 method=java.util.stream.Nodes$FixedNodeBuilder.accept(Ljava/lang/Object;)V @ 28 c2
Event: 6.822 Thread 0x000001f87f2eb4e0 DEOPT PACKING pc=0x000001f807d31468 sp=0x00000009881fd630
Event: 6.822 Thread 0x000001f87f2eb4e0 DEOPT UNPACKING pc=0x000001f807586da2 sp=0x00000009881fd5b0 mode 2
Event: 6.886 Thread 0x000001f87f2eb4e0 Uncommon trap: trap_request=0xffffff45 fr.pc=0x000001f807d304c8 relative=0x0000000000000a68
Event: 6.886 Thread 0x000001f87f2eb4e0 Uncommon trap: reason=unstable_if action=reinterpret pc=0x000001f807d304c8 method=java.util.TreeMap.put(Ljava/lang/Object;Ljava/lang/Object;Z)Ljava/lang/Object; @ 158 c2
Event: 6.886 Thread 0x000001f87f2eb4e0 DEOPT PACKING pc=0x000001f807d304c8 sp=0x00000009881fdb00
Event: 6.886 Thread 0x000001f87f2eb4e0 DEOPT UNPACKING pc=0x000001f807586da2 sp=0x00000009881fda90 mode 2
Event: 7.129 Thread 0x000001f87f2eb4e0 DEOPT PACKING pc=0x000001f800a4bb3c sp=0x00000009881fc2e0
Event: 7.129 Thread 0x000001f87f2eb4e0 DEOPT UNPACKING pc=0x000001f8075878e2 sp=0x00000009881fb800 mode 0
Event: 7.250 Thread 0x000001f87f2eb4e0 DEOPT PACKING pc=0x000001f800a4bb3c sp=0x00000009881fcaa0
Event: 7.250 Thread 0x000001f87f2eb4e0 DEOPT UNPACKING pc=0x000001f8075878e2 sp=0x00000009881fbfc0 mode 0
Event: 7.282 Thread 0x000001f87f2eb4e0 Uncommon trap: trap_request=0x00000259 fr.pc=0x000001f807b96300 relative=0x00000000000000e0
Event: 7.282 Thread 0x000001f87f2eb4e0 Uncommon trap: reason=unloaded action=reinterpret pc=0x000001f807b96300 method=org.codehaus.plexus.util.xml.pull.MXParser.more()C @ 22 c2
Event: 7.282 Thread 0x000001f87f2eb4e0 DEOPT PACKING pc=0x000001f807b96300 sp=0x00000009881fee40
Event: 7.282 Thread 0x000001f87f2eb4e0 DEOPT UNPACKING pc=0x000001f807586da2 sp=0x00000009881fede0 mode 2

Classes loaded (20 events):
Event: 6.420 Loading class sun/reflect/generics/tree/VoidDescriptor
Event: 6.420 Loading class sun/reflect/generics/tree/VoidDescriptor done
Event: 6.470 Loading class java/nio/channels/ServerSocketChannel
Event: 6.471 Loading class java/nio/channels/ServerSocketChannel done
Event: 6.527 Loading class java/util/concurrent/CompletableFuture$AltResult
Event: 6.527 Loading class java/util/concurrent/CompletableFuture$AltResult done
Event: 6.527 Loading class java/util/concurrent/CompletableFuture$Completion
Event: 6.527 Loading class java/util/concurrent/CompletableFuture$AsynchronousCompletionTask
Event: 6.527 Loading class java/util/concurrent/CompletableFuture$AsynchronousCompletionTask done
Event: 6.527 Loading class java/util/concurrent/CompletableFuture$Completion done
Event: 6.538 Loading class jdk/internal/math/FormattedFPDecimal
Event: 6.538 Loading class jdk/internal/math/FormattedFPDecimal done
Event: 6.641 Loading class java/lang/ExceptionInInitializerError
Event: 6.641 Loading class java/lang/ExceptionInInitializerError done
Event: 6.642 Loading class sun/misc/Unsafe
Event: 6.643 Loading class sun/misc/Unsafe done
Event: 6.666 Loading class jdk/internal/org/objectweb/asm/ClassReader
Event: 6.668 Loading class jdk/internal/org/objectweb/asm/ClassReader done
Event: 7.249 Loading class java/lang/ProcessEnvironment$CheckedKeySet
Event: 7.250 Loading class java/lang/ProcessEnvironment$CheckedKeySet done

Classes unloaded (7 events):
Event: 4.292 Thread 0x000001f87c2c3540 Unloading class 0x000001f8101acc00 'java/lang/invoke/LambdaForm$MH+0x000001f8101acc00'
Event: 4.292 Thread 0x000001f87c2c3540 Unloading class 0x000001f8101ac800 'java/lang/invoke/LambdaForm$MH+0x000001f8101ac800'
Event: 4.292 Thread 0x000001f87c2c3540 Unloading class 0x000001f8101ac400 'java/lang/invoke/LambdaForm$MH+0x000001f8101ac400'
Event: 4.292 Thread 0x000001f87c2c3540 Unloading class 0x000001f8101ac000 'java/lang/invoke/LambdaForm$MH+0x000001f8101ac000'
Event: 4.292 Thread 0x000001f87c2c3540 Unloading class 0x000001f8101abc00 'java/lang/invoke/LambdaForm$BMH+0x000001f8101abc00'
Event: 4.292 Thread 0x000001f87c2c3540 Unloading class 0x000001f8101ab800 'java/lang/invoke/LambdaForm$DMH+0x000001f8101ab800'
Event: 4.292 Thread 0x000001f87c2c3540 Unloading class 0x000001f8101aa400 'java/lang/invoke/LambdaForm$DMH+0x000001f8101aa400'

Classes redefined (0 events):
No events

Internal exceptions (20 events):
Event: 5.767 Thread 0x000001f87482e2f0 Exception <a 'java/lang/IncompatibleClassChangeError'{0x00000000d647a048}: Found class java.lang.Object, but interface was expected> (0x00000000d647a048) 
thrown [s\src\hotspot\share\interpreter\linkResolver.cpp, line 840]
Event: 5.799 Thread 0x000001f87f2eb4e0 Exception <a 'java/lang/NoClassDefFoundError'{0x00000000d68162c0}: javax/enterprise/inject/Typed> (0x00000000d68162c0) 
thrown [s\src\hotspot\share\classfile\systemDictionary.cpp, line 302]
Event: 5.949 Thread 0x000001f87f2e9aa0 Exception <a 'sun/nio/fs/WindowsException'{0x00000000d57d8d30}> (0x00000000d57d8d30) 
thrown [s\src\hotspot\share\prims\jni.cpp, line 520]
Event: 5.973 Thread 0x000001f87f2e9aa0 Exception <a 'java/io/FileNotFoundException'{0x00000000d5a11d60}> (0x00000000d5a11d60) 
thrown [s\src\hotspot\share\prims\jni.cpp, line 520]
Event: 5.973 Thread 0x000001f87f2e9aa0 Exception <a 'java/io/FileNotFoundException'{0x00000000d5a338f8}> (0x00000000d5a338f8) 
thrown [s\src\hotspot\share\prims\jni.cpp, line 520]
Event: 5.975 Thread 0x000001f87f2e9aa0 Exception <a 'java/lang/NoSuchMethodError'{0x00000000d5a7d770}: 'java.lang.Object java.lang.invoke.DirectMethodHandle$Holder.newInvokeSpecial(java.lang.Object, java.lang.Object, java.lang.Object, int)'> (0x00000000d5a7d770) 
thrown [s\src\hotspot\share\interpreter\linkResolver.cpp, line 773]
Event: 5.975 Thread 0x000001f87f2e9aa0 Exception <a 'java/lang/NoSuchMethodError'{0x00000000d5a813e8}: 'java.lang.Object java.lang.invoke.DirectMethodHandle$Holder.invokeSpecial(java.lang.Object, java.lang.Object, java.lang.Object, java.lang.Object, int)'> (0x00000000d5a813e8) 
thrown [s\src\hotspot\share\interpreter\linkResolver.cpp, line 773]
Event: 5.975 Thread 0x000001f87f2e9aa0 Exception <a 'java/lang/NoSuchMethodError'{0x00000000d5a84890}: 'java.lang.Object java.lang.invoke.Invokers$Holder.linkToTargetMethod(java.lang.Object, java.lang.Object, int, java.lang.Object)'> (0x00000000d5a84890) 
thrown [s\src\hotspot\share\interpreter\linkResolver.cpp, line 773]
Event: 5.977 Thread 0x000001f87f2e9aa0 Exception <a 'java/lang/NoSuchMethodError'{0x00000000d5a90d98}: 'void java.lang.invoke.DirectMethodHandle$Holder.invokeStaticInit(java.lang.Object, java.lang.Object, java.lang.Object)'> (0x00000000d5a90d98) 
thrown [s\src\hotspot\share\interpreter\linkResolver.cpp, line 773]
Event: 6.261 Thread 0x000001f85589b340 Exception <a 'java/io/FileNotFoundException'{0x00000000d6518200}> (0x00000000d6518200) 
thrown [s\src\hotspot\share\prims\jni.cpp, line 520]
Event: 6.280 Thread 0x000001f85589b340 Exception <a 'java/lang/NoSuchMethodError'{0x00000000d66da8d8}: 'java.lang.Object java.lang.invoke.DirectMethodHandle$Holder.invokeStatic(java.lang.Object, int, java.lang.Object, java.lang.Object)'> (0x00000000d66da8d8) 
thrown [s\src\hotspot\share\interpreter\linkResolver.cpp, line 773]
Event: 6.280 Thread 0x000001f85589b340 Exception <a 'java/lang/NoSuchMethodError'{0x00000000d66de0d8}: 'java.lang.Object java.lang.invoke.DelegatingMethodHandle$Holder.delegate(java.lang.Object, int, java.lang.Object, java.lang.Object)'> (0x00000000d66de0d8) 
thrown [s\src\hotspot\share\interpreter\linkResolver.cpp, line 773]
Event: 6.281 Thread 0x000001f85589b340 Implicit null exception at 0x000001f807c722f6 to 0x000001f807c72618
Event: 6.282 Thread 0x000001f85589b340 Exception <a 'java/lang/NoSuchMethodError'{0x00000000d6745588}: 'int java.lang.invoke.Invokers$Holder.linkToTargetMethod(java.lang.Object, java.lang.Object, java.lang.Object)'> (0x00000000d6745588) 
thrown [s\src\hotspot\share\interpreter\linkResolver.cpp, line 773]
Event: 6.534 Thread 0x000001f87f2ec200 Exception <a 'java/lang/NoSuchMethodError'{0x00000000d5fc2a78}: 'int java.lang.invoke.DirectMethodHandle$Holder.invokeSpecialIFC(java.lang.Object, java.lang.Object, java.lang.Object, java.lang.Object)'> (0x00000000d5fc2a78) 
thrown [s\src\hotspot\share\interpreter\linkResolver.cpp, line 773]
Event: 6.644 Thread 0x000001f87f2eb4e0 Exception <a 'java/lang/ExceptionInInitializerError'{0x00000000d6635b58}> (0x00000000d6635b58) 
thrown [s\src\hotspot\share\oops\instanceKlass.cpp, line 1218]
Event: 6.670 Thread 0x000001f87f2eb4e0 Implicit null exception at 0x000001f807bf927e to 0x000001f807bf94f0
Event: 6.670 Thread 0x000001f87f2eb4e0 Implicit null exception at 0x000001f807b8029c to 0x000001f807b811d4
Event: 6.672 Thread 0x000001f87f2eb4e0 Exception <a 'java/lang/NoSuchMethodError'{0x00000000d66efff8}: 'java.lang.Object java.lang.invoke.Invokers$Holder.invokeExact_MT(java.lang.Object, int, java.lang.Object)'> (0x00000000d66efff8) 
thrown [s\src\hotspot\share\interpreter\linkResolver.cpp, line 773]
Event: 7.211 Thread 0x000001f87f2eb4e0 Exception <a 'java/lang/NoClassDefFoundError'{0x00000000d5e0d440}: com/google/inject/servlet/ServletModuleTargetVisitor> (0x00000000d5e0d440) 
thrown [s\src\hotspot\share\classfile\systemDictionary.cpp, line 302]

ZGC Phase Switch (0 events):
No events

VM Operations (20 events):
Event: 5.789 Executing non-safepoint VM operation: HandshakeAllThreads (Deoptimize)
Event: 5.789 Executing non-safepoint VM operation: HandshakeAllThreads (Deoptimize) done
Event: 5.825 Executing safepoint VM operation: ParallelGCFailedAllocation (Allocation Failure)
Event: 5.827 Executing safepoint VM operation: ParallelGCFailedAllocation (Allocation Failure) done
Event: 5.914 Executing safepoint VM operation: ParallelGCFailedAllocation (Allocation Failure)
Event: 5.917 Executing safepoint VM operation: ParallelGCFailedAllocation (Allocation Failure) done
Event: 6.188 Executing safepoint VM operation: ParallelGCFailedAllocation (Allocation Failure)
Event: 6.190 Executing safepoint VM operation: ParallelGCFailedAllocation (Allocation Failure) done
Event: 6.254 Executing non-safepoint VM operation: HandshakeAllThreads (Deoptimize)
Event: 6.254 Executing non-safepoint VM operation: HandshakeAllThreads (Deoptimize) done
Event: 6.261 Executing non-safepoint VM operation: HandshakeAllThreads (Deoptimize)
Event: 6.262 Executing non-safepoint VM operation: HandshakeAllThreads (Deoptimize) done
Event: 6.309 Executing non-safepoint VM operation: HandshakeAllThreads (Deoptimize)
Event: 6.309 Executing non-safepoint VM operation: HandshakeAllThreads (Deoptimize) done
Event: 6.337 Executing safepoint VM operation: ParallelGCFailedAllocation (Allocation Failure)
Event: 6.341 Executing safepoint VM operation: ParallelGCFailedAllocation (Allocation Failure) done
Event: 6.717 Executing non-safepoint VM operation: HandshakeAllThreads (Deoptimize)
Event: 6.717 Executing non-safepoint VM operation: HandshakeAllThreads (Deoptimize) done
Event: 6.758 Executing safepoint VM operation: ParallelGCFailedAllocation (Allocation Failure)
Event: 6.761 Executing safepoint VM operation: ParallelGCFailedAllocation (Allocation Failure) done

Memory protections (0 events):
No events

Nmethod flushes (20 events):
Event: 5.650 Thread 0x000001f87c2c3540 flushing  nmethod 0x000001f8005d0610
Event: 5.650 Thread 0x000001f87c2c3540 flushing  nmethod 0x000001f800616e90
Event: 5.650 Thread 0x000001f87c2c3540 flushing  nmethod 0x000001f800622810
Event: 5.650 Thread 0x000001f87c2c3540 flushing  nmethod 0x000001f800656990
Event: 5.650 Thread 0x000001f87c2c3540 flushing  nmethod 0x000001f800659690
Event: 5.650 Thread 0x000001f87c2c3540 flushing  nmethod 0x000001f800659f90
Event: 5.650 Thread 0x000001f87c2c3540 flushing  nmethod 0x000001f80065b190
Event: 5.650 Thread 0x000001f87c2c3540 flushing  nmethod 0x000001f80065b990
Event: 5.650 Thread 0x000001f87c2c3540 flushing  nmethod 0x000001f80065d690
Event: 5.650 Thread 0x000001f87c2c3540 flushing  nmethod 0x000001f80065e210
Event: 5.650 Thread 0x000001f87c2c3540 flushing  nmethod 0x000001f80065eb10
Event: 5.650 Thread 0x000001f87c2c3540 flushing  nmethod 0x000001f80065fc10
Event: 5.650 Thread 0x000001f87c2c3540 flushing  nmethod 0x000001f800660f10
Event: 5.650 Thread 0x000001f87c2c3540 flushing  nmethod 0x000001f800661710
Event: 5.650 Thread 0x000001f87c2c3540 flushing  nmethod 0x000001f800662590
Event: 5.650 Thread 0x000001f87c2c3540 flushing  nmethod 0x000001f8006afa90
Event: 5.650 Thread 0x000001f87c2c3540 flushing  nmethod 0x000001f8006fb990
Event: 5.650 Thread 0x000001f87c2c3540 flushing  nmethod 0x000001f80073c510
Event: 5.650 Thread 0x000001f87c2c3540 flushing  nmethod 0x000001f80073c990
Event: 5.650 Thread 0x000001f87c2c3540 flushing  nmethod 0x000001f800759710

Events (20 events):
Event: 5.536 Thread 0x000001f87482e2f0 Thread added: 0x000001f855897830
Event: 5.536 Thread 0x000001f87482e2f0 Thread added: 0x000001f855895df0
Event: 5.537 Thread 0x000001f87482e2f0 Thread added: 0x000001f855899f90
Event: 5.537 Thread 0x000001f87482e2f0 Thread added: 0x000001f855899900
Event: 5.537 Thread 0x000001f87482e2f0 Thread added: 0x000001f855896b10
Event: 5.537 Thread 0x000001f87482e2f0 Thread added: 0x000001f85589acb0
Event: 5.573 Thread 0x000001f87482e2f0 Thread added: 0x000001f85589b9d0
Event: 5.790 Thread 0x000001f87482e2f0 Thread added: 0x000001f85589a620
Event: 5.790 Thread 0x000001f87482e2f0 Thread added: 0x000001f85589b340
Event: 6.216 Thread 0x000001f87f2e9aa0 Thread added: 0x000001f85589c060
Event: 6.216 Thread 0x000001f87f2e9aa0 Thread added: 0x000001f85589c6f0
Event: 6.216 Thread 0x000001f85589c060 Thread added: 0x000001f85589cd80
Event: 6.217 Thread 0x000001f85589cd80 Thread added: 0x000001f854790040
Event: 6.217 Thread 0x000001f85589c6f0 Thread added: 0x000001f8547934c0
Event: 6.217 Thread 0x000001f854790040 Thread added: 0x000001f8547906d0
Event: 6.217 Thread 0x000001f8547934c0 Thread added: 0x000001f8547913f0
Event: 6.219 Thread 0x000001f8547913f0 Thread added: 0x000001f854790d60
Event: 6.219 Thread 0x000001f8547906d0 Thread added: 0x000001f854794f00
Event: 6.220 Thread 0x000001f854790d60 Thread added: 0x000001f854791a80
Event: 6.220 Thread 0x000001f854791a80 Thread added: 0x000001f854793b50


Dynamic libraries:
0x00007ff6cd730000 - 0x00007ff6cd73e000 	c:\Users\Windows\.antigravity-ide\extensions\redhat.java-1.55.0-win32-x64\jre\21.0.11-win32-x86_64\bin\java.exe
0x00007ffbad220000 - 0x00007ffbad486000 	C:\WINDOWS\SYSTEM32\ntdll.dll
0x00007ffbac460000 - 0x00007ffbac529000 	C:\WINDOWS\System32\KERNEL32.DLL
0x00007ffbaa4e0000 - 0x00007ffbaa8da000 	C:\WINDOWS\System32\KERNELBASE.dll
0x00007ffbaac50000 - 0x00007ffbaad9c000 	C:\WINDOWS\System32\ucrtbase.dll
0x00007ffb9cef0000 - 0x00007ffb9cf08000 	c:\Users\Windows\.antigravity-ide\extensions\redhat.java-1.55.0-win32-x64\jre\21.0.11-win32-x86_64\bin\jli.dll
0x00007ffb9b450000 - 0x00007ffb9b46e000 	c:\Users\Windows\.antigravity-ide\extensions\redhat.java-1.55.0-win32-x64\jre\21.0.11-win32-x86_64\bin\VCRUNTIME140.dll
0x00007ffbacf10000 - 0x00007ffbad0d7000 	C:\WINDOWS\System32\USER32.dll
0x00007ffb97550000 - 0x00007ffb977e2000 	C:\WINDOWS\WinSxS\amd64_microsoft.windows.common-controls_6595b64144ccf1df_6.0.26100.8521_none_3e08b75ce33403b3\COMCTL32.dll
0x00007ffbacd80000 - 0x00007ffbace29000 	C:\WINDOWS\System32\msvcrt.dll
0x00007ffbabbe0000 - 0x00007ffbabc0b000 	C:\WINDOWS\System32\GDI32.dll
0x00007ffbaa4b0000 - 0x00007ffbaa4d7000 	C:\WINDOWS\System32\win32u.dll
0x00007ffbaae60000 - 0x00007ffbaaf8b000 	C:\WINDOWS\System32\gdi32full.dll
0x00007ffbaaa20000 - 0x00007ffbaaac3000 	C:\WINDOWS\System32\msvcp_win.dll
0x00007ffbac7c0000 - 0x00007ffbac7f2000 	C:\WINDOWS\System32\IMM32.DLL
0x00007ffb9f640000 - 0x00007ffb9f64c000 	c:\Users\Windows\.antigravity-ide\extensions\redhat.java-1.55.0-win32-x64\jre\21.0.11-win32-x86_64\bin\vcruntime140_1.dll
0x00007ffb72960000 - 0x00007ffb729ed000 	c:\Users\Windows\.antigravity-ide\extensions\redhat.java-1.55.0-win32-x64\jre\21.0.11-win32-x86_64\bin\msvcp140.dll
0x00007ffb39a90000 - 0x00007ffb3a832000 	c:\Users\Windows\.antigravity-ide\extensions\redhat.java-1.55.0-win32-x64\jre\21.0.11-win32-x86_64\bin\server\jvm.dll
0x00007ffbab940000 - 0x00007ffbab9f6000 	C:\WINDOWS\System32\ADVAPI32.dll
0x00007ffbac930000 - 0x00007ffbac9da000 	C:\WINDOWS\System32\sechost.dll
0x00007ffbac530000 - 0x00007ffbac648000 	C:\WINDOWS\System32\RPCRT4.dll
0x00007ffbac730000 - 0x00007ffbac7b0000 	C:\WINDOWS\System32\WS2_32.dll
0x00007ffba90a0000 - 0x00007ffba90fe000 	C:\WINDOWS\SYSTEM32\POWRPROF.dll
0x00007ffb9b3c0000 - 0x00007ffb9b3f6000 	C:\WINDOWS\SYSTEM32\WINMM.dll
0x00007ffba0850000 - 0x00007ffba085b000 	C:\WINDOWS\SYSTEM32\VERSION.dll
0x00007ffba9080000 - 0x00007ffba9094000 	C:\WINDOWS\SYSTEM32\UMPDC.dll
0x00007ffba9360000 - 0x00007ffba937b000 	C:\WINDOWS\SYSTEM32\kernel.appcore.dll
0x00007ffb9cfd0000 - 0x00007ffb9cfda000 	c:\Users\Windows\.antigravity-ide\extensions\redhat.java-1.55.0-win32-x64\jre\21.0.11-win32-x86_64\bin\jimage.dll
0x00007ffba7aa0000 - 0x00007ffba7ce2000 	C:\WINDOWS\SYSTEM32\DBGHELP.DLL
0x00007ffbac9e0000 - 0x00007ffbacd63000 	C:\WINDOWS\System32\combase.dll
0x00007ffbac650000 - 0x00007ffbac729000 	C:\WINDOWS\System32\OLEAUT32.dll
0x00007ffb79e50000 - 0x00007ffb79e8b000 	C:\WINDOWS\SYSTEM32\dbgcore.DLL
0x00007ffbaa970000 - 0x00007ffbaaa18000 	C:\WINDOWS\System32\bcryptPrimitives.dll
0x00007ffb9ba90000 - 0x00007ffb9ba9f000 	c:\Users\Windows\.antigravity-ide\extensions\redhat.java-1.55.0-win32-x64\jre\21.0.11-win32-x86_64\bin\instrument.dll
0x00007ffb9a460000 - 0x00007ffb9a480000 	c:\Users\Windows\.antigravity-ide\extensions\redhat.java-1.55.0-win32-x64\jre\21.0.11-win32-x86_64\bin\java.dll
0x00007ffbab010000 - 0x00007ffbab794000 	C:\WINDOWS\System32\SHELL32.dll
0x00007ffba8070000 - 0x00007ffba88f0000 	C:\WINDOWS\SYSTEM32\windows.storage.dll
0x00007ffbac820000 - 0x00007ffbac916000 	C:\WINDOWS\System32\SHCORE.dll
0x00007ffbace30000 - 0x00007ffbace97000 	C:\WINDOWS\System32\shlwapi.dll
0x00007ffbaa3d0000 - 0x00007ffbaa3f9000 	C:\WINDOWS\SYSTEM32\profapi.dll
0x00007ffb9aa50000 - 0x00007ffb9aa68000 	c:\Users\Windows\.antigravity-ide\extensions\redhat.java-1.55.0-win32-x64\jre\21.0.11-win32-x86_64\bin\zip.dll
0x00007ffb9b9c0000 - 0x00007ffb9b9d0000 	C:\Users\Windows\.antigravity-ide\extensions\redhat.java-1.55.0-win32-x64\jre\21.0.11-win32-x86_64\bin\net.dll
0x00007ffba1010000 - 0x00007ffba1139000 	C:\WINDOWS\SYSTEM32\WINHTTP.dll
0x00007ffba98d0000 - 0x00007ffba993c000 	C:\WINDOWS\system32\mswsock.dll
0x00007ffb962f0000 - 0x00007ffb96306000 	C:\Users\Windows\.antigravity-ide\extensions\redhat.java-1.55.0-win32-x64\jre\21.0.11-win32-x86_64\bin\nio.dll
0x00007ffb9adf0000 - 0x00007ffb9ae00000 	c:\Users\Windows\.antigravity-ide\extensions\redhat.java-1.55.0-win32-x64\jre\21.0.11-win32-x86_64\bin\verify.dll
0x00007ffb7e110000 - 0x00007ffb7e155000 	C:\Users\Windows\AppData\Roaming\Antigravity IDE\User\globalStorage\redhat.java\1.55.0\config_win\org.eclipse.equinox.launcher\org.eclipse.equinox.launcher.win32.win32.x86_64_1.3.100.v20260613-0559\eclipse_11924.dll
0x00007ffbac2c0000 - 0x00007ffbac458000 	C:\WINDOWS\System32\ole32.dll
0x00007ffba9bb0000 - 0x00007ffba9bcb000 	C:\WINDOWS\SYSTEM32\CRYPTSP.dll
0x00007ffba92c0000 - 0x00007ffba92f9000 	C:\WINDOWS\system32\rsaenh.dll
0x00007ffba9980000 - 0x00007ffba99b3000 	C:\WINDOWS\SYSTEM32\USERENV.dll
0x00007ffbaa3a0000 - 0x00007ffbaa3ca000 	C:\WINDOWS\SYSTEM32\bcrypt.dll
0x00007ffba9bd0000 - 0x00007ffba9bdc000 	C:\WINDOWS\SYSTEM32\CRYPTBASE.dll
0x00007ffba8d60000 - 0x00007ffba8d93000 	C:\WINDOWS\SYSTEM32\IPHLPAPI.DLL
0x00007ffbacf00000 - 0x00007ffbacf0a000 	C:\WINDOWS\System32\NSI.dll
0x00007ffb635a0000 - 0x00007ffb635e9000 	C:\Users\Windows\AppData\Local\Temp\jna--1280820637\jna319919318910545935.dll
0x00007ffbac920000 - 0x00007ffbac928000 	C:\WINDOWS\System32\PSAPI.DLL
0x00007ffba1900000 - 0x00007ffba191d000 	C:\WINDOWS\SYSTEM32\dhcpcsvc6.DLL
0x00007ffba1850000 - 0x00007ffba1875000 	C:\WINDOWS\SYSTEM32\dhcpcsvc.DLL

JVMTI agents:
c:\Users\Windows\.antigravity-ide\extensions\redhat.java-1.55.0-win32-x64\lombok\lombok-1.18.39-4050.jar path:c:\Users\Windows\.antigravity-ide\extensions\redhat.java-1.55.0-win32-x64\jre\21.0.11-win32-x86_64\bin\instrument.dll, loaded, initialized, instrumentlib options:none

dbghelp: loaded successfully - version: 4.0.5 - missing functions: none
symbol engine: initialized successfully - sym options: 0x614 - pdb path: .;c:\Users\Windows\.antigravity-ide\extensions\redhat.java-1.55.0-win32-x64\jre\21.0.11-win32-x86_64\bin;C:\WINDOWS\SYSTEM32;C:\WINDOWS\WinSxS\amd64_microsoft.windows.common-controls_6595b64144ccf1df_6.0.26100.8521_none_3e08b75ce33403b3;c:\Users\Windows\.antigravity-ide\extensions\redhat.java-1.55.0-win32-x64\jre\21.0.11-win32-x86_64\bin\server;C:\Users\Windows\AppData\Roaming\Antigravity IDE\User\globalStorage\redhat.java\1.55.0\config_win\org.eclipse.equinox.launcher\org.eclipse.equinox.launcher.win32.win32.x86_64_1.3.100.v20260613-0559;C:\Users\Windows\AppData\Local\Temp\jna--1280820637

VM Arguments:
jvm_args: --add-modules=ALL-SYSTEM --add-opens=java.base/java.util=ALL-UNNAMED --add-opens=java.base/java.lang=ALL-UNNAMED --add-opens=java.base/sun.nio.fs=ALL-UNNAMED -Declipse.application=org.eclipse.jdt.ls.core.id1 -Dosgi.bundles.defaultStartLevel=4 -Declipse.product=org.eclipse.jdt.ls.core.product -Djava.import.generatesMetadataFilesAtProjectRoot=false -DDetectVMInstallationsJob.disabled=true -Dfile.encoding=utf8 -XX:+UseParallelGC -XX:GCTimeRatio=4 -XX:AdaptiveSizePolicyWeight=90 -Dsun.zip.disableMemoryMapping=true -Xmx2G -Xms100m -Xlog:disable -javaagent:c:\Users\Windows\.antigravity-ide\extensions\redhat.java-1.55.0-win32-x64\lombok\lombok-1.18.39-4050.jar -XX:+HeapDumpOnOutOfMemoryError -XX:HeapDumpPath=c:\Users\Windows\AppData\Roaming\Antigravity IDE\User\workspaceStorage\dd797f979bf9da95ab56711e4c6e11a8\redhat.java -Daether.dependencyCollector.impl=bf 
java_command: c:\Users\Windows\.antigravity-ide\extensions\redhat.java-1.55.0-win32-x64\server\plugins\org.eclipse.equinox.launcher_1.7.200.v20260619-2039.jar -configuration c:\Users\Windows\AppData\Roaming\Antigravity IDE\User\globalStorage\redhat.java\1.55.0\config_win -data c:\Users\Windows\AppData\Roaming\Antigravity IDE\User\workspaceStorage\dd797f979bf9da95ab56711e4c6e11a8\redhat.java\jdt_ws --pipe=\\.\pipe\lsp-7f03ac4803ea422f9d99bd29ebb34aa1-sock
java_class_path (initial): c:\Users\Windows\.antigravity-ide\extensions\redhat.java-1.55.0-win32-x64\server\plugins\org.eclipse.equinox.launcher_1.7.200.v20260619-2039.jar
Launcher Type: SUN_STANDARD

[Global flags]
    uintx AdaptiveSizePolicyWeight                 = 90                                        {product} {command line}
     intx CICompilerCount                          = 4                                         {product} {ergonomic}
    uintx GCTimeRatio                              = 4                                         {product} {command line}
     bool HeapDumpOnOutOfMemoryError               = true                                   {manageable} {command line}
    ccstr HeapDumpPath                             = c:\Users\Windows\AppData\Roaming\Antigravity IDE\User\workspaceStorage\dd797f979bf9da95ab56711e4c6e11a8\redhat.java         {manageable} {command line}
   size_t InitialHeapSize                          = 104857600                                 {product} {command line}
   size_t MaxHeapSize                              = 2147483648                                {product} {command line}
   size_t MaxNewSize                               = 715653120                                 {product} {ergonomic}
   size_t MinHeapDeltaBytes                        = 524288                                    {product} {ergonomic}
   size_t MinHeapSize                              = 104857600                                 {product} {command line}
   size_t NewSize                                  = 34603008                                  {product} {ergonomic}
    uintx NonNMethodCodeHeapSize                   = 5839372                                {pd product} {ergonomic}
    uintx NonProfiledCodeHeapSize                  = 122909434                              {pd product} {ergonomic}
   size_t OldSize                                  = 70254592                                  {product} {ergonomic}
    uintx ProfiledCodeHeapSize                     = 122909434                              {pd product} {ergonomic}
    uintx ReservedCodeCacheSize                    = 251658240                              {pd product} {ergonomic}
     bool SegmentedCodeCache                       = true                                      {product} {ergonomic}
   size_t SoftMaxHeapSize                          = 2147483648                             {manageable} {ergonomic}
     bool UseCompressedOops                        = true                           {product lp64_product} {ergonomic}
     bool UseLargePagesIndividualAllocation        = false                                  {pd product} {ergonomic}
     bool UseParallelGC                            = true                                      {product} {command line}

Logging:
Log output configuration:
 #0: stdout all=off uptime,level,tags foldmultilines=false
 #1: stderr all=off uptime,level,tags foldmultilines=false

Release file:
JAVA_VERSION="21.0.11" 
MODULES="java.base java.compiler java.datatransfer java.xml java.prefs java.desktop java.instrument java.logging java.management java.security.sasl java.naming java.rmi java.management.rmi java.net.http java.scripting java.security.jgss java.transaction.xa java.sql java.sql.rowset java.xml.crypto java.se java.smartcardio jdk.accessibility jdk.internal.jvmstat jdk.attach jdk.charsets jdk.internal.opt jdk.zipfs jdk.compiler jdk.crypto.ec jdk.crypto.cryptoki jdk.crypto.mscapi jdk.dynalink jdk.internal.ed jdk.editpad jdk.hotspot.agent jdk.httpserver jdk.internal.le jdk.internal.vm.ci jdk.internal.vm.compiler jdk.internal.vm.compiler.management jdk.jartool jdk.javadoc jdk.jcmd jdk.management jdk.management.agent jdk.jconsole jdk.jdeps jdk.jdwp.agent jdk.jdi jdk.jfr jdk.jshell jdk.jsobject jdk.jstatd jdk.localedata jdk.management.jfr jdk.naming.dns jdk.naming.rmi jdk.net jdk.nio.mapmode jdk.random jdk.sctp jdk.security.auth jdk.security.jgss jdk.unsupported jdk.unsupported.desktop jdk.xml.dom" 

Environment Variables:
JAVA_HOME=C:\Program Files\Java\jdk-21.0.8
PATH=C:\Program Files\Java\jdk-21.0.8\bin;C:\Program Files\Java\jdk-21.0.8\bin;C:\jdk-21.0.8\bin;C:\WINDOWS\system32;C:\WINDOWS;C:\WINDOWS\System32\Wbem;C:\WINDOWS\System32\WindowsPowerShell\v1.0\;C:\WINDOWS\System32\OpenSSH\;C:\Program Files\nodejs\;D:\xampp\php;C:\ProgramData\ComposerSetup\bin;C:\Program Files\Git\cmd;C:\Program Files\dotnet\;C:\Users\Windows\AppData\Local\Programs\Python\Python314\Scripts\;C:\Users\Windows\AppData\Local\Programs\Python\Python314\;C:\Users\Windows\AppData\Local\Programs\Python\Launcher\;C:\Program Files\Java\jdk-11.0.1\bin;C:\Users\Windows\AppData\Local\Microsoft\WindowsApps;C:\Program Files\JetBrains\IntelliJ IDEA Community Edition 2024.1\bin;C:\Users\Windows\AppData\Local\Programs\Microsoft VS Code\bin;C:\Users\Windows\AppData\Roaming\npm;D:\TV series\Windsurf\bin;C:\Users\Windows\AppData\Roaming\Composer\vendor\bin;C:\jdk-21.0.8\bin;C:\Program Files\apache-maven-3.9.11\bin;C:\glassfish7\bin;;C:\Program Files (x86)\NVIDIA Corporation\PhysX\Common;C:\Users\Windows\AppData\Local\Programs\Python\Python314\Scripts\;C:\Users\Windows\AppData\Local\Programs\Python\Python314\;C:\Users\Windows\AppData\Local\Programs\Python\Launcher\;C:\Program Files\Java\jdk-11.0.1\bin;C:\Users\Windows\AppData\Local\Microsoft\WindowsApps;C:\Program Files\JetBrains\IntelliJ IDEA Community Edition 2024.1\bin;;C:\Users\Windows\AppData\Local\Programs\Microsoft VS Code\bin;C:\Users\Windows\AppData\Roaming\npm;D:\TV series\Windsurf\bin;C:\Users\Windows\AppData\Roaming\Composer\vendor\bin;C:\Program Files\Java\jdk-21.0.8\bin;C:\Users\Windows\AppData\Local\Programs\MiKTeX\miktex\bin\x64\;C:\Users\Windows\AppData\Local\GitHubDesktop\bin;D:\Antigravity IDE\bin;C:\Users\Windows\AppData\Local\Programs\Antigravity IDE\bin
USERNAME=Windows
OS=Windows_NT
PROCESSOR_IDENTIFIER=Intel64 Family 6 Model 141 Stepping 1, GenuineIntel
TMP=C:\Users\Windows\AppData\Local\Temp
TEMP=C:\Users\Windows\AppData\Local\Temp




Periodic native trim disabled

---------------  S Y S T E M  ---------------

OS:
 Windows 11 , 64 bit Build 26100 (10.0.26100.8521)
OS uptime: 4 days 15:20 hours
Hyper-V role detected

CPU: total 12 (initial active 12) (6 cores per cpu, 2 threads per core) family 6 model 141 stepping 1 microcode 0x50, cx8, cmov, fxsr, ht, mmx, 3dnowpref, sse, sse2, sse3, ssse3, sse4.1, sse4.2, popcnt, lzcnt, tsc, tscinvbit, avx, avx2, aes, erms, clmul, bmi1, bmi2, adx, avx512f, avx512dq, avx512cd, avx512bw, avx512vl, sha, fma, vzeroupper, avx512_vpopcntdq, avx512_vpclmulqdq, avx512_vaes, avx512_vnni, clflush, clflushopt, clwb, avx512_vbmi2, avx512_vbmi, hv, rdtscp, rdpid, fsrm, gfni, avx512_bitalg, f16c, cet_ibt, cet_ss, avx512_ifma
Processor Information for the first 12 processors :
  Max Mhz: 2688, Current Mhz: 2688, Mhz Limit: 2688

Memory: 4k page, system-wide physical 7914M (532M free)
TotalPageFile size 22991M (AvailPageFile size 8M)
current process WorkingSet (physical memory assigned to process): 231M, peak: 235M
current process commit charge ("private bytes"): 354M, peak: 360M

vm_info: OpenJDK 64-Bit Server VM (21.0.11+10-LTS) for windows-amd64 JRE (21.0.11+10-LTS), built on 2026-04-21T00:00:00Z by "admin" with MS VC++ 17.12 (VS2022)

END.
