#
# There is insufficient memory for the Java Runtime Environment to continue.
# Native memory allocation (malloc) failed to allocate 1173216 bytes. Error detail: Chunk::new
# Possible reasons:
#   The system is out of physical RAM or swap space
#   This process is running with CompressedOops enabled, and the Java Heap may be blocking the growth of the native heap
# Possible solutions:
#   Reduce memory load on the system
#   Increase physical memory or swap space
#   Check if swap backing store is full
#   Decrease Java heap size (-Xmx/-Xms)
#   Decrease number of Java threads
#   Decrease Java thread stack sizes (-Xss)
#   Set larger code cache with -XX:ReservedCodeCacheSize=
#   JVM is running with Unscaled Compressed Oops mode in which the Java heap is
#     placed in the first 4GB address space. The Java Heap base address is the
#     maximum limit for the native heap growth. Please use -XX:HeapBaseMinAddress
#     to set the Java Heap base and to place the Java Heap above 4GB virtual address.
# This output file may be truncated or incomplete.
#
#  Out of Memory Error (arena.cpp:168), pid=23060, tid=22160
#
# JRE version: OpenJDK Runtime Environment Temurin-21.0.11+10 (21.0.11+10) (build 21.0.11+10-LTS)
# Java VM: OpenJDK 64-Bit Server VM Temurin-21.0.11+10 (21.0.11+10-LTS, mixed mode, sharing, tiered, compressed oops, compressed class ptrs, parallel gc, windows-amd64)
# No core dump will be written. Minidumps are not enabled by default on client versions of Windows
#

---------------  S U M M A R Y ------------

Command Line: --add-modules=ALL-SYSTEM --add-opens=java.base/java.util=ALL-UNNAMED --add-opens=java.base/java.lang=ALL-UNNAMED --add-opens=java.base/sun.nio.fs=ALL-UNNAMED -Declipse.application=org.eclipse.jdt.ls.core.id1 -Dosgi.bundles.defaultStartLevel=4 -Declipse.product=org.eclipse.jdt.ls.core.product -Djava.import.generatesMetadataFilesAtProjectRoot=false -DDetectVMInstallationsJob.disabled=true -Dfile.encoding=utf8 -XX:+UseParallelGC -XX:GCTimeRatio=4 -XX:AdaptiveSizePolicyWeight=90 -Dsun.zip.disableMemoryMapping=true -Xmx2G -Xms100m -Xlog:disable -javaagent:c:\Users\Windows\.antigravity-ide\extensions\redhat.java-1.55.0-win32-x64\lombok\lombok-1.18.39-4050.jar c:\Users\Windows\.antigravity-ide\extensions\redhat.java-1.55.0-win32-x64\server\plugins\org.eclipse.equinox.launcher_1.7.200.v20260619-2039.jar -configuration c:\Users\Windows\AppData\Roaming\Antigravity IDE\User\globalStorage\redhat.java\1.55.0\config_ss_win -data c:\Users\Windows\AppData\Roaming\Antigravity IDE\User\workspaceStorage\dd797f979bf9da95ab56711e4c6e11a8\redhat.java\ss_ws --pipe=\\.\pipe\lsp-4a1229522d4c5a22c7408379fa6d0d08-sock

Host: 11th Gen Intel(R) Core(TM) i5-11400H @ 2.70GHz, 12 cores, 7G,  Windows 11 , 64 bit Build 26100 (10.0.26100.8521)
Time: Tue Jul 14 12:03:56 2026 Sri Lanka Standard Time elapsed time: 7.181493 seconds (0d 0h 0m 7s)

---------------  T H R E A D  ---------------

Current thread (0x0000016de6db83d0):  JavaThread "C2 CompilerThread1" daemon [_thread_in_native, id=22160, stack(0x0000001519e00000,0x0000001519f00000) (1024K)]


Current CompileTask:
C2:7181 5575       4       lombok.core.AST::buildWithField (21 bytes)

Stack: [0x0000001519e00000,0x0000001519f00000]
Native frames: (J=compiled Java code, j=interpreted, Vv=VM code, C=native code)
V  [jvm.dll+0x6d7e19]
V  [jvm.dll+0x8b5096]
V  [jvm.dll+0x8b764e]
V  [jvm.dll+0x8b7d33]
V  [jvm.dll+0x284596]
V  [jvm.dll+0xc685d]
V  [jvm.dll+0xc6da1]
V  [jvm.dll+0x2fb4ee]
V  [jvm.dll+0x5fe9a4]
V  [jvm.dll+0x255d67]
V  [jvm.dll+0x25612d]
V  [jvm.dll+0x24e6a0]
V  [jvm.dll+0x24bbe6]
V  [jvm.dll+0x1cb4ae]
V  [jvm.dll+0x25baad]
V  [jvm.dll+0x25a03a]
V  [jvm.dll+0x3f868e]
V  [jvm.dll+0x85fb0d]
V  [jvm.dll+0x6d664d]
C  [ucrtbase.dll+0x2cd30]
C  [KERNEL32.DLL+0x2e957]
C  [ntdll.dll+0x87c1c]


---------------  P R O C E S S  ---------------

Threads class SMR info:
_java_thread_list=0x0000016df1620af0, length=38, elements={
0x0000016dc877f080, 0x0000016de11354c0, 0x0000016ddf22cf60, 0x0000016de1143cb0,
0x0000016de1145d80, 0x0000016de11449d0, 0x0000016de1146410, 0x0000016de117a9f0,
0x0000016de117c700, 0x0000016de1145060, 0x0000016de1142f90, 0x0000016de1143620,
0x0000016de1144340, 0x0000016de11456f0, 0x0000016de622c7c0, 0x0000016de622c130,
0x0000016de622ce50, 0x0000016de622d4e0, 0x0000016de622a060, 0x0000016de622db70,
0x0000016de622a6f0, 0x0000016de622e200, 0x0000016de622ad80, 0x0000016de622e890,
0x0000016de622b410, 0x0000016de6230960, 0x0000016de622ef20, 0x0000016de622fc40,
0x0000016de6230ff0, 0x0000016de622f5b0, 0x0000016de62302d0, 0x0000016de6231680,
0x0000016de7ccc4a0, 0x0000016de7cccb30, 0x0000016de7ccd1c0, 0x0000016de7ccd850,
0x0000016de6db83d0, 0x0000016de14e90c0
}

Java Threads: ( => current thread )
  0x0000016dc877f080 JavaThread "main"                              [_thread_blocked, id=23540, stack(0x0000001519200000,0x0000001519300000) (1024K)]
  0x0000016de11354c0 JavaThread "Reference Handler"          daemon [_thread_blocked, id=26476, stack(0x0000001519600000,0x0000001519700000) (1024K)]
  0x0000016ddf22cf60 JavaThread "Finalizer"                  daemon [_thread_blocked, id=24552, stack(0x0000001519700000,0x0000001519800000) (1024K)]
  0x0000016de1143cb0 JavaThread "Signal Dispatcher"          daemon [_thread_blocked, id=25048, stack(0x0000001519800000,0x0000001519900000) (1024K)]
  0x0000016de1145d80 JavaThread "Attach Listener"            daemon [_thread_blocked, id=21552, stack(0x0000001519900000,0x0000001519a00000) (1024K)]
  0x0000016de11449d0 JavaThread "Service Thread"             daemon [_thread_blocked, id=14116, stack(0x0000001519a00000,0x0000001519b00000) (1024K)]
  0x0000016de1146410 JavaThread "Monitor Deflation Thread"   daemon [_thread_blocked, id=20972, stack(0x0000001519b00000,0x0000001519c00000) (1024K)]
  0x0000016de117a9f0 JavaThread "C2 CompilerThread0"         daemon [_thread_in_native, id=1928, stack(0x0000001519c00000,0x0000001519d00000) (1024K)]
  0x0000016de117c700 JavaThread "C1 CompilerThread0"         daemon [_thread_blocked, id=21044, stack(0x0000001519d00000,0x0000001519e00000) (1024K)]
  0x0000016de1145060 JavaThread "Common-Cleaner"             daemon [_thread_blocked, id=8388, stack(0x0000001519f00000,0x000000151a000000) (1024K)]
  0x0000016de1142f90 JavaThread "Notification Thread"        daemon [_thread_blocked, id=3200, stack(0x000000151a000000,0x000000151a100000) (1024K)]
  0x0000016de1143620 JavaThread "Active Thread: Equinox Container: 41d42e2e-4245-4979-a0b6-1184e7f5fd6f"        [_thread_blocked, id=23676, stack(0x000000151a800000,0x000000151a900000) (1024K)]
  0x0000016de1144340 JavaThread "Framework Event Dispatcher: Equinox Container: 41d42e2e-4245-4979-a0b6-1184e7f5fd6f" daemon [_thread_blocked, id=22876, stack(0x000000151a900000,0x000000151aa00000) (1024K)]
  0x0000016de11456f0 JavaThread "Start Level: Equinox Container: 41d42e2e-4245-4979-a0b6-1184e7f5fd6f" daemon [_thread_blocked, id=23480, stack(0x000000151aa00000,0x000000151ab00000) (1024K)]
  0x0000016de622c7c0 JavaThread "SCR Component Actor"        daemon [_thread_blocked, id=12612, stack(0x000000151ac00000,0x000000151ad00000) (1024K)]
  0x0000016de622c130 JavaThread "Worker-JM"                         [_thread_blocked, id=6840, stack(0x000000151ad00000,0x000000151ae00000) (1024K)]
  0x0000016de622ce50 JavaThread "JNA Cleaner"                daemon [_thread_blocked, id=21680, stack(0x000000151b000000,0x000000151b100000) (1024K)]
  0x0000016de622d4e0 JavaThread "Worker-0"                          [_thread_blocked, id=23804, stack(0x000000151b100000,0x000000151b200000) (1024K)]
  0x0000016de622a060 JavaThread "Worker-1"                          [_thread_blocked, id=5788, stack(0x000000151b200000,0x000000151b300000) (1024K)]
  0x0000016de622db70 JavaThread "Worker-2"                          [_thread_blocked, id=21580, stack(0x000000151b300000,0x000000151b400000) (1024K)]
  0x0000016de622a6f0 JavaThread "Thread-1"                   daemon [_thread_in_native, id=25672, stack(0x000000151b600000,0x000000151b700000) (1024K)]
  0x0000016de622e200 JavaThread "Thread-2"                   daemon [_thread_in_native, id=12960, stack(0x000000151b700000,0x000000151b800000) (1024K)]
  0x0000016de622ad80 JavaThread "Thread-3"                   daemon [_thread_in_native, id=20552, stack(0x000000151b800000,0x000000151b900000) (1024K)]
  0x0000016de622e890 JavaThread "Thread-4"                   daemon [_thread_in_native, id=10228, stack(0x000000151b900000,0x000000151ba00000) (1024K)]
  0x0000016de622b410 JavaThread "Thread-5"                   daemon [_thread_in_native, id=22224, stack(0x000000151ba00000,0x000000151bb00000) (1024K)]
  0x0000016de6230960 JavaThread "Thread-6"                   daemon [_thread_in_native, id=4628, stack(0x000000151bb00000,0x000000151bc00000) (1024K)]
  0x0000016de622ef20 JavaThread "Thread-7"                   daemon [_thread_in_native, id=25576, stack(0x000000151bc00000,0x000000151bd00000) (1024K)]
  0x0000016de622fc40 JavaThread "Thread-8"                   daemon [_thread_in_native, id=20408, stack(0x000000151bd00000,0x000000151be00000) (1024K)]
  0x0000016de6230ff0 JavaThread "Thread-9"                   daemon [_thread_in_native, id=20632, stack(0x000000151be00000,0x000000151bf00000) (1024K)]
  0x0000016de622f5b0 JavaThread "Thread-10"                  daemon [_thread_in_native, id=10192, stack(0x000000151bf00000,0x000000151c000000) (1024K)]
  0x0000016de62302d0 JavaThread "Thread-11"                  daemon [_thread_in_native, id=1900, stack(0x000000151c000000,0x000000151c100000) (1024K)]
  0x0000016de6231680 JavaThread "Thread-12"                  daemon [_thread_in_native, id=12332, stack(0x000000151c100000,0x000000151c200000) (1024K)]
  0x0000016de7ccc4a0 JavaThread "Thread-13"                  daemon [_thread_in_native, id=26524, stack(0x000000151c200000,0x000000151c300000) (1024K)]
  0x0000016de7cccb30 JavaThread "pool-2-thread-1"                   [_thread_blocked, id=15236, stack(0x000000151c300000,0x000000151c400000) (1024K)]
  0x0000016de7ccd1c0 JavaThread "WorkspaceEventsHandler"            [_thread_blocked, id=22020, stack(0x000000151c400000,0x000000151c500000) (1024K)]
  0x0000016de7ccd850 JavaThread "pool-1-thread-1"                   [_thread_in_Java, id=17304, stack(0x000000151c500000,0x000000151c600000) (1024K)]
=>0x0000016de6db83d0 JavaThread "C2 CompilerThread1"         daemon [_thread_in_native, id=22160, stack(0x0000001519e00000,0x0000001519f00000) (1024K)]
  0x0000016de14e90c0 JavaThread "C2 CompilerThread2"         daemon [_thread_in_native, id=8560, stack(0x000000151a100000,0x000000151a200000) (1024K)]
Total: 38

Other Threads:
  0x0000016ddf2160e0 VMThread "VM Thread"                           [id=1308, stack(0x0000001519500000,0x0000001519600000) (1024K)]
  0x0000016ddf10c7e0 WatcherThread "VM Periodic Task Thread"        [id=26264, stack(0x0000001519400000,0x0000001519500000) (1024K)]
  0x0000016dc879d420 WorkerThread "GC Thread#0"                     [id=4216, stack(0x0000001519300000,0x0000001519400000) (1024K)]
  0x0000016de1705620 WorkerThread "GC Thread#1"                     [id=24392, stack(0x000000151a200000,0x000000151a300000) (1024K)]
  0x0000016de17059d0 WorkerThread "GC Thread#2"                     [id=16352, stack(0x000000151a300000,0x000000151a400000) (1024K)]
  0x0000016de1705d80 WorkerThread "GC Thread#3"                     [id=4800, stack(0x000000151a400000,0x000000151a500000) (1024K)]
  0x0000016de60a49c0 WorkerThread "GC Thread#4"                     [id=13524, stack(0x000000151a500000,0x000000151a600000) (1024K)]
  0x0000016de60a4d70 WorkerThread "GC Thread#5"                     [id=25692, stack(0x000000151a600000,0x000000151a700000) (1024K)]
  0x0000016de60a5120 WorkerThread "GC Thread#6"                     [id=21104, stack(0x000000151a700000,0x000000151a800000) (1024K)]
  0x0000016de60fc5d0 WorkerThread "GC Thread#7"                     [id=15704, stack(0x000000151ab00000,0x000000151ac00000) (1024K)]
  0x0000016de6224ef0 WorkerThread "GC Thread#8"                     [id=11076, stack(0x000000151ae00000,0x000000151af00000) (1024K)]
  0x0000016de6374f30 WorkerThread "GC Thread#9"                     [id=3640, stack(0x000000151af00000,0x000000151b000000) (1024K)]
Total: 12

Threads with active compile tasks:
C2 CompilerThread0  7193 5779       4       lombok.eclipse.handlers.EclipseHandlerUtil::findCopyableAnnotations (243 bytes)
C2 CompilerThread1  7193 5575       4       lombok.core.AST::buildWithField (21 bytes)
C2 CompilerThread2  7193 5576   !   4       lombok.core.AST::buildWithField0 (121 bytes)
Total: 3

VM state: not at safepoint (normal execution)

VM Mutex/Monitor currently owned by a thread: None

Heap address: 0x0000000080000000, size: 2048 MB, Compressed Oops mode: 32-bit

CDS archive(s) mapped at: [0x0000016d80000000-0x0000016d80ba0000-0x0000016d80ba0000), size 12189696, SharedBaseAddress: 0x0000016d80000000, ArchiveRelocationMode: 1.
Compressed class space mapped at: 0x0000016d81000000-0x0000016dc1000000, reserved size: 1073741824
Narrow klass base: 0x0000016d80000000, Narrow klass shift: 0, Narrow klass range: 0x100000000

GC Precious Log:
 CardTable entry size: 512
 CPUs: 12 total, 12 available
 Memory: 7914M
 Large Page Support: Disabled
 NUMA Support: Disabled
 Compressed Oops: Enabled (32-bit)
 Alignments: Space 512K, Generation 512K, Heap 2M
 Heap Min Capacity: 100M
 Heap Initial Capacity: 100M
 Heap Max Capacity: 2G
 Pre-touch: Disabled
 Parallel Workers: 10

Heap:
 PSYoungGen      total 22016K, used 15699K [0x00000000d5580000, 0x00000000d6c00000, 0x0000000100000000)
  eden space 20480K, 73% used [0x00000000d5580000,0x00000000d642ce20,0x00000000d6980000)
  from space 1536K, 43% used [0x00000000d6980000,0x00000000d6a28000,0x00000000d6b00000)
  to   space 1024K, 0% used [0x00000000d6b00000,0x00000000d6b00000,0x00000000d6c00000)
 ParOldGen       total 68608K, used 31453K [0x0000000080000000, 0x0000000084300000, 0x00000000d5580000)
  object space 68608K, 45% used [0x0000000080000000,0x0000000081eb7670,0x0000000084300000)
 Metaspace       used 39914K, committed 40896K, reserved 1114112K
  class space    used 4003K, committed 4480K, reserved 1048576K

Card table byte_map: [0x0000016dc8150000,0x0000016dc8560000] _byte_map_base: 0x0000016dc7d50000

Marking Bits: (ParMarkBitMap*) 0x00007ffb3a754460
 Begin Bits: [0x0000016ddac30000, 0x0000016ddcc30000)
 End Bits:   [0x0000016ddcc30000, 0x0000016ddec30000)

Polling page: 0x0000016dc7f40000

Metaspace:

Usage:
  Non-class:     35.07 MB used.
      Class:      3.91 MB used.
       Both:     38.98 MB used.

Virtual space:
  Non-class space:       64.00 MB reserved,      35.56 MB ( 56%) committed,  1 nodes.
      Class space:        1.00 GB reserved,       4.38 MB ( <1%) committed,  1 nodes.
             Both:        1.06 GB reserved,      39.94 MB (  4%) committed. 

Chunk freelists:
   Non-Class:  12.40 MB
       Class:  11.62 MB
        Both:  24.02 MB

MaxMetaspaceSize: unlimited
CompressedClassSpaceSize: 1.00 GB
Initial GC threshold: 21.00 MB
Current GC threshold: 58.38 MB
CDS: on
 - commit_granule_bytes: 65536.
 - commit_granule_words: 8192.
 - virtual_space_node_default_size: 8388608.
 - enlarge_chunks_in_place: 1.
 - use_allocation_guard: 0.


Internal statistics:

num_allocs_failed_limit: 6.
num_arena_births: 790.
num_arena_deaths: 14.
num_vsnodes_births: 2.
num_vsnodes_deaths: 0.
num_space_committed: 639.
num_space_uncommitted: 0.
num_chunks_returned_to_freelist: 20.
num_chunks_taken_from_freelist: 2471.
num_chunk_merges: 12.
num_chunk_splits: 1569.
num_chunks_enlarged: 968.
num_inconsistent_stats: 0.

CodeHeap 'non-profiled nmethods': size=120000Kb used=3221Kb max_used=3221Kb free=116778Kb
 bounds [0x0000016dd3450000, 0x0000016dd3780000, 0x0000016dda980000]
CodeHeap 'profiled nmethods': size=120000Kb used=12110Kb max_used=12110Kb free=107889Kb
 bounds [0x0000016dcb980000, 0x0000016dcc560000, 0x0000016dd2eb0000]
CodeHeap 'non-nmethods': size=5760Kb used=1390Kb max_used=1451Kb free=4369Kb
 bounds [0x0000016dd2eb0000, 0x0000016dd3120000, 0x0000016dd3450000]
CodeCache: size=245760Kb, used=16721Kb, max_used=16782Kb, free=229036Kb
 total_blobs=6125, nmethods=5442, adapters=589, full_count=0
Compilation: enabled, stopped_count=0, restarted_count=0

Compilation events (20 events):
Event: 7.168 Thread 0x0000016de117c700 nmethod 5827 0x0000016dcc53a290 code [0x0000016dcc53a440, 0x0000016dcc53a660]
Event: 7.169 Thread 0x0000016de117c700 5829       3       org.eclipse.jdt.internal.compiler.parser.ScannerHelper::digit (147 bytes)
Event: 7.170 Thread 0x0000016de117c700 nmethod 5829 0x0000016dcc53a710 code [0x0000016dcc53a940, 0x0000016dcc53b000]
Event: 7.170 Thread 0x0000016de117c700 5830   !   3       org.eclipse.jdt.internal.compiler.parser.Scanner::getNextCharAsDigit (133 bytes)
Event: 7.170 Thread 0x0000016de117c700 nmethod 5830 0x0000016dcc53b110 code [0x0000016dcc53b320, 0x0000016dcc53b8e0]
Event: 7.170 Thread 0x0000016de117c700 5831       3       org.eclipse.jdt.internal.compiler.util.HashtableOfObjectToInt::put (104 bytes)
Event: 7.170 Thread 0x0000016de117c700 nmethod 5831 0x0000016dcc53bb10 code [0x0000016dcc53bd20, 0x0000016dcc53c3b0]
Event: 7.170 Thread 0x0000016de117c700 5832       3       org.eclipse.jdt.internal.compiler.parser.Scanner::atTextBlockStart (6 bytes)
Event: 7.170 Thread 0x0000016de117c700 nmethod 5832 0x0000016dcc53c690 code [0x0000016dcc53c840, 0x0000016dcc53ca08]
Event: 7.170 Thread 0x0000016de117c700 5833   !   3       org.eclipse.jdt.internal.compiler.parser.Scanner::atTextBlockDelimiter (165 bytes)
Event: 7.171 Thread 0x0000016de117c700 nmethod 5833 0x0000016dcc53cb10 code [0x0000016dcc53cd40, 0x0000016dcc53d4c0]
Event: 7.171 Thread 0x0000016de117c700 5834       3       java.lang.StringBuilder::toString (9 bytes)
Event: 7.171 Thread 0x0000016de117c700 nmethod 5834 0x0000016dcc53d810 code [0x0000016dcc53d9c0, 0x0000016dcc53dbd0]
Event: 7.175 Thread 0x0000016de117c700 5835       3       org.eclipse.jdt.internal.compiler.parser.Parser::consumeEnterVariable (804 bytes)
Event: 7.177 Thread 0x0000016de117c700 nmethod 5835 0x0000016dcc53dd10 code [0x0000016dcc53e0c0, 0x0000016dcc540038]
Event: 7.177 Thread 0x0000016de117c700 5837       3       org.eclipse.jdt.internal.compiler.parser.Scanner::consumeDigits0 (79 bytes)
Event: 7.177 Thread 0x0000016de117c700 nmethod 5837 0x0000016dcc540c10 code [0x0000016dcc540e40, 0x0000016dcc5413a0]
Event: 7.177 Thread 0x0000016de117c700 5836       3       org.eclipse.jdt.internal.compiler.parser.Parser::recoveryExitFromVariable (133 bytes)
Event: 7.178 Thread 0x0000016de117c700 nmethod 5836 0x0000016dcc541590 code [0x0000016dcc5417a0, 0x0000016dcc5421a0]
Event: 7.180 Thread 0x0000016de117c700 5838       3       java.lang.invoke.LambdaForm$DMH/0x0000016d81016000::invokeStatic (14 bytes)

GC Heap History (20 events):
Event: 5.261 GC heap before
{Heap before GC invocations=16 (full 1):
 PSYoungGen      total 22528K, used 22500K [0x00000000d5580000, 0x00000000d7400000, 0x0000000100000000)
  eden space 20480K, 100% used [0x00000000d5580000,0x00000000d6980000,0x00000000d6980000)
  from space 2048K, 98% used [0x00000000d6e00000,0x00000000d6ff9000,0x00000000d7000000)
  to   space 4608K, 0% used [0x00000000d6980000,0x00000000d6980000,0x00000000d6e00000)
 ParOldGen       total 68608K, used 23949K [0x0000000080000000, 0x0000000084300000, 0x00000000d5580000)
  object space 68608K, 34% used [0x0000000080000000,0x00000000817637e8,0x0000000084300000)
 Metaspace       used 32548K, committed 33536K, reserved 1114112K
  class space    used 3282K, committed 3712K, reserved 1048576K
}
Event: 5.265 GC heap after
{Heap after GC invocations=16 (full 1):
 PSYoungGen      total 23040K, used 2048K [0x00000000d5580000, 0x00000000d6f80000, 0x0000000100000000)
  eden space 20480K, 0% used [0x00000000d5580000,0x00000000d5580000,0x00000000d6980000)
  from space 2560K, 80% used [0x00000000d6980000,0x00000000d6b80010,0x00000000d6c00000)
  to   space 3072K, 0% used [0x00000000d6c80000,0x00000000d6c80000,0x00000000d6f80000)
 ParOldGen       total 68608K, used 25923K [0x0000000080000000, 0x0000000084300000, 0x00000000d5580000)
  object space 68608K, 37% used [0x0000000080000000,0x0000000081950e10,0x0000000084300000)
 Metaspace       used 32548K, committed 33536K, reserved 1114112K
  class space    used 3282K, committed 3712K, reserved 1048576K
}
Event: 5.353 GC heap before
{Heap before GC invocations=17 (full 1):
 PSYoungGen      total 23040K, used 22528K [0x00000000d5580000, 0x00000000d6f80000, 0x0000000100000000)
  eden space 20480K, 100% used [0x00000000d5580000,0x00000000d6980000,0x00000000d6980000)
  from space 2560K, 80% used [0x00000000d6980000,0x00000000d6b80010,0x00000000d6c00000)
  to   space 3072K, 0% used [0x00000000d6c80000,0x00000000d6c80000,0x00000000d6f80000)
 ParOldGen       total 68608K, used 25923K [0x0000000080000000, 0x0000000084300000, 0x00000000d5580000)
  object space 68608K, 37% used [0x0000000080000000,0x0000000081950e10,0x0000000084300000)
 Metaspace       used 32601K, committed 33536K, reserved 1114112K
  class space    used 3284K, committed 3712K, reserved 1048576K
}
Event: 5.358 GC heap after
{Heap after GC invocations=17 (full 1):
 PSYoungGen      total 22528K, used 1816K [0x00000000d5580000, 0x00000000d6e80000, 0x0000000100000000)
  eden space 20480K, 0% used [0x00000000d5580000,0x00000000d5580000,0x00000000d6980000)
  from space 2048K, 88% used [0x00000000d6c80000,0x00000000d6e46200,0x00000000d6e80000)
  to   space 2048K, 0% used [0x00000000d6a80000,0x00000000d6a80000,0x00000000d6c80000)
 ParOldGen       total 68608K, used 27883K [0x0000000080000000, 0x0000000084300000, 0x00000000d5580000)
  object space 68608K, 40% used [0x0000000080000000,0x0000000081b3ae20,0x0000000084300000)
 Metaspace       used 32601K, committed 33536K, reserved 1114112K
  class space    used 3284K, committed 3712K, reserved 1048576K
}
Event: 5.556 GC heap before
{Heap before GC invocations=18 (full 1):
 PSYoungGen      total 22528K, used 22256K [0x00000000d5580000, 0x00000000d6e80000, 0x0000000100000000)
  eden space 20480K, 99% used [0x00000000d5580000,0x00000000d6975f98,0x00000000d6980000)
  from space 2048K, 88% used [0x00000000d6c80000,0x00000000d6e46200,0x00000000d6e80000)
  to   space 2048K, 0% used [0x00000000d6a80000,0x00000000d6a80000,0x00000000d6c80000)
 ParOldGen       total 68608K, used 27883K [0x0000000080000000, 0x0000000084300000, 0x00000000d5580000)
  object space 68608K, 40% used [0x0000000080000000,0x0000000081b3ae20,0x0000000084300000)
 Metaspace       used 34137K, committed 35072K, reserved 1114112K
  class space    used 3479K, committed 3904K, reserved 1048576K
}
Event: 5.558 GC heap after
{Heap after GC invocations=18 (full 1):
 PSYoungGen      total 22016K, used 1467K [0x00000000d5580000, 0x00000000d6d80000, 0x0000000100000000)
  eden space 20480K, 0% used [0x00000000d5580000,0x00000000d5580000,0x00000000d6980000)
  from space 1536K, 95% used [0x00000000d6a80000,0x00000000d6beee00,0x00000000d6c00000)
  to   space 1536K, 0% used [0x00000000d6c00000,0x00000000d6c00000,0x00000000d6d80000)
 ParOldGen       total 68608K, used 29572K [0x0000000080000000, 0x0000000084300000, 0x00000000d5580000)
  object space 68608K, 43% used [0x0000000080000000,0x0000000081ce1020,0x0000000084300000)
 Metaspace       used 34137K, committed 35072K, reserved 1114112K
  class space    used 3479K, committed 3904K, reserved 1048576K
}
Event: 5.773 GC heap before
{Heap before GC invocations=19 (full 1):
 PSYoungGen      total 22016K, used 17575K [0x00000000d5580000, 0x00000000d6d80000, 0x0000000100000000)
  eden space 20480K, 78% used [0x00000000d5580000,0x00000000d653af48,0x00000000d6980000)
  from space 1536K, 95% used [0x00000000d6a80000,0x00000000d6beee00,0x00000000d6c00000)
  to   space 1536K, 0% used [0x00000000d6c00000,0x00000000d6c00000,0x00000000d6d80000)
 ParOldGen       total 68608K, used 29572K [0x0000000080000000, 0x0000000084300000, 0x00000000d5580000)
  object space 68608K, 43% used [0x0000000080000000,0x0000000081ce1020,0x0000000084300000)
 Metaspace       used 34917K, committed 35840K, reserved 1114112K
  class space    used 3585K, committed 3968K, reserved 1048576K
}
Event: 5.774 GC heap after
{Heap after GC invocations=19 (full 1):
 PSYoungGen      total 20992K, used 416K [0x00000000d5580000, 0x00000000d6c80000, 0x0000000100000000)
  eden space 20480K, 0% used [0x00000000d5580000,0x00000000d5580000,0x00000000d6980000)
  from space 512K, 81% used [0x00000000d6c00000,0x00000000d6c68010,0x00000000d6c80000)
  to   space 1024K, 0% used [0x00000000d6a80000,0x00000000d6a80000,0x00000000d6b80000)
 ParOldGen       total 68608K, used 30874K [0x0000000080000000, 0x0000000084300000, 0x00000000d5580000)
  object space 68608K, 45% used [0x0000000080000000,0x0000000081e26ae0,0x0000000084300000)
 Metaspace       used 34917K, committed 35840K, reserved 1114112K
  class space    used 3585K, committed 3968K, reserved 1048576K
}
Event: 5.774 GC heap before
{Heap before GC invocations=20 (full 2):
 PSYoungGen      total 20992K, used 416K [0x00000000d5580000, 0x00000000d6c80000, 0x0000000100000000)
  eden space 20480K, 0% used [0x00000000d5580000,0x00000000d5580000,0x00000000d6980000)
  from space 512K, 81% used [0x00000000d6c00000,0x00000000d6c68010,0x00000000d6c80000)
  to   space 1024K, 0% used [0x00000000d6a80000,0x00000000d6a80000,0x00000000d6b80000)
 ParOldGen       total 68608K, used 30874K [0x0000000080000000, 0x0000000084300000, 0x00000000d5580000)
  object space 68608K, 45% used [0x0000000080000000,0x0000000081e26ae0,0x0000000084300000)
 Metaspace       used 34917K, committed 35840K, reserved 1114112K
  class space    used 3585K, committed 3968K, reserved 1048576K
}
Event: 5.806 GC heap after
{Heap after GC invocations=20 (full 2):
 PSYoungGen      total 20992K, used 0K [0x00000000d5580000, 0x00000000d6c80000, 0x0000000100000000)
  eden space 20480K, 0% used [0x00000000d5580000,0x00000000d5580000,0x00000000d6980000)
  from space 512K, 0% used [0x00000000d6c00000,0x00000000d6c00000,0x00000000d6c80000)
  to   space 1024K, 0% used [0x00000000d6a80000,0x00000000d6a80000,0x00000000d6b80000)
 ParOldGen       total 68608K, used 29756K [0x0000000080000000, 0x0000000084300000, 0x00000000d5580000)
  object space 68608K, 43% used [0x0000000080000000,0x0000000081d0f128,0x0000000084300000)
 Metaspace       used 34917K, committed 35840K, reserved 1114112K
  class space    used 3585K, committed 3968K, reserved 1048576K
}
Event: 6.300 GC heap before
{Heap before GC invocations=21 (full 2):
 PSYoungGen      total 20992K, used 20480K [0x00000000d5580000, 0x00000000d6c80000, 0x0000000100000000)
  eden space 20480K, 100% used [0x00000000d5580000,0x00000000d6980000,0x00000000d6980000)
  from space 512K, 0% used [0x00000000d6c00000,0x00000000d6c00000,0x00000000d6c80000)
  to   space 1024K, 0% used [0x00000000d6a80000,0x00000000d6a80000,0x00000000d6b80000)
 ParOldGen       total 68608K, used 29756K [0x0000000080000000, 0x0000000084300000, 0x00000000d5580000)
  object space 68608K, 43% used [0x0000000080000000,0x0000000081d0f128,0x0000000084300000)
 Metaspace       used 36967K, committed 37888K, reserved 1114112K
  class space    used 3758K, committed 4160K, reserved 1048576K
}
Event: 6.301 GC heap after
{Heap after GC invocations=21 (full 2):
 PSYoungGen      total 21504K, used 576K [0x00000000d5580000, 0x00000000d6c80000, 0x0000000100000000)
  eden space 20480K, 0% used [0x00000000d5580000,0x00000000d5580000,0x00000000d6980000)
  from space 1024K, 56% used [0x00000000d6a80000,0x00000000d6b10000,0x00000000d6b80000)
  to   space 1024K, 0% used [0x00000000d6b80000,0x00000000d6b80000,0x00000000d6c80000)
 ParOldGen       total 68608K, used 29764K [0x0000000080000000, 0x0000000084300000, 0x00000000d5580000)
  object space 68608K, 43% used [0x0000000080000000,0x0000000081d11128,0x0000000084300000)
 Metaspace       used 36967K, committed 37888K, reserved 1114112K
  class space    used 3758K, committed 4160K, reserved 1048576K
}
Event: 6.565 GC heap before
{Heap before GC invocations=22 (full 2):
 PSYoungGen      total 21504K, used 21056K [0x00000000d5580000, 0x00000000d6c80000, 0x0000000100000000)
  eden space 20480K, 100% used [0x00000000d5580000,0x00000000d6980000,0x00000000d6980000)
  from space 1024K, 56% used [0x00000000d6a80000,0x00000000d6b10000,0x00000000d6b80000)
  to   space 1024K, 0% used [0x00000000d6b80000,0x00000000d6b80000,0x00000000d6c80000)
 ParOldGen       total 68608K, used 29764K [0x0000000080000000, 0x0000000084300000, 0x00000000d5580000)
  object space 68608K, 43% used [0x0000000080000000,0x0000000081d11128,0x0000000084300000)
 Metaspace       used 37820K, committed 38784K, reserved 1114112K
  class space    used 3835K, committed 4288K, reserved 1048576K
}
Event: 6.566 GC heap after
{Heap after GC invocations=22 (full 2):
 PSYoungGen      total 21504K, used 704K [0x00000000d5580000, 0x00000000d6c80000, 0x0000000100000000)
  eden space 20480K, 0% used [0x00000000d5580000,0x00000000d5580000,0x00000000d6980000)
  from space 1024K, 68% used [0x00000000d6b80000,0x00000000d6c30000,0x00000000d6c80000)
  to   space 1024K, 0% used [0x00000000d6a80000,0x00000000d6a80000,0x00000000d6b80000)
 ParOldGen       total 68608K, used 30084K [0x0000000080000000, 0x0000000084300000, 0x00000000d5580000)
  object space 68608K, 43% used [0x0000000080000000,0x0000000081d61128,0x0000000084300000)
 Metaspace       used 37820K, committed 38784K, reserved 1114112K
  class space    used 3835K, committed 4288K, reserved 1048576K
}
Event: 6.730 GC heap before
{Heap before GC invocations=23 (full 2):
 PSYoungGen      total 21504K, used 21184K [0x00000000d5580000, 0x00000000d6c80000, 0x0000000100000000)
  eden space 20480K, 100% used [0x00000000d5580000,0x00000000d6980000,0x00000000d6980000)
  from space 1024K, 68% used [0x00000000d6b80000,0x00000000d6c30000,0x00000000d6c80000)
  to   space 1024K, 0% used [0x00000000d6a80000,0x00000000d6a80000,0x00000000d6b80000)
 ParOldGen       total 68608K, used 30084K [0x0000000080000000, 0x0000000084300000, 0x00000000d5580000)
  object space 68608K, 43% used [0x0000000080000000,0x0000000081d61128,0x0000000084300000)
 Metaspace       used 38268K, committed 39232K, reserved 1114112K
  class space    used 3865K, committed 4288K, reserved 1048576K
}
Event: 6.732 GC heap after
{Heap after GC invocations=23 (full 2):
 PSYoungGen      total 21504K, used 1012K [0x00000000d5580000, 0x00000000d6d80000, 0x0000000100000000)
  eden space 20480K, 0% used [0x00000000d5580000,0x00000000d5580000,0x00000000d6980000)
  from space 1024K, 98% used [0x00000000d6a80000,0x00000000d6b7d198,0x00000000d6b80000)
  to   space 2048K, 0% used [0x00000000d6b80000,0x00000000d6b80000,0x00000000d6d80000)
 ParOldGen       total 68608K, used 30612K [0x0000000080000000, 0x0000000084300000, 0x00000000d5580000)
  object space 68608K, 44% used [0x0000000080000000,0x0000000081de5138,0x0000000084300000)
 Metaspace       used 38268K, committed 39232K, reserved 1114112K
  class space    used 3865K, committed 4288K, reserved 1048576K
}
Event: 6.801 GC heap before
{Heap before GC invocations=24 (full 2):
 PSYoungGen      total 21504K, used 21442K [0x00000000d5580000, 0x00000000d6d80000, 0x0000000100000000)
  eden space 20480K, 99% used [0x00000000d5580000,0x00000000d69738b0,0x00000000d6980000)
  from space 1024K, 98% used [0x00000000d6a80000,0x00000000d6b7d198,0x00000000d6b80000)
  to   space 2048K, 0% used [0x00000000d6b80000,0x00000000d6b80000,0x00000000d6d80000)
 ParOldGen       total 68608K, used 30612K [0x0000000080000000, 0x0000000084300000, 0x00000000d5580000)
  object space 68608K, 44% used [0x0000000080000000,0x0000000081de5138,0x0000000084300000)
 Metaspace       used 38280K, committed 39296K, reserved 1114112K
  class space    used 3865K, committed 4288K, reserved 1048576K
}
Event: 6.802 GC heap after
{Heap after GC invocations=24 (full 2):
 PSYoungGen      total 21504K, used 937K [0x00000000d5580000, 0x00000000d6c80000, 0x0000000100000000)
  eden space 20480K, 0% used [0x00000000d5580000,0x00000000d5580000,0x00000000d6980000)
  from space 1024K, 91% used [0x00000000d6b80000,0x00000000d6c6a740,0x00000000d6c80000)
  to   space 1536K, 0% used [0x00000000d6980000,0x00000000d6980000,0x00000000d6b00000)
 ParOldGen       total 68608K, used 31421K [0x0000000080000000, 0x0000000084300000, 0x00000000d5580000)
  object space 68608K, 45% used [0x0000000080000000,0x0000000081eaf670,0x0000000084300000)
 Metaspace       used 38280K, committed 39296K, reserved 1114112K
  class space    used 3865K, committed 4288K, reserved 1048576K
}
Event: 7.046 GC heap before
{Heap before GC invocations=25 (full 2):
 PSYoungGen      total 21504K, used 21417K [0x00000000d5580000, 0x00000000d6c80000, 0x0000000100000000)
  eden space 20480K, 100% used [0x00000000d5580000,0x00000000d6980000,0x00000000d6980000)
  from space 1024K, 91% used [0x00000000d6b80000,0x00000000d6c6a740,0x00000000d6c80000)
  to   space 1536K, 0% used [0x00000000d6980000,0x00000000d6980000,0x00000000d6b00000)
 ParOldGen       total 68608K, used 31421K [0x0000000080000000, 0x0000000084300000, 0x00000000d5580000)
  object space 68608K, 45% used [0x0000000080000000,0x0000000081eaf670,0x0000000084300000)
 Metaspace       used 39655K, committed 40640K, reserved 1114112K
  class space    used 3984K, committed 4416K, reserved 1048576K
}
Event: 7.048 GC heap after
{Heap after GC invocations=25 (full 2):
 PSYoungGen      total 22016K, used 672K [0x00000000d5580000, 0x00000000d6c00000, 0x0000000100000000)
  eden space 20480K, 0% used [0x00000000d5580000,0x00000000d5580000,0x00000000d6980000)
  from space 1536K, 43% used [0x00000000d6980000,0x00000000d6a28000,0x00000000d6b00000)
  to   space 1024K, 0% used [0x00000000d6b00000,0x00000000d6b00000,0x00000000d6c00000)
 ParOldGen       total 68608K, used 31453K [0x0000000080000000, 0x0000000084300000, 0x00000000d5580000)
  object space 68608K, 45% used [0x0000000080000000,0x0000000081eb7670,0x0000000084300000)
 Metaspace       used 39655K, committed 40640K, reserved 1114112K
  class space    used 3984K, committed 4416K, reserved 1048576K
}

Dll operation events (10 events):
Event: 0.009 Loaded shared library c:\Users\Windows\.antigravity-ide\extensions\redhat.java-1.55.0-win32-x64\jre\21.0.11-win32-x86_64\bin\java.dll
Event: 0.063 Loaded shared library c:\Users\Windows\.antigravity-ide\extensions\redhat.java-1.55.0-win32-x64\jre\21.0.11-win32-x86_64\bin\zip.dll
Event: 0.081 Loaded shared library C:\Users\Windows\.antigravity-ide\extensions\redhat.java-1.55.0-win32-x64\jre\21.0.11-win32-x86_64\bin\instrument.dll
Event: 0.085 Loaded shared library C:\Users\Windows\.antigravity-ide\extensions\redhat.java-1.55.0-win32-x64\jre\21.0.11-win32-x86_64\bin\net.dll
Event: 0.086 Loaded shared library C:\Users\Windows\.antigravity-ide\extensions\redhat.java-1.55.0-win32-x64\jre\21.0.11-win32-x86_64\bin\nio.dll
Event: 0.089 Loaded shared library C:\Users\Windows\.antigravity-ide\extensions\redhat.java-1.55.0-win32-x64\jre\21.0.11-win32-x86_64\bin\zip.dll
Event: 0.105 Loaded shared library C:\Users\Windows\.antigravity-ide\extensions\redhat.java-1.55.0-win32-x64\jre\21.0.11-win32-x86_64\bin\jimage.dll
Event: 0.161 Loaded shared library c:\Users\Windows\.antigravity-ide\extensions\redhat.java-1.55.0-win32-x64\jre\21.0.11-win32-x86_64\bin\verify.dll
Event: 1.111 Loaded shared library C:\Users\Windows\AppData\Roaming\Antigravity IDE\User\globalStorage\redhat.java\1.55.0\config_ss_win\org.eclipse.equinox.launcher\org.eclipse.equinox.launcher.win32.win32.x86_64_1.3.100.v20260613-0559\eclipse_11924.dll
Event: 1.772 Loaded shared library C:\Users\Windows\AppData\Local\Temp\jna--1280820637\jna6029994401020419253.dll

Deoptimization events (20 events):
Event: 7.142 Thread 0x0000016de7ccd850 DEOPT PACKING pc=0x0000016dd3732070 sp=0x000000151c5fcec0
Event: 7.142 Thread 0x0000016de7ccd850 DEOPT UNPACKING pc=0x0000016dd2f06da2 sp=0x000000151c5fce20 mode 2
Event: 7.149 Thread 0x0000016de7ccd850 Uncommon trap: trap_request=0xffffff45 fr.pc=0x0000016dd34aaf28 relative=0x0000000000000448
Event: 7.149 Thread 0x0000016de7ccd850 Uncommon trap: reason=unstable_if action=reinterpret pc=0x0000016dd34aaf28 method=java.util.HashMap.resize()[Ljava/util/HashMap$Node; @ 203 c2
Event: 7.149 Thread 0x0000016de7ccd850 DEOPT PACKING pc=0x0000016dd34aaf28 sp=0x000000151c5fde80
Event: 7.149 Thread 0x0000016de7ccd850 DEOPT UNPACKING pc=0x0000016dd2f06da2 sp=0x000000151c5fdde0 mode 2
Event: 7.161 Thread 0x0000016de7ccd850 Uncommon trap: trap_request=0xffffff45 fr.pc=0x0000016dd3467ca0 relative=0x0000000000000100
Event: 7.161 Thread 0x0000016de7ccd850 Uncommon trap: reason=unstable_if action=reinterpret pc=0x0000016dd3467ca0 method=java.lang.StringCoding.countPositives([BII)I @ 17 c2
Event: 7.161 Thread 0x0000016de7ccd850 DEOPT PACKING pc=0x0000016dd3467ca0 sp=0x000000151c5fdbb0
Event: 7.161 Thread 0x0000016de7ccd850 DEOPT UNPACKING pc=0x0000016dd2f06da2 sp=0x000000151c5fdb38 mode 2
Event: 7.161 Thread 0x0000016de7ccd850 Uncommon trap: trap_request=0xffffff45 fr.pc=0x0000016dd3523f0c relative=0x00000000000001ec
Event: 7.161 Thread 0x0000016de7ccd850 Uncommon trap: reason=unstable_if action=reinterpret pc=0x0000016dd3523f0c method=java.lang.AbstractStringBuilder.appendChars([CII)V @ 43 c2
Event: 7.161 Thread 0x0000016de7ccd850 DEOPT PACKING pc=0x0000016dd3523f0c sp=0x000000151c5fe140
Event: 7.161 Thread 0x0000016de7ccd850 DEOPT UNPACKING pc=0x0000016dd2f06da2 sp=0x000000151c5fe0b8 mode 2
Event: 7.163 Thread 0x0000016de7ccd850 Uncommon trap: trap_request=0xffffff45 fr.pc=0x0000016dd350ac00 relative=0x00000000000004c0
Event: 7.163 Thread 0x0000016de7ccd850 Uncommon trap: reason=unstable_if action=reinterpret pc=0x0000016dd350ac00 method=java.lang.AbstractStringBuilder.isLatin1()Z @ 10 c2
Event: 7.163 Thread 0x0000016de7ccd850 DEOPT PACKING pc=0x0000016dd350ac00 sp=0x000000151c5fe1a0
Event: 7.163 Thread 0x0000016de7ccd850 DEOPT UNPACKING pc=0x0000016dd2f06da2 sp=0x000000151c5fe038 mode 2
Event: 7.176 Thread 0x0000016de7ccd850 DEOPT PACKING pc=0x0000016dcc5368c9 sp=0x000000151c5f8e30
Event: 7.176 Thread 0x0000016de7ccd850 DEOPT UNPACKING pc=0x0000016dd2f078e2 sp=0x000000151c5f82a0 mode 0

Classes loaded (20 events):
Event: 5.730 Loading class java/util/Vector$1
Event: 5.731 Loading class java/util/Vector$1 done
Event: 5.969 Loading class java/util/regex/Pattern$Caret
Event: 5.969 Loading class java/util/regex/Pattern$Caret done
Event: 6.095 Loading class java/util/Hashtable$ValueCollection
Event: 6.096 Loading class java/util/Hashtable$ValueCollection done
Event: 6.228 Loading class java/util/WeakHashMap$KeyIterator
Event: 6.228 Loading class java/util/WeakHashMap$KeyIterator done
Event: 6.370 Loading class java/util/regex/Pattern$Pos
Event: 6.370 Loading class java/util/regex/Pattern$Pos done
Event: 6.944 Loading class java/util/stream/ReferencePipeline$4
Event: 6.944 Loading class java/util/stream/ReferencePipeline$4 done
Event: 6.945 Loading class java/util/stream/Nodes$IntFixedNodeBuilder
Event: 6.945 Loading class java/util/stream/Node$Builder$OfInt
Event: 6.945 Loading class java/util/stream/Node$Builder$OfInt done
Event: 6.945 Loading class java/util/stream/Nodes$IntArrayNode
Event: 6.945 Loading class java/util/stream/Nodes$IntArrayNode done
Event: 6.945 Loading class java/util/stream/Nodes$IntFixedNodeBuilder done
Event: 6.945 Loading class java/util/stream/ReferencePipeline$4$1
Event: 6.945 Loading class java/util/stream/ReferencePipeline$4$1 done

Classes unloaded (7 events):
Event: 2.298 Thread 0x0000016ddf2160e0 Unloading class 0x0000016d81190c00 'java/lang/invoke/LambdaForm$MH+0x0000016d81190c00'
Event: 2.298 Thread 0x0000016ddf2160e0 Unloading class 0x0000016d81190800 'java/lang/invoke/LambdaForm$MH+0x0000016d81190800'
Event: 2.298 Thread 0x0000016ddf2160e0 Unloading class 0x0000016d81190400 'java/lang/invoke/LambdaForm$MH+0x0000016d81190400'
Event: 2.298 Thread 0x0000016ddf2160e0 Unloading class 0x0000016d81190000 'java/lang/invoke/LambdaForm$MH+0x0000016d81190000'
Event: 2.298 Thread 0x0000016ddf2160e0 Unloading class 0x0000016d8118fc00 'java/lang/invoke/LambdaForm$BMH+0x0000016d8118fc00'
Event: 2.298 Thread 0x0000016ddf2160e0 Unloading class 0x0000016d8118f800 'java/lang/invoke/LambdaForm$DMH+0x0000016d8118f800'
Event: 2.298 Thread 0x0000016ddf2160e0 Unloading class 0x0000016d8118e400 'java/lang/invoke/LambdaForm$DMH+0x0000016d8118e400'

Classes redefined (0 events):
No events

Internal exceptions (20 events):
Event: 2.962 Thread 0x0000016dc877f080 Exception <a 'java/lang/IncompatibleClassChangeError'{0x00000000d624dff8}: Found class java.lang.Object, but interface was expected> (0x00000000d624dff8) 
thrown [s\src\hotspot\share\interpreter\linkResolver.cpp, line 840]
Event: 3.057 Thread 0x0000016de7ccd850 Exception <a 'java/lang/NoSuchMethodError'{0x00000000d6bc27a0}: 'java.lang.Object java.lang.invoke.DirectMethodHandle$Holder.invokeInterface(java.lang.Object, java.lang.Object, java.lang.Object)'> (0x00000000d6bc27a0) 
thrown [s\src\hotspot\share\interpreter\linkResolver.cpp, line 773]
Event: 3.069 Thread 0x0000016de7ccd850 Exception <a 'java/io/FileNotFoundException'{0x00000000d55e9bb8}> (0x00000000d55e9bb8) 
thrown [s\src\hotspot\share\prims\jni.cpp, line 520]
Event: 3.082 Thread 0x0000016de7ccd850 Exception <a 'sun/nio/fs/WindowsException'{0x00000000d5b966a8}> (0x00000000d5b966a8) 
thrown [s\src\hotspot\share\prims\jni.cpp, line 520]
Event: 3.120 Thread 0x0000016de7ccd850 Exception <a 'java/lang/IncompatibleClassChangeError'{0x00000000d5ee86a8}: Found class java.lang.Object, but interface was expected> (0x00000000d5ee86a8) 
thrown [s\src\hotspot\share\interpreter\linkResolver.cpp, line 840]
Event: 3.129 Thread 0x0000016de7ccd850 Implicit null exception at 0x0000016dd36113e6 to 0x0000016dd36125b0
Event: 4.922 Thread 0x0000016de7ccd850 Implicit null exception at 0x0000016dd35d4d77 to 0x0000016dd35d4fe8
Event: 4.923 Thread 0x0000016de7ccd850 Exception <a 'java/lang/NoSuchMethodError'{0x00000000d63df690}: 'long java.lang.invoke.DirectMethodHandle$Holder.invokeStatic(java.lang.Object, java.lang.Object, int)'> (0x00000000d63df690) 
thrown [s\src\hotspot\share\interpreter\linkResolver.cpp, line 773]
Event: 4.923 Thread 0x0000016de7ccd850 Exception <a 'java/lang/NoSuchMethodError'{0x00000000d63e9c90}: 'java.lang.Object java.lang.invoke.DelegatingMethodHandle$Holder.reinvoke_L(java.lang.Object, int, long, java.lang.Object, java.lang.Object, int, java.lang.Object)'> (0x00000000d63e9c90) 
thrown [s\src\hotspot\share\interpreter\linkResolver.cpp, line 773]
Event: 4.986 Thread 0x0000016de7ccd850 Exception <a 'java/lang/NoSuchMethodError'{0x00000000d6996468}: 'java.lang.Object java.lang.invoke.DirectMethodHandle$Holder.invokeStaticInit(java.lang.Object, java.lang.Object, java.lang.Object, java.lang.Object, java.lang.Object, java.lang.Object, java.lang.Object)'> (0x00000000d6996468) 
thrown [s\src\hotspot\share\interpreter\linkResolver.cpp, line 773]
Event: 4.987 Thread 0x0000016de7ccd850 Exception <a 'java/lang/NoSuchMethodError'{0x00000000d699b410}: 'java.lang.Object java.lang.invoke.Invokers$Holder.invoke_MT(java.lang.Object, java.lang.Object, java.lang.Object, java.lang.Object, java.lang.Object, java.lang.Object, java.lang.Object, java.lang.Object, java.lang.Object, java.lang.Object)'> (0x00000000d699b410) 
thrown [s\src\hotspot\share\interpreter\linkResolver.cpp, line 773]
Event: 4.989 Thread 0x0000016de7ccd850 Exception <a 'java/lang/NoSuchMethodError'{0x00000000d69db908}: 'int java.lang.invoke.DirectMethodHandle$Holder.invokeVirtual(java.lang.Object, java.lang.Object, java.lang.Object)'> (0x00000000d69db908) 
thrown [s\src\hotspot\share\interpreter\linkResolver.cpp, line 773]
Event: 4.989 Thread 0x0000016de7ccd850 Exception <a 'java/lang/NoSuchMethodError'{0x00000000d69dfcb0}: 'int java.lang.invoke.DirectMethodHandle$Holder.invokeStaticInit(java.lang.Object, int, int)'> (0x00000000d69dfcb0) 
thrown [s\src\hotspot\share\interpreter\linkResolver.cpp, line 773]
Event: 4.990 Thread 0x0000016de7ccd850 Exception <a 'java/lang/NoSuchMethodError'{0x00000000d69e76a8}: 'int java.lang.invoke.DirectMethodHandle$Holder.invokeStaticInit(java.lang.Object, long, long)'> (0x00000000d69e76a8) 
thrown [s\src\hotspot\share\interpreter\linkResolver.cpp, line 773]
Event: 4.990 Thread 0x0000016de7ccd850 Exception <a 'java/lang/NoSuchMethodError'{0x00000000d69ee3f0}: 'int java.lang.invoke.DirectMethodHandle$Holder.invokeStaticInit(java.lang.Object, float, float)'> (0x00000000d69ee3f0) 
thrown [s\src\hotspot\share\interpreter\linkResolver.cpp, line 773]
Event: 4.990 Thread 0x0000016de7ccd850 Exception <a 'java/lang/NoSuchMethodError'{0x00000000d69f5608}: 'int java.lang.invoke.DirectMethodHandle$Holder.invokeStaticInit(java.lang.Object, double, double)'> (0x00000000d69f5608) 
thrown [s\src\hotspot\share\interpreter\linkResolver.cpp, line 773]
Event: 4.991 Thread 0x0000016de7ccd850 Exception <a 'java/lang/NoSuchMethodError'{0x00000000d69f9e20}: 'int java.lang.invoke.DirectMethodHandle$Holder.invokeStatic(java.lang.Object, long)'> (0x00000000d69f9e20) 
thrown [s\src\hotspot\share\interpreter\linkResolver.cpp, line 773]
Event: 4.993 Thread 0x0000016de7ccd850 Exception <a 'java/lang/NoSuchMethodError'{0x00000000d6a18f28}: 'int java.lang.invoke.Invokers$Holder.linkToTargetMethod(java.lang.Object, java.lang.Object)'> (0x00000000d6a18f28) 
thrown [s\src\hotspot\share\interpreter\linkResolver.cpp, line 773]
Event: 6.401 Thread 0x0000016de7ccd850 Exception <a 'java/lang/NoSuchMethodError'{0x00000000d5b5dcb8}: 'java.lang.Object java.lang.invoke.DirectMethodHandle$Holder.invokeStatic(java.lang.Object, java.lang.Object, int, int)'> (0x00000000d5b5dcb8) 
thrown [s\src\hotspot\share\interpreter\linkResolver.cpp, line 773]
Event: 6.402 Thread 0x0000016de7ccd850 Exception <a 'java/lang/NoSuchMethodError'{0x00000000d5b620b8}: 'java.lang.Object java.lang.invoke.DirectMethodHandle$Holder.invokeSpecial(java.lang.Object, java.lang.Object, java.lang.Object, int, int)'> (0x00000000d5b620b8) 
thrown [s\src\hotspot\share\interpreter\linkResolver.cpp, line 773]

ZGC Phase Switch (0 events):
No events

VM Operations (20 events):
Event: 5.529 Executing non-safepoint VM operation: HandshakeAllThreads (Deoptimize)
Event: 5.529 Executing non-safepoint VM operation: HandshakeAllThreads (Deoptimize) done
Event: 5.556 Executing safepoint VM operation: ParallelGCFailedAllocation (Allocation Failure)
Event: 5.558 Executing safepoint VM operation: ParallelGCFailedAllocation (Allocation Failure) done
Event: 5.773 Executing safepoint VM operation: CollectForMetadataAllocation (Metadata GC Threshold)
Event: 5.807 Executing safepoint VM operation: CollectForMetadataAllocation (Metadata GC Threshold) done
Event: 6.300 Executing safepoint VM operation: ParallelGCFailedAllocation (Allocation Failure)
Event: 6.301 Executing safepoint VM operation: ParallelGCFailedAllocation (Allocation Failure) done
Event: 6.564 Executing safepoint VM operation: ParallelGCFailedAllocation (Allocation Failure)
Event: 6.566 Executing safepoint VM operation: ParallelGCFailedAllocation (Allocation Failure) done
Event: 6.730 Executing safepoint VM operation: ParallelGCFailedAllocation (Allocation Failure)
Event: 6.732 Executing safepoint VM operation: ParallelGCFailedAllocation (Allocation Failure) done
Event: 6.801 Executing safepoint VM operation: ParallelGCFailedAllocation (Allocation Failure)
Event: 6.802 Executing safepoint VM operation: ParallelGCFailedAllocation (Allocation Failure) done
Event: 6.878 Executing non-safepoint VM operation: HandshakeAllThreads (Deoptimize)
Event: 6.878 Executing non-safepoint VM operation: HandshakeAllThreads (Deoptimize) done
Event: 6.981 Executing safepoint VM operation: ICBufferFull
Event: 6.981 Executing safepoint VM operation: ICBufferFull done
Event: 7.046 Executing safepoint VM operation: ParallelGCFailedAllocation (Allocation Failure)
Event: 7.048 Executing safepoint VM operation: ParallelGCFailedAllocation (Allocation Failure) done

Memory protections (0 events):
No events

Nmethod flushes (20 events):
Event: 5.788 Thread 0x0000016ddf2160e0 flushing  nmethod 0x0000016dcbcf9d90
Event: 5.788 Thread 0x0000016ddf2160e0 flushing  nmethod 0x0000016dcbcffd90
Event: 5.788 Thread 0x0000016ddf2160e0 flushing  nmethod 0x0000016dcbd5ce90
Event: 5.788 Thread 0x0000016ddf2160e0 flushing  nmethod 0x0000016dcbdabc90
Event: 5.788 Thread 0x0000016ddf2160e0 flushing  nmethod 0x0000016dcbdaf390
Event: 5.788 Thread 0x0000016ddf2160e0 flushing  nmethod 0x0000016dcbdd2290
Event: 5.788 Thread 0x0000016ddf2160e0 flushing  nmethod 0x0000016dcbdd2c90
Event: 5.788 Thread 0x0000016ddf2160e0 flushing  nmethod 0x0000016dcbdd7f90
Event: 5.788 Thread 0x0000016ddf2160e0 flushing  nmethod 0x0000016dcbdf4290
Event: 5.788 Thread 0x0000016ddf2160e0 flushing  nmethod 0x0000016dcbdf4610
Event: 5.788 Thread 0x0000016ddf2160e0 flushing  nmethod 0x0000016dcbdf4a90
Event: 5.788 Thread 0x0000016ddf2160e0 flushing  nmethod 0x0000016dcbe06010
Event: 5.788 Thread 0x0000016ddf2160e0 flushing  nmethod 0x0000016dcbe08910
Event: 5.788 Thread 0x0000016ddf2160e0 flushing  nmethod 0x0000016dcbe26310
Event: 5.788 Thread 0x0000016ddf2160e0 flushing  nmethod 0x0000016dcbe5c290
Event: 5.788 Thread 0x0000016ddf2160e0 flushing  nmethod 0x0000016dcbe5cc10
Event: 5.788 Thread 0x0000016ddf2160e0 flushing  nmethod 0x0000016dcbe63e90
Event: 5.788 Thread 0x0000016ddf2160e0 flushing  nmethod 0x0000016dcbe76590
Event: 5.788 Thread 0x0000016ddf2160e0 flushing  nmethod 0x0000016dcbe78f90
Event: 5.788 Thread 0x0000016ddf2160e0 flushing  nmethod 0x0000016dcbe82a90

Events (20 events):
Event: 2.808 Thread 0x0000016dc877f080 Thread added: 0x0000016de622b410
Event: 2.808 Thread 0x0000016dc877f080 Thread added: 0x0000016de6230960
Event: 2.808 Thread 0x0000016dc877f080 Thread added: 0x0000016de622ef20
Event: 2.808 Thread 0x0000016dc877f080 Thread added: 0x0000016de622fc40
Event: 2.808 Thread 0x0000016dc877f080 Thread added: 0x0000016de6230ff0
Event: 2.809 Thread 0x0000016dc877f080 Thread added: 0x0000016de622f5b0
Event: 2.809 Thread 0x0000016dc877f080 Thread added: 0x0000016de62302d0
Event: 2.809 Thread 0x0000016dc877f080 Thread added: 0x0000016de6231680
Event: 2.809 Thread 0x0000016dc877f080 Thread added: 0x0000016de7ccc4a0
Event: 2.837 Thread 0x0000016dc877f080 Thread added: 0x0000016de7cccb30
Event: 2.975 Thread 0x0000016dc877f080 Thread added: 0x0000016de7ccd1c0
Event: 2.975 Thread 0x0000016dc877f080 Thread added: 0x0000016de7ccd850
Event: 4.873 Thread 0x0000016de7390e80 Thread exited: 0x0000016de7390e80
Event: 4.874 Thread 0x0000016de135a190 Thread exited: 0x0000016de135a190
Event: 4.957 Thread 0x0000016de117c700 Thread added: 0x0000016de6db83d0
Event: 5.032 Thread 0x0000016de117c700 Thread added: 0x0000016de7527db0
Event: 6.143 Thread 0x0000016de7527db0 Thread exited: 0x0000016de7527db0
Event: 6.143 Thread 0x0000016de6db83d0 Thread exited: 0x0000016de6db83d0
Event: 6.235 Thread 0x0000016de117c700 Thread added: 0x0000016de6db83d0
Event: 6.722 Thread 0x0000016de117c700 Thread added: 0x0000016de14e90c0


Dynamic libraries:
0x00007ff6cd730000 - 0x00007ff6cd73e000 	c:\Users\Windows\.antigravity-ide\extensions\redhat.java-1.55.0-win32-x64\jre\21.0.11-win32-x86_64\bin\java.exe
0x00007ffbad220000 - 0x00007ffbad486000 	C:\WINDOWS\SYSTEM32\ntdll.dll
0x00007ffbac460000 - 0x00007ffbac529000 	C:\WINDOWS\System32\KERNEL32.DLL
0x00007ffbaa4e0000 - 0x00007ffbaa8da000 	C:\WINDOWS\System32\KERNELBASE.dll
0x00007ffbaac50000 - 0x00007ffbaad9c000 	C:\WINDOWS\System32\ucrtbase.dll
0x00007ffb9b450000 - 0x00007ffb9b46e000 	c:\Users\Windows\.antigravity-ide\extensions\redhat.java-1.55.0-win32-x64\jre\21.0.11-win32-x86_64\bin\VCRUNTIME140.dll
0x00007ffb9cef0000 - 0x00007ffb9cf08000 	c:\Users\Windows\.antigravity-ide\extensions\redhat.java-1.55.0-win32-x64\jre\21.0.11-win32-x86_64\bin\jli.dll
0x00007ffb97550000 - 0x00007ffb977e2000 	C:\WINDOWS\WinSxS\amd64_microsoft.windows.common-controls_6595b64144ccf1df_6.0.26100.8521_none_3e08b75ce33403b3\COMCTL32.dll
0x00007ffbacf10000 - 0x00007ffbad0d7000 	C:\WINDOWS\System32\USER32.dll
0x00007ffbacd80000 - 0x00007ffbace29000 	C:\WINDOWS\System32\msvcrt.dll
0x00007ffbaa4b0000 - 0x00007ffbaa4d7000 	C:\WINDOWS\System32\win32u.dll
0x00007ffbabbe0000 - 0x00007ffbabc0b000 	C:\WINDOWS\System32\GDI32.dll
0x00007ffbaae60000 - 0x00007ffbaaf8b000 	C:\WINDOWS\System32\gdi32full.dll
0x00007ffbaaa20000 - 0x00007ffbaaac3000 	C:\WINDOWS\System32\msvcp_win.dll
0x00007ffbac7c0000 - 0x00007ffbac7f2000 	C:\WINDOWS\System32\IMM32.DLL
0x00007ffb9f640000 - 0x00007ffb9f64c000 	c:\Users\Windows\.antigravity-ide\extensions\redhat.java-1.55.0-win32-x64\jre\21.0.11-win32-x86_64\bin\vcruntime140_1.dll
0x00007ffb72960000 - 0x00007ffb729ed000 	c:\Users\Windows\.antigravity-ide\extensions\redhat.java-1.55.0-win32-x64\jre\21.0.11-win32-x86_64\bin\msvcp140.dll
0x00007ffb39a90000 - 0x00007ffb3a832000 	c:\Users\Windows\.antigravity-ide\extensions\redhat.java-1.55.0-win32-x64\jre\21.0.11-win32-x86_64\bin\server\jvm.dll
0x00007ffbab940000 - 0x00007ffbab9f6000 	C:\WINDOWS\System32\ADVAPI32.dll
0x00007ffbac930000 - 0x00007ffbac9da000 	C:\WINDOWS\System32\sechost.dll
0x00007ffbac530000 - 0x00007ffbac648000 	C:\WINDOWS\System32\RPCRT4.dll
0x00007ffbac730000 - 0x00007ffbac7b0000 	C:\WINDOWS\System32\WS2_32.dll
0x00007ffba90a0000 - 0x00007ffba90fe000 	C:\WINDOWS\SYSTEM32\POWRPROF.dll
0x00007ffb9b3c0000 - 0x00007ffb9b3f6000 	C:\WINDOWS\SYSTEM32\WINMM.dll
0x00007ffba0850000 - 0x00007ffba085b000 	C:\WINDOWS\SYSTEM32\VERSION.dll
0x00007ffba9080000 - 0x00007ffba9094000 	C:\WINDOWS\SYSTEM32\UMPDC.dll
0x00007ffba9360000 - 0x00007ffba937b000 	C:\WINDOWS\SYSTEM32\kernel.appcore.dll
0x00007ffb9cfd0000 - 0x00007ffb9cfda000 	c:\Users\Windows\.antigravity-ide\extensions\redhat.java-1.55.0-win32-x64\jre\21.0.11-win32-x86_64\bin\jimage.dll
0x00007ffba7aa0000 - 0x00007ffba7ce2000 	C:\WINDOWS\SYSTEM32\DBGHELP.DLL
0x00007ffbac9e0000 - 0x00007ffbacd63000 	C:\WINDOWS\System32\combase.dll
0x00007ffbac650000 - 0x00007ffbac729000 	C:\WINDOWS\System32\OLEAUT32.dll
0x00007ffb79e50000 - 0x00007ffb79e8b000 	C:\WINDOWS\SYSTEM32\dbgcore.DLL
0x00007ffbaa970000 - 0x00007ffbaaa18000 	C:\WINDOWS\System32\bcryptPrimitives.dll
0x00007ffb9ba90000 - 0x00007ffb9ba9f000 	c:\Users\Windows\.antigravity-ide\extensions\redhat.java-1.55.0-win32-x64\jre\21.0.11-win32-x86_64\bin\instrument.dll
0x00007ffb9a460000 - 0x00007ffb9a480000 	c:\Users\Windows\.antigravity-ide\extensions\redhat.java-1.55.0-win32-x64\jre\21.0.11-win32-x86_64\bin\java.dll
0x00007ffbab010000 - 0x00007ffbab794000 	C:\WINDOWS\System32\SHELL32.dll
0x00007ffba8070000 - 0x00007ffba88f0000 	C:\WINDOWS\SYSTEM32\windows.storage.dll
0x00007ffbac820000 - 0x00007ffbac916000 	C:\WINDOWS\System32\SHCORE.dll
0x00007ffbace30000 - 0x00007ffbace97000 	C:\WINDOWS\System32\shlwapi.dll
0x00007ffbaa3d0000 - 0x00007ffbaa3f9000 	C:\WINDOWS\SYSTEM32\profapi.dll
0x00007ffb9aa50000 - 0x00007ffb9aa68000 	c:\Users\Windows\.antigravity-ide\extensions\redhat.java-1.55.0-win32-x64\jre\21.0.11-win32-x86_64\bin\zip.dll
0x00007ffb9b9c0000 - 0x00007ffb9b9d0000 	C:\Users\Windows\.antigravity-ide\extensions\redhat.java-1.55.0-win32-x64\jre\21.0.11-win32-x86_64\bin\net.dll
0x00007ffba1010000 - 0x00007ffba1139000 	C:\WINDOWS\SYSTEM32\WINHTTP.dll
0x00007ffba98d0000 - 0x00007ffba993c000 	C:\WINDOWS\system32\mswsock.dll
0x00007ffb962f0000 - 0x00007ffb96306000 	C:\Users\Windows\.antigravity-ide\extensions\redhat.java-1.55.0-win32-x64\jre\21.0.11-win32-x86_64\bin\nio.dll
0x00007ffb9adf0000 - 0x00007ffb9ae00000 	c:\Users\Windows\.antigravity-ide\extensions\redhat.java-1.55.0-win32-x64\jre\21.0.11-win32-x86_64\bin\verify.dll
0x00007ffb6fbb0000 - 0x00007ffb6fbf5000 	C:\Users\Windows\AppData\Roaming\Antigravity IDE\User\globalStorage\redhat.java\1.55.0\config_ss_win\org.eclipse.equinox.launcher\org.eclipse.equinox.launcher.win32.win32.x86_64_1.3.100.v20260613-0559\eclipse_11924.dll
0x00007ffbac2c0000 - 0x00007ffbac458000 	C:\WINDOWS\System32\ole32.dll
0x00007ffba9bb0000 - 0x00007ffba9bcb000 	C:\WINDOWS\SYSTEM32\CRYPTSP.dll
0x00007ffba92c0000 - 0x00007ffba92f9000 	C:\WINDOWS\system32\rsaenh.dll
0x00007ffba9980000 - 0x00007ffba99b3000 	C:\WINDOWS\SYSTEM32\USERENV.dll
0x00007ffbaa3a0000 - 0x00007ffbaa3ca000 	C:\WINDOWS\SYSTEM32\bcrypt.dll
0x00007ffba9bd0000 - 0x00007ffba9bdc000 	C:\WINDOWS\SYSTEM32\CRYPTBASE.dll
0x00007ffba8d60000 - 0x00007ffba8d93000 	C:\WINDOWS\SYSTEM32\IPHLPAPI.DLL
0x00007ffbacf00000 - 0x00007ffbacf0a000 	C:\WINDOWS\System32\NSI.dll
0x00007ffb68130000 - 0x00007ffb68179000 	C:\Users\Windows\AppData\Local\Temp\jna--1280820637\jna6029994401020419253.dll
0x00007ffbac920000 - 0x00007ffbac928000 	C:\WINDOWS\System32\PSAPI.DLL
0x00007ffba1900000 - 0x00007ffba191d000 	C:\WINDOWS\SYSTEM32\dhcpcsvc6.DLL
0x00007ffba1850000 - 0x00007ffba1875000 	C:\WINDOWS\SYSTEM32\dhcpcsvc.DLL

JVMTI agents:
c:\Users\Windows\.antigravity-ide\extensions\redhat.java-1.55.0-win32-x64\lombok\lombok-1.18.39-4050.jar path:c:\Users\Windows\.antigravity-ide\extensions\redhat.java-1.55.0-win32-x64\jre\21.0.11-win32-x86_64\bin\instrument.dll, loaded, initialized, instrumentlib options:none

dbghelp: loaded successfully - version: 4.0.5 - missing functions: none
symbol engine: initialized successfully - sym options: 0x614 - pdb path: .;c:\Users\Windows\.antigravity-ide\extensions\redhat.java-1.55.0-win32-x64\jre\21.0.11-win32-x86_64\bin;C:\WINDOWS\SYSTEM32;C:\WINDOWS\WinSxS\amd64_microsoft.windows.common-controls_6595b64144ccf1df_6.0.26100.8521_none_3e08b75ce33403b3;c:\Users\Windows\.antigravity-ide\extensions\redhat.java-1.55.0-win32-x64\jre\21.0.11-win32-x86_64\bin\server;C:\Users\Windows\AppData\Roaming\Antigravity IDE\User\globalStorage\redhat.java\1.55.0\config_ss_win\org.eclipse.equinox.launcher\org.eclipse.equinox.launcher.win32.win32.x86_64_1.3.100.v20260613-0559;C:\Users\Windows\AppData\Local\Temp\jna--1280820637

VM Arguments:
jvm_args: --add-modules=ALL-SYSTEM --add-opens=java.base/java.util=ALL-UNNAMED --add-opens=java.base/java.lang=ALL-UNNAMED --add-opens=java.base/sun.nio.fs=ALL-UNNAMED -Declipse.application=org.eclipse.jdt.ls.core.id1 -Dosgi.bundles.defaultStartLevel=4 -Declipse.product=org.eclipse.jdt.ls.core.product -Djava.import.generatesMetadataFilesAtProjectRoot=false -DDetectVMInstallationsJob.disabled=true -Dfile.encoding=utf8 -XX:+UseParallelGC -XX:GCTimeRatio=4 -XX:AdaptiveSizePolicyWeight=90 -Dsun.zip.disableMemoryMapping=true -Xmx2G -Xms100m -Xlog:disable -javaagent:c:\Users\Windows\.antigravity-ide\extensions\redhat.java-1.55.0-win32-x64\lombok\lombok-1.18.39-4050.jar 
java_command: c:\Users\Windows\.antigravity-ide\extensions\redhat.java-1.55.0-win32-x64\server\plugins\org.eclipse.equinox.launcher_1.7.200.v20260619-2039.jar -configuration c:\Users\Windows\AppData\Roaming\Antigravity IDE\User\globalStorage\redhat.java\1.55.0\config_ss_win -data c:\Users\Windows\AppData\Roaming\Antigravity IDE\User\workspaceStorage\dd797f979bf9da95ab56711e4c6e11a8\redhat.java\ss_ws --pipe=\\.\pipe\lsp-4a1229522d4c5a22c7408379fa6d0d08-sock
java_class_path (initial): c:\Users\Windows\.antigravity-ide\extensions\redhat.java-1.55.0-win32-x64\server\plugins\org.eclipse.equinox.launcher_1.7.200.v20260619-2039.jar
Launcher Type: SUN_STANDARD

[Global flags]
    uintx AdaptiveSizePolicyWeight                 = 90                                        {product} {command line}
     intx CICompilerCount                          = 4                                         {product} {ergonomic}
    uintx GCTimeRatio                              = 4                                         {product} {command line}
   size_t InitialHeapSize                          = 104857600                                 {product} {command line}
   size_t MaxHeapSize                              = 2147483648                                {product} {command line}
   size_t MaxNewSize                               = 715653120                                 {product} {ergonomic}
   size_t MinHeapDeltaBytes                        = 524288                                    {product} {ergonomic}
   size_t MinHeapSize                              = 104857600                                 {product} {command line}
   size_t NewSize                                  = 34603008                                  {product} {ergonomic}
    uintx NonNMethodCodeHeapSize                   = 5839372                                {pd product} {ergonomic}
    uintx NonProfiledCodeHeapSize                  = 122909434                              {pd product} {ergonomic}
   size_t OldSize                                  = 70254592                                  {product} {ergonomic}
    uintx ProfiledCodeHeapSize                     = 122909434                              {pd product} {ergonomic}
    uintx ReservedCodeCacheSize                    = 251658240                              {pd product} {ergonomic}
     bool SegmentedCodeCache                       = true                                      {product} {ergonomic}
   size_t SoftMaxHeapSize                          = 2147483648                             {manageable} {ergonomic}
     bool UseCompressedOops                        = true                           {product lp64_product} {ergonomic}
     bool UseLargePagesIndividualAllocation        = false                                  {pd product} {ergonomic}
     bool UseParallelGC                            = true                                      {product} {command line}

Logging:
Log output configuration:
 #0: stdout all=off uptime,level,tags foldmultilines=false
 #1: stderr all=off uptime,level,tags foldmultilines=false

Release file:
JAVA_VERSION="21.0.11" 
MODULES="java.base java.compiler java.datatransfer java.xml java.prefs java.desktop java.instrument java.logging java.management java.security.sasl java.naming java.rmi java.management.rmi java.net.http java.scripting java.security.jgss java.transaction.xa java.sql java.sql.rowset java.xml.crypto java.se java.smartcardio jdk.accessibility jdk.internal.jvmstat jdk.attach jdk.charsets jdk.internal.opt jdk.zipfs jdk.compiler jdk.crypto.ec jdk.crypto.cryptoki jdk.crypto.mscapi jdk.dynalink jdk.internal.ed jdk.editpad jdk.hotspot.agent jdk.httpserver jdk.internal.le jdk.internal.vm.ci jdk.internal.vm.compiler jdk.internal.vm.compiler.management jdk.jartool jdk.javadoc jdk.jcmd jdk.management jdk.management.agent jdk.jconsole jdk.jdeps jdk.jdwp.agent jdk.jdi jdk.jfr jdk.jshell jdk.jsobject jdk.jstatd jdk.localedata jdk.management.jfr jdk.naming.dns jdk.naming.rmi jdk.net jdk.nio.mapmode jdk.random jdk.sctp jdk.security.auth jdk.security.jgss jdk.unsupported jdk.unsupported.desktop jdk.xml.dom" 

Environment Variables:
JAVA_HOME=C:\Program Files\Java\jdk-21.0.8
PATH=C:\Program Files\Java\jdk-21.0.8\bin;C:\Program Files\Java\jdk-21.0.8\bin;C:\jdk-21.0.8\bin;C:\WINDOWS\system32;C:\WINDOWS;C:\WINDOWS\System32\Wbem;C:\WINDOWS\System32\WindowsPowerShell\v1.0\;C:\WINDOWS\System32\OpenSSH\;C:\Program Files\nodejs\;D:\xampp\php;C:\ProgramData\ComposerSetup\bin;C:\Program Files\Git\cmd;C:\Program Files\dotnet\;C:\Users\Windows\AppData\Local\Programs\Python\Python314\Scripts\;C:\Users\Windows\AppData\Local\Programs\Python\Python314\;C:\Users\Windows\AppData\Local\Programs\Python\Launcher\;C:\Program Files\Java\jdk-11.0.1\bin;C:\Users\Windows\AppData\Local\Microsoft\WindowsApps;C:\Program Files\JetBrains\IntelliJ IDEA Community Edition 2024.1\bin;C:\Users\Windows\AppData\Local\Programs\Microsoft VS Code\bin;C:\Users\Windows\AppData\Roaming\npm;D:\TV series\Windsurf\bin;C:\Users\Windows\AppData\Roaming\Composer\vendor\bin;C:\jdk-21.0.8\bin;C:\Program Files\apache-maven-3.9.11\bin;C:\glassfish7\bin;;C:\Program Files (x86)\NVIDIA Corporation\PhysX\Common;C:\Users\Windows\AppData\Local\Programs\Python\Python314\Scripts\;C:\Users\Windows\AppData\Local\Programs\Python\Python314\;C:\Users\Windows\AppData\Local\Programs\Python\Launcher\;C:\Program Files\Java\jdk-11.0.1\bin;C:\Users\Windows\AppData\Local\Microsoft\WindowsApps;C:\Program Files\JetBrains\IntelliJ IDEA Community Edition 2024.1\bin;;C:\Users\Windows\AppData\Local\Programs\Microsoft VS Code\bin;C:\Users\Windows\AppData\Roaming\npm;D:\TV series\Windsurf\bin;C:\Users\Windows\AppData\Roaming\Composer\vendor\bin;C:\Program Files\Java\jdk-21.0.8\bin;C:\Users\Windows\AppData\Local\Programs\MiKTeX\miktex\bin\x64\;C:\Users\Windows\AppData\Local\GitHubDesktop\bin;D:\Antigravity IDE\bin;C:\Users\Windows\AppData\Local\Programs\Antigravity IDE\bin
USERNAME=Windows
OS=Windows_NT
PROCESSOR_IDENTIFIER=Intel64 Family 6 Model 141 Stepping 1, GenuineIntel
TMP=C:\Users\Windows\AppData\Local\Temp
TEMP=C:\Users\Windows\AppData\Local\Temp




Periodic native trim disabled

---------------  S Y S T E M  ---------------

OS:
 Windows 11 , 64 bit Build 26100 (10.0.26100.8521)
OS uptime: 4 days 15:20 hours
Hyper-V role detected

CPU: total 12 (initial active 12) (6 cores per cpu, 2 threads per core) family 6 model 141 stepping 1 microcode 0x50, cx8, cmov, fxsr, ht, mmx, 3dnowpref, sse, sse2, sse3, ssse3, sse4.1, sse4.2, popcnt, lzcnt, tsc, tscinvbit, avx, avx2, aes, erms, clmul, bmi1, bmi2, adx, avx512f, avx512dq, avx512cd, avx512bw, avx512vl, sha, fma, vzeroupper, avx512_vpopcntdq, avx512_vpclmulqdq, avx512_vaes, avx512_vnni, clflush, clflushopt, clwb, avx512_vbmi2, avx512_vbmi, hv, rdtscp, rdpid, fsrm, gfni, avx512_bitalg, f16c, cet_ibt, cet_ss, avx512_ifma
Processor Information for the first 12 processors :
  Max Mhz: 2688, Current Mhz: 2688, Mhz Limit: 2688

Memory: 4k page, system-wide physical 7914M (709M free)
TotalPageFile size 22991M (AvailPageFile size 4M)
current process WorkingSet (physical memory assigned to process): 219M, peak: 223M
current process commit charge ("private bytes"): 332M, peak: 336M

vm_info: OpenJDK 64-Bit Server VM (21.0.11+10-LTS) for windows-amd64 JRE (21.0.11+10-LTS), built on 2026-04-21T00:00:00Z by "admin" with MS VC++ 17.12 (VS2022)

END.
